CRITICAL - 2023-12-19 01:47:39 --> Undefined variable $imageName
in APPPATH/Controllers/Admin/GaleriController.php on line 250.
 1 APPPATH/Controllers/Admin/GaleriController.php(250): CodeIgniter\Debug\Exceptions->errorHandler(2, 'Undefined variable $imageName', 'APPPATH/Controllers/Admin/GaleriController.php', 250)
 2 SYSTEMPATH/CodeIgniter.php(927): App\Controllers\Admin\GaleriController->saveslider()
 3 SYSTEMPATH/CodeIgniter.php(482): CodeIgniter\CodeIgniter->runController(Object(App\Controllers\Admin\GaleriController))
 4 SYSTEMPATH/CodeIgniter.php(351): CodeIgniter\CodeIgniter->handleRequest(null, Object(Config\Cache), false)
 5 FCPATH/index.php(67): CodeIgniter\CodeIgniter->run()
CRITICAL - 2023-12-19 14:31:12 --> Undefined property: stdClass::$logo
in APPPATH/Views/admin/kontak.php on line 42.
 1 APPPATH/Views/admin/kontak.php(42): CodeIgniter\Debug\Exceptions->errorHandler(2, 'Undefined property: stdClass::$logo', 'APPPATH/Views/admin/kontak.php', 42)
 2 SYSTEMPATH/View/View.php(213): include('APPPATH/Views/admin/kontak.php')
 3 SYSTEMPATH/View/View.php(216): CodeIgniter\View\View->CodeIgniter\View\{closure}()
 4 SYSTEMPATH/Common.php(1134): CodeIgniter\View\View->render('admin/kontak', [], true)
 5 APPPATH/Controllers/Admin/KontakController.php(21): view('admin/kontak', [...])
 6 SYSTEMPATH/CodeIgniter.php(927): App\Controllers\Admin\KontakController->index()
 7 SYSTEMPATH/CodeIgniter.php(482): CodeIgniter\CodeIgniter->runController(Object(App\Controllers\Admin\KontakController))
 8 SYSTEMPATH/CodeIgniter.php(351): CodeIgniter\CodeIgniter->handleRequest(null, Object(Config\Cache), false)
 9 FCPATH/index.php(67): CodeIgniter\CodeIgniter->run()
CRITICAL - 2023-12-19 14:31:23 --> Undefined property: stdClass::$logo
in APPPATH/Views/admin/kontak.php on line 42.
 1 APPPATH/Views/admin/kontak.php(42): CodeIgniter\Debug\Exceptions->errorHandler(2, 'Undefined property: stdClass::$logo', 'APPPATH/Views/admin/kontak.php', 42)
 2 SYSTEMPATH/View/View.php(213): include('APPPATH/Views/admin/kontak.php')
 3 SYSTEMPATH/View/View.php(216): CodeIgniter\View\View->CodeIgniter\View\{closure}()
 4 SYSTEMPATH/Common.php(1134): CodeIgniter\View\View->render('admin/kontak', [], true)
 5 APPPATH/Controllers/Admin/KontakController.php(21): view('admin/kontak', [...])
 6 SYSTEMPATH/CodeIgniter.php(927): App\Controllers\Admin\KontakController->index()
 7 SYSTEMPATH/CodeIgniter.php(482): CodeIgniter\CodeIgniter->runController(Object(App\Controllers\Admin\KontakController))
 8 SYSTEMPATH/CodeIgniter.php(351): CodeIgniter\CodeIgniter->handleRequest(null, Object(Config\Cache), false)
 9 FCPATH/index.php(67): CodeIgniter\CodeIgniter->run()
CRITICAL - 2023-12-19 14:31:38 --> Undefined property: stdClass::$logo
in APPPATH/Views/admin/kontak.php on line 42.
 1 APPPATH/Views/admin/kontak.php(42): CodeIgniter\Debug\Exceptions->errorHandler(2, 'Undefined property: stdClass::$logo', 'APPPATH/Views/admin/kontak.php', 42)
 2 SYSTEMPATH/View/View.php(213): include('APPPATH/Views/admin/kontak.php')
 3 SYSTEMPATH/View/View.php(216): CodeIgniter\View\View->CodeIgniter\View\{closure}()
 4 SYSTEMPATH/Common.php(1134): CodeIgniter\View\View->render('admin/kontak', [], true)
 5 APPPATH/Controllers/Admin/KontakController.php(21): view('admin/kontak', [...])
 6 SYSTEMPATH/CodeIgniter.php(927): App\Controllers\Admin\KontakController->index()
 7 SYSTEMPATH/CodeIgniter.php(482): CodeIgniter\CodeIgniter->runController(Object(App\Controllers\Admin\KontakController))
 8 SYSTEMPATH/CodeIgniter.php(351): CodeIgniter\CodeIgniter->handleRequest(null, Object(Config\Cache), false)
 9 FCPATH/index.php(67): CodeIgniter\CodeIgniter->run()
CRITICAL - 2023-12-19 14:32:12 --> Undefined property: stdClass::$logo
in APPPATH/Views/admin/kontak.php on line 42.
 1 APPPATH/Views/admin/kontak.php(42): CodeIgniter\Debug\Exceptions->errorHandler(2, 'Undefined property: stdClass::$logo', 'APPPATH/Views/admin/kontak.php', 42)
 2 SYSTEMPATH/View/View.php(213): include('APPPATH/Views/admin/kontak.php')
 3 SYSTEMPATH/View/View.php(216): CodeIgniter\View\View->CodeIgniter\View\{closure}()
 4 SYSTEMPATH/Common.php(1134): CodeIgniter\View\View->render('admin/kontak', [], true)
 5 APPPATH/Controllers/Admin/KontakController.php(21): view('admin/kontak', [...])
 6 SYSTEMPATH/CodeIgniter.php(927): App\Controllers\Admin\KontakController->index()
 7 SYSTEMPATH/CodeIgniter.php(482): CodeIgniter\CodeIgniter->runController(Object(App\Controllers\Admin\KontakController))
 8 SYSTEMPATH/CodeIgniter.php(351): CodeIgniter\CodeIgniter->handleRequest(null, Object(Config\Cache), false)
 9 FCPATH/index.php(67): CodeIgniter\CodeIgniter->run()
CRITICAL - 2023-12-19 14:32:21 --> Undefined property: stdClass::$logo
in APPPATH/Views/admin/kontak.php on line 42.
 1 APPPATH/Views/admin/kontak.php(42): CodeIgniter\Debug\Exceptions->errorHandler(2, 'Undefined property: stdClass::$logo', 'APPPATH/Views/admin/kontak.php', 42)
 2 SYSTEMPATH/View/View.php(213): include('APPPATH/Views/admin/kontak.php')
 3 SYSTEMPATH/View/View.php(216): CodeIgniter\View\View->CodeIgniter\View\{closure}()
 4 SYSTEMPATH/Common.php(1134): CodeIgniter\View\View->render('admin/kontak', [], true)
 5 APPPATH/Controllers/Admin/KontakController.php(21): view('admin/kontak', [...])
 6 SYSTEMPATH/CodeIgniter.php(927): App\Controllers\Admin\KontakController->index()
 7 SYSTEMPATH/CodeIgniter.php(482): CodeIgniter\CodeIgniter->runController(Object(App\Controllers\Admin\KontakController))
 8 SYSTEMPATH/CodeIgniter.php(351): CodeIgniter\CodeIgniter->handleRequest(null, Object(Config\Cache), false)
 9 FCPATH/index.php(67): CodeIgniter\CodeIgniter->run()
CRITICAL - 2023-12-19 14:32:34 --> Undefined property: stdClass::$logo
in APPPATH/Views/admin/kontak.php on line 42.
 1 APPPATH/Views/admin/kontak.php(42): CodeIgniter\Debug\Exceptions->errorHandler(2, 'Undefined property: stdClass::$logo', 'APPPATH/Views/admin/kontak.php', 42)
 2 SYSTEMPATH/View/View.php(213): include('APPPATH/Views/admin/kontak.php')
 3 SYSTEMPATH/View/View.php(216): CodeIgniter\View\View->CodeIgniter\View\{closure}()
 4 SYSTEMPATH/Common.php(1134): CodeIgniter\View\View->render('admin/kontak', [], true)
 5 APPPATH/Controllers/Admin/KontakController.php(21): view('admin/kontak', [...])
 6 SYSTEMPATH/CodeIgniter.php(927): App\Controllers\Admin\KontakController->index()
 7 SYSTEMPATH/CodeIgniter.php(482): CodeIgniter\CodeIgniter->runController(Object(App\Controllers\Admin\KontakController))
 8 SYSTEMPATH/CodeIgniter.php(351): CodeIgniter\CodeIgniter->handleRequest(null, Object(Config\Cache), false)
 9 FCPATH/index.php(67): CodeIgniter\CodeIgniter->run()
CRITICAL - 2023-12-19 14:32:48 --> Undefined property: stdClass::$logo
in APPPATH/Views/admin/kontak.php on line 42.
 1 APPPATH/Views/admin/kontak.php(42): CodeIgniter\Debug\Exceptions->errorHandler(2, 'Undefined property: stdClass::$logo', 'APPPATH/Views/admin/kontak.php', 42)
 2 SYSTEMPATH/View/View.php(213): include('APPPATH/Views/admin/kontak.php')
 3 SYSTEMPATH/View/View.php(216): CodeIgniter\View\View->CodeIgniter\View\{closure}()
 4 SYSTEMPATH/Common.php(1134): CodeIgniter\View\View->render('admin/kontak', [], true)
 5 APPPATH/Controllers/Admin/KontakController.php(21): view('admin/kontak', [...])
 6 SYSTEMPATH/CodeIgniter.php(927): App\Controllers\Admin\KontakController->index()
 7 SYSTEMPATH/CodeIgniter.php(482): CodeIgniter\CodeIgniter->runController(Object(App\Controllers\Admin\KontakController))
 8 SYSTEMPATH/CodeIgniter.php(351): CodeIgniter\CodeIgniter->handleRequest(null, Object(Config\Cache), false)
 9 FCPATH/index.php(67): CodeIgniter\CodeIgniter->run()
CRITICAL - 2023-12-19 14:33:29 --> Undefined property: stdClass::$logo
in APPPATH/Views/admin/kontak.php on line 42.
 1 APPPATH/Views/admin/kontak.php(42): CodeIgniter\Debug\Exceptions->errorHandler(2, 'Undefined property: stdClass::$logo', 'APPPATH/Views/admin/kontak.php', 42)
 2 SYSTEMPATH/View/View.php(213): include('APPPATH/Views/admin/kontak.php')
 3 SYSTEMPATH/View/View.php(216): CodeIgniter\View\View->CodeIgniter\View\{closure}()
 4 SYSTEMPATH/Common.php(1134): CodeIgniter\View\View->render('admin/kontak', [], true)
 5 APPPATH/Controllers/Admin/KontakController.php(21): view('admin/kontak', [...])
 6 SYSTEMPATH/CodeIgniter.php(927): App\Controllers\Admin\KontakController->index()
 7 SYSTEMPATH/CodeIgniter.php(482): CodeIgniter\CodeIgniter->runController(Object(App\Controllers\Admin\KontakController))
 8 SYSTEMPATH/CodeIgniter.php(351): CodeIgniter\CodeIgniter->handleRequest(null, Object(Config\Cache), false)
 9 FCPATH/index.php(67): CodeIgniter\CodeIgniter->run()
CRITICAL - 2023-12-19 14:35:18 --> Undefined property: stdClass::$logo
in APPPATH/Views/admin/kontak.php on line 42.
 1 APPPATH/Views/admin/kontak.php(42): CodeIgniter\Debug\Exceptions->errorHandler(2, 'Undefined property: stdClass::$logo', 'APPPATH/Views/admin/kontak.php', 42)
 2 SYSTEMPATH/View/View.php(213): include('APPPATH/Views/admin/kontak.php')
 3 SYSTEMPATH/View/View.php(216): CodeIgniter\View\View->CodeIgniter\View\{closure}()
 4 SYSTEMPATH/Common.php(1134): CodeIgniter\View\View->render('admin/kontak', [], true)
 5 APPPATH/Controllers/Admin/KontakController.php(21): view('admin/kontak', [...])
 6 SYSTEMPATH/CodeIgniter.php(927): App\Controllers\Admin\KontakController->index()
 7 SYSTEMPATH/CodeIgniter.php(482): CodeIgniter\CodeIgniter->runController(Object(App\Controllers\Admin\KontakController))
 8 SYSTEMPATH/CodeIgniter.php(351): CodeIgniter\CodeIgniter->handleRequest(null, Object(Config\Cache), false)
 9 FCPATH/index.php(67): CodeIgniter\CodeIgniter->run()
