CRITICAL - 2023-06-17 00:05:27 --> Invalid file: admin/tambah_kategori_Galeri.php
in SYSTEMPATH\Exceptions\FrameworkException.php on line 33.
 1 SYSTEMPATH\View\View.php(201): CodeIgniter\Exceptions\FrameworkException::forInvalidFile('admin/tambah_kategori_Galeri.php')
 2 SYSTEMPATH\Common.php(1134): CodeIgniter\View\View->render('admin/tambah_kategori_Galeri', [], true)
 3 APPPATH\Controllers\Admin\GaleriController.php(38): view('admin/tambah_kategori_Galeri', [...])
 4 SYSTEMPATH\CodeIgniter.php(927): App\Controllers\Admin\GaleriController->addkategori('Galeri')
 5 SYSTEMPATH\CodeIgniter.php(482): CodeIgniter\CodeIgniter->runController(Object(App\Controllers\Admin\GaleriController))
 6 SYSTEMPATH\CodeIgniter.php(351): CodeIgniter\CodeIgniter->handleRequest(null, Object(Config\Cache), false)
 7 FCPATH\index.php(67): CodeIgniter\CodeIgniter->run()
CRITICAL - 2023-06-17 00:05:58 --> Invalid file: admin/tambah_kategori_Galeri.php
in SYSTEMPATH\Exceptions\FrameworkException.php on line 33.
 1 SYSTEMPATH\View\View.php(201): CodeIgniter\Exceptions\FrameworkException::forInvalidFile('admin/tambah_kategori_Galeri.php')
 2 SYSTEMPATH\Common.php(1134): CodeIgniter\View\View->render('admin/tambah_kategori_Galeri', [], true)
 3 APPPATH\Controllers\Admin\GaleriController.php(38): view('admin/tambah_kategori_Galeri', [...])
 4 SYSTEMPATH\CodeIgniter.php(927): App\Controllers\Admin\GaleriController->addkategori('Galeri')
 5 SYSTEMPATH\CodeIgniter.php(482): CodeIgniter\CodeIgniter->runController(Object(App\Controllers\Admin\GaleriController))
 6 SYSTEMPATH\CodeIgniter.php(351): CodeIgniter\CodeIgniter->handleRequest(null, Object(Config\Cache), false)
 7 FCPATH\index.php(67): CodeIgniter\CodeIgniter->run()
ERROR - 2023-06-17 00:34:03 --> mysqli_sql_exception: Table 'appkoperasi.kategori' doesn't exist in C:\xampp\htdocs\appKoperasi\system\Database\MySQLi\Connection.php:292
Stack trace:
#0 C:\xampp\htdocs\appKoperasi\system\Database\MySQLi\Connection.php(292): mysqli->query('SELECT k.*, s.p...', 0)
#1 C:\xampp\htdocs\appKoperasi\system\Database\BaseConnection.php(666): CodeIgniter\Database\MySQLi\Connection->execute('SELECT k.*, s.p...')
#2 C:\xampp\htdocs\appKoperasi\system\Database\BaseConnection.php(593): CodeIgniter\Database\BaseConnection->simpleQuery('SELECT k.*, s.p...')
#3 C:\xampp\htdocs\appKoperasi\app\Controllers\Admin\GaleriController.php(129): CodeIgniter\Database\BaseConnection->query('SELECT k.*, s.p...')
#4 C:\xampp\htdocs\appKoperasi\system\CodeIgniter.php(927): App\Controllers\Admin\GaleriController->addgaleri()
#5 C:\xampp\htdocs\appKoperasi\system\CodeIgniter.php(482): CodeIgniter\CodeIgniter->runController(Object(App\Controllers\Admin\GaleriController))
#6 C:\xampp\htdocs\appKoperasi\system\CodeIgniter.php(351): CodeIgniter\CodeIgniter->handleRequest(NULL, Object(Config\Cache), false)
#7 C:\xampp\htdocs\appKoperasi\index.php(67): CodeIgniter\CodeIgniter->run()
#8 {main}
CRITICAL - 2023-06-17 00:34:03 --> Call to a member function getResult() on bool
in APPPATH\Controllers\Admin\GaleriController.php on line 130.
 1 SYSTEMPATH\CodeIgniter.php(927): App\Controllers\Admin\GaleriController->addgaleri()
 2 SYSTEMPATH\CodeIgniter.php(482): CodeIgniter\CodeIgniter->runController(Object(App\Controllers\Admin\GaleriController))
 3 SYSTEMPATH\CodeIgniter.php(351): CodeIgniter\CodeIgniter->handleRequest(null, Object(Config\Cache), false)
 4 FCPATH\index.php(67): CodeIgniter\CodeIgniter->run()
CRITICAL - 2023-06-17 00:52:37 --> Too few arguments to function App\Controllers\Admin\GaleriController::galeri(), 0 passed in C:\xampp\htdocs\appKoperasi\system\CodeIgniter.php on line 927 and exactly 1 expected
in APPPATH\Controllers\Admin\GaleriController.php on line 105.
 1 SYSTEMPATH\CodeIgniter.php(927): App\Controllers\Admin\GaleriController->galeri()
 2 SYSTEMPATH\CodeIgniter.php(482): CodeIgniter\CodeIgniter->runController(Object(App\Controllers\Admin\GaleriController))
 3 SYSTEMPATH\CodeIgniter.php(351): CodeIgniter\CodeIgniter->handleRequest(null, Object(Config\Cache), false)
 4 FCPATH\index.php(67): CodeIgniter\CodeIgniter->run()
CRITICAL - 2023-06-17 00:54:50 --> Invalid argument supplied for foreach()
in APPPATH\Views\admin\gambar_Galeri.php on line 33.
 1 APPPATH\Views\admin\gambar_Galeri.php(33): CodeIgniter\Debug\Exceptions->errorHandler(2, 'Invalid argument supplied for foreach()', 'APPPATH\\Views\\admin\\gambar_Galeri.php', 33, [...])
 2 SYSTEMPATH\View\View.php(213): include('APPPATH\\Views\\admin\\gambar_Galeri.php')
 3 SYSTEMPATH\View\View.php(216): CodeIgniter\View\View->CodeIgniter\View\{closure}()
 4 SYSTEMPATH\Common.php(1134): CodeIgniter\View\View->render('admin/gambar_Galeri', [], true)
 5 APPPATH\Controllers\Admin\GaleriController.php(118): view('admin/gambar_Galeri', [...])
 6 SYSTEMPATH\CodeIgniter.php(927): App\Controllers\Admin\GaleriController->galeri('Galeri')
 7 SYSTEMPATH\CodeIgniter.php(482): CodeIgniter\CodeIgniter->runController(Object(App\Controllers\Admin\GaleriController))
 8 SYSTEMPATH\CodeIgniter.php(351): CodeIgniter\CodeIgniter->handleRequest(null, Object(Config\Cache), false)
 9 FCPATH\index.php(67): CodeIgniter\CodeIgniter->run()
ERROR - 2023-06-17 10:56:19 --> mysqli_sql_exception: Table 'appkoperasi.s_kategori' doesn't exist in /Users/syauqiemuhammadmarier/Documents/SERVER LOKAL/appKoperasi/system/Database/MySQLi/Connection.php:292
Stack trace:
#0 /Users/syauqiemuhammadmarier/Documents/SERVER LOKAL/appKoperasi/system/Database/MySQLi/Connection.php(292): mysqli->query('SELECT * FROM s...', 0)
#1 /Users/syauqiemuhammadmarier/Documents/SERVER LOKAL/appKoperasi/system/Database/BaseConnection.php(666): CodeIgniter\Database\MySQLi\Connection->execute('SELECT * FROM s...')
#2 /Users/syauqiemuhammadmarier/Documents/SERVER LOKAL/appKoperasi/system/Database/BaseConnection.php(593): CodeIgniter\Database\BaseConnection->simpleQuery('SELECT * FROM s...')
#3 /Users/syauqiemuhammadmarier/Documents/SERVER LOKAL/appKoperasi/app/Controllers/Admin/GaleriController.php(20): CodeIgniter\Database\BaseConnection->query('SELECT * FROM s...')
#4 /Users/syauqiemuhammadmarier/Documents/SERVER LOKAL/appKoperasi/system/CodeIgniter.php(927): App\Controllers\Admin\GaleriController->kategorigaleri('Galeri')
#5 /Users/syauqiemuhammadmarier/Documents/SERVER LOKAL/appKoperasi/system/CodeIgniter.php(482): CodeIgniter\CodeIgniter->runController(Object(App\Controllers\Admin\GaleriController))
#6 /Users/syauqiemuhammadmarier/Documents/SERVER LOKAL/appKoperasi/system/CodeIgniter.php(351): CodeIgniter\CodeIgniter->handleRequest(NULL, Object(Config\Cache), false)
#7 /Users/syauqiemuhammadmarier/Documents/SERVER LOKAL/appKoperasi/index.php(67): CodeIgniter\CodeIgniter->run()
#8 {main}
CRITICAL - 2023-06-17 10:56:19 --> Call to a member function getResult() on bool
in APPPATH/Controllers/Admin/GaleriController.php on line 21.
 1 SYSTEMPATH/CodeIgniter.php(927): App\Controllers\Admin\GaleriController->kategorigaleri('Galeri')
 2 SYSTEMPATH/CodeIgniter.php(482): CodeIgniter\CodeIgniter->runController(Object(App\Controllers\Admin\GaleriController))
 3 SYSTEMPATH/CodeIgniter.php(351): CodeIgniter\CodeIgniter->handleRequest(null, Object(Config\Cache), false)
 4 FCPATH/index.php(67): CodeIgniter\CodeIgniter->run()
ERROR - 2023-06-17 11:01:29 --> mysqli_sql_exception: Table 'appkoperasi.s_kategori' doesn't exist in /Users/syauqiemuhammadmarier/Documents/SERVER LOKAL/appKoperasi/system/Database/MySQLi/Connection.php:292
Stack trace:
#0 /Users/syauqiemuhammadmarier/Documents/SERVER LOKAL/appKoperasi/system/Database/MySQLi/Connection.php(292): mysqli->query('SELECT * FROM s...', 0)
#1 /Users/syauqiemuhammadmarier/Documents/SERVER LOKAL/appKoperasi/system/Database/BaseConnection.php(666): CodeIgniter\Database\MySQLi\Connection->execute('SELECT * FROM s...')
#2 /Users/syauqiemuhammadmarier/Documents/SERVER LOKAL/appKoperasi/system/Database/BaseConnection.php(593): CodeIgniter\Database\BaseConnection->simpleQuery('SELECT * FROM s...')
#3 /Users/syauqiemuhammadmarier/Documents/SERVER LOKAL/appKoperasi/app/Controllers/Admin/GaleriController.php(20): CodeIgniter\Database\BaseConnection->query('SELECT * FROM s...')
#4 /Users/syauqiemuhammadmarier/Documents/SERVER LOKAL/appKoperasi/system/CodeIgniter.php(927): App\Controllers\Admin\GaleriController->kategorigaleri('Galeri')
#5 /Users/syauqiemuhammadmarier/Documents/SERVER LOKAL/appKoperasi/system/CodeIgniter.php(482): CodeIgniter\CodeIgniter->runController(Object(App\Controllers\Admin\GaleriController))
#6 /Users/syauqiemuhammadmarier/Documents/SERVER LOKAL/appKoperasi/system/CodeIgniter.php(351): CodeIgniter\CodeIgniter->handleRequest(NULL, Object(Config\Cache), false)
#7 /Users/syauqiemuhammadmarier/Documents/SERVER LOKAL/appKoperasi/index.php(67): CodeIgniter\CodeIgniter->run()
#8 {main}
CRITICAL - 2023-06-17 11:01:29 --> Call to a member function getResult() on bool
in APPPATH/Controllers/Admin/GaleriController.php on line 21.
 1 SYSTEMPATH/CodeIgniter.php(927): App\Controllers\Admin\GaleriController->kategorigaleri('Galeri')
 2 SYSTEMPATH/CodeIgniter.php(482): CodeIgniter\CodeIgniter->runController(Object(App\Controllers\Admin\GaleriController))
 3 SYSTEMPATH/CodeIgniter.php(351): CodeIgniter\CodeIgniter->handleRequest(null, Object(Config\Cache), false)
 4 FCPATH/index.php(67): CodeIgniter\CodeIgniter->run()
ERROR - 2023-06-17 11:02:35 --> mysqli_sql_exception: Table 'appkoperasi.ref_galeri' doesn't exist in /Users/syauqiemuhammadmarier/Documents/SERVER LOKAL/appKoperasi/system/Database/MySQLi/Connection.php:292
Stack trace:
#0 /Users/syauqiemuhammadmarier/Documents/SERVER LOKAL/appKoperasi/system/Database/MySQLi/Connection.php(292): mysqli->query('SELECT * FROM r...', 0)
#1 /Users/syauqiemuhammadmarier/Documents/SERVER LOKAL/appKoperasi/system/Database/BaseConnection.php(666): CodeIgniter\Database\MySQLi\Connection->execute('SELECT * FROM r...')
#2 /Users/syauqiemuhammadmarier/Documents/SERVER LOKAL/appKoperasi/system/Database/BaseConnection.php(593): CodeIgniter\Database\BaseConnection->simpleQuery('SELECT * FROM r...')
#3 /Users/syauqiemuhammadmarier/Documents/SERVER LOKAL/appKoperasi/app/Controllers/Admin/GaleriController.php(20): CodeIgniter\Database\BaseConnection->query('SELECT * FROM r...')
#4 /Users/syauqiemuhammadmarier/Documents/SERVER LOKAL/appKoperasi/system/CodeIgniter.php(927): App\Controllers\Admin\GaleriController->kategorigaleri('Galeri')
#5 /Users/syauqiemuhammadmarier/Documents/SERVER LOKAL/appKoperasi/system/CodeIgniter.php(482): CodeIgniter\CodeIgniter->runController(Object(App\Controllers\Admin\GaleriController))
#6 /Users/syauqiemuhammadmarier/Documents/SERVER LOKAL/appKoperasi/system/CodeIgniter.php(351): CodeIgniter\CodeIgniter->handleRequest(NULL, Object(Config\Cache), false)
#7 /Users/syauqiemuhammadmarier/Documents/SERVER LOKAL/appKoperasi/index.php(67): CodeIgniter\CodeIgniter->run()
#8 {main}
CRITICAL - 2023-06-17 11:02:35 --> Call to a member function getResult() on bool
in APPPATH/Controllers/Admin/GaleriController.php on line 21.
 1 SYSTEMPATH/CodeIgniter.php(927): App\Controllers\Admin\GaleriController->kategorigaleri('Galeri')
 2 SYSTEMPATH/CodeIgniter.php(482): CodeIgniter\CodeIgniter->runController(Object(App\Controllers\Admin\GaleriController))
 3 SYSTEMPATH/CodeIgniter.php(351): CodeIgniter\CodeIgniter->handleRequest(null, Object(Config\Cache), false)
 4 FCPATH/index.php(67): CodeIgniter\CodeIgniter->run()
ERROR - 2023-06-17 11:02:37 --> mysqli_sql_exception: Table 'appkoperasi.ref_galeri' doesn't exist in /Users/syauqiemuhammadmarier/Documents/SERVER LOKAL/appKoperasi/system/Database/MySQLi/Connection.php:292
Stack trace:
#0 /Users/syauqiemuhammadmarier/Documents/SERVER LOKAL/appKoperasi/system/Database/MySQLi/Connection.php(292): mysqli->query('SELECT * FROM r...', 0)
#1 /Users/syauqiemuhammadmarier/Documents/SERVER LOKAL/appKoperasi/system/Database/BaseConnection.php(666): CodeIgniter\Database\MySQLi\Connection->execute('SELECT * FROM r...')
#2 /Users/syauqiemuhammadmarier/Documents/SERVER LOKAL/appKoperasi/system/Database/BaseConnection.php(593): CodeIgniter\Database\BaseConnection->simpleQuery('SELECT * FROM r...')
#3 /Users/syauqiemuhammadmarier/Documents/SERVER LOKAL/appKoperasi/app/Controllers/Admin/GaleriController.php(20): CodeIgniter\Database\BaseConnection->query('SELECT * FROM r...')
#4 /Users/syauqiemuhammadmarier/Documents/SERVER LOKAL/appKoperasi/system/CodeIgniter.php(927): App\Controllers\Admin\GaleriController->kategorigaleri('Galeri')
#5 /Users/syauqiemuhammadmarier/Documents/SERVER LOKAL/appKoperasi/system/CodeIgniter.php(482): CodeIgniter\CodeIgniter->runController(Object(App\Controllers\Admin\GaleriController))
#6 /Users/syauqiemuhammadmarier/Documents/SERVER LOKAL/appKoperasi/system/CodeIgniter.php(351): CodeIgniter\CodeIgniter->handleRequest(NULL, Object(Config\Cache), false)
#7 /Users/syauqiemuhammadmarier/Documents/SERVER LOKAL/appKoperasi/index.php(67): CodeIgniter\CodeIgniter->run()
#8 {main}
CRITICAL - 2023-06-17 11:02:37 --> Call to a member function getResult() on bool
in APPPATH/Controllers/Admin/GaleriController.php on line 21.
 1 SYSTEMPATH/CodeIgniter.php(927): App\Controllers\Admin\GaleriController->kategorigaleri('Galeri')
 2 SYSTEMPATH/CodeIgniter.php(482): CodeIgniter\CodeIgniter->runController(Object(App\Controllers\Admin\GaleriController))
 3 SYSTEMPATH/CodeIgniter.php(351): CodeIgniter\CodeIgniter->handleRequest(null, Object(Config\Cache), false)
 4 FCPATH/index.php(67): CodeIgniter\CodeIgniter->run()
ERROR - 2023-06-17 11:03:14 --> mysqli_sql_exception: Table 'appkoperasi.ref_galeri' doesn't exist in /Users/syauqiemuhammadmarier/Documents/SERVER LOKAL/appKoperasi/system/Database/MySQLi/Connection.php:292
Stack trace:
#0 /Users/syauqiemuhammadmarier/Documents/SERVER LOKAL/appKoperasi/system/Database/MySQLi/Connection.php(292): mysqli->query('SELECT * FROM r...', 0)
#1 /Users/syauqiemuhammadmarier/Documents/SERVER LOKAL/appKoperasi/system/Database/BaseConnection.php(666): CodeIgniter\Database\MySQLi\Connection->execute('SELECT * FROM r...')
#2 /Users/syauqiemuhammadmarier/Documents/SERVER LOKAL/appKoperasi/system/Database/BaseConnection.php(593): CodeIgniter\Database\BaseConnection->simpleQuery('SELECT * FROM r...')
#3 /Users/syauqiemuhammadmarier/Documents/SERVER LOKAL/appKoperasi/app/Controllers/Admin/GaleriController.php(20): CodeIgniter\Database\BaseConnection->query('SELECT * FROM r...')
#4 /Users/syauqiemuhammadmarier/Documents/SERVER LOKAL/appKoperasi/system/CodeIgniter.php(927): App\Controllers\Admin\GaleriController->kategorigaleri('Galeri')
#5 /Users/syauqiemuhammadmarier/Documents/SERVER LOKAL/appKoperasi/system/CodeIgniter.php(482): CodeIgniter\CodeIgniter->runController(Object(App\Controllers\Admin\GaleriController))
#6 /Users/syauqiemuhammadmarier/Documents/SERVER LOKAL/appKoperasi/system/CodeIgniter.php(351): CodeIgniter\CodeIgniter->handleRequest(NULL, Object(Config\Cache), false)
#7 /Users/syauqiemuhammadmarier/Documents/SERVER LOKAL/appKoperasi/index.php(67): CodeIgniter\CodeIgniter->run()
#8 {main}
CRITICAL - 2023-06-17 11:03:14 --> Call to a member function getResult() on bool
in APPPATH/Controllers/Admin/GaleriController.php on line 21.
 1 SYSTEMPATH/CodeIgniter.php(927): App\Controllers\Admin\GaleriController->kategorigaleri('Galeri')
 2 SYSTEMPATH/CodeIgniter.php(482): CodeIgniter\CodeIgniter->runController(Object(App\Controllers\Admin\GaleriController))
 3 SYSTEMPATH/CodeIgniter.php(351): CodeIgniter\CodeIgniter->handleRequest(null, Object(Config\Cache), false)
 4 FCPATH/index.php(67): CodeIgniter\CodeIgniter->run()
CRITICAL - 2023-06-17 11:39:19 --> Class "Config\Database" not found
in SYSTEMPATH\Model.php on line 137.
 1 SYSTEMPATH\Config\Factories.php(129): CodeIgniter\Model->__construct(null)
 2 SYSTEMPATH\Config\Factories.php(86): CodeIgniter\Config\Factories::__callStatic('models', [...])
 3 SYSTEMPATH\Common.php(809): CodeIgniter\Config\Factories::models('Myth\\Auth\\Models\\UserModel', [...], null)
 4 VENDORPATH\myth\auth\src\Config\Services.php(27): model('Myth\\Auth\\Models\\UserModel')
 5 SYSTEMPATH\Config\BaseService.php(253): Myth\Auth\Config\Services::authentication('local', null, null, false)
 6 SYSTEMPATH\Config\BaseService.php(194): CodeIgniter\Config\BaseService::__callStatic('authentication', [...])
 7 VENDORPATH\myth\auth\src\Config\Services.php(24): CodeIgniter\Config\BaseService::getSharedInstance('authentication', 'local', null, null)
 8 SYSTEMPATH\Config\BaseService.php(253): Myth\Auth\Config\Services::authentication()
 9 SYSTEMPATH\Common.php(959): CodeIgniter\Config\BaseService::__callStatic('authentication', [])
10 VENDORPATH\myth\auth\src\Filters\BaseFilter.php(42): service('authentication')
11 SYSTEMPATH\Filters\Filters.php(166): Myth\Auth\Filters\BaseFilter->__construct()
12 SYSTEMPATH\CodeIgniter.php(455): CodeIgniter\Filters\Filters->run('C:\\', 'before')
13 SYSTEMPATH\CodeIgniter.php(351): CodeIgniter\CodeIgniter->handleRequest(null, Object(Config\Cache), false)
14 FCPATH\index.php(67): CodeIgniter\CodeIgniter->run()
15 SYSTEMPATH\Commands\Server\rewrite.php(46): require_once('FCPATH\\index.php')
CRITICAL - 2023-06-17 11:41:24 --> Class "Config\Database" not found
in SYSTEMPATH\Model.php on line 137.
 1 SYSTEMPATH\Config\Factories.php(129): CodeIgniter\Model->__construct(null)
 2 SYSTEMPATH\Config\Factories.php(86): CodeIgniter\Config\Factories::__callStatic('models', [...])
 3 SYSTEMPATH\Common.php(809): CodeIgniter\Config\Factories::models('Myth\\Auth\\Models\\UserModel', [...], null)
 4 VENDORPATH\myth\auth\src\Config\Services.php(27): model('Myth\\Auth\\Models\\UserModel')
 5 SYSTEMPATH\Config\BaseService.php(253): Myth\Auth\Config\Services::authentication('local', null, null, false)
 6 SYSTEMPATH\Config\BaseService.php(194): CodeIgniter\Config\BaseService::__callStatic('authentication', [...])
 7 VENDORPATH\myth\auth\src\Config\Services.php(24): CodeIgniter\Config\BaseService::getSharedInstance('authentication', 'local', null, null)
 8 SYSTEMPATH\Config\BaseService.php(253): Myth\Auth\Config\Services::authentication()
 9 SYSTEMPATH\Common.php(959): CodeIgniter\Config\BaseService::__callStatic('authentication', [])
10 VENDORPATH\myth\auth\src\Filters\BaseFilter.php(42): service('authentication')
11 SYSTEMPATH\Filters\Filters.php(166): Myth\Auth\Filters\BaseFilter->__construct()
12 SYSTEMPATH\CodeIgniter.php(455): CodeIgniter\Filters\Filters->run('C:\\', 'before')
13 SYSTEMPATH\CodeIgniter.php(351): CodeIgniter\CodeIgniter->handleRequest(null, Object(Config\Cache), false)
14 FCPATH\index.php(67): CodeIgniter\CodeIgniter->run()
15 SYSTEMPATH\Commands\Server\rewrite.php(46): require_once('FCPATH\\index.php')
CRITICAL - 2023-06-17 12:46:27 --> The route for "halaman-dashboard" cannot be found.
in SYSTEMPATH\Helpers\url_helper.php on line 543.
 1 SYSTEMPATH\Helpers\url_helper.php(543): CodeIgniter\Router\Exceptions\RouterException::forInvalidRoute('halaman-dashboard')
 2 APPPATH\Views\admin\layout\admin.php(31): url_to('halaman-dashboard')
 3 SYSTEMPATH\View\View.php(213): include('APPPATH\\Views\\admin\\layout\\admin.php')
 4 SYSTEMPATH\View\View.php(216): CodeIgniter\View\View->CodeIgniter\View\{closure}()
 5 SYSTEMPATH\View\View.php(229): CodeIgniter\View\View->render('admin/layout/admin', [], true)
 6 SYSTEMPATH\Common.php(1134): CodeIgniter\View\View->render('admin/dashboard', [], true)
 7 APPPATH\Controllers\Admin\DashboardController.php(183): view('admin/dashboard', [...])
 8 SYSTEMPATH\CodeIgniter.php(927): App\Controllers\Admin\DashboardController->index()
 9 SYSTEMPATH\CodeIgniter.php(482): CodeIgniter\CodeIgniter->runController(Object(App\Controllers\Admin\DashboardController))
10 SYSTEMPATH\CodeIgniter.php(351): CodeIgniter\CodeIgniter->handleRequest(null, Object(Config\Cache), false)
11 FCPATH\index.php(67): CodeIgniter\CodeIgniter->run()
ERROR - 2023-06-17 12:47:54 --> mysqli_sql_exception: Table 'appkoperasi.ref_galeri' doesn't exist in C:\xampp\htdocs\appKoperasiWeb\system\Database\MySQLi\Connection.php:292
Stack trace:
#0 C:\xampp\htdocs\appKoperasiWeb\system\Database\MySQLi\Connection.php(292): mysqli->query('SELECT * FROM r...', 0)
#1 C:\xampp\htdocs\appKoperasiWeb\system\Database\BaseConnection.php(666): CodeIgniter\Database\MySQLi\Connection->execute('SELECT * FROM r...')
#2 C:\xampp\htdocs\appKoperasiWeb\system\Database\BaseConnection.php(593): CodeIgniter\Database\BaseConnection->simpleQuery('SELECT * FROM r...')
#3 C:\xampp\htdocs\appKoperasiWeb\app\Controllers\Admin\GaleriController.php(20): CodeIgniter\Database\BaseConnection->query('SELECT * FROM r...')
#4 C:\xampp\htdocs\appKoperasiWeb\system\CodeIgniter.php(927): App\Controllers\Admin\GaleriController->kategorigaleri('Galeri')
#5 C:\xampp\htdocs\appKoperasiWeb\system\CodeIgniter.php(482): CodeIgniter\CodeIgniter->runController(Object(App\Controllers\Admin\GaleriController))
#6 C:\xampp\htdocs\appKoperasiWeb\system\CodeIgniter.php(351): CodeIgniter\CodeIgniter->handleRequest(NULL, Object(Config\Cache), false)
#7 C:\xampp\htdocs\appKoperasiWeb\index.php(67): CodeIgniter\CodeIgniter->run()
#8 {main}
CRITICAL - 2023-06-17 12:47:54 --> Call to a member function getResult() on bool
in APPPATH\Controllers\Admin\GaleriController.php on line 21.
 1 SYSTEMPATH\CodeIgniter.php(927): App\Controllers\Admin\GaleriController->kategorigaleri('Galeri')
 2 SYSTEMPATH\CodeIgniter.php(482): CodeIgniter\CodeIgniter->runController(Object(App\Controllers\Admin\GaleriController))
 3 SYSTEMPATH\CodeIgniter.php(351): CodeIgniter\CodeIgniter->handleRequest(null, Object(Config\Cache), false)
 4 FCPATH\index.php(67): CodeIgniter\CodeIgniter->run()
ERROR - 2023-06-17 12:48:00 --> mysqli_sql_exception: Table 'appkoperasi.ref_galeri' doesn't exist in C:\xampp\htdocs\appKoperasiWeb\system\Database\MySQLi\Connection.php:292
Stack trace:
#0 C:\xampp\htdocs\appKoperasiWeb\system\Database\MySQLi\Connection.php(292): mysqli->query('SELECT * FROM r...', 0)
#1 C:\xampp\htdocs\appKoperasiWeb\system\Database\BaseConnection.php(666): CodeIgniter\Database\MySQLi\Connection->execute('SELECT * FROM r...')
#2 C:\xampp\htdocs\appKoperasiWeb\system\Database\BaseConnection.php(593): CodeIgniter\Database\BaseConnection->simpleQuery('SELECT * FROM r...')
#3 C:\xampp\htdocs\appKoperasiWeb\app\Controllers\Admin\GaleriController.php(20): CodeIgniter\Database\BaseConnection->query('SELECT * FROM r...')
#4 C:\xampp\htdocs\appKoperasiWeb\system\CodeIgniter.php(927): App\Controllers\Admin\GaleriController->kategorigaleri('Slider')
#5 C:\xampp\htdocs\appKoperasiWeb\system\CodeIgniter.php(482): CodeIgniter\CodeIgniter->runController(Object(App\Controllers\Admin\GaleriController))
#6 C:\xampp\htdocs\appKoperasiWeb\system\CodeIgniter.php(351): CodeIgniter\CodeIgniter->handleRequest(NULL, Object(Config\Cache), false)
#7 C:\xampp\htdocs\appKoperasiWeb\index.php(67): CodeIgniter\CodeIgniter->run()
#8 {main}
CRITICAL - 2023-06-17 12:48:00 --> Call to a member function getResult() on bool
in APPPATH\Controllers\Admin\GaleriController.php on line 21.
 1 SYSTEMPATH\CodeIgniter.php(927): App\Controllers\Admin\GaleriController->kategorigaleri('Slider')
 2 SYSTEMPATH\CodeIgniter.php(482): CodeIgniter\CodeIgniter->runController(Object(App\Controllers\Admin\GaleriController))
 3 SYSTEMPATH\CodeIgniter.php(351): CodeIgniter\CodeIgniter->handleRequest(null, Object(Config\Cache), false)
 4 FCPATH\index.php(67): CodeIgniter\CodeIgniter->run()
ERROR - 2023-06-17 12:48:20 --> mysqli_sql_exception: Table 'appkoperasi.ref_galeri' doesn't exist in C:\xampp\htdocs\appKoperasiWeb\system\Database\MySQLi\Connection.php:292
Stack trace:
#0 C:\xampp\htdocs\appKoperasiWeb\system\Database\MySQLi\Connection.php(292): mysqli->query('SELECT * FROM r...', 0)
#1 C:\xampp\htdocs\appKoperasiWeb\system\Database\BaseConnection.php(666): CodeIgniter\Database\MySQLi\Connection->execute('SELECT * FROM r...')
#2 C:\xampp\htdocs\appKoperasiWeb\system\Database\BaseConnection.php(593): CodeIgniter\Database\BaseConnection->simpleQuery('SELECT * FROM r...')
#3 C:\xampp\htdocs\appKoperasiWeb\app\Controllers\Admin\GaleriController.php(20): CodeIgniter\Database\BaseConnection->query('SELECT * FROM r...')
#4 C:\xampp\htdocs\appKoperasiWeb\system\CodeIgniter.php(927): App\Controllers\Admin\GaleriController->kategorigaleri('Slider')
#5 C:\xampp\htdocs\appKoperasiWeb\system\CodeIgniter.php(482): CodeIgniter\CodeIgniter->runController(Object(App\Controllers\Admin\GaleriController))
#6 C:\xampp\htdocs\appKoperasiWeb\system\CodeIgniter.php(351): CodeIgniter\CodeIgniter->handleRequest(NULL, Object(Config\Cache), false)
#7 C:\xampp\htdocs\appKoperasiWeb\index.php(67): CodeIgniter\CodeIgniter->run()
#8 {main}
CRITICAL - 2023-06-17 12:48:20 --> Call to a member function getResult() on bool
in APPPATH\Controllers\Admin\GaleriController.php on line 21.
 1 SYSTEMPATH\CodeIgniter.php(927): App\Controllers\Admin\GaleriController->kategorigaleri('Slider')
 2 SYSTEMPATH\CodeIgniter.php(482): CodeIgniter\CodeIgniter->runController(Object(App\Controllers\Admin\GaleriController))
 3 SYSTEMPATH\CodeIgniter.php(351): CodeIgniter\CodeIgniter->handleRequest(null, Object(Config\Cache), false)
 4 FCPATH\index.php(67): CodeIgniter\CodeIgniter->run()
ERROR - 2023-06-17 12:53:09 --> mysqli_sql_exception: Table 'appkoperasi.ref_galeri' doesn't exist in C:\xampp\htdocs\appKoperasiWeb\system\Database\MySQLi\Connection.php:292
Stack trace:
#0 C:\xampp\htdocs\appKoperasiWeb\system\Database\MySQLi\Connection.php(292): mysqli->query('SELECT * FROM r...', 0)
#1 C:\xampp\htdocs\appKoperasiWeb\system\Database\BaseConnection.php(666): CodeIgniter\Database\MySQLi\Connection->execute('SELECT * FROM r...')
#2 C:\xampp\htdocs\appKoperasiWeb\system\Database\BaseConnection.php(593): CodeIgniter\Database\BaseConnection->simpleQuery('SELECT * FROM r...')
#3 C:\xampp\htdocs\appKoperasiWeb\app\Controllers\Admin\GaleriController.php(20): CodeIgniter\Database\BaseConnection->query('SELECT * FROM r...')
#4 C:\xampp\htdocs\appKoperasiWeb\system\CodeIgniter.php(927): App\Controllers\Admin\GaleriController->kategorigaleri('Galeri')
#5 C:\xampp\htdocs\appKoperasiWeb\system\CodeIgniter.php(482): CodeIgniter\CodeIgniter->runController(Object(App\Controllers\Admin\GaleriController))
#6 C:\xampp\htdocs\appKoperasiWeb\system\CodeIgniter.php(351): CodeIgniter\CodeIgniter->handleRequest(NULL, Object(Config\Cache), false)
#7 C:\xampp\htdocs\appKoperasiWeb\index.php(67): CodeIgniter\CodeIgniter->run()
#8 {main}
CRITICAL - 2023-06-17 12:53:09 --> Call to a member function getResult() on bool
in APPPATH\Controllers\Admin\GaleriController.php on line 21.
 1 SYSTEMPATH\CodeIgniter.php(927): App\Controllers\Admin\GaleriController->kategorigaleri('Galeri')
 2 SYSTEMPATH\CodeIgniter.php(482): CodeIgniter\CodeIgniter->runController(Object(App\Controllers\Admin\GaleriController))
 3 SYSTEMPATH\CodeIgniter.php(351): CodeIgniter\CodeIgniter->handleRequest(null, Object(Config\Cache), false)
 4 FCPATH\index.php(67): CodeIgniter\CodeIgniter->run()
CRITICAL - 2023-06-17 14:03:29 --> Invalid file: admin/adminBerita/kategori_berita.php
in SYSTEMPATH\Exceptions\FrameworkException.php on line 33.
 1 SYSTEMPATH\View\View.php(201): CodeIgniter\Exceptions\FrameworkException::forInvalidFile('admin/adminBerita/kategori_berita.php')
 2 SYSTEMPATH\Common.php(1134): CodeIgniter\View\View->render('admin/adminBerita/kategori_berita', [], true)
 3 APPPATH\Controllers\Admin\KategoriController.php(19): view('admin/adminBerita/kategori_berita', [...])
 4 SYSTEMPATH\CodeIgniter.php(927): App\Controllers\Admin\KategoriController->kategoriBerita()
 5 SYSTEMPATH\CodeIgniter.php(482): CodeIgniter\CodeIgniter->runController(Object(App\Controllers\Admin\KategoriController))
 6 SYSTEMPATH\CodeIgniter.php(351): CodeIgniter\CodeIgniter->handleRequest(null, Object(Config\Cache), false)
 7 FCPATH\index.php(67): CodeIgniter\CodeIgniter->run()
CRITICAL - 2023-06-17 14:05:01 --> Invalid file: admin/adminBerita/kategori_berita.php
in SYSTEMPATH\Exceptions\FrameworkException.php on line 33.
 1 SYSTEMPATH\View\View.php(201): CodeIgniter\Exceptions\FrameworkException::forInvalidFile('admin/adminBerita/kategori_berita.php')
 2 SYSTEMPATH\Common.php(1134): CodeIgniter\View\View->render('admin/adminBerita/kategori_berita', [], true)
 3 APPPATH\Controllers\Admin\KategoriController.php(19): view('admin/adminBerita/kategori_berita', [...])
 4 SYSTEMPATH\CodeIgniter.php(927): App\Controllers\Admin\KategoriController->kategoriBerita()
 5 SYSTEMPATH\CodeIgniter.php(482): CodeIgniter\CodeIgniter->runController(Object(App\Controllers\Admin\KategoriController))
 6 SYSTEMPATH\CodeIgniter.php(351): CodeIgniter\CodeIgniter->handleRequest(null, Object(Config\Cache), false)
 7 FCPATH\index.php(67): CodeIgniter\CodeIgniter->run()
CRITICAL - 2023-06-17 14:05:38 --> Invalid file: admin/adminBerita/kategori_berita.php
in SYSTEMPATH\Exceptions\FrameworkException.php on line 33.
 1 SYSTEMPATH\View\View.php(201): CodeIgniter\Exceptions\FrameworkException::forInvalidFile('admin/adminBerita/kategori_berita.php')
 2 SYSTEMPATH\Common.php(1134): CodeIgniter\View\View->render('admin/adminBerita/kategori_berita', [], true)
 3 APPPATH\Controllers\Admin\KategoriController.php(19): view('admin/adminBerita/kategori_berita', [...])
 4 SYSTEMPATH\CodeIgniter.php(927): App\Controllers\Admin\KategoriController->kategoriBerita()
 5 SYSTEMPATH\CodeIgniter.php(482): CodeIgniter\CodeIgniter->runController(Object(App\Controllers\Admin\KategoriController))
 6 SYSTEMPATH\CodeIgniter.php(351): CodeIgniter\CodeIgniter->handleRequest(null, Object(Config\Cache), false)
 7 FCPATH\index.php(67): CodeIgniter\CodeIgniter->run()
CRITICAL - 2023-06-17 14:05:43 --> Invalid file: admin/adminBerita/kategori_berita.php
in SYSTEMPATH\Exceptions\FrameworkException.php on line 33.
 1 SYSTEMPATH\View\View.php(201): CodeIgniter\Exceptions\FrameworkException::forInvalidFile('admin/adminBerita/kategori_berita.php')
 2 SYSTEMPATH\Common.php(1134): CodeIgniter\View\View->render('admin/adminBerita/kategori_berita', [], true)
 3 APPPATH\Controllers\Admin\KategoriController.php(19): view('admin/adminBerita/kategori_berita', [...])
 4 SYSTEMPATH\CodeIgniter.php(927): App\Controllers\Admin\KategoriController->kategoriBerita()
 5 SYSTEMPATH\CodeIgniter.php(482): CodeIgniter\CodeIgniter->runController(Object(App\Controllers\Admin\KategoriController))
 6 SYSTEMPATH\CodeIgniter.php(351): CodeIgniter\CodeIgniter->handleRequest(null, Object(Config\Cache), false)
 7 FCPATH\index.php(67): CodeIgniter\CodeIgniter->run()
