CRITICAL - 2023-06-24 09:04:14 --> The route for "admin/halaman-depan" cannot be found.
in SYSTEMPATH\Helpers\url_helper.php on line 543.
 1 SYSTEMPATH\Helpers\url_helper.php(543): CodeIgniter\Router\Exceptions\RouterException::forInvalidRoute('admin/halaman-depan')
 2 APPPATH\Views\admin\detail_berita.php(43): url_to('admin/halaman-depan')
 3 SYSTEMPATH\View\View.php(213): include('APPPATH\\Views\\admin\\detail_berita.php')
 4 SYSTEMPATH\View\View.php(216): CodeIgniter\View\View->CodeIgniter\View\{closure}()
 5 SYSTEMPATH\Common.php(1134): CodeIgniter\View\View->render('admin/detail_berita', [], true)
 6 APPPATH\Controllers\Admin\DetailBerita.php(25): view('admin/detail_berita', [...])
 7 SYSTEMPATH\CodeIgniter.php(927): App\Controllers\Admin\DetailBerita->detailBerita('39')
 8 SYSTEMPATH\CodeIgniter.php(482): CodeIgniter\CodeIgniter->runController(Object(App\Controllers\Admin\DetailBerita))
 9 SYSTEMPATH\CodeIgniter.php(351): CodeIgniter\CodeIgniter->handleRequest(null, Object(Config\Cache), false)
10 FCPATH\index.php(67): CodeIgniter\CodeIgniter->run()
CRITICAL - 2023-06-24 09:07:00 --> The route for "admin/halaman-depan" cannot be found.
in SYSTEMPATH\Helpers\url_helper.php on line 543.
 1 SYSTEMPATH\Helpers\url_helper.php(543): CodeIgniter\Router\Exceptions\RouterException::forInvalidRoute('admin/halaman-depan')
 2 APPPATH\Views\admin\detail_berita.php(43): url_to('admin/halaman-depan')
 3 SYSTEMPATH\View\View.php(213): include('APPPATH\\Views\\admin\\detail_berita.php')
 4 SYSTEMPATH\View\View.php(216): CodeIgniter\View\View->CodeIgniter\View\{closure}()
 5 SYSTEMPATH\Common.php(1134): CodeIgniter\View\View->render('admin/detail_berita', [], true)
 6 APPPATH\Controllers\Admin\DetailBerita.php(25): view('admin/detail_berita', [...])
 7 SYSTEMPATH\CodeIgniter.php(927): App\Controllers\Admin\DetailBerita->detailBerita('39')
 8 SYSTEMPATH\CodeIgniter.php(482): CodeIgniter\CodeIgniter->runController(Object(App\Controllers\Admin\DetailBerita))
 9 SYSTEMPATH\CodeIgniter.php(351): CodeIgniter\CodeIgniter->handleRequest(null, Object(Config\Cache), false)
10 FCPATH\index.php(67): CodeIgniter\CodeIgniter->run()
CRITICAL - 2023-06-24 09:07:09 --> The route for "admin/halaman-depan" cannot be found.
in SYSTEMPATH\Helpers\url_helper.php on line 543.
 1 SYSTEMPATH\Helpers\url_helper.php(543): CodeIgniter\Router\Exceptions\RouterException::forInvalidRoute('admin/halaman-depan')
 2 APPPATH\Views\admin\detail_berita.php(43): url_to('admin/halaman-depan')
 3 SYSTEMPATH\View\View.php(213): include('APPPATH\\Views\\admin\\detail_berita.php')
 4 SYSTEMPATH\View\View.php(216): CodeIgniter\View\View->CodeIgniter\View\{closure}()
 5 SYSTEMPATH\Common.php(1134): CodeIgniter\View\View->render('admin/detail_berita', [], true)
 6 APPPATH\Controllers\Admin\DetailBerita.php(25): view('admin/detail_berita', [...])
 7 SYSTEMPATH\CodeIgniter.php(927): App\Controllers\Admin\DetailBerita->detailBerita('39')
 8 SYSTEMPATH\CodeIgniter.php(482): CodeIgniter\CodeIgniter->runController(Object(App\Controllers\Admin\DetailBerita))
 9 SYSTEMPATH\CodeIgniter.php(351): CodeIgniter\CodeIgniter->handleRequest(null, Object(Config\Cache), false)
10 FCPATH\index.php(67): CodeIgniter\CodeIgniter->run()
CRITICAL - 2023-06-24 09:08:46 --> The route for "/admin/halaman-depan" cannot be found.
in SYSTEMPATH\Helpers\url_helper.php on line 543.
 1 SYSTEMPATH\Helpers\url_helper.php(543): CodeIgniter\Router\Exceptions\RouterException::forInvalidRoute('/admin/halaman-depan')
 2 APPPATH\Views\admin\detail_berita.php(43): url_to('/admin/halaman-depan')
 3 SYSTEMPATH\View\View.php(213): include('APPPATH\\Views\\admin\\detail_berita.php')
 4 SYSTEMPATH\View\View.php(216): CodeIgniter\View\View->CodeIgniter\View\{closure}()
 5 SYSTEMPATH\Common.php(1134): CodeIgniter\View\View->render('admin/detail_berita', [], true)
 6 APPPATH\Controllers\Admin\DetailBerita.php(25): view('admin/detail_berita', [...])
 7 SYSTEMPATH\CodeIgniter.php(927): App\Controllers\Admin\DetailBerita->detailBerita('39')
 8 SYSTEMPATH\CodeIgniter.php(482): CodeIgniter\CodeIgniter->runController(Object(App\Controllers\Admin\DetailBerita))
 9 SYSTEMPATH\CodeIgniter.php(351): CodeIgniter\CodeIgniter->handleRequest(null, Object(Config\Cache), false)
10 FCPATH\index.php(67): CodeIgniter\CodeIgniter->run()
CRITICAL - 2023-06-24 09:08:47 --> The route for "/admin/halaman-depan" cannot be found.
in SYSTEMPATH\Helpers\url_helper.php on line 543.
 1 SYSTEMPATH\Helpers\url_helper.php(543): CodeIgniter\Router\Exceptions\RouterException::forInvalidRoute('/admin/halaman-depan')
 2 APPPATH\Views\admin\detail_berita.php(43): url_to('/admin/halaman-depan')
 3 SYSTEMPATH\View\View.php(213): include('APPPATH\\Views\\admin\\detail_berita.php')
 4 SYSTEMPATH\View\View.php(216): CodeIgniter\View\View->CodeIgniter\View\{closure}()
 5 SYSTEMPATH\Common.php(1134): CodeIgniter\View\View->render('admin/detail_berita', [], true)
 6 APPPATH\Controllers\Admin\DetailBerita.php(25): view('admin/detail_berita', [...])
 7 SYSTEMPATH\CodeIgniter.php(927): App\Controllers\Admin\DetailBerita->detailBerita('39')
 8 SYSTEMPATH\CodeIgniter.php(482): CodeIgniter\CodeIgniter->runController(Object(App\Controllers\Admin\DetailBerita))
 9 SYSTEMPATH\CodeIgniter.php(351): CodeIgniter\CodeIgniter->handleRequest(null, Object(Config\Cache), false)
10 FCPATH\index.php(67): CodeIgniter\CodeIgniter->run()
CRITICAL - 2023-06-24 09:11:28 --> The route for "admin/halaman-depan" cannot be found.
in SYSTEMPATH\Helpers\url_helper.php on line 543.
 1 SYSTEMPATH\Helpers\url_helper.php(543): CodeIgniter\Router\Exceptions\RouterException::forInvalidRoute('admin/halaman-depan')
 2 APPPATH\Views\admin\detail_berita.php(43): url_to('admin/halaman-depan')
 3 SYSTEMPATH\View\View.php(213): include('APPPATH\\Views\\admin\\detail_berita.php')
 4 SYSTEMPATH\View\View.php(216): CodeIgniter\View\View->CodeIgniter\View\{closure}()
 5 SYSTEMPATH\Common.php(1134): CodeIgniter\View\View->render('admin/detail_berita', [], true)
 6 APPPATH\Controllers\Admin\DetailBerita.php(25): view('admin/detail_berita', [...])
 7 SYSTEMPATH\CodeIgniter.php(927): App\Controllers\Admin\DetailBerita->detailBerita('39')
 8 SYSTEMPATH\CodeIgniter.php(482): CodeIgniter\CodeIgniter->runController(Object(App\Controllers\Admin\DetailBerita))
 9 SYSTEMPATH\CodeIgniter.php(351): CodeIgniter\CodeIgniter->handleRequest(null, Object(Config\Cache), false)
10 FCPATH\index.php(67): CodeIgniter\CodeIgniter->run()
CRITICAL - 2023-06-24 09:11:40 --> The route for "admin/halaman-depan" cannot be found.
in SYSTEMPATH\Helpers\url_helper.php on line 543.
 1 SYSTEMPATH\Helpers\url_helper.php(543): CodeIgniter\Router\Exceptions\RouterException::forInvalidRoute('admin/halaman-depan')
 2 APPPATH\Views\admin\detail_berita.php(43): url_to('admin/halaman-depan')
 3 SYSTEMPATH\View\View.php(213): include('APPPATH\\Views\\admin\\detail_berita.php')
 4 SYSTEMPATH\View\View.php(216): CodeIgniter\View\View->CodeIgniter\View\{closure}()
 5 SYSTEMPATH\Common.php(1134): CodeIgniter\View\View->render('admin/detail_berita', [], true)
 6 APPPATH\Controllers\Admin\DetailBerita.php(25): view('admin/detail_berita', [...])
 7 SYSTEMPATH\CodeIgniter.php(927): App\Controllers\Admin\DetailBerita->detailBerita('39')
 8 SYSTEMPATH\CodeIgniter.php(482): CodeIgniter\CodeIgniter->runController(Object(App\Controllers\Admin\DetailBerita))
 9 SYSTEMPATH\CodeIgniter.php(351): CodeIgniter\CodeIgniter->handleRequest(null, Object(Config\Cache), false)
10 FCPATH\index.php(67): CodeIgniter\CodeIgniter->run()
CRITICAL - 2023-06-24 09:13:15 --> The route for "/admin/halaman-depan" cannot be found.
in SYSTEMPATH\Helpers\url_helper.php on line 543.
 1 SYSTEMPATH\Helpers\url_helper.php(543): CodeIgniter\Router\Exceptions\RouterException::forInvalidRoute('/admin/halaman-depan')
 2 APPPATH\Views\admin\detail_berita.php(43): url_to('/admin/halaman-depan')
 3 SYSTEMPATH\View\View.php(213): include('APPPATH\\Views\\admin\\detail_berita.php')
 4 SYSTEMPATH\View\View.php(216): CodeIgniter\View\View->CodeIgniter\View\{closure}()
 5 SYSTEMPATH\Common.php(1134): CodeIgniter\View\View->render('admin/detail_berita', [], true)
 6 APPPATH\Controllers\Admin\DetailBerita.php(25): view('admin/detail_berita', [...])
 7 SYSTEMPATH\CodeIgniter.php(927): App\Controllers\Admin\DetailBerita->detailBerita('39')
 8 SYSTEMPATH\CodeIgniter.php(482): CodeIgniter\CodeIgniter->runController(Object(App\Controllers\Admin\DetailBerita))
 9 SYSTEMPATH\CodeIgniter.php(351): CodeIgniter\CodeIgniter->handleRequest(null, Object(Config\Cache), false)
10 FCPATH\index.php(67): CodeIgniter\CodeIgniter->run()
CRITICAL - 2023-06-24 09:13:16 --> The route for "/admin/halaman-depan" cannot be found.
in SYSTEMPATH\Helpers\url_helper.php on line 543.
 1 SYSTEMPATH\Helpers\url_helper.php(543): CodeIgniter\Router\Exceptions\RouterException::forInvalidRoute('/admin/halaman-depan')
 2 APPPATH\Views\admin\detail_berita.php(43): url_to('/admin/halaman-depan')
 3 SYSTEMPATH\View\View.php(213): include('APPPATH\\Views\\admin\\detail_berita.php')
 4 SYSTEMPATH\View\View.php(216): CodeIgniter\View\View->CodeIgniter\View\{closure}()
 5 SYSTEMPATH\Common.php(1134): CodeIgniter\View\View->render('admin/detail_berita', [], true)
 6 APPPATH\Controllers\Admin\DetailBerita.php(25): view('admin/detail_berita', [...])
 7 SYSTEMPATH\CodeIgniter.php(927): App\Controllers\Admin\DetailBerita->detailBerita('39')
 8 SYSTEMPATH\CodeIgniter.php(482): CodeIgniter\CodeIgniter->runController(Object(App\Controllers\Admin\DetailBerita))
 9 SYSTEMPATH\CodeIgniter.php(351): CodeIgniter\CodeIgniter->handleRequest(null, Object(Config\Cache), false)
10 FCPATH\index.php(67): CodeIgniter\CodeIgniter->run()
