CRITICAL - 2023-06-22 02:38:07 --> count(): Argument #1 ($value) must be of type Countable|array, null given
in APPPATH\Views\admin\halaman_depan.php on line 255.
 1 SYSTEMPATH\View\View.php(213): include()
 2 SYSTEMPATH\View\View.php(216): CodeIgniter\View\View->CodeIgniter\View\{closure}()
 3 SYSTEMPATH\Common.php(1134): CodeIgniter\View\View->render('admin/halaman_depan', [], true)
 4 APPPATH\Controllers\Home.php(18): view('admin/halaman_depan', [...])
 5 SYSTEMPATH\CodeIgniter.php(927): App\Controllers\Home->index()
 6 SYSTEMPATH\CodeIgniter.php(482): CodeIgniter\CodeIgniter->runController(Object(App\Controllers\Home))
 7 SYSTEMPATH\CodeIgniter.php(351): CodeIgniter\CodeIgniter->handleRequest(null, Object(Config\Cache), false)
 8 FCPATH\index.php(67): CodeIgniter\CodeIgniter->run()
CRITICAL - 2023-06-22 02:39:13 --> count(): Argument #1 ($value) must be of type Countable|array, null given
in APPPATH\Views\admin\halaman_depan.php on line 255.
 1 SYSTEMPATH\View\View.php(213): include()
 2 SYSTEMPATH\View\View.php(216): CodeIgniter\View\View->CodeIgniter\View\{closure}()
 3 SYSTEMPATH\Common.php(1134): CodeIgniter\View\View->render('admin/halaman_depan', [], true)
 4 APPPATH\Controllers\Home.php(18): view('admin/halaman_depan', [...])
 5 SYSTEMPATH\CodeIgniter.php(927): App\Controllers\Home->index()
 6 SYSTEMPATH\CodeIgniter.php(482): CodeIgniter\CodeIgniter->runController(Object(App\Controllers\Home))
 7 SYSTEMPATH\CodeIgniter.php(351): CodeIgniter\CodeIgniter->handleRequest(null, Object(Config\Cache), false)
 8 FCPATH\index.php(67): CodeIgniter\CodeIgniter->run()
CRITICAL - 2023-06-22 15:39:36 --> count(): Argument #1 ($value) must be of type Countable|array, null given
in APPPATH\Views\admin\halaman_depan.php on line 255.
 1 SYSTEMPATH\View\View.php(213): include()
 2 SYSTEMPATH\View\View.php(216): CodeIgniter\View\View->CodeIgniter\View\{closure}()
 3 SYSTEMPATH\Common.php(1134): CodeIgniter\View\View->render('admin/halaman_depan', [], true)
 4 APPPATH\Controllers\Home.php(18): view('admin/halaman_depan', [...])
 5 SYSTEMPATH\CodeIgniter.php(927): App\Controllers\Home->index()
 6 SYSTEMPATH\CodeIgniter.php(482): CodeIgniter\CodeIgniter->runController(Object(App\Controllers\Home))
 7 SYSTEMPATH\CodeIgniter.php(351): CodeIgniter\CodeIgniter->handleRequest(null, Object(Config\Cache), false)
 8 FCPATH\index.php(67): CodeIgniter\CodeIgniter->run()
CRITICAL - 2023-06-22 21:38:07 --> Call to undefined function base()
in APPPATH\Views\admin\halaman_depan.php on line 315.
 1 SYSTEMPATH\View\View.php(213): include()
 2 SYSTEMPATH\View\View.php(216): CodeIgniter\View\View->CodeIgniter\View\{closure}()
 3 SYSTEMPATH\Common.php(1134): CodeIgniter\View\View->render('admin/halaman_depan', [], true)
 4 APPPATH\Controllers\Home.php(18): view('admin/halaman_depan', [...])
 5 SYSTEMPATH\CodeIgniter.php(927): App\Controllers\Home->index()
 6 SYSTEMPATH\CodeIgniter.php(482): CodeIgniter\CodeIgniter->runController(Object(App\Controllers\Home))
 7 SYSTEMPATH\CodeIgniter.php(351): CodeIgniter\CodeIgniter->handleRequest(null, Object(Config\Cache), false)
 8 FCPATH\index.php(67): CodeIgniter\CodeIgniter->run()
CRITICAL - 2023-06-22 22:57:18 --> Undefined variable $postes
in APPPATH\Views\admin\halaman_depan.php on line 181.
 1 APPPATH\Views\admin\halaman_depan.php(181): CodeIgniter\Debug\Exceptions->errorHandler(2, 'Undefined variable $postes', 'APPPATH\\Views\\admin\\halaman_depan.php', 181)
 2 SYSTEMPATH\View\View.php(213): include('APPPATH\\Views\\admin\\halaman_depan.php')
 3 SYSTEMPATH\View\View.php(216): CodeIgniter\View\View->CodeIgniter\View\{closure}()
 4 SYSTEMPATH\Common.php(1134): CodeIgniter\View\View->render('admin/halaman_depan', [], true)
 5 APPPATH\Controllers\Home.php(18): view('admin/halaman_depan', [...])
 6 SYSTEMPATH\CodeIgniter.php(927): App\Controllers\Home->index()
 7 SYSTEMPATH\CodeIgniter.php(482): CodeIgniter\CodeIgniter->runController(Object(App\Controllers\Home))
 8 SYSTEMPATH\CodeIgniter.php(351): CodeIgniter\CodeIgniter->handleRequest(null, Object(Config\Cache), false)
 9 FCPATH\index.php(67): CodeIgniter\CodeIgniter->run()
CRITICAL - 2023-06-22 22:57:44 --> Undefined variable $postes
in APPPATH\Views\admin\halaman_depan.php on line 181.
 1 APPPATH\Views\admin\halaman_depan.php(181): CodeIgniter\Debug\Exceptions->errorHandler(2, 'Undefined variable $postes', 'APPPATH\\Views\\admin\\halaman_depan.php', 181)
 2 SYSTEMPATH\View\View.php(213): include('APPPATH\\Views\\admin\\halaman_depan.php')
 3 SYSTEMPATH\View\View.php(216): CodeIgniter\View\View->CodeIgniter\View\{closure}()
 4 SYSTEMPATH\Common.php(1134): CodeIgniter\View\View->render('admin/halaman_depan', [], true)
 5 APPPATH\Controllers\Home.php(18): view('admin/halaman_depan', [...])
 6 SYSTEMPATH\CodeIgniter.php(927): App\Controllers\Home->index()
 7 SYSTEMPATH\CodeIgniter.php(482): CodeIgniter\CodeIgniter->runController(Object(App\Controllers\Home))
 8 SYSTEMPATH\CodeIgniter.php(351): CodeIgniter\CodeIgniter->handleRequest(null, Object(Config\Cache), false)
 9 FCPATH\index.php(67): CodeIgniter\CodeIgniter->run()
CRITICAL - 2023-06-22 22:57:46 --> Undefined variable $postes
in APPPATH\Views\admin\halaman_depan.php on line 181.
 1 APPPATH\Views\admin\halaman_depan.php(181): CodeIgniter\Debug\Exceptions->errorHandler(2, 'Undefined variable $postes', 'APPPATH\\Views\\admin\\halaman_depan.php', 181)
 2 SYSTEMPATH\View\View.php(213): include('APPPATH\\Views\\admin\\halaman_depan.php')
 3 SYSTEMPATH\View\View.php(216): CodeIgniter\View\View->CodeIgniter\View\{closure}()
 4 SYSTEMPATH\Common.php(1134): CodeIgniter\View\View->render('admin/halaman_depan', [], true)
 5 APPPATH\Controllers\Home.php(18): view('admin/halaman_depan', [...])
 6 SYSTEMPATH\CodeIgniter.php(927): App\Controllers\Home->index()
 7 SYSTEMPATH\CodeIgniter.php(482): CodeIgniter\CodeIgniter->runController(Object(App\Controllers\Home))
 8 SYSTEMPATH\CodeIgniter.php(351): CodeIgniter\CodeIgniter->handleRequest(null, Object(Config\Cache), false)
 9 FCPATH\index.php(67): CodeIgniter\CodeIgniter->run()
CRITICAL - 2023-06-22 23:06:09 --> Undefined variable $postes
in APPPATH\Views\admin\halaman_depan.php on line 181.
 1 APPPATH\Views\admin\halaman_depan.php(181): CodeIgniter\Debug\Exceptions->errorHandler(2, 'Undefined variable $postes', 'APPPATH\\Views\\admin\\halaman_depan.php', 181)
 2 SYSTEMPATH\View\View.php(213): include('APPPATH\\Views\\admin\\halaman_depan.php')
 3 SYSTEMPATH\View\View.php(216): CodeIgniter\View\View->CodeIgniter\View\{closure}()
 4 SYSTEMPATH\Common.php(1134): CodeIgniter\View\View->render('admin/halaman_depan', [], true)
 5 APPPATH\Controllers\Home.php(18): view('admin/halaman_depan', [...])
 6 SYSTEMPATH\CodeIgniter.php(927): App\Controllers\Home->index()
 7 SYSTEMPATH\CodeIgniter.php(482): CodeIgniter\CodeIgniter->runController(Object(App\Controllers\Home))
 8 SYSTEMPATH\CodeIgniter.php(351): CodeIgniter\CodeIgniter->handleRequest(null, Object(Config\Cache), false)
 9 FCPATH\index.php(67): CodeIgniter\CodeIgniter->run()
CRITICAL - 2023-06-22 23:15:02 --> Undefined variable $postes
in APPPATH\Views\admin\halaman_depan.php on line 181.
 1 APPPATH\Views\admin\halaman_depan.php(181): CodeIgniter\Debug\Exceptions->errorHandler(2, 'Undefined variable $postes', 'APPPATH\\Views\\admin\\halaman_depan.php', 181)
 2 SYSTEMPATH\View\View.php(213): include('APPPATH\\Views\\admin\\halaman_depan.php')
 3 SYSTEMPATH\View\View.php(216): CodeIgniter\View\View->CodeIgniter\View\{closure}()
 4 SYSTEMPATH\Common.php(1134): CodeIgniter\View\View->render('admin/halaman_depan', [], true)
 5 APPPATH\Controllers\Home.php(18): view('admin/halaman_depan', [...])
 6 SYSTEMPATH\CodeIgniter.php(927): App\Controllers\Home->index()
 7 SYSTEMPATH\CodeIgniter.php(482): CodeIgniter\CodeIgniter->runController(Object(App\Controllers\Home))
 8 SYSTEMPATH\CodeIgniter.php(351): CodeIgniter\CodeIgniter->handleRequest(null, Object(Config\Cache), false)
 9 FCPATH\index.php(67): CodeIgniter\CodeIgniter->run()
CRITICAL - 2023-06-22 23:15:03 --> Undefined variable $postes
in APPPATH\Views\admin\halaman_depan.php on line 181.
 1 APPPATH\Views\admin\halaman_depan.php(181): CodeIgniter\Debug\Exceptions->errorHandler(2, 'Undefined variable $postes', 'APPPATH\\Views\\admin\\halaman_depan.php', 181)
 2 SYSTEMPATH\View\View.php(213): include('APPPATH\\Views\\admin\\halaman_depan.php')
 3 SYSTEMPATH\View\View.php(216): CodeIgniter\View\View->CodeIgniter\View\{closure}()
 4 SYSTEMPATH\Common.php(1134): CodeIgniter\View\View->render('admin/halaman_depan', [], true)
 5 APPPATH\Controllers\Home.php(18): view('admin/halaman_depan', [...])
 6 SYSTEMPATH\CodeIgniter.php(927): App\Controllers\Home->index()
 7 SYSTEMPATH\CodeIgniter.php(482): CodeIgniter\CodeIgniter->runController(Object(App\Controllers\Home))
 8 SYSTEMPATH\CodeIgniter.php(351): CodeIgniter\CodeIgniter->handleRequest(null, Object(Config\Cache), false)
 9 FCPATH\index.php(67): CodeIgniter\CodeIgniter->run()
10 SYSTEMPATH\Commands\Server\rewrite.php(46): require_once('FCPATH\\index.php')
CRITICAL - 2023-06-22 23:15:26 --> Undefined variable $postes
in APPPATH\Views\admin\halaman_depan.php on line 181.
 1 APPPATH\Views\admin\halaman_depan.php(181): CodeIgniter\Debug\Exceptions->errorHandler(2, 'Undefined variable $postes', 'APPPATH\\Views\\admin\\halaman_depan.php', 181)
 2 SYSTEMPATH\View\View.php(213): include('APPPATH\\Views\\admin\\halaman_depan.php')
 3 SYSTEMPATH\View\View.php(216): CodeIgniter\View\View->CodeIgniter\View\{closure}()
 4 SYSTEMPATH\Common.php(1134): CodeIgniter\View\View->render('admin/halaman_depan', [], true)
 5 APPPATH\Controllers\Home.php(18): view('admin/halaman_depan', [...])
 6 SYSTEMPATH\CodeIgniter.php(927): App\Controllers\Home->index()
 7 SYSTEMPATH\CodeIgniter.php(482): CodeIgniter\CodeIgniter->runController(Object(App\Controllers\Home))
 8 SYSTEMPATH\CodeIgniter.php(351): CodeIgniter\CodeIgniter->handleRequest(null, Object(Config\Cache), false)
 9 FCPATH\index.php(67): CodeIgniter\CodeIgniter->run()
