CRITICAL - 2023-06-23 09:19:59 --> Undefined variable $fileName
in APPPATH\Controllers\Admin\BeritaController.php on line 49.
 1 APPPATH\Controllers\Admin\BeritaController.php(49): CodeIgniter\Debug\Exceptions->errorHandler(2, 'Undefined variable $fileName', 'APPPATH\\Controllers\\Admin\\BeritaController.php', 49)
 2 SYSTEMPATH\CodeIgniter.php(927): App\Controllers\Admin\BeritaController->saveBerita()
 3 SYSTEMPATH\CodeIgniter.php(482): CodeIgniter\CodeIgniter->runController(Object(App\Controllers\Admin\BeritaController))
 4 SYSTEMPATH\CodeIgniter.php(351): CodeIgniter\CodeIgniter->handleRequest(null, Object(Config\Cache), false)
 5 FCPATH\index.php(67): CodeIgniter\CodeIgniter->run()
CRITICAL - 2023-06-23 10:01:58 --> Undefined variable $post
in APPPATH\Views\admin\halaman_depan.php on line 181.
 1 APPPATH\Views\admin\halaman_depan.php(181): CodeIgniter\Debug\Exceptions->errorHandler(2, 'Undefined variable $post', 'APPPATH\\Views\\admin\\halaman_depan.php', 181)
 2 SYSTEMPATH\View\View.php(213): include('APPPATH\\Views\\admin\\halaman_depan.php')
 3 SYSTEMPATH\View\View.php(216): CodeIgniter\View\View->CodeIgniter\View\{closure}()
 4 SYSTEMPATH\Common.php(1134): CodeIgniter\View\View->render('admin/halaman_depan', [], true)
 5 APPPATH\Controllers\Home.php(18): view('admin/halaman_depan', [...])
 6 SYSTEMPATH\CodeIgniter.php(927): App\Controllers\Home->index()
 7 SYSTEMPATH\CodeIgniter.php(482): CodeIgniter\CodeIgniter->runController(Object(App\Controllers\Home))
 8 SYSTEMPATH\CodeIgniter.php(351): CodeIgniter\CodeIgniter->handleRequest(null, Object(Config\Cache), false)
 9 FCPATH\index.php(67): CodeIgniter\CodeIgniter->run()
CRITICAL - 2023-06-23 10:03:45 --> Undefined variable $post
in APPPATH\Views\admin\halaman_depan.php on line 181.
 1 APPPATH\Views\admin\halaman_depan.php(181): CodeIgniter\Debug\Exceptions->errorHandler(2, 'Undefined variable $post', 'APPPATH\\Views\\admin\\halaman_depan.php', 181)
 2 SYSTEMPATH\View\View.php(213): include('APPPATH\\Views\\admin\\halaman_depan.php')
 3 SYSTEMPATH\View\View.php(216): CodeIgniter\View\View->CodeIgniter\View\{closure}()
 4 SYSTEMPATH\Common.php(1134): CodeIgniter\View\View->render('admin/halaman_depan', [], true)
 5 APPPATH\Controllers\Home.php(18): view('admin/halaman_depan', [...])
 6 SYSTEMPATH\CodeIgniter.php(927): App\Controllers\Home->index()
 7 SYSTEMPATH\CodeIgniter.php(482): CodeIgniter\CodeIgniter->runController(Object(App\Controllers\Home))
 8 SYSTEMPATH\CodeIgniter.php(351): CodeIgniter\CodeIgniter->handleRequest(null, Object(Config\Cache), false)
 9 FCPATH\index.php(67): CodeIgniter\CodeIgniter->run()
CRITICAL - 2023-06-23 10:03:47 --> Undefined variable $post
in APPPATH\Views\admin\halaman_depan.php on line 181.
 1 APPPATH\Views\admin\halaman_depan.php(181): CodeIgniter\Debug\Exceptions->errorHandler(2, 'Undefined variable $post', 'APPPATH\\Views\\admin\\halaman_depan.php', 181)
 2 SYSTEMPATH\View\View.php(213): include('APPPATH\\Views\\admin\\halaman_depan.php')
 3 SYSTEMPATH\View\View.php(216): CodeIgniter\View\View->CodeIgniter\View\{closure}()
 4 SYSTEMPATH\Common.php(1134): CodeIgniter\View\View->render('admin/halaman_depan', [], true)
 5 APPPATH\Controllers\Home.php(18): view('admin/halaman_depan', [...])
 6 SYSTEMPATH\CodeIgniter.php(927): App\Controllers\Home->index()
 7 SYSTEMPATH\CodeIgniter.php(482): CodeIgniter\CodeIgniter->runController(Object(App\Controllers\Home))
 8 SYSTEMPATH\CodeIgniter.php(351): CodeIgniter\CodeIgniter->handleRequest(null, Object(Config\Cache), false)
 9 FCPATH\index.php(67): CodeIgniter\CodeIgniter->run()
CRITICAL - 2023-06-23 10:03:48 --> Undefined variable $post
in APPPATH\Views\admin\halaman_depan.php on line 181.
 1 APPPATH\Views\admin\halaman_depan.php(181): CodeIgniter\Debug\Exceptions->errorHandler(2, 'Undefined variable $post', 'APPPATH\\Views\\admin\\halaman_depan.php', 181)
 2 SYSTEMPATH\View\View.php(213): include('APPPATH\\Views\\admin\\halaman_depan.php')
 3 SYSTEMPATH\View\View.php(216): CodeIgniter\View\View->CodeIgniter\View\{closure}()
 4 SYSTEMPATH\Common.php(1134): CodeIgniter\View\View->render('admin/halaman_depan', [], true)
 5 APPPATH\Controllers\Home.php(18): view('admin/halaman_depan', [...])
 6 SYSTEMPATH\CodeIgniter.php(927): App\Controllers\Home->index()
 7 SYSTEMPATH\CodeIgniter.php(482): CodeIgniter\CodeIgniter->runController(Object(App\Controllers\Home))
 8 SYSTEMPATH\CodeIgniter.php(351): CodeIgniter\CodeIgniter->handleRequest(null, Object(Config\Cache), false)
 9 FCPATH\index.php(67): CodeIgniter\CodeIgniter->run()
CRITICAL - 2023-06-23 10:05:25 --> Undefined variable $post
in APPPATH\Views\admin\halaman_depan.php on line 181.
 1 APPPATH\Views\admin\halaman_depan.php(181): CodeIgniter\Debug\Exceptions->errorHandler(2, 'Undefined variable $post', 'APPPATH\\Views\\admin\\halaman_depan.php', 181)
 2 SYSTEMPATH\View\View.php(213): include('APPPATH\\Views\\admin\\halaman_depan.php')
 3 SYSTEMPATH\View\View.php(216): CodeIgniter\View\View->CodeIgniter\View\{closure}()
 4 SYSTEMPATH\Common.php(1134): CodeIgniter\View\View->render('admin/halaman_depan', [], true)
 5 APPPATH\Controllers\Home.php(18): view('admin/halaman_depan', [...])
 6 SYSTEMPATH\CodeIgniter.php(927): App\Controllers\Home->index()
 7 SYSTEMPATH\CodeIgniter.php(482): CodeIgniter\CodeIgniter->runController(Object(App\Controllers\Home))
 8 SYSTEMPATH\CodeIgniter.php(351): CodeIgniter\CodeIgniter->handleRequest(null, Object(Config\Cache), false)
 9 FCPATH\index.php(67): CodeIgniter\CodeIgniter->run()
CRITICAL - 2023-06-23 10:05:26 --> Undefined variable $post
in APPPATH\Views\admin\halaman_depan.php on line 181.
 1 APPPATH\Views\admin\halaman_depan.php(181): CodeIgniter\Debug\Exceptions->errorHandler(2, 'Undefined variable $post', 'APPPATH\\Views\\admin\\halaman_depan.php', 181)
 2 SYSTEMPATH\View\View.php(213): include('APPPATH\\Views\\admin\\halaman_depan.php')
 3 SYSTEMPATH\View\View.php(216): CodeIgniter\View\View->CodeIgniter\View\{closure}()
 4 SYSTEMPATH\Common.php(1134): CodeIgniter\View\View->render('admin/halaman_depan', [], true)
 5 APPPATH\Controllers\Home.php(18): view('admin/halaman_depan', [...])
 6 SYSTEMPATH\CodeIgniter.php(927): App\Controllers\Home->index()
 7 SYSTEMPATH\CodeIgniter.php(482): CodeIgniter\CodeIgniter->runController(Object(App\Controllers\Home))
 8 SYSTEMPATH\CodeIgniter.php(351): CodeIgniter\CodeIgniter->handleRequest(null, Object(Config\Cache), false)
 9 FCPATH\index.php(67): CodeIgniter\CodeIgniter->run()
CRITICAL - 2023-06-23 10:05:27 --> Undefined variable $post
in APPPATH\Views\admin\halaman_depan.php on line 181.
 1 APPPATH\Views\admin\halaman_depan.php(181): CodeIgniter\Debug\Exceptions->errorHandler(2, 'Undefined variable $post', 'APPPATH\\Views\\admin\\halaman_depan.php', 181)
 2 SYSTEMPATH\View\View.php(213): include('APPPATH\\Views\\admin\\halaman_depan.php')
 3 SYSTEMPATH\View\View.php(216): CodeIgniter\View\View->CodeIgniter\View\{closure}()
 4 SYSTEMPATH\Common.php(1134): CodeIgniter\View\View->render('admin/halaman_depan', [], true)
 5 APPPATH\Controllers\Home.php(18): view('admin/halaman_depan', [...])
 6 SYSTEMPATH\CodeIgniter.php(927): App\Controllers\Home->index()
 7 SYSTEMPATH\CodeIgniter.php(482): CodeIgniter\CodeIgniter->runController(Object(App\Controllers\Home))
 8 SYSTEMPATH\CodeIgniter.php(351): CodeIgniter\CodeIgniter->handleRequest(null, Object(Config\Cache), false)
 9 FCPATH\index.php(67): CodeIgniter\CodeIgniter->run()
CRITICAL - 2023-06-23 10:05:28 --> Undefined variable $post
in APPPATH\Views\admin\halaman_depan.php on line 181.
 1 APPPATH\Views\admin\halaman_depan.php(181): CodeIgniter\Debug\Exceptions->errorHandler(2, 'Undefined variable $post', 'APPPATH\\Views\\admin\\halaman_depan.php', 181)
 2 SYSTEMPATH\View\View.php(213): include('APPPATH\\Views\\admin\\halaman_depan.php')
 3 SYSTEMPATH\View\View.php(216): CodeIgniter\View\View->CodeIgniter\View\{closure}()
 4 SYSTEMPATH\Common.php(1134): CodeIgniter\View\View->render('admin/halaman_depan', [], true)
 5 APPPATH\Controllers\Home.php(18): view('admin/halaman_depan', [...])
 6 SYSTEMPATH\CodeIgniter.php(927): App\Controllers\Home->index()
 7 SYSTEMPATH\CodeIgniter.php(482): CodeIgniter\CodeIgniter->runController(Object(App\Controllers\Home))
 8 SYSTEMPATH\CodeIgniter.php(351): CodeIgniter\CodeIgniter->handleRequest(null, Object(Config\Cache), false)
 9 FCPATH\index.php(67): CodeIgniter\CodeIgniter->run()
CRITICAL - 2023-06-23 10:05:28 --> Undefined variable $post
in APPPATH\Views\admin\halaman_depan.php on line 181.
 1 APPPATH\Views\admin\halaman_depan.php(181): CodeIgniter\Debug\Exceptions->errorHandler(2, 'Undefined variable $post', 'APPPATH\\Views\\admin\\halaman_depan.php', 181)
 2 SYSTEMPATH\View\View.php(213): include('APPPATH\\Views\\admin\\halaman_depan.php')
 3 SYSTEMPATH\View\View.php(216): CodeIgniter\View\View->CodeIgniter\View\{closure}()
 4 SYSTEMPATH\Common.php(1134): CodeIgniter\View\View->render('admin/halaman_depan', [], true)
 5 APPPATH\Controllers\Home.php(18): view('admin/halaman_depan', [...])
 6 SYSTEMPATH\CodeIgniter.php(927): App\Controllers\Home->index()
 7 SYSTEMPATH\CodeIgniter.php(482): CodeIgniter\CodeIgniter->runController(Object(App\Controllers\Home))
 8 SYSTEMPATH\CodeIgniter.php(351): CodeIgniter\CodeIgniter->handleRequest(null, Object(Config\Cache), false)
 9 FCPATH\index.php(67): CodeIgniter\CodeIgniter->run()
CRITICAL - 2023-06-23 10:32:24 --> Too few arguments to function App\Controllers\Admin\DetailBerita::detailBerita(), 0 passed in C:\xampp\htdocs\appKoperasiWeb\system\CodeIgniter.php on line 927 and exactly 1 expected
in APPPATH\Controllers\Admin\DetailBerita.php on line 16.
 1 SYSTEMPATH\CodeIgniter.php(927): App\Controllers\Admin\DetailBerita->detailBerita()
 2 SYSTEMPATH\CodeIgniter.php(482): CodeIgniter\CodeIgniter->runController(Object(App\Controllers\Admin\DetailBerita))
 3 SYSTEMPATH\CodeIgniter.php(351): CodeIgniter\CodeIgniter->handleRequest(null, Object(Config\Cache), false)
 4 FCPATH\index.php(67): CodeIgniter\CodeIgniter->run()
CRITICAL - 2023-06-23 10:36:00 --> Undefined variable $post
in APPPATH\Views\admin\detail_berita.php on line 71.
 1 APPPATH\Views\admin\detail_berita.php(71): CodeIgniter\Debug\Exceptions->errorHandler(2, 'Undefined variable $post', 'APPPATH\\Views\\admin\\detail_berita.php', 71)
 2 SYSTEMPATH\View\View.php(213): include('APPPATH\\Views\\admin\\detail_berita.php')
 3 SYSTEMPATH\View\View.php(216): CodeIgniter\View\View->CodeIgniter\View\{closure}()
 4 SYSTEMPATH\Common.php(1134): CodeIgniter\View\View->render('admin/detail_berita', [], true)
 5 APPPATH\Controllers\Admin\DetailBerita.php(20): view('admin/detail_berita')
 6 SYSTEMPATH\CodeIgniter.php(927): App\Controllers\Admin\DetailBerita->detailBerita('35')
 7 SYSTEMPATH\CodeIgniter.php(482): CodeIgniter\CodeIgniter->runController(Object(App\Controllers\Admin\DetailBerita))
 8 SYSTEMPATH\CodeIgniter.php(351): CodeIgniter\CodeIgniter->handleRequest(null, Object(Config\Cache), false)
 9 FCPATH\index.php(67): CodeIgniter\CodeIgniter->run()
CRITICAL - 2023-06-23 10:37:06 --> Undefined variable $detailPost
in APPPATH\Views\admin\detail_berita.php on line 71.
 1 APPPATH\Views\admin\detail_berita.php(71): CodeIgniter\Debug\Exceptions->errorHandler(2, 'Undefined variable $detailPost', 'APPPATH\\Views\\admin\\detail_berita.php', 71)
 2 SYSTEMPATH\View\View.php(213): include('APPPATH\\Views\\admin\\detail_berita.php')
 3 SYSTEMPATH\View\View.php(216): CodeIgniter\View\View->CodeIgniter\View\{closure}()
 4 SYSTEMPATH\Common.php(1134): CodeIgniter\View\View->render('admin/detail_berita', [], true)
 5 APPPATH\Controllers\Admin\DetailBerita.php(20): view('admin/detail_berita')
 6 SYSTEMPATH\CodeIgniter.php(927): App\Controllers\Admin\DetailBerita->detailBerita('35')
 7 SYSTEMPATH\CodeIgniter.php(482): CodeIgniter\CodeIgniter->runController(Object(App\Controllers\Admin\DetailBerita))
 8 SYSTEMPATH\CodeIgniter.php(351): CodeIgniter\CodeIgniter->handleRequest(null, Object(Config\Cache), false)
 9 FCPATH\index.php(67): CodeIgniter\CodeIgniter->run()
CRITICAL - 2023-06-23 10:38:15 --> Undefined variable $post
in APPPATH\Views\admin\detail_berita.php on line 71.
 1 APPPATH\Views\admin\detail_berita.php(71): CodeIgniter\Debug\Exceptions->errorHandler(2, 'Undefined variable $post', 'APPPATH\\Views\\admin\\detail_berita.php', 71)
 2 SYSTEMPATH\View\View.php(213): include('APPPATH\\Views\\admin\\detail_berita.php')
 3 SYSTEMPATH\View\View.php(216): CodeIgniter\View\View->CodeIgniter\View\{closure}()
 4 SYSTEMPATH\Common.php(1134): CodeIgniter\View\View->render('admin/detail_berita', [], true)
 5 APPPATH\Controllers\Admin\DetailBerita.php(20): view('admin/detail_berita')
 6 SYSTEMPATH\CodeIgniter.php(927): App\Controllers\Admin\DetailBerita->detailBerita('35')
 7 SYSTEMPATH\CodeIgniter.php(482): CodeIgniter\CodeIgniter->runController(Object(App\Controllers\Admin\DetailBerita))
 8 SYSTEMPATH\CodeIgniter.php(351): CodeIgniter\CodeIgniter->handleRequest(null, Object(Config\Cache), false)
 9 FCPATH\index.php(67): CodeIgniter\CodeIgniter->run()
CRITICAL - 2023-06-23 10:38:16 --> Undefined variable $post
in APPPATH\Views\admin\detail_berita.php on line 71.
 1 APPPATH\Views\admin\detail_berita.php(71): CodeIgniter\Debug\Exceptions->errorHandler(2, 'Undefined variable $post', 'APPPATH\\Views\\admin\\detail_berita.php', 71)
 2 SYSTEMPATH\View\View.php(213): include('APPPATH\\Views\\admin\\detail_berita.php')
 3 SYSTEMPATH\View\View.php(216): CodeIgniter\View\View->CodeIgniter\View\{closure}()
 4 SYSTEMPATH\Common.php(1134): CodeIgniter\View\View->render('admin/detail_berita', [], true)
 5 APPPATH\Controllers\Admin\DetailBerita.php(20): view('admin/detail_berita')
 6 SYSTEMPATH\CodeIgniter.php(927): App\Controllers\Admin\DetailBerita->detailBerita('35')
 7 SYSTEMPATH\CodeIgniter.php(482): CodeIgniter\CodeIgniter->runController(Object(App\Controllers\Admin\DetailBerita))
 8 SYSTEMPATH\CodeIgniter.php(351): CodeIgniter\CodeIgniter->handleRequest(null, Object(Config\Cache), false)
 9 FCPATH\index.php(67): CodeIgniter\CodeIgniter->run()
CRITICAL - 2023-06-23 10:38:39 --> Attempt to read property "title" on array
in APPPATH\Views\admin\detail_berita.php on line 71.
 1 APPPATH\Views\admin\detail_berita.php(71): CodeIgniter\Debug\Exceptions->errorHandler(2, 'Attempt to read property "title" on array', 'APPPATH\\Views\\admin\\detail_berita.php', 71)
 2 SYSTEMPATH\View\View.php(213): include('APPPATH\\Views\\admin\\detail_berita.php')
 3 SYSTEMPATH\View\View.php(216): CodeIgniter\View\View->CodeIgniter\View\{closure}()
 4 SYSTEMPATH\Common.php(1134): CodeIgniter\View\View->render('admin/detail_berita', [], true)
 5 APPPATH\Controllers\Admin\DetailBerita.php(20): view('admin/detail_berita', [...])
 6 SYSTEMPATH\CodeIgniter.php(927): App\Controllers\Admin\DetailBerita->detailBerita('35')
 7 SYSTEMPATH\CodeIgniter.php(482): CodeIgniter\CodeIgniter->runController(Object(App\Controllers\Admin\DetailBerita))
 8 SYSTEMPATH\CodeIgniter.php(351): CodeIgniter\CodeIgniter->handleRequest(null, Object(Config\Cache), false)
 9 FCPATH\index.php(67): CodeIgniter\CodeIgniter->run()
CRITICAL - 2023-06-23 10:40:37 --> Attempt to read property "title" on array
in APPPATH\Views\admin\detail_berita.php on line 71.
 1 APPPATH\Views\admin\detail_berita.php(71): CodeIgniter\Debug\Exceptions->errorHandler(2, 'Attempt to read property "title" on array', 'APPPATH\\Views\\admin\\detail_berita.php', 71)
 2 SYSTEMPATH\View\View.php(213): include('APPPATH\\Views\\admin\\detail_berita.php')
 3 SYSTEMPATH\View\View.php(216): CodeIgniter\View\View->CodeIgniter\View\{closure}()
 4 SYSTEMPATH\Common.php(1134): CodeIgniter\View\View->render('admin/detail_berita', [], true)
 5 APPPATH\Controllers\Admin\DetailBerita.php(20): view('admin/detail_berita', [...])
 6 SYSTEMPATH\CodeIgniter.php(927): App\Controllers\Admin\DetailBerita->detailBerita('35')
 7 SYSTEMPATH\CodeIgniter.php(482): CodeIgniter\CodeIgniter->runController(Object(App\Controllers\Admin\DetailBerita))
 8 SYSTEMPATH\CodeIgniter.php(351): CodeIgniter\CodeIgniter->handleRequest(null, Object(Config\Cache), false)
 9 FCPATH\index.php(67): CodeIgniter\CodeIgniter->run()
CRITICAL - 2023-06-23 10:40:39 --> Attempt to read property "title" on array
in APPPATH\Views\admin\detail_berita.php on line 71.
 1 APPPATH\Views\admin\detail_berita.php(71): CodeIgniter\Debug\Exceptions->errorHandler(2, 'Attempt to read property "title" on array', 'APPPATH\\Views\\admin\\detail_berita.php', 71)
 2 SYSTEMPATH\View\View.php(213): include('APPPATH\\Views\\admin\\detail_berita.php')
 3 SYSTEMPATH\View\View.php(216): CodeIgniter\View\View->CodeIgniter\View\{closure}()
 4 SYSTEMPATH\Common.php(1134): CodeIgniter\View\View->render('admin/detail_berita', [], true)
 5 APPPATH\Controllers\Admin\DetailBerita.php(20): view('admin/detail_berita', [...])
 6 SYSTEMPATH\CodeIgniter.php(927): App\Controllers\Admin\DetailBerita->detailBerita('35')
 7 SYSTEMPATH\CodeIgniter.php(482): CodeIgniter\CodeIgniter->runController(Object(App\Controllers\Admin\DetailBerita))
 8 SYSTEMPATH\CodeIgniter.php(351): CodeIgniter\CodeIgniter->handleRequest(null, Object(Config\Cache), false)
 9 FCPATH\index.php(67): CodeIgniter\CodeIgniter->run()
CRITICAL - 2023-06-23 10:43:03 --> Undefined variable $post
in APPPATH\Views\admin\detail_berita.php on line 71.
 1 APPPATH\Views\admin\detail_berita.php(71): CodeIgniter\Debug\Exceptions->errorHandler(2, 'Undefined variable $post', 'APPPATH\\Views\\admin\\detail_berita.php', 71)
 2 SYSTEMPATH\View\View.php(213): include('APPPATH\\Views\\admin\\detail_berita.php')
 3 SYSTEMPATH\View\View.php(216): CodeIgniter\View\View->CodeIgniter\View\{closure}()
 4 SYSTEMPATH\Common.php(1134): CodeIgniter\View\View->render('admin/detail_berita', [], true)
 5 APPPATH\Controllers\Admin\DetailBerita.php(20): view('admin/detail_berita', [...])
 6 SYSTEMPATH\CodeIgniter.php(927): App\Controllers\Admin\DetailBerita->detailBerita('35')
 7 SYSTEMPATH\CodeIgniter.php(482): CodeIgniter\CodeIgniter->runController(Object(App\Controllers\Admin\DetailBerita))
 8 SYSTEMPATH\CodeIgniter.php(351): CodeIgniter\CodeIgniter->handleRequest(null, Object(Config\Cache), false)
 9 FCPATH\index.php(67): CodeIgniter\CodeIgniter->run()
CRITICAL - 2023-06-23 10:43:18 --> Attempt to read property "title" on array
in APPPATH\Views\admin\detail_berita.php on line 71.
 1 APPPATH\Views\admin\detail_berita.php(71): CodeIgniter\Debug\Exceptions->errorHandler(2, 'Attempt to read property "title" on array', 'APPPATH\\Views\\admin\\detail_berita.php', 71)
 2 SYSTEMPATH\View\View.php(213): include('APPPATH\\Views\\admin\\detail_berita.php')
 3 SYSTEMPATH\View\View.php(216): CodeIgniter\View\View->CodeIgniter\View\{closure}()
 4 SYSTEMPATH\Common.php(1134): CodeIgniter\View\View->render('admin/detail_berita', [], true)
 5 APPPATH\Controllers\Admin\DetailBerita.php(20): view('admin/detail_berita', [...])
 6 SYSTEMPATH\CodeIgniter.php(927): App\Controllers\Admin\DetailBerita->detailBerita('35')
 7 SYSTEMPATH\CodeIgniter.php(482): CodeIgniter\CodeIgniter->runController(Object(App\Controllers\Admin\DetailBerita))
 8 SYSTEMPATH\CodeIgniter.php(351): CodeIgniter\CodeIgniter->handleRequest(null, Object(Config\Cache), false)
 9 FCPATH\index.php(67): CodeIgniter\CodeIgniter->run()
CRITICAL - 2023-06-23 10:45:13 --> Attempt to read property "title" on array
in APPPATH\Views\admin\detail_berita.php on line 71.
 1 APPPATH\Views\admin\detail_berita.php(71): CodeIgniter\Debug\Exceptions->errorHandler(2, 'Attempt to read property "title" on array', 'APPPATH\\Views\\admin\\detail_berita.php', 71)
 2 SYSTEMPATH\View\View.php(213): include('APPPATH\\Views\\admin\\detail_berita.php')
 3 SYSTEMPATH\View\View.php(216): CodeIgniter\View\View->CodeIgniter\View\{closure}()
 4 SYSTEMPATH\Common.php(1134): CodeIgniter\View\View->render('admin/detail_berita', [], true)
 5 APPPATH\Controllers\Admin\DetailBerita.php(20): view('admin/detail_berita', [...])
 6 SYSTEMPATH\CodeIgniter.php(927): App\Controllers\Admin\DetailBerita->detailBerita('35')
 7 SYSTEMPATH\CodeIgniter.php(482): CodeIgniter\CodeIgniter->runController(Object(App\Controllers\Admin\DetailBerita))
 8 SYSTEMPATH\CodeIgniter.php(351): CodeIgniter\CodeIgniter->handleRequest(null, Object(Config\Cache), false)
 9 FCPATH\index.php(67): CodeIgniter\CodeIgniter->run()
CRITICAL - 2023-06-23 10:49:23 --> Attempt to read property "title" on array
in APPPATH\Views\admin\detail_berita.php on line 71.
 1 APPPATH\Views\admin\detail_berita.php(71): CodeIgniter\Debug\Exceptions->errorHandler(2, 'Attempt to read property "title" on array', 'APPPATH\\Views\\admin\\detail_berita.php', 71)
 2 SYSTEMPATH\View\View.php(213): include('APPPATH\\Views\\admin\\detail_berita.php')
 3 SYSTEMPATH\View\View.php(216): CodeIgniter\View\View->CodeIgniter\View\{closure}()
 4 SYSTEMPATH\Common.php(1134): CodeIgniter\View\View->render('admin/detail_berita', [], true)
 5 APPPATH\Controllers\Admin\DetailBerita.php(20): view('admin/detail_berita', [...])
 6 SYSTEMPATH\CodeIgniter.php(927): App\Controllers\Admin\DetailBerita->detailBerita('35')
 7 SYSTEMPATH\CodeIgniter.php(482): CodeIgniter\CodeIgniter->runController(Object(App\Controllers\Admin\DetailBerita))
 8 SYSTEMPATH\CodeIgniter.php(351): CodeIgniter\CodeIgniter->handleRequest(null, Object(Config\Cache), false)
 9 FCPATH\index.php(67): CodeIgniter\CodeIgniter->run()
CRITICAL - 2023-06-23 10:51:16 --> Attempt to read property "title" on array
in APPPATH\Views\admin\detail_berita.php on line 71.
 1 APPPATH\Views\admin\detail_berita.php(71): CodeIgniter\Debug\Exceptions->errorHandler(2, 'Attempt to read property "title" on array', 'APPPATH\\Views\\admin\\detail_berita.php', 71)
 2 SYSTEMPATH\View\View.php(213): include('APPPATH\\Views\\admin\\detail_berita.php')
 3 SYSTEMPATH\View\View.php(216): CodeIgniter\View\View->CodeIgniter\View\{closure}()
 4 SYSTEMPATH\Common.php(1134): CodeIgniter\View\View->render('admin/detail_berita', [], true)
 5 APPPATH\Controllers\Admin\DetailBerita.php(20): view('admin/detail_berita', [...])
 6 SYSTEMPATH\CodeIgniter.php(927): App\Controllers\Admin\DetailBerita->detailBerita('35')
 7 SYSTEMPATH\CodeIgniter.php(482): CodeIgniter\CodeIgniter->runController(Object(App\Controllers\Admin\DetailBerita))
 8 SYSTEMPATH\CodeIgniter.php(351): CodeIgniter\CodeIgniter->handleRequest(null, Object(Config\Cache), false)
 9 FCPATH\index.php(67): CodeIgniter\CodeIgniter->run()
CRITICAL - 2023-06-23 11:04:29 --> Attempt to read property "title" on string
in APPPATH\Views\admin\halaman_depan.php on line 182.
 1 APPPATH\Views\admin\halaman_depan.php(182): CodeIgniter\Debug\Exceptions->errorHandler(2, 'Attempt to read property "title" on string', 'APPPATH\\Views\\admin\\halaman_depan.php', 182)
 2 SYSTEMPATH\View\View.php(213): include('APPPATH\\Views\\admin\\halaman_depan.php')
 3 SYSTEMPATH\View\View.php(216): CodeIgniter\View\View->CodeIgniter\View\{closure}()
 4 SYSTEMPATH\Common.php(1134): CodeIgniter\View\View->render('admin/halaman_depan', [], true)
 5 APPPATH\Controllers\Admin\DetailBerita.php(14): view('admin/halaman_depan', [...])
 6 SYSTEMPATH\CodeIgniter.php(927): App\Controllers\Admin\DetailBerita->index()
 7 SYSTEMPATH\CodeIgniter.php(482): CodeIgniter\CodeIgniter->runController(Object(App\Controllers\Admin\DetailBerita))
 8 SYSTEMPATH\CodeIgniter.php(351): CodeIgniter\CodeIgniter->handleRequest(null, Object(Config\Cache), false)
 9 FCPATH\index.php(67): CodeIgniter\CodeIgniter->run()
CRITICAL - 2023-06-23 11:06:42 --> Attempt to read property "title" on string
in APPPATH\Views\admin\halaman_depan.php on line 182.
 1 APPPATH\Views\admin\halaman_depan.php(182): CodeIgniter\Debug\Exceptions->errorHandler(2, 'Attempt to read property "title" on string', 'APPPATH\\Views\\admin\\halaman_depan.php', 182)
 2 SYSTEMPATH\View\View.php(213): include('APPPATH\\Views\\admin\\halaman_depan.php')
 3 SYSTEMPATH\View\View.php(216): CodeIgniter\View\View->CodeIgniter\View\{closure}()
 4 SYSTEMPATH\Common.php(1134): CodeIgniter\View\View->render('admin/halaman_depan', [], true)
 5 APPPATH\Controllers\Admin\DetailBerita.php(14): view('admin/halaman_depan', [...])
 6 SYSTEMPATH\CodeIgniter.php(927): App\Controllers\Admin\DetailBerita->index()
 7 SYSTEMPATH\CodeIgniter.php(482): CodeIgniter\CodeIgniter->runController(Object(App\Controllers\Admin\DetailBerita))
 8 SYSTEMPATH\CodeIgniter.php(351): CodeIgniter\CodeIgniter->handleRequest(null, Object(Config\Cache), false)
 9 FCPATH\index.php(67): CodeIgniter\CodeIgniter->run()
CRITICAL - 2023-06-23 11:07:42 --> Attempt to read property "title" on string
in APPPATH\Views\admin\halaman_depan.php on line 183.
 1 APPPATH\Views\admin\halaman_depan.php(183): CodeIgniter\Debug\Exceptions->errorHandler(2, 'Attempt to read property "title" on string', 'APPPATH\\Views\\admin\\halaman_depan.php', 183)
 2 SYSTEMPATH\View\View.php(213): include('APPPATH\\Views\\admin\\halaman_depan.php')
 3 SYSTEMPATH\View\View.php(216): CodeIgniter\View\View->CodeIgniter\View\{closure}()
 4 SYSTEMPATH\Common.php(1134): CodeIgniter\View\View->render('admin/halaman_depan', [], true)
 5 APPPATH\Controllers\Admin\DetailBerita.php(14): view('admin/halaman_depan', [...])
 6 SYSTEMPATH\CodeIgniter.php(927): App\Controllers\Admin\DetailBerita->index()
 7 SYSTEMPATH\CodeIgniter.php(482): CodeIgniter\CodeIgniter->runController(Object(App\Controllers\Admin\DetailBerita))
 8 SYSTEMPATH\CodeIgniter.php(351): CodeIgniter\CodeIgniter->handleRequest(null, Object(Config\Cache), false)
 9 FCPATH\index.php(67): CodeIgniter\CodeIgniter->run()
CRITICAL - 2023-06-23 11:28:16 --> Call to undefined method CodeIgniter\View\View::index()
in APPPATH\Views\admin\halaman_depan.php on line 182.
 1 SYSTEMPATH\View\View.php(213): include()
 2 SYSTEMPATH\View\View.php(216): CodeIgniter\View\View->CodeIgniter\View\{closure}()
 3 SYSTEMPATH\Common.php(1134): CodeIgniter\View\View->render('admin/halaman_depan', [], true)
 4 APPPATH\Controllers\Admin\DetailBerita.php(14): view('admin/halaman_depan', [...])
 5 SYSTEMPATH\CodeIgniter.php(927): App\Controllers\Admin\DetailBerita->index()
 6 SYSTEMPATH\CodeIgniter.php(482): CodeIgniter\CodeIgniter->runController(Object(App\Controllers\Admin\DetailBerita))
 7 SYSTEMPATH\CodeIgniter.php(351): CodeIgniter\CodeIgniter->handleRequest(null, Object(Config\Cache), false)
 8 FCPATH\index.php(67): CodeIgniter\CodeIgniter->run()
CRITICAL - 2023-06-23 11:31:12 --> Call to undefined method CodeIgniter\View\View::index()
in APPPATH\Views\admin\halaman_depan.php on line 182.
 1 SYSTEMPATH\View\View.php(213): include()
 2 SYSTEMPATH\View\View.php(216): CodeIgniter\View\View->CodeIgniter\View\{closure}()
 3 SYSTEMPATH\Common.php(1134): CodeIgniter\View\View->render('admin/halaman_depan', [], true)
 4 APPPATH\Controllers\Admin\DetailBerita.php(14): view('admin/halaman_depan', [...])
 5 SYSTEMPATH\CodeIgniter.php(927): App\Controllers\Admin\DetailBerita->index()
 6 SYSTEMPATH\CodeIgniter.php(482): CodeIgniter\CodeIgniter->runController(Object(App\Controllers\Admin\DetailBerita))
 7 SYSTEMPATH\CodeIgniter.php(351): CodeIgniter\CodeIgniter->handleRequest(null, Object(Config\Cache), false)
 8 FCPATH\index.php(67): CodeIgniter\CodeIgniter->run()
CRITICAL - 2023-06-23 11:31:13 --> Call to undefined method CodeIgniter\View\View::index()
in APPPATH\Views\admin\halaman_depan.php on line 182.
 1 SYSTEMPATH\View\View.php(213): include()
 2 SYSTEMPATH\View\View.php(216): CodeIgniter\View\View->CodeIgniter\View\{closure}()
 3 SYSTEMPATH\Common.php(1134): CodeIgniter\View\View->render('admin/halaman_depan', [], true)
 4 APPPATH\Controllers\Admin\DetailBerita.php(14): view('admin/halaman_depan', [...])
 5 SYSTEMPATH\CodeIgniter.php(927): App\Controllers\Admin\DetailBerita->index()
 6 SYSTEMPATH\CodeIgniter.php(482): CodeIgniter\CodeIgniter->runController(Object(App\Controllers\Admin\DetailBerita))
 7 SYSTEMPATH\CodeIgniter.php(351): CodeIgniter\CodeIgniter->handleRequest(null, Object(Config\Cache), false)
 8 FCPATH\index.php(67): CodeIgniter\CodeIgniter->run()
CRITICAL - 2023-06-23 11:34:07 --> view(): Argument #2 ($data) must be of type array, stdClass given, called in C:\xampp\htdocs\appKoperasiWeb\app\Controllers\Admin\DetailBerita.php on line 20
in SYSTEMPATH\Common.php on line 1120.
 1 APPPATH\Controllers\Admin\DetailBerita.php(20): view('admin/halaman_depan', Object(stdClass))
 2 SYSTEMPATH\CodeIgniter.php(927): App\Controllers\Admin\DetailBerita->news()
 3 SYSTEMPATH\CodeIgniter.php(482): CodeIgniter\CodeIgniter->runController(Object(App\Controllers\Admin\DetailBerita))
 4 SYSTEMPATH\CodeIgniter.php(351): CodeIgniter\CodeIgniter->handleRequest(null, Object(Config\Cache), false)
 5 FCPATH\index.php(67): CodeIgniter\CodeIgniter->run()
CRITICAL - 2023-06-23 11:34:33 --> Call to undefined method CodeIgniter\View\View::news()
in APPPATH\Views\admin\halaman_depan.php on line 182.
 1 SYSTEMPATH\View\View.php(213): include()
 2 SYSTEMPATH\View\View.php(216): CodeIgniter\View\View->CodeIgniter\View\{closure}()
 3 SYSTEMPATH\Common.php(1134): CodeIgniter\View\View->render('admin/halaman_depan', [], true)
 4 APPPATH\Controllers\Admin\DetailBerita.php(20): view('admin/halaman_depan', [...])
 5 SYSTEMPATH\CodeIgniter.php(927): App\Controllers\Admin\DetailBerita->news()
 6 SYSTEMPATH\CodeIgniter.php(482): CodeIgniter\CodeIgniter->runController(Object(App\Controllers\Admin\DetailBerita))
 7 SYSTEMPATH\CodeIgniter.php(351): CodeIgniter\CodeIgniter->handleRequest(null, Object(Config\Cache), false)
 8 FCPATH\index.php(67): CodeIgniter\CodeIgniter->run()
CRITICAL - 2023-06-23 11:34:50 --> Attempt to read property "title" on string
in APPPATH\Views\admin\halaman_depan.php on line 183.
 1 APPPATH\Views\admin\halaman_depan.php(183): CodeIgniter\Debug\Exceptions->errorHandler(2, 'Attempt to read property "title" on string', 'APPPATH\\Views\\admin\\halaman_depan.php', 183)
 2 SYSTEMPATH\View\View.php(213): include('APPPATH\\Views\\admin\\halaman_depan.php')
 3 SYSTEMPATH\View\View.php(216): CodeIgniter\View\View->CodeIgniter\View\{closure}()
 4 SYSTEMPATH\Common.php(1134): CodeIgniter\View\View->render('admin/halaman_depan', [], true)
 5 APPPATH\Controllers\Admin\DetailBerita.php(20): view('admin/halaman_depan', [...])
 6 SYSTEMPATH\CodeIgniter.php(927): App\Controllers\Admin\DetailBerita->news()
 7 SYSTEMPATH\CodeIgniter.php(482): CodeIgniter\CodeIgniter->runController(Object(App\Controllers\Admin\DetailBerita))
 8 SYSTEMPATH\CodeIgniter.php(351): CodeIgniter\CodeIgniter->handleRequest(null, Object(Config\Cache), false)
 9 FCPATH\index.php(67): CodeIgniter\CodeIgniter->run()
CRITICAL - 2023-06-23 11:34:52 --> Attempt to read property "title" on string
in APPPATH\Views\admin\halaman_depan.php on line 183.
 1 APPPATH\Views\admin\halaman_depan.php(183): CodeIgniter\Debug\Exceptions->errorHandler(2, 'Attempt to read property "title" on string', 'APPPATH\\Views\\admin\\halaman_depan.php', 183)
 2 SYSTEMPATH\View\View.php(213): include('APPPATH\\Views\\admin\\halaman_depan.php')
 3 SYSTEMPATH\View\View.php(216): CodeIgniter\View\View->CodeIgniter\View\{closure}()
 4 SYSTEMPATH\Common.php(1134): CodeIgniter\View\View->render('admin/halaman_depan', [], true)
 5 APPPATH\Controllers\Admin\DetailBerita.php(20): view('admin/halaman_depan', [...])
 6 SYSTEMPATH\CodeIgniter.php(927): App\Controllers\Admin\DetailBerita->news()
 7 SYSTEMPATH\CodeIgniter.php(482): CodeIgniter\CodeIgniter->runController(Object(App\Controllers\Admin\DetailBerita))
 8 SYSTEMPATH\CodeIgniter.php(351): CodeIgniter\CodeIgniter->handleRequest(null, Object(Config\Cache), false)
 9 FCPATH\index.php(67): CodeIgniter\CodeIgniter->run()
CRITICAL - 2023-06-23 11:35:08 --> Attempt to read property "title" on string
in APPPATH\Views\admin\halaman_depan.php on line 183.
 1 APPPATH\Views\admin\halaman_depan.php(183): CodeIgniter\Debug\Exceptions->errorHandler(2, 'Attempt to read property "title" on string', 'APPPATH\\Views\\admin\\halaman_depan.php', 183)
 2 SYSTEMPATH\View\View.php(213): include('APPPATH\\Views\\admin\\halaman_depan.php')
 3 SYSTEMPATH\View\View.php(216): CodeIgniter\View\View->CodeIgniter\View\{closure}()
 4 SYSTEMPATH\Common.php(1134): CodeIgniter\View\View->render('admin/halaman_depan', [], true)
 5 APPPATH\Controllers\Admin\DetailBerita.php(20): view('admin/halaman_depan', [...])
 6 SYSTEMPATH\CodeIgniter.php(927): App\Controllers\Admin\DetailBerita->news()
 7 SYSTEMPATH\CodeIgniter.php(482): CodeIgniter\CodeIgniter->runController(Object(App\Controllers\Admin\DetailBerita))
 8 SYSTEMPATH\CodeIgniter.php(351): CodeIgniter\CodeIgniter->handleRequest(null, Object(Config\Cache), false)
 9 FCPATH\index.php(67): CodeIgniter\CodeIgniter->run()
CRITICAL - 2023-06-23 11:35:09 --> Attempt to read property "title" on string
in APPPATH\Views\admin\halaman_depan.php on line 183.
 1 APPPATH\Views\admin\halaman_depan.php(183): CodeIgniter\Debug\Exceptions->errorHandler(2, 'Attempt to read property "title" on string', 'APPPATH\\Views\\admin\\halaman_depan.php', 183)
 2 SYSTEMPATH\View\View.php(213): include('APPPATH\\Views\\admin\\halaman_depan.php')
 3 SYSTEMPATH\View\View.php(216): CodeIgniter\View\View->CodeIgniter\View\{closure}()
 4 SYSTEMPATH\Common.php(1134): CodeIgniter\View\View->render('admin/halaman_depan', [], true)
 5 APPPATH\Controllers\Admin\DetailBerita.php(20): view('admin/halaman_depan', [...])
 6 SYSTEMPATH\CodeIgniter.php(927): App\Controllers\Admin\DetailBerita->news()
 7 SYSTEMPATH\CodeIgniter.php(482): CodeIgniter\CodeIgniter->runController(Object(App\Controllers\Admin\DetailBerita))
 8 SYSTEMPATH\CodeIgniter.php(351): CodeIgniter\CodeIgniter->handleRequest(null, Object(Config\Cache), false)
 9 FCPATH\index.php(67): CodeIgniter\CodeIgniter->run()
CRITICAL - 2023-06-23 11:39:53 --> Undefined variable $detail
in APPPATH\Views\admin\detail_berita.php on line 71.
 1 APPPATH\Views\admin\detail_berita.php(71): CodeIgniter\Debug\Exceptions->errorHandler(2, 'Undefined variable $detail', 'APPPATH\\Views\\admin\\detail_berita.php', 71)
 2 SYSTEMPATH\View\View.php(213): include('APPPATH\\Views\\admin\\detail_berita.php')
 3 SYSTEMPATH\View\View.php(216): CodeIgniter\View\View->CodeIgniter\View\{closure}()
 4 SYSTEMPATH\Common.php(1134): CodeIgniter\View\View->render('admin/detail_berita', [], true)
 5 APPPATH\Controllers\Admin\DetailBerita.php(26): view('admin/detail_berita', [...])
 6 SYSTEMPATH\CodeIgniter.php(927): App\Controllers\Admin\DetailBerita->detailBerita('35')
 7 SYSTEMPATH\CodeIgniter.php(482): CodeIgniter\CodeIgniter->runController(Object(App\Controllers\Admin\DetailBerita))
 8 SYSTEMPATH\CodeIgniter.php(351): CodeIgniter\CodeIgniter->handleRequest(null, Object(Config\Cache), false)
 9 FCPATH\index.php(67): CodeIgniter\CodeIgniter->run()
CRITICAL - 2023-06-23 11:43:35 --> Attempt to read property "title" on string
in APPPATH\Views\admin\halaman_depan.php on line 183.
 1 APPPATH\Views\admin\halaman_depan.php(183): CodeIgniter\Debug\Exceptions->errorHandler(2, 'Attempt to read property "title" on string', 'APPPATH\\Views\\admin\\halaman_depan.php', 183)
 2 SYSTEMPATH\View\View.php(213): include('APPPATH\\Views\\admin\\halaman_depan.php')
 3 SYSTEMPATH\View\View.php(216): CodeIgniter\View\View->CodeIgniter\View\{closure}()
 4 SYSTEMPATH\Common.php(1134): CodeIgniter\View\View->render('admin/halaman_depan', [], true)
 5 APPPATH\Controllers\Admin\DetailBerita.php(20): view('admin/halaman_depan', [...])
 6 SYSTEMPATH\CodeIgniter.php(927): App\Controllers\Admin\DetailBerita->news()
 7 SYSTEMPATH\CodeIgniter.php(482): CodeIgniter\CodeIgniter->runController(Object(App\Controllers\Admin\DetailBerita))
 8 SYSTEMPATH\CodeIgniter.php(351): CodeIgniter\CodeIgniter->handleRequest(null, Object(Config\Cache), false)
 9 FCPATH\index.php(67): CodeIgniter\CodeIgniter->run()
CRITICAL - 2023-06-23 13:08:49 --> Attempt to read property "title" on string
in APPPATH\Views\admin\halaman_depan.php on line 183.
 1 APPPATH\Views\admin\halaman_depan.php(183): CodeIgniter\Debug\Exceptions->errorHandler(2, 'Attempt to read property "title" on string', 'APPPATH\\Views\\admin\\halaman_depan.php', 183)
 2 SYSTEMPATH\View\View.php(213): include('APPPATH\\Views\\admin\\halaman_depan.php')
 3 SYSTEMPATH\View\View.php(216): CodeIgniter\View\View->CodeIgniter\View\{closure}()
 4 SYSTEMPATH\Common.php(1134): CodeIgniter\View\View->render('admin/halaman_depan', [], true)
 5 APPPATH\Controllers\Admin\DetailBerita.php(20): view('admin/halaman_depan', [...])
 6 SYSTEMPATH\CodeIgniter.php(927): App\Controllers\Admin\DetailBerita->news()
 7 SYSTEMPATH\CodeIgniter.php(482): CodeIgniter\CodeIgniter->runController(Object(App\Controllers\Admin\DetailBerita))
 8 SYSTEMPATH\CodeIgniter.php(351): CodeIgniter\CodeIgniter->handleRequest(null, Object(Config\Cache), false)
 9 FCPATH\index.php(67): CodeIgniter\CodeIgniter->run()
CRITICAL - 2023-06-23 13:12:42 --> Undefined variable $isi
in APPPATH\Views\admin\halaman_depan.php on line 187.
 1 APPPATH\Views\admin\halaman_depan.php(187): CodeIgniter\Debug\Exceptions->errorHandler(2, 'Undefined variable $isi', 'APPPATH\\Views\\admin\\halaman_depan.php', 187)
 2 SYSTEMPATH\View\View.php(213): include('APPPATH\\Views\\admin\\halaman_depan.php')
 3 SYSTEMPATH\View\View.php(216): CodeIgniter\View\View->CodeIgniter\View\{closure}()
 4 SYSTEMPATH\Common.php(1134): CodeIgniter\View\View->render('admin/halaman_depan', [], true)
 5 APPPATH\Controllers\Admin\DetailBerita.php(20): view('admin/halaman_depan', [...])
 6 SYSTEMPATH\CodeIgniter.php(927): App\Controllers\Admin\DetailBerita->news()
 7 SYSTEMPATH\CodeIgniter.php(482): CodeIgniter\CodeIgniter->runController(Object(App\Controllers\Admin\DetailBerita))
 8 SYSTEMPATH\CodeIgniter.php(351): CodeIgniter\CodeIgniter->handleRequest(null, Object(Config\Cache), false)
 9 FCPATH\index.php(67): CodeIgniter\CodeIgniter->run()
CRITICAL - 2023-06-23 13:12:44 --> Undefined variable $isi
in APPPATH\Views\admin\halaman_depan.php on line 187.
 1 APPPATH\Views\admin\halaman_depan.php(187): CodeIgniter\Debug\Exceptions->errorHandler(2, 'Undefined variable $isi', 'APPPATH\\Views\\admin\\halaman_depan.php', 187)
 2 SYSTEMPATH\View\View.php(213): include('APPPATH\\Views\\admin\\halaman_depan.php')
 3 SYSTEMPATH\View\View.php(216): CodeIgniter\View\View->CodeIgniter\View\{closure}()
 4 SYSTEMPATH\Common.php(1134): CodeIgniter\View\View->render('admin/halaman_depan', [], true)
 5 APPPATH\Controllers\Admin\DetailBerita.php(20): view('admin/halaman_depan', [...])
 6 SYSTEMPATH\CodeIgniter.php(927): App\Controllers\Admin\DetailBerita->news()
 7 SYSTEMPATH\CodeIgniter.php(482): CodeIgniter\CodeIgniter->runController(Object(App\Controllers\Admin\DetailBerita))
 8 SYSTEMPATH\CodeIgniter.php(351): CodeIgniter\CodeIgniter->handleRequest(null, Object(Config\Cache), false)
 9 FCPATH\index.php(67): CodeIgniter\CodeIgniter->run()
CRITICAL - 2023-06-23 13:13:10 --> Attempt to read property "title" on string
in APPPATH\Views\admin\detail_berita.php on line 72.
 1 APPPATH\Views\admin\detail_berita.php(72): CodeIgniter\Debug\Exceptions->errorHandler(2, 'Attempt to read property "title" on string', 'APPPATH\\Views\\admin\\detail_berita.php', 72)
 2 SYSTEMPATH\View\View.php(213): include('APPPATH\\Views\\admin\\detail_berita.php')
 3 SYSTEMPATH\View\View.php(216): CodeIgniter\View\View->CodeIgniter\View\{closure}()
 4 SYSTEMPATH\Common.php(1134): CodeIgniter\View\View->render('admin/detail_berita', [], true)
 5 APPPATH\Controllers\Admin\DetailBerita.php(26): view('admin/detail_berita', [...])
 6 SYSTEMPATH\CodeIgniter.php(927): App\Controllers\Admin\DetailBerita->detailBerita('36')
 7 SYSTEMPATH\CodeIgniter.php(482): CodeIgniter\CodeIgniter->runController(Object(App\Controllers\Admin\DetailBerita))
 8 SYSTEMPATH\CodeIgniter.php(351): CodeIgniter\CodeIgniter->handleRequest(null, Object(Config\Cache), false)
 9 FCPATH\index.php(67): CodeIgniter\CodeIgniter->run()
ERROR - 2023-06-23 16:19:56 --> Error connecting to the database: mysqli_sql_exception: No connection could be made because the target machine actively refused it in C:\xampp\htdocs\appKoperasiWeb\system\Database\MySQLi\Connection.php:171
Stack trace:
#0 C:\xampp\htdocs\appKoperasiWeb\system\Database\MySQLi\Connection.php(171): mysqli->real_connect('localhost', 'root', '', 'appKoperasi', 3306, '', 0)
#1 C:\xampp\htdocs\appKoperasiWeb\system\Database\BaseConnection.php(382): CodeIgniter\Database\MySQLi\Connection->connect(false)
#2 C:\xampp\htdocs\appKoperasiWeb\system\Database\BaseConnection.php(561): CodeIgniter\Database\BaseConnection->initialize()
#3 C:\xampp\htdocs\appKoperasiWeb\app\Controllers\Admin\DetailBerita.php(18): CodeIgniter\Database\BaseConnection->query('SELECT p.*,k.* ...')
#4 C:\xampp\htdocs\appKoperasiWeb\system\CodeIgniter.php(927): App\Controllers\Admin\DetailBerita->news()
#5 C:\xampp\htdocs\appKoperasiWeb\system\CodeIgniter.php(482): CodeIgniter\CodeIgniter->runController(Object(App\Controllers\Admin\DetailBerita))
#6 C:\xampp\htdocs\appKoperasiWeb\system\CodeIgniter.php(351): CodeIgniter\CodeIgniter->handleRequest(NULL, Object(Config\Cache), false)
#7 C:\xampp\htdocs\appKoperasiWeb\public\index.php(67): CodeIgniter\CodeIgniter->run()
#8 C:\xampp\htdocs\appKoperasiWeb\system\Commands\Server\rewrite.php(46): require_once('C:\\xampp\\htdocs...')
#9 {main}

Next CodeIgniter\Database\Exceptions\DatabaseException: No connection could be made because the target machine actively refused it in C:\xampp\htdocs\appKoperasiWeb\system\Database\MySQLi\Connection.php:215
Stack trace:
#0 C:\xampp\htdocs\appKoperasiWeb\system\Database\BaseConnection.php(382): CodeIgniter\Database\MySQLi\Connection->connect(false)
#1 C:\xampp\htdocs\appKoperasiWeb\system\Database\BaseConnection.php(561): CodeIgniter\Database\BaseConnection->initialize()
#2 C:\xampp\htdocs\appKoperasiWeb\app\Controllers\Admin\DetailBerita.php(18): CodeIgniter\Database\BaseConnection->query('SELECT p.*,k.* ...')
#3 C:\xampp\htdocs\appKoperasiWeb\system\CodeIgniter.php(927): App\Controllers\Admin\DetailBerita->news()
#4 C:\xampp\htdocs\appKoperasiWeb\system\CodeIgniter.php(482): CodeIgniter\CodeIgniter->runController(Object(App\Controllers\Admin\DetailBerita))
#5 C:\xampp\htdocs\appKoperasiWeb\system\CodeIgniter.php(351): CodeIgniter\CodeIgniter->handleRequest(NULL, Object(Config\Cache), false)
#6 C:\xampp\htdocs\appKoperasiWeb\public\index.php(67): CodeIgniter\CodeIgniter->run()
#7 C:\xampp\htdocs\appKoperasiWeb\system\Commands\Server\rewrite.php(46): require_once('C:\\xampp\\htdocs...')
#8 {main}
CRITICAL - 2023-06-23 16:19:56 --> Unable to connect to the database.
Main connection [MySQLi]: No connection could be made because the target machine actively refused it
in SYSTEMPATH\Database\BaseConnection.php on line 418.
 1 SYSTEMPATH\Database\BaseConnection.php(561): CodeIgniter\Database\BaseConnection->initialize()
 2 APPPATH\Controllers\Admin\DetailBerita.php(18): CodeIgniter\Database\BaseConnection->query('SELECT p.*,k.* FROM posts p,categories k WHERE p.id_category = k.id_category ORDER BY p.id_category DESC LIMIT 1')
 3 SYSTEMPATH\CodeIgniter.php(927): App\Controllers\Admin\DetailBerita->news()
 4 SYSTEMPATH\CodeIgniter.php(482): CodeIgniter\CodeIgniter->runController(Object(App\Controllers\Admin\DetailBerita))
 5 SYSTEMPATH\CodeIgniter.php(351): CodeIgniter\CodeIgniter->handleRequest(null, Object(Config\Cache), false)
 6 FCPATH\index.php(67): CodeIgniter\CodeIgniter->run()
 7 SYSTEMPATH\Commands\Server\rewrite.php(46): require_once('FCPATH\\index.php')
ERROR - 2023-06-23 16:27:39 --> mysqli_sql_exception: Unknown column 'p.id' in 'where clause' in C:\xampp\htdocs\appKoperasiWeb\system\Database\MySQLi\Connection.php:292
Stack trace:
#0 C:\xampp\htdocs\appKoperasiWeb\system\Database\MySQLi\Connection.php(292): mysqli->query('SELECT p.*,k.* ...', 0)
#1 C:\xampp\htdocs\appKoperasiWeb\system\Database\BaseConnection.php(666): CodeIgniter\Database\MySQLi\Connection->execute('SELECT p.*,k.* ...')
#2 C:\xampp\htdocs\appKoperasiWeb\system\Database\BaseConnection.php(593): CodeIgniter\Database\BaseConnection->simpleQuery('SELECT p.*,k.* ...')
#3 C:\xampp\htdocs\appKoperasiWeb\app\Controllers\Admin\DetailBerita.php(24): CodeIgniter\Database\BaseConnection->query('SELECT p.*,k.* ...')
#4 C:\xampp\htdocs\appKoperasiWeb\system\CodeIgniter.php(927): App\Controllers\Admin\DetailBerita->detailBerita('38')
#5 C:\xampp\htdocs\appKoperasiWeb\system\CodeIgniter.php(482): CodeIgniter\CodeIgniter->runController(Object(App\Controllers\Admin\DetailBerita))
#6 C:\xampp\htdocs\appKoperasiWeb\system\CodeIgniter.php(351): CodeIgniter\CodeIgniter->handleRequest(NULL, Object(Config\Cache), false)
#7 C:\xampp\htdocs\appKoperasiWeb\index.php(67): CodeIgniter\CodeIgniter->run()
#8 {main}
CRITICAL - 2023-06-23 16:27:39 --> Call to a member function getFirstRow() on bool
in APPPATH\Controllers\Admin\DetailBerita.php on line 25.
 1 SYSTEMPATH\CodeIgniter.php(927): App\Controllers\Admin\DetailBerita->detailBerita('38')
 2 SYSTEMPATH\CodeIgniter.php(482): CodeIgniter\CodeIgniter->runController(Object(App\Controllers\Admin\DetailBerita))
 3 SYSTEMPATH\CodeIgniter.php(351): CodeIgniter\CodeIgniter->handleRequest(null, Object(Config\Cache), false)
 4 FCPATH\index.php(67): CodeIgniter\CodeIgniter->run()
CRITICAL - 2023-06-23 17:53:58 --> Undefined property: stdClass::$created_at
in APPPATH\Views\admin\detail_berita.php on line 139.
 1 APPPATH\Views\admin\detail_berita.php(139): CodeIgniter\Debug\Exceptions->errorHandler(2, 'Undefined property: stdClass::$created_at', 'APPPATH\\Views\\admin\\detail_berita.php', 139)
 2 SYSTEMPATH\View\View.php(213): include('APPPATH\\Views\\admin\\detail_berita.php')
 3 SYSTEMPATH\View\View.php(216): CodeIgniter\View\View->CodeIgniter\View\{closure}()
 4 SYSTEMPATH\Common.php(1134): CodeIgniter\View\View->render('admin/detail_berita', [], true)
 5 APPPATH\Controllers\Admin\DetailBerita.php(25): view('admin/detail_berita', [...])
 6 SYSTEMPATH\CodeIgniter.php(927): App\Controllers\Admin\DetailBerita->detailBerita('39')
 7 SYSTEMPATH\CodeIgniter.php(482): CodeIgniter\CodeIgniter->runController(Object(App\Controllers\Admin\DetailBerita))
 8 SYSTEMPATH\CodeIgniter.php(351): CodeIgniter\CodeIgniter->handleRequest(null, Object(Config\Cache), false)
 9 FCPATH\index.php(67): CodeIgniter\CodeIgniter->run()
CRITICAL - 2023-06-23 18:25:25 --> Undefined property: stdClass::$id_post
in APPPATH\Views\admin\detail_berita.php on line 126.
 1 APPPATH\Views\admin\detail_berita.php(126): CodeIgniter\Debug\Exceptions->errorHandler(2, 'Undefined property: stdClass::$id_post', 'APPPATH\\Views\\admin\\detail_berita.php', 126)
 2 SYSTEMPATH\View\View.php(213): include('APPPATH\\Views\\admin\\detail_berita.php')
 3 SYSTEMPATH\View\View.php(216): CodeIgniter\View\View->CodeIgniter\View\{closure}()
 4 SYSTEMPATH\Common.php(1134): CodeIgniter\View\View->render('admin/detail_berita', [], true)
 5 APPPATH\Controllers\Admin\DetailBerita.php(25): view('admin/detail_berita', [...])
 6 SYSTEMPATH\CodeIgniter.php(927): App\Controllers\Admin\DetailBerita->detailBerita('39')
 7 SYSTEMPATH\CodeIgniter.php(482): CodeIgniter\CodeIgniter->runController(Object(App\Controllers\Admin\DetailBerita))
 8 SYSTEMPATH\CodeIgniter.php(351): CodeIgniter\CodeIgniter->handleRequest(null, Object(Config\Cache), false)
 9 FCPATH\index.php(67): CodeIgniter\CodeIgniter->run()
CRITICAL - 2023-06-23 19:01:24 --> date(): Argument #2 ($timestamp) must be of type ?int, string given
in APPPATH\Views\admin\detail_berita.php on line 122.
 1 APPPATH\Views\admin\detail_berita.php(122): date('F j, Y', '2023-06-23 18:07')
 2 SYSTEMPATH\View\View.php(213): include('APPPATH\\Views\\admin\\detail_berita.php')
 3 SYSTEMPATH\View\View.php(216): CodeIgniter\View\View->CodeIgniter\View\{closure}()
 4 SYSTEMPATH\Common.php(1134): CodeIgniter\View\View->render('admin/detail_berita', [], true)
 5 APPPATH\Controllers\Admin\DetailBerita.php(25): view('admin/detail_berita', [...])
 6 SYSTEMPATH\CodeIgniter.php(927): App\Controllers\Admin\DetailBerita->detailBerita('39')
 7 SYSTEMPATH\CodeIgniter.php(482): CodeIgniter\CodeIgniter->runController(Object(App\Controllers\Admin\DetailBerita))
 8 SYSTEMPATH\CodeIgniter.php(351): CodeIgniter\CodeIgniter->handleRequest(null, Object(Config\Cache), false)
 9 FCPATH\index.php(67): CodeIgniter\CodeIgniter->run()
