CRITICAL - 2023-07-04 12:44:35 --> Attempt to read property "email" on null
in APPPATH\Views\admin\halaman_depan.php on line 36.
 1 APPPATH\Views\admin\halaman_depan.php(36): CodeIgniter\Debug\Exceptions->errorHandler(2, 'Attempt to read property "email" on null', 'APPPATH\\Views\\admin\\halaman_depan.php', 36)
 2 SYSTEMPATH\View\View.php(213): include('APPPATH\\Views\\admin\\halaman_depan.php')
 3 SYSTEMPATH\View\View.php(216): CodeIgniter\View\View->CodeIgniter\View\{closure}()
 4 SYSTEMPATH\Common.php(1134): CodeIgniter\View\View->render('admin/halaman_depan', [], true)
 5 APPPATH\Controllers\Home.php(19): view('admin/halaman_depan', [...])
 6 SYSTEMPATH\CodeIgniter.php(927): App\Controllers\Home->index()
 7 SYSTEMPATH\CodeIgniter.php(482): CodeIgniter\CodeIgniter->runController(Object(App\Controllers\Home))
 8 SYSTEMPATH\CodeIgniter.php(351): CodeIgniter\CodeIgniter->handleRequest(null, Object(Config\Cache), false)
 9 FCPATH\index.php(67): CodeIgniter\CodeIgniter->run()
10 SYSTEMPATH\Commands\Server\rewrite.php(46): require_once('FCPATH\\index.php')
CRITICAL - 2023-07-04 12:49:41 --> Undefined variable $visi
in APPPATH\Views\admin\halaman_depan.php on line 117.
 1 APPPATH\Views\admin\halaman_depan.php(117): CodeIgniter\Debug\Exceptions->errorHandler(2, 'Undefined variable $visi', 'APPPATH\\Views\\admin\\halaman_depan.php', 117)
 2 SYSTEMPATH\View\View.php(213): include('APPPATH\\Views\\admin\\halaman_depan.php')
 3 SYSTEMPATH\View\View.php(216): CodeIgniter\View\View->CodeIgniter\View\{closure}()
 4 SYSTEMPATH\Common.php(1134): CodeIgniter\View\View->render('admin/halaman_depan', [], true)
 5 APPPATH\Controllers\Home.php(19): view('admin/halaman_depan', [...])
 6 SYSTEMPATH\CodeIgniter.php(927): App\Controllers\Home->index()
 7 SYSTEMPATH\CodeIgniter.php(482): CodeIgniter\CodeIgniter->runController(Object(App\Controllers\Home))
 8 SYSTEMPATH\CodeIgniter.php(351): CodeIgniter\CodeIgniter->handleRequest(null, Object(Config\Cache), false)
 9 FCPATH\index.php(67): CodeIgniter\CodeIgniter->run()
10 SYSTEMPATH\Commands\Server\rewrite.php(46): require_once('FCPATH\\index.php')
CRITICAL - 2023-07-04 12:51:10 --> Undefined variable $visi
in APPPATH\Views\admin\halaman_depan.php on line 117.
 1 APPPATH\Views\admin\halaman_depan.php(117): CodeIgniter\Debug\Exceptions->errorHandler(2, 'Undefined variable $visi', 'APPPATH\\Views\\admin\\halaman_depan.php', 117)
 2 SYSTEMPATH\View\View.php(213): include('APPPATH\\Views\\admin\\halaman_depan.php')
 3 SYSTEMPATH\View\View.php(216): CodeIgniter\View\View->CodeIgniter\View\{closure}()
 4 SYSTEMPATH\Common.php(1134): CodeIgniter\View\View->render('admin/halaman_depan', [], true)
 5 APPPATH\Controllers\Home.php(19): view('admin/halaman_depan', [...])
 6 SYSTEMPATH\CodeIgniter.php(927): App\Controllers\Home->index()
 7 SYSTEMPATH\CodeIgniter.php(482): CodeIgniter\CodeIgniter->runController(Object(App\Controllers\Home))
 8 SYSTEMPATH\CodeIgniter.php(351): CodeIgniter\CodeIgniter->handleRequest(null, Object(Config\Cache), false)
 9 FCPATH\index.php(67): CodeIgniter\CodeIgniter->run()
10 SYSTEMPATH\Commands\Server\rewrite.php(46): require_once('FCPATH\\index.php')
CRITICAL - 2023-07-04 12:51:12 --> Undefined variable $visi
in APPPATH\Views\admin\halaman_depan.php on line 117.
 1 APPPATH\Views\admin\halaman_depan.php(117): CodeIgniter\Debug\Exceptions->errorHandler(2, 'Undefined variable $visi', 'APPPATH\\Views\\admin\\halaman_depan.php', 117)
 2 SYSTEMPATH\View\View.php(213): include('APPPATH\\Views\\admin\\halaman_depan.php')
 3 SYSTEMPATH\View\View.php(216): CodeIgniter\View\View->CodeIgniter\View\{closure}()
 4 SYSTEMPATH\Common.php(1134): CodeIgniter\View\View->render('admin/halaman_depan', [], true)
 5 APPPATH\Controllers\Home.php(19): view('admin/halaman_depan', [...])
 6 SYSTEMPATH\CodeIgniter.php(927): App\Controllers\Home->index()
 7 SYSTEMPATH\CodeIgniter.php(482): CodeIgniter\CodeIgniter->runController(Object(App\Controllers\Home))
 8 SYSTEMPATH\CodeIgniter.php(351): CodeIgniter\CodeIgniter->handleRequest(null, Object(Config\Cache), false)
 9 FCPATH\index.php(67): CodeIgniter\CodeIgniter->run()
10 SYSTEMPATH\Commands\Server\rewrite.php(46): require_once('FCPATH\\index.php')
CRITICAL - 2023-07-04 12:52:14 --> Undefined variable $visi
in APPPATH\Views\admin\halaman_depan.php on line 117.
 1 APPPATH\Views\admin\halaman_depan.php(117): CodeIgniter\Debug\Exceptions->errorHandler(2, 'Undefined variable $visi', 'APPPATH\\Views\\admin\\halaman_depan.php', 117)
 2 SYSTEMPATH\View\View.php(213): include('APPPATH\\Views\\admin\\halaman_depan.php')
 3 SYSTEMPATH\View\View.php(216): CodeIgniter\View\View->CodeIgniter\View\{closure}()
 4 SYSTEMPATH\Common.php(1134): CodeIgniter\View\View->render('admin/halaman_depan', [], true)
 5 APPPATH\Controllers\Home.php(19): view('admin/halaman_depan', [...])
 6 SYSTEMPATH\CodeIgniter.php(927): App\Controllers\Home->index()
 7 SYSTEMPATH\CodeIgniter.php(482): CodeIgniter\CodeIgniter->runController(Object(App\Controllers\Home))
 8 SYSTEMPATH\CodeIgniter.php(351): CodeIgniter\CodeIgniter->handleRequest(null, Object(Config\Cache), false)
 9 FCPATH\index.php(67): CodeIgniter\CodeIgniter->run()
10 SYSTEMPATH\Commands\Server\rewrite.php(46): require_once('FCPATH\\index.php')
CRITICAL - 2023-07-04 12:52:52 --> Undefined variable $misi
in APPPATH\Views\admin\halaman_depan.php on line 125.
 1 APPPATH\Views\admin\halaman_depan.php(125): CodeIgniter\Debug\Exceptions->errorHandler(2, 'Undefined variable $misi', 'APPPATH\\Views\\admin\\halaman_depan.php', 125)
 2 SYSTEMPATH\View\View.php(213): include('APPPATH\\Views\\admin\\halaman_depan.php')
 3 SYSTEMPATH\View\View.php(216): CodeIgniter\View\View->CodeIgniter\View\{closure}()
 4 SYSTEMPATH\Common.php(1134): CodeIgniter\View\View->render('admin/halaman_depan', [], true)
 5 APPPATH\Controllers\Home.php(19): view('admin/halaman_depan', [...])
 6 SYSTEMPATH\CodeIgniter.php(927): App\Controllers\Home->index()
 7 SYSTEMPATH\CodeIgniter.php(482): CodeIgniter\CodeIgniter->runController(Object(App\Controllers\Home))
 8 SYSTEMPATH\CodeIgniter.php(351): CodeIgniter\CodeIgniter->handleRequest(null, Object(Config\Cache), false)
 9 FCPATH\index.php(67): CodeIgniter\CodeIgniter->run()
10 SYSTEMPATH\Commands\Server\rewrite.php(46): require_once('FCPATH\\index.php')
CRITICAL - 2023-07-04 13:01:59 --> Undefined variable $visi
in APPPATH\Views\admin\halaman_depan.php on line 117.
 1 APPPATH\Views\admin\halaman_depan.php(117): CodeIgniter\Debug\Exceptions->errorHandler(2, 'Undefined variable $visi', 'APPPATH\\Views\\admin\\halaman_depan.php', 117)
 2 SYSTEMPATH\View\View.php(213): include('APPPATH\\Views\\admin\\halaman_depan.php')
 3 SYSTEMPATH\View\View.php(216): CodeIgniter\View\View->CodeIgniter\View\{closure}()
 4 SYSTEMPATH\Common.php(1134): CodeIgniter\View\View->render('admin/halaman_depan', [], true)
 5 APPPATH\Controllers\Home.php(19): view('admin/halaman_depan', [...])
 6 SYSTEMPATH\CodeIgniter.php(927): App\Controllers\Home->index()
 7 SYSTEMPATH\CodeIgniter.php(482): CodeIgniter\CodeIgniter->runController(Object(App\Controllers\Home))
 8 SYSTEMPATH\CodeIgniter.php(351): CodeIgniter\CodeIgniter->handleRequest(null, Object(Config\Cache), false)
 9 FCPATH\index.php(67): CodeIgniter\CodeIgniter->run()
10 SYSTEMPATH\Commands\Server\rewrite.php(46): require_once('FCPATH\\index.php')
CRITICAL - 2023-07-04 13:06:16 --> Undefined variable $visi
in APPPATH\Views\admin\halaman_depan.php on line 117.
 1 APPPATH\Views\admin\halaman_depan.php(117): CodeIgniter\Debug\Exceptions->errorHandler(2, 'Undefined variable $visi', 'APPPATH\\Views\\admin\\halaman_depan.php', 117)
 2 SYSTEMPATH\View\View.php(213): include('APPPATH\\Views\\admin\\halaman_depan.php')
 3 SYSTEMPATH\View\View.php(216): CodeIgniter\View\View->CodeIgniter\View\{closure}()
 4 SYSTEMPATH\Common.php(1134): CodeIgniter\View\View->render('admin/halaman_depan', [], true)
 5 APPPATH\Controllers\Home.php(19): view('admin/halaman_depan', [...])
 6 SYSTEMPATH\CodeIgniter.php(927): App\Controllers\Home->index()
 7 SYSTEMPATH\CodeIgniter.php(482): CodeIgniter\CodeIgniter->runController(Object(App\Controllers\Home))
 8 SYSTEMPATH\CodeIgniter.php(351): CodeIgniter\CodeIgniter->handleRequest(null, Object(Config\Cache), false)
 9 FCPATH\index.php(67): CodeIgniter\CodeIgniter->run()
10 SYSTEMPATH\Commands\Server\rewrite.php(46): require_once('FCPATH\\index.php')
CRITICAL - 2023-07-04 13:06:54 --> Undefined variable $article
in APPPATH\Views\admin\halaman_depan.php on line 117.
 1 APPPATH\Views\admin\halaman_depan.php(117): CodeIgniter\Debug\Exceptions->errorHandler(2, 'Undefined variable $article', 'APPPATH\\Views\\admin\\halaman_depan.php', 117)
 2 SYSTEMPATH\View\View.php(213): include('APPPATH\\Views\\admin\\halaman_depan.php')
 3 SYSTEMPATH\View\View.php(216): CodeIgniter\View\View->CodeIgniter\View\{closure}()
 4 SYSTEMPATH\Common.php(1134): CodeIgniter\View\View->render('admin/halaman_depan', [], true)
 5 APPPATH\Controllers\Home.php(19): view('admin/halaman_depan', [...])
 6 SYSTEMPATH\CodeIgniter.php(927): App\Controllers\Home->index()
 7 SYSTEMPATH\CodeIgniter.php(482): CodeIgniter\CodeIgniter->runController(Object(App\Controllers\Home))
 8 SYSTEMPATH\CodeIgniter.php(351): CodeIgniter\CodeIgniter->handleRequest(null, Object(Config\Cache), false)
 9 FCPATH\index.php(67): CodeIgniter\CodeIgniter->run()
10 SYSTEMPATH\Commands\Server\rewrite.php(46): require_once('FCPATH\\index.php')
CRITICAL - 2023-07-04 13:07:07 --> Undefined variable $visi
in APPPATH\Views\admin\halaman_depan.php on line 117.
 1 APPPATH\Views\admin\halaman_depan.php(117): CodeIgniter\Debug\Exceptions->errorHandler(2, 'Undefined variable $visi', 'APPPATH\\Views\\admin\\halaman_depan.php', 117)
 2 SYSTEMPATH\View\View.php(213): include('APPPATH\\Views\\admin\\halaman_depan.php')
 3 SYSTEMPATH\View\View.php(216): CodeIgniter\View\View->CodeIgniter\View\{closure}()
 4 SYSTEMPATH\Common.php(1134): CodeIgniter\View\View->render('admin/halaman_depan', [], true)
 5 APPPATH\Controllers\Home.php(19): view('admin/halaman_depan', [...])
 6 SYSTEMPATH\CodeIgniter.php(927): App\Controllers\Home->index()
 7 SYSTEMPATH\CodeIgniter.php(482): CodeIgniter\CodeIgniter->runController(Object(App\Controllers\Home))
 8 SYSTEMPATH\CodeIgniter.php(351): CodeIgniter\CodeIgniter->handleRequest(null, Object(Config\Cache), false)
 9 FCPATH\index.php(67): CodeIgniter\CodeIgniter->run()
10 SYSTEMPATH\Commands\Server\rewrite.php(46): require_once('FCPATH\\index.php')
CRITICAL - 2023-07-04 13:07:09 --> Undefined variable $visi
in APPPATH\Views\admin\halaman_depan.php on line 117.
 1 APPPATH\Views\admin\halaman_depan.php(117): CodeIgniter\Debug\Exceptions->errorHandler(2, 'Undefined variable $visi', 'APPPATH\\Views\\admin\\halaman_depan.php', 117)
 2 SYSTEMPATH\View\View.php(213): include('APPPATH\\Views\\admin\\halaman_depan.php')
 3 SYSTEMPATH\View\View.php(216): CodeIgniter\View\View->CodeIgniter\View\{closure}()
 4 SYSTEMPATH\Common.php(1134): CodeIgniter\View\View->render('admin/halaman_depan', [], true)
 5 APPPATH\Controllers\Home.php(19): view('admin/halaman_depan', [...])
 6 SYSTEMPATH\CodeIgniter.php(927): App\Controllers\Home->index()
 7 SYSTEMPATH\CodeIgniter.php(482): CodeIgniter\CodeIgniter->runController(Object(App\Controllers\Home))
 8 SYSTEMPATH\CodeIgniter.php(351): CodeIgniter\CodeIgniter->handleRequest(null, Object(Config\Cache), false)
 9 FCPATH\index.php(67): CodeIgniter\CodeIgniter->run()
10 SYSTEMPATH\Commands\Server\rewrite.php(46): require_once('FCPATH\\index.php')
CRITICAL - 2023-07-04 13:07:22 --> Undefined variable $visi
in APPPATH\Views\admin\halaman_depan.php on line 117.
 1 APPPATH\Views\admin\halaman_depan.php(117): CodeIgniter\Debug\Exceptions->errorHandler(2, 'Undefined variable $visi', 'APPPATH\\Views\\admin\\halaman_depan.php', 117)
 2 SYSTEMPATH\View\View.php(213): include('APPPATH\\Views\\admin\\halaman_depan.php')
 3 SYSTEMPATH\View\View.php(216): CodeIgniter\View\View->CodeIgniter\View\{closure}()
 4 SYSTEMPATH\Common.php(1134): CodeIgniter\View\View->render('admin/halaman_depan', [], true)
 5 APPPATH\Controllers\Home.php(19): view('admin/halaman_depan', [...])
 6 SYSTEMPATH\CodeIgniter.php(927): App\Controllers\Home->index()
 7 SYSTEMPATH\CodeIgniter.php(482): CodeIgniter\CodeIgniter->runController(Object(App\Controllers\Home))
 8 SYSTEMPATH\CodeIgniter.php(351): CodeIgniter\CodeIgniter->handleRequest(null, Object(Config\Cache), false)
 9 FCPATH\index.php(67): CodeIgniter\CodeIgniter->run()
10 SYSTEMPATH\Commands\Server\rewrite.php(46): require_once('FCPATH\\index.php')
CRITICAL - 2023-07-04 13:09:47 --> Undefined variable $visi_category_name
in APPPATH\Views\admin\halaman_depan.php on line 117.
 1 APPPATH\Views\admin\halaman_depan.php(117): CodeIgniter\Debug\Exceptions->errorHandler(2, 'Undefined variable $visi_category_name', 'APPPATH\\Views\\admin\\halaman_depan.php', 117)
 2 SYSTEMPATH\View\View.php(213): include('APPPATH\\Views\\admin\\halaman_depan.php')
 3 SYSTEMPATH\View\View.php(216): CodeIgniter\View\View->CodeIgniter\View\{closure}()
 4 SYSTEMPATH\Common.php(1134): CodeIgniter\View\View->render('admin/halaman_depan', [], true)
 5 APPPATH\Controllers\Home.php(19): view('admin/halaman_depan', [...])
 6 SYSTEMPATH\CodeIgniter.php(927): App\Controllers\Home->index()
 7 SYSTEMPATH\CodeIgniter.php(482): CodeIgniter\CodeIgniter->runController(Object(App\Controllers\Home))
 8 SYSTEMPATH\CodeIgniter.php(351): CodeIgniter\CodeIgniter->handleRequest(null, Object(Config\Cache), false)
 9 FCPATH\index.php(67): CodeIgniter\CodeIgniter->run()
10 SYSTEMPATH\Commands\Server\rewrite.php(46): require_once('FCPATH\\index.php')
CRITICAL - 2023-07-04 13:10:21 --> Undefined variable $visi_category_name
in APPPATH\Views\admin\halaman_depan.php on line 117.
 1 APPPATH\Views\admin\halaman_depan.php(117): CodeIgniter\Debug\Exceptions->errorHandler(2, 'Undefined variable $visi_category_name', 'APPPATH\\Views\\admin\\halaman_depan.php', 117)
 2 SYSTEMPATH\View\View.php(213): include('APPPATH\\Views\\admin\\halaman_depan.php')
 3 SYSTEMPATH\View\View.php(216): CodeIgniter\View\View->CodeIgniter\View\{closure}()
 4 SYSTEMPATH\Common.php(1134): CodeIgniter\View\View->render('admin/halaman_depan', [], true)
 5 APPPATH\Controllers\Home.php(19): view('admin/halaman_depan', [...])
 6 SYSTEMPATH\CodeIgniter.php(927): App\Controllers\Home->index()
 7 SYSTEMPATH\CodeIgniter.php(482): CodeIgniter\CodeIgniter->runController(Object(App\Controllers\Home))
 8 SYSTEMPATH\CodeIgniter.php(351): CodeIgniter\CodeIgniter->handleRequest(null, Object(Config\Cache), false)
 9 FCPATH\index.php(67): CodeIgniter\CodeIgniter->run()
10 SYSTEMPATH\Commands\Server\rewrite.php(46): require_once('FCPATH\\index.php')
CRITICAL - 2023-07-04 13:10:22 --> Undefined variable $visi_category_name
in APPPATH\Views\admin\halaman_depan.php on line 117.
 1 APPPATH\Views\admin\halaman_depan.php(117): CodeIgniter\Debug\Exceptions->errorHandler(2, 'Undefined variable $visi_category_name', 'APPPATH\\Views\\admin\\halaman_depan.php', 117)
 2 SYSTEMPATH\View\View.php(213): include('APPPATH\\Views\\admin\\halaman_depan.php')
 3 SYSTEMPATH\View\View.php(216): CodeIgniter\View\View->CodeIgniter\View\{closure}()
 4 SYSTEMPATH\Common.php(1134): CodeIgniter\View\View->render('admin/halaman_depan', [], true)
 5 APPPATH\Controllers\Home.php(19): view('admin/halaman_depan', [...])
 6 SYSTEMPATH\CodeIgniter.php(927): App\Controllers\Home->index()
 7 SYSTEMPATH\CodeIgniter.php(482): CodeIgniter\CodeIgniter->runController(Object(App\Controllers\Home))
 8 SYSTEMPATH\CodeIgniter.php(351): CodeIgniter\CodeIgniter->handleRequest(null, Object(Config\Cache), false)
 9 FCPATH\index.php(67): CodeIgniter\CodeIgniter->run()
10 SYSTEMPATH\Commands\Server\rewrite.php(46): require_once('FCPATH\\index.php')
CRITICAL - 2023-07-04 13:10:22 --> Undefined variable $visi_category_name
in APPPATH\Views\admin\halaman_depan.php on line 117.
 1 APPPATH\Views\admin\halaman_depan.php(117): CodeIgniter\Debug\Exceptions->errorHandler(2, 'Undefined variable $visi_category_name', 'APPPATH\\Views\\admin\\halaman_depan.php', 117)
 2 SYSTEMPATH\View\View.php(213): include('APPPATH\\Views\\admin\\halaman_depan.php')
 3 SYSTEMPATH\View\View.php(216): CodeIgniter\View\View->CodeIgniter\View\{closure}()
 4 SYSTEMPATH\Common.php(1134): CodeIgniter\View\View->render('admin/halaman_depan', [], true)
 5 APPPATH\Controllers\Home.php(19): view('admin/halaman_depan', [...])
 6 SYSTEMPATH\CodeIgniter.php(927): App\Controllers\Home->index()
 7 SYSTEMPATH\CodeIgniter.php(482): CodeIgniter\CodeIgniter->runController(Object(App\Controllers\Home))
 8 SYSTEMPATH\CodeIgniter.php(351): CodeIgniter\CodeIgniter->handleRequest(null, Object(Config\Cache), false)
 9 FCPATH\index.php(67): CodeIgniter\CodeIgniter->run()
10 SYSTEMPATH\Commands\Server\rewrite.php(46): require_once('FCPATH\\index.php')
CRITICAL - 2023-07-04 13:14:19 --> Undefined variable $data
in APPPATH\Views\admin\halaman_depan.php on line 117.
 1 APPPATH\Views\admin\halaman_depan.php(117): CodeIgniter\Debug\Exceptions->errorHandler(2, 'Undefined variable $data', 'APPPATH\\Views\\admin\\halaman_depan.php', 117)
 2 SYSTEMPATH\View\View.php(213): include('APPPATH\\Views\\admin\\halaman_depan.php')
 3 SYSTEMPATH\View\View.php(216): CodeIgniter\View\View->CodeIgniter\View\{closure}()
 4 SYSTEMPATH\Common.php(1134): CodeIgniter\View\View->render('admin/halaman_depan', [], true)
 5 APPPATH\Controllers\Home.php(19): view('admin/halaman_depan', [...])
 6 SYSTEMPATH\CodeIgniter.php(927): App\Controllers\Home->index()
 7 SYSTEMPATH\CodeIgniter.php(482): CodeIgniter\CodeIgniter->runController(Object(App\Controllers\Home))
 8 SYSTEMPATH\CodeIgniter.php(351): CodeIgniter\CodeIgniter->handleRequest(null, Object(Config\Cache), false)
 9 FCPATH\index.php(67): CodeIgniter\CodeIgniter->run()
10 SYSTEMPATH\Commands\Server\rewrite.php(46): require_once('FCPATH\\index.php')
CRITICAL - 2023-07-04 13:16:26 --> Undefined variable $post
in APPPATH\Views\admin\halaman_depan.php on line 166.
 1 APPPATH\Views\admin\halaman_depan.php(166): CodeIgniter\Debug\Exceptions->errorHandler(2, 'Undefined variable $post', 'APPPATH\\Views\\admin\\halaman_depan.php', 166)
 2 SYSTEMPATH\View\View.php(213): include('APPPATH\\Views\\admin\\halaman_depan.php')
 3 SYSTEMPATH\View\View.php(216): CodeIgniter\View\View->CodeIgniter\View\{closure}()
 4 SYSTEMPATH\Common.php(1134): CodeIgniter\View\View->render('admin/halaman_depan', [], true)
 5 APPPATH\Controllers\Home.php(19): view('admin/halaman_depan', [...])
 6 SYSTEMPATH\CodeIgniter.php(927): App\Controllers\Home->index()
 7 SYSTEMPATH\CodeIgniter.php(482): CodeIgniter\CodeIgniter->runController(Object(App\Controllers\Home))
 8 SYSTEMPATH\CodeIgniter.php(351): CodeIgniter\CodeIgniter->handleRequest(null, Object(Config\Cache), false)
 9 FCPATH\index.php(67): CodeIgniter\CodeIgniter->run()
10 SYSTEMPATH\Commands\Server\rewrite.php(46): require_once('FCPATH\\index.php')
CRITICAL - 2023-07-04 13:17:00 --> Undefined variable $visi
in APPPATH\Views\admin\halaman_depan.php on line 117.
 1 APPPATH\Views\admin\halaman_depan.php(117): CodeIgniter\Debug\Exceptions->errorHandler(2, 'Undefined variable $visi', 'APPPATH\\Views\\admin\\halaman_depan.php', 117)
 2 SYSTEMPATH\View\View.php(213): include('APPPATH\\Views\\admin\\halaman_depan.php')
 3 SYSTEMPATH\View\View.php(216): CodeIgniter\View\View->CodeIgniter\View\{closure}()
 4 SYSTEMPATH\Common.php(1134): CodeIgniter\View\View->render('admin/halaman_depan', [], true)
 5 APPPATH\Controllers\Home.php(19): view('admin/halaman_depan', [...])
 6 SYSTEMPATH\CodeIgniter.php(927): App\Controllers\Home->index()
 7 SYSTEMPATH\CodeIgniter.php(482): CodeIgniter\CodeIgniter->runController(Object(App\Controllers\Home))
 8 SYSTEMPATH\CodeIgniter.php(351): CodeIgniter\CodeIgniter->handleRequest(null, Object(Config\Cache), false)
 9 FCPATH\index.php(67): CodeIgniter\CodeIgniter->run()
10 SYSTEMPATH\Commands\Server\rewrite.php(46): require_once('FCPATH\\index.php')
CRITICAL - 2023-07-04 13:24:33 --> Undefined variable $visi
in APPPATH\Views\admin\halaman_depan.php on line 117.
 1 APPPATH\Views\admin\halaman_depan.php(117): CodeIgniter\Debug\Exceptions->errorHandler(2, 'Undefined variable $visi', 'APPPATH\\Views\\admin\\halaman_depan.php', 117)
 2 SYSTEMPATH\View\View.php(213): include('APPPATH\\Views\\admin\\halaman_depan.php')
 3 SYSTEMPATH\View\View.php(216): CodeIgniter\View\View->CodeIgniter\View\{closure}()
 4 SYSTEMPATH\Common.php(1134): CodeIgniter\View\View->render('admin/halaman_depan', [], true)
 5 APPPATH\Controllers\Home.php(19): view('admin/halaman_depan', [...])
 6 SYSTEMPATH\CodeIgniter.php(927): App\Controllers\Home->index()
 7 SYSTEMPATH\CodeIgniter.php(482): CodeIgniter\CodeIgniter->runController(Object(App\Controllers\Home))
 8 SYSTEMPATH\CodeIgniter.php(351): CodeIgniter\CodeIgniter->handleRequest(null, Object(Config\Cache), false)
 9 FCPATH\index.php(67): CodeIgniter\CodeIgniter->run()
10 SYSTEMPATH\Commands\Server\rewrite.php(46): require_once('FCPATH\\index.php')
CRITICAL - 2023-07-04 13:35:18 --> Undefined variable $visi
in APPPATH\Views\admin\halaman_depan.php on line 117.
 1 APPPATH\Views\admin\halaman_depan.php(117): CodeIgniter\Debug\Exceptions->errorHandler(2, 'Undefined variable $visi', 'APPPATH\\Views\\admin\\halaman_depan.php', 117)
 2 SYSTEMPATH\View\View.php(213): include('APPPATH\\Views\\admin\\halaman_depan.php')
 3 SYSTEMPATH\View\View.php(216): CodeIgniter\View\View->CodeIgniter\View\{closure}()
 4 SYSTEMPATH\Common.php(1134): CodeIgniter\View\View->render('admin/halaman_depan', [], true)
 5 APPPATH\Controllers\Home.php(19): view('admin/halaman_depan', [...])
 6 SYSTEMPATH\CodeIgniter.php(927): App\Controllers\Home->index()
 7 SYSTEMPATH\CodeIgniter.php(482): CodeIgniter\CodeIgniter->runController(Object(App\Controllers\Home))
 8 SYSTEMPATH\CodeIgniter.php(351): CodeIgniter\CodeIgniter->handleRequest(null, Object(Config\Cache), false)
 9 FCPATH\index.php(67): CodeIgniter\CodeIgniter->run()
10 SYSTEMPATH\Commands\Server\rewrite.php(46): require_once('FCPATH\\index.php')
CRITICAL - 2023-07-04 13:39:22 --> Undefined variable $visi
in APPPATH\Views\admin\halaman_depan.php on line 117.
 1 APPPATH\Views\admin\halaman_depan.php(117): CodeIgniter\Debug\Exceptions->errorHandler(2, 'Undefined variable $visi', 'APPPATH\\Views\\admin\\halaman_depan.php', 117)
 2 SYSTEMPATH\View\View.php(213): include('APPPATH\\Views\\admin\\halaman_depan.php')
 3 SYSTEMPATH\View\View.php(216): CodeIgniter\View\View->CodeIgniter\View\{closure}()
 4 SYSTEMPATH\Common.php(1134): CodeIgniter\View\View->render('admin/halaman_depan', [], true)
 5 APPPATH\Controllers\Home.php(19): view('admin/halaman_depan', [...])
 6 SYSTEMPATH\CodeIgniter.php(927): App\Controllers\Home->index()
 7 SYSTEMPATH\CodeIgniter.php(482): CodeIgniter\CodeIgniter->runController(Object(App\Controllers\Home))
 8 SYSTEMPATH\CodeIgniter.php(351): CodeIgniter\CodeIgniter->handleRequest(null, Object(Config\Cache), false)
 9 FCPATH\index.php(67): CodeIgniter\CodeIgniter->run()
10 SYSTEMPATH\Commands\Server\rewrite.php(46): require_once('FCPATH\\index.php')
CRITICAL - 2023-07-04 13:39:23 --> Undefined variable $visi
in APPPATH\Views\admin\halaman_depan.php on line 117.
 1 APPPATH\Views\admin\halaman_depan.php(117): CodeIgniter\Debug\Exceptions->errorHandler(2, 'Undefined variable $visi', 'APPPATH\\Views\\admin\\halaman_depan.php', 117)
 2 SYSTEMPATH\View\View.php(213): include('APPPATH\\Views\\admin\\halaman_depan.php')
 3 SYSTEMPATH\View\View.php(216): CodeIgniter\View\View->CodeIgniter\View\{closure}()
 4 SYSTEMPATH\Common.php(1134): CodeIgniter\View\View->render('admin/halaman_depan', [], true)
 5 APPPATH\Controllers\Home.php(19): view('admin/halaman_depan', [...])
 6 SYSTEMPATH\CodeIgniter.php(927): App\Controllers\Home->index()
 7 SYSTEMPATH\CodeIgniter.php(482): CodeIgniter\CodeIgniter->runController(Object(App\Controllers\Home))
 8 SYSTEMPATH\CodeIgniter.php(351): CodeIgniter\CodeIgniter->handleRequest(null, Object(Config\Cache), false)
 9 FCPATH\index.php(67): CodeIgniter\CodeIgniter->run()
10 SYSTEMPATH\Commands\Server\rewrite.php(46): require_once('FCPATH\\index.php')
CRITICAL - 2023-07-04 13:43:29 --> Undefined variable $visi
in APPPATH\Views\admin\halaman_depan.php on line 117.
 1 APPPATH\Views\admin\halaman_depan.php(117): CodeIgniter\Debug\Exceptions->errorHandler(2, 'Undefined variable $visi', 'APPPATH\\Views\\admin\\halaman_depan.php', 117)
 2 SYSTEMPATH\View\View.php(213): include('APPPATH\\Views\\admin\\halaman_depan.php')
 3 SYSTEMPATH\View\View.php(216): CodeIgniter\View\View->CodeIgniter\View\{closure}()
 4 SYSTEMPATH\Common.php(1134): CodeIgniter\View\View->render('admin/halaman_depan', [], true)
 5 APPPATH\Controllers\Home.php(19): view('admin/halaman_depan', [...])
 6 SYSTEMPATH\CodeIgniter.php(927): App\Controllers\Home->index()
 7 SYSTEMPATH\CodeIgniter.php(482): CodeIgniter\CodeIgniter->runController(Object(App\Controllers\Home))
 8 SYSTEMPATH\CodeIgniter.php(351): CodeIgniter\CodeIgniter->handleRequest(null, Object(Config\Cache), false)
 9 FCPATH\index.php(67): CodeIgniter\CodeIgniter->run()
10 SYSTEMPATH\Commands\Server\rewrite.php(46): require_once('FCPATH\\index.php')
CRITICAL - 2023-07-04 13:46:18 --> Undefined variable $visi
in APPPATH\Views\admin\halaman_depan.php on line 117.
 1 APPPATH\Views\admin\halaman_depan.php(117): CodeIgniter\Debug\Exceptions->errorHandler(2, 'Undefined variable $visi', 'APPPATH\\Views\\admin\\halaman_depan.php', 117)
 2 SYSTEMPATH\View\View.php(213): include('APPPATH\\Views\\admin\\halaman_depan.php')
 3 SYSTEMPATH\View\View.php(216): CodeIgniter\View\View->CodeIgniter\View\{closure}()
 4 SYSTEMPATH\Common.php(1134): CodeIgniter\View\View->render('admin/halaman_depan', [], true)
 5 APPPATH\Controllers\Home.php(19): view('admin/halaman_depan', [...])
 6 SYSTEMPATH\CodeIgniter.php(927): App\Controllers\Home->index()
 7 SYSTEMPATH\CodeIgniter.php(482): CodeIgniter\CodeIgniter->runController(Object(App\Controllers\Home))
 8 SYSTEMPATH\CodeIgniter.php(351): CodeIgniter\CodeIgniter->handleRequest(null, Object(Config\Cache), false)
 9 FCPATH\index.php(67): CodeIgniter\CodeIgniter->run()
10 SYSTEMPATH\Commands\Server\rewrite.php(46): require_once('FCPATH\\index.php')
CRITICAL - 2023-07-04 13:46:21 --> Undefined variable $visi
in APPPATH\Views\admin\halaman_depan.php on line 117.
 1 APPPATH\Views\admin\halaman_depan.php(117): CodeIgniter\Debug\Exceptions->errorHandler(2, 'Undefined variable $visi', 'APPPATH\\Views\\admin\\halaman_depan.php', 117)
 2 SYSTEMPATH\View\View.php(213): include('APPPATH\\Views\\admin\\halaman_depan.php')
 3 SYSTEMPATH\View\View.php(216): CodeIgniter\View\View->CodeIgniter\View\{closure}()
 4 SYSTEMPATH\Common.php(1134): CodeIgniter\View\View->render('admin/halaman_depan', [], true)
 5 APPPATH\Controllers\Home.php(19): view('admin/halaman_depan', [...])
 6 SYSTEMPATH\CodeIgniter.php(927): App\Controllers\Home->index()
 7 SYSTEMPATH\CodeIgniter.php(482): CodeIgniter\CodeIgniter->runController(Object(App\Controllers\Home))
 8 SYSTEMPATH\CodeIgniter.php(351): CodeIgniter\CodeIgniter->handleRequest(null, Object(Config\Cache), false)
 9 FCPATH\index.php(67): CodeIgniter\CodeIgniter->run()
10 SYSTEMPATH\Commands\Server\rewrite.php(46): require_once('FCPATH\\index.php')
CRITICAL - 2023-07-04 13:46:52 --> Undefined variable $visi
in APPPATH\Views\admin\halaman_depan.php on line 117.
 1 APPPATH\Views\admin\halaman_depan.php(117): CodeIgniter\Debug\Exceptions->errorHandler(2, 'Undefined variable $visi', 'APPPATH\\Views\\admin\\halaman_depan.php', 117)
 2 SYSTEMPATH\View\View.php(213): include('APPPATH\\Views\\admin\\halaman_depan.php')
 3 SYSTEMPATH\View\View.php(216): CodeIgniter\View\View->CodeIgniter\View\{closure}()
 4 SYSTEMPATH\Common.php(1134): CodeIgniter\View\View->render('admin/halaman_depan', [], true)
 5 APPPATH\Controllers\Home.php(19): view('admin/halaman_depan', [...])
 6 SYSTEMPATH\CodeIgniter.php(927): App\Controllers\Home->index()
 7 SYSTEMPATH\CodeIgniter.php(482): CodeIgniter\CodeIgniter->runController(Object(App\Controllers\Home))
 8 SYSTEMPATH\CodeIgniter.php(351): CodeIgniter\CodeIgniter->handleRequest(null, Object(Config\Cache), false)
 9 FCPATH\index.php(67): CodeIgniter\CodeIgniter->run()
10 SYSTEMPATH\Commands\Server\rewrite.php(46): require_once('FCPATH\\index.php')
CRITICAL - 2023-07-04 13:46:53 --> Undefined variable $visi
in APPPATH\Views\admin\halaman_depan.php on line 117.
 1 APPPATH\Views\admin\halaman_depan.php(117): CodeIgniter\Debug\Exceptions->errorHandler(2, 'Undefined variable $visi', 'APPPATH\\Views\\admin\\halaman_depan.php', 117)
 2 SYSTEMPATH\View\View.php(213): include('APPPATH\\Views\\admin\\halaman_depan.php')
 3 SYSTEMPATH\View\View.php(216): CodeIgniter\View\View->CodeIgniter\View\{closure}()
 4 SYSTEMPATH\Common.php(1134): CodeIgniter\View\View->render('admin/halaman_depan', [], true)
 5 APPPATH\Controllers\Home.php(19): view('admin/halaman_depan', [...])
 6 SYSTEMPATH\CodeIgniter.php(927): App\Controllers\Home->index()
 7 SYSTEMPATH\CodeIgniter.php(482): CodeIgniter\CodeIgniter->runController(Object(App\Controllers\Home))
 8 SYSTEMPATH\CodeIgniter.php(351): CodeIgniter\CodeIgniter->handleRequest(null, Object(Config\Cache), false)
 9 FCPATH\index.php(67): CodeIgniter\CodeIgniter->run()
10 SYSTEMPATH\Commands\Server\rewrite.php(46): require_once('FCPATH\\index.php')
CRITICAL - 2023-07-04 13:46:54 --> Undefined variable $visi
in APPPATH\Views\admin\halaman_depan.php on line 117.
 1 APPPATH\Views\admin\halaman_depan.php(117): CodeIgniter\Debug\Exceptions->errorHandler(2, 'Undefined variable $visi', 'APPPATH\\Views\\admin\\halaman_depan.php', 117)
 2 SYSTEMPATH\View\View.php(213): include('APPPATH\\Views\\admin\\halaman_depan.php')
 3 SYSTEMPATH\View\View.php(216): CodeIgniter\View\View->CodeIgniter\View\{closure}()
 4 SYSTEMPATH\Common.php(1134): CodeIgniter\View\View->render('admin/halaman_depan', [], true)
 5 APPPATH\Controllers\Home.php(19): view('admin/halaman_depan', [...])
 6 SYSTEMPATH\CodeIgniter.php(927): App\Controllers\Home->index()
 7 SYSTEMPATH\CodeIgniter.php(482): CodeIgniter\CodeIgniter->runController(Object(App\Controllers\Home))
 8 SYSTEMPATH\CodeIgniter.php(351): CodeIgniter\CodeIgniter->handleRequest(null, Object(Config\Cache), false)
 9 FCPATH\index.php(67): CodeIgniter\CodeIgniter->run()
10 SYSTEMPATH\Commands\Server\rewrite.php(46): require_once('FCPATH\\index.php')
CRITICAL - 2023-07-04 13:46:56 --> Undefined variable $visi
in APPPATH\Views\admin\halaman_depan.php on line 117.
 1 APPPATH\Views\admin\halaman_depan.php(117): CodeIgniter\Debug\Exceptions->errorHandler(2, 'Undefined variable $visi', 'APPPATH\\Views\\admin\\halaman_depan.php', 117)
 2 SYSTEMPATH\View\View.php(213): include('APPPATH\\Views\\admin\\halaman_depan.php')
 3 SYSTEMPATH\View\View.php(216): CodeIgniter\View\View->CodeIgniter\View\{closure}()
 4 SYSTEMPATH\Common.php(1134): CodeIgniter\View\View->render('admin/halaman_depan', [], true)
 5 APPPATH\Controllers\Home.php(19): view('admin/halaman_depan', [...])
 6 SYSTEMPATH\CodeIgniter.php(927): App\Controllers\Home->index()
 7 SYSTEMPATH\CodeIgniter.php(482): CodeIgniter\CodeIgniter->runController(Object(App\Controllers\Home))
 8 SYSTEMPATH\CodeIgniter.php(351): CodeIgniter\CodeIgniter->handleRequest(null, Object(Config\Cache), false)
 9 FCPATH\index.php(67): CodeIgniter\CodeIgniter->run()
10 SYSTEMPATH\Commands\Server\rewrite.php(46): require_once('FCPATH\\index.php')
CRITICAL - 2023-07-04 13:46:56 --> Undefined variable $visi
in APPPATH\Views\admin\halaman_depan.php on line 117.
 1 APPPATH\Views\admin\halaman_depan.php(117): CodeIgniter\Debug\Exceptions->errorHandler(2, 'Undefined variable $visi', 'APPPATH\\Views\\admin\\halaman_depan.php', 117)
 2 SYSTEMPATH\View\View.php(213): include('APPPATH\\Views\\admin\\halaman_depan.php')
 3 SYSTEMPATH\View\View.php(216): CodeIgniter\View\View->CodeIgniter\View\{closure}()
 4 SYSTEMPATH\Common.php(1134): CodeIgniter\View\View->render('admin/halaman_depan', [], true)
 5 APPPATH\Controllers\Home.php(19): view('admin/halaman_depan', [...])
 6 SYSTEMPATH\CodeIgniter.php(927): App\Controllers\Home->index()
 7 SYSTEMPATH\CodeIgniter.php(482): CodeIgniter\CodeIgniter->runController(Object(App\Controllers\Home))
 8 SYSTEMPATH\CodeIgniter.php(351): CodeIgniter\CodeIgniter->handleRequest(null, Object(Config\Cache), false)
 9 FCPATH\index.php(67): CodeIgniter\CodeIgniter->run()
10 SYSTEMPATH\Commands\Server\rewrite.php(46): require_once('FCPATH\\index.php')
CRITICAL - 2023-07-04 13:47:03 --> Undefined variable $visi
in APPPATH\Views\admin\halaman_depan.php on line 117.
 1 APPPATH\Views\admin\halaman_depan.php(117): CodeIgniter\Debug\Exceptions->errorHandler(2, 'Undefined variable $visi', 'APPPATH\\Views\\admin\\halaman_depan.php', 117)
 2 SYSTEMPATH\View\View.php(213): include('APPPATH\\Views\\admin\\halaman_depan.php')
 3 SYSTEMPATH\View\View.php(216): CodeIgniter\View\View->CodeIgniter\View\{closure}()
 4 SYSTEMPATH\Common.php(1134): CodeIgniter\View\View->render('admin/halaman_depan', [], true)
 5 APPPATH\Controllers\Home.php(19): view('admin/halaman_depan', [...])
 6 SYSTEMPATH\CodeIgniter.php(927): App\Controllers\Home->index()
 7 SYSTEMPATH\CodeIgniter.php(482): CodeIgniter\CodeIgniter->runController(Object(App\Controllers\Home))
 8 SYSTEMPATH\CodeIgniter.php(351): CodeIgniter\CodeIgniter->handleRequest(null, Object(Config\Cache), false)
 9 FCPATH\index.php(67): CodeIgniter\CodeIgniter->run()
10 SYSTEMPATH\Commands\Server\rewrite.php(46): require_once('FCPATH\\index.php')
ERROR - 2023-07-04 13:47:20 --> Error connecting to the database: mysqli_sql_exception: Unknown database 'appoperasi' in C:\xampp\htdocs\appKoperasiWeb\system\Database\MySQLi\Connection.php:171
Stack trace:
#0 C:\xampp\htdocs\appKoperasiWeb\system\Database\MySQLi\Connection.php(171): mysqli->real_connect('localhost', 'root', '', 'appoperasi', 3306, '', 0)
#1 C:\xampp\htdocs\appKoperasiWeb\system\Database\BaseConnection.php(382): CodeIgniter\Database\MySQLi\Connection->connect(false)
#2 C:\xampp\htdocs\appKoperasiWeb\system\Database\BaseConnection.php(561): CodeIgniter\Database\BaseConnection->initialize()
#3 C:\xampp\htdocs\appKoperasiWeb\app\Controllers\Home.php(10): CodeIgniter\Database\BaseConnection->query('SELECT * FROM k...')
#4 C:\xampp\htdocs\appKoperasiWeb\system\CodeIgniter.php(927): App\Controllers\Home->index()
#5 C:\xampp\htdocs\appKoperasiWeb\system\CodeIgniter.php(482): CodeIgniter\CodeIgniter->runController(Object(App\Controllers\Home))
#6 C:\xampp\htdocs\appKoperasiWeb\system\CodeIgniter.php(351): CodeIgniter\CodeIgniter->handleRequest(NULL, Object(Config\Cache), false)
#7 C:\xampp\htdocs\appKoperasiWeb\public\index.php(67): CodeIgniter\CodeIgniter->run()
#8 C:\xampp\htdocs\appKoperasiWeb\system\Commands\Server\rewrite.php(46): require_once('C:\\xampp\\htdocs...')
#9 {main}

Next CodeIgniter\Database\Exceptions\DatabaseException: Unknown database 'appoperasi' in C:\xampp\htdocs\appKoperasiWeb\system\Database\MySQLi\Connection.php:215
Stack trace:
#0 C:\xampp\htdocs\appKoperasiWeb\system\Database\BaseConnection.php(382): CodeIgniter\Database\MySQLi\Connection->connect(false)
#1 C:\xampp\htdocs\appKoperasiWeb\system\Database\BaseConnection.php(561): CodeIgniter\Database\BaseConnection->initialize()
#2 C:\xampp\htdocs\appKoperasiWeb\app\Controllers\Home.php(10): CodeIgniter\Database\BaseConnection->query('SELECT * FROM k...')
#3 C:\xampp\htdocs\appKoperasiWeb\system\CodeIgniter.php(927): App\Controllers\Home->index()
#4 C:\xampp\htdocs\appKoperasiWeb\system\CodeIgniter.php(482): CodeIgniter\CodeIgniter->runController(Object(App\Controllers\Home))
#5 C:\xampp\htdocs\appKoperasiWeb\system\CodeIgniter.php(351): CodeIgniter\CodeIgniter->handleRequest(NULL, Object(Config\Cache), false)
#6 C:\xampp\htdocs\appKoperasiWeb\public\index.php(67): CodeIgniter\CodeIgniter->run()
#7 C:\xampp\htdocs\appKoperasiWeb\system\Commands\Server\rewrite.php(46): require_once('C:\\xampp\\htdocs...')
#8 {main}
CRITICAL - 2023-07-04 13:47:20 --> Unable to connect to the database.
Main connection [MySQLi]: Unknown database 'appoperasi'
in SYSTEMPATH\Database\BaseConnection.php on line 418.
 1 SYSTEMPATH\Database\BaseConnection.php(561): CodeIgniter\Database\BaseConnection->initialize()
 2 APPPATH\Controllers\Home.php(10): CodeIgniter\Database\BaseConnection->query('SELECT * FROM kontak')
 3 SYSTEMPATH\CodeIgniter.php(927): App\Controllers\Home->index()
 4 SYSTEMPATH\CodeIgniter.php(482): CodeIgniter\CodeIgniter->runController(Object(App\Controllers\Home))
 5 SYSTEMPATH\CodeIgniter.php(351): CodeIgniter\CodeIgniter->handleRequest(null, Object(Config\Cache), false)
 6 FCPATH\index.php(67): CodeIgniter\CodeIgniter->run()
 7 SYSTEMPATH\Commands\Server\rewrite.php(46): require_once('FCPATH\\index.php')
CRITICAL - 2023-07-04 13:47:45 --> Undefined variable $visi
in APPPATH\Views\admin\halaman_depan.php on line 117.
 1 APPPATH\Views\admin\halaman_depan.php(117): CodeIgniter\Debug\Exceptions->errorHandler(2, 'Undefined variable $visi', 'APPPATH\\Views\\admin\\halaman_depan.php', 117)
 2 SYSTEMPATH\View\View.php(213): include('APPPATH\\Views\\admin\\halaman_depan.php')
 3 SYSTEMPATH\View\View.php(216): CodeIgniter\View\View->CodeIgniter\View\{closure}()
 4 SYSTEMPATH\Common.php(1134): CodeIgniter\View\View->render('admin/halaman_depan', [], true)
 5 APPPATH\Controllers\Home.php(19): view('admin/halaman_depan', [...])
 6 SYSTEMPATH\CodeIgniter.php(927): App\Controllers\Home->index()
 7 SYSTEMPATH\CodeIgniter.php(482): CodeIgniter\CodeIgniter->runController(Object(App\Controllers\Home))
 8 SYSTEMPATH\CodeIgniter.php(351): CodeIgniter\CodeIgniter->handleRequest(null, Object(Config\Cache), false)
 9 FCPATH\index.php(67): CodeIgniter\CodeIgniter->run()
10 SYSTEMPATH\Commands\Server\rewrite.php(46): require_once('FCPATH\\index.php')
CRITICAL - 2023-07-04 13:55:52 --> Undefined variable $data
in APPPATH\Views\admin\halaman_depan.php on line 117.
 1 APPPATH\Views\admin\halaman_depan.php(117): CodeIgniter\Debug\Exceptions->errorHandler(2, 'Undefined variable $data', 'APPPATH\\Views\\admin\\halaman_depan.php', 117)
 2 SYSTEMPATH\View\View.php(213): include('APPPATH\\Views\\admin\\halaman_depan.php')
 3 SYSTEMPATH\View\View.php(216): CodeIgniter\View\View->CodeIgniter\View\{closure}()
 4 SYSTEMPATH\Common.php(1134): CodeIgniter\View\View->render('admin/halaman_depan', [], true)
 5 APPPATH\Controllers\Home.php(19): view('admin/halaman_depan', [...])
 6 SYSTEMPATH\CodeIgniter.php(927): App\Controllers\Home->index()
 7 SYSTEMPATH\CodeIgniter.php(482): CodeIgniter\CodeIgniter->runController(Object(App\Controllers\Home))
 8 SYSTEMPATH\CodeIgniter.php(351): CodeIgniter\CodeIgniter->handleRequest(null, Object(Config\Cache), false)
 9 FCPATH\index.php(67): CodeIgniter\CodeIgniter->run()
10 SYSTEMPATH\Commands\Server\rewrite.php(46): require_once('FCPATH\\index.php')
CRITICAL - 2023-07-04 13:55:54 --> Undefined variable $data
in APPPATH\Views\admin\halaman_depan.php on line 117.
 1 APPPATH\Views\admin\halaman_depan.php(117): CodeIgniter\Debug\Exceptions->errorHandler(2, 'Undefined variable $data', 'APPPATH\\Views\\admin\\halaman_depan.php', 117)
 2 SYSTEMPATH\View\View.php(213): include('APPPATH\\Views\\admin\\halaman_depan.php')
 3 SYSTEMPATH\View\View.php(216): CodeIgniter\View\View->CodeIgniter\View\{closure}()
 4 SYSTEMPATH\Common.php(1134): CodeIgniter\View\View->render('admin/halaman_depan', [], true)
 5 APPPATH\Controllers\Home.php(19): view('admin/halaman_depan', [...])
 6 SYSTEMPATH\CodeIgniter.php(927): App\Controllers\Home->index()
 7 SYSTEMPATH\CodeIgniter.php(482): CodeIgniter\CodeIgniter->runController(Object(App\Controllers\Home))
 8 SYSTEMPATH\CodeIgniter.php(351): CodeIgniter\CodeIgniter->handleRequest(null, Object(Config\Cache), false)
 9 FCPATH\index.php(67): CodeIgniter\CodeIgniter->run()
10 SYSTEMPATH\Commands\Server\rewrite.php(46): require_once('FCPATH\\index.php')
CRITICAL - 2023-07-04 14:03:48 --> Undefined variable $visi
in APPPATH\Views\admin\halaman_depan.php on line 117.
 1 APPPATH\Views\admin\halaman_depan.php(117): CodeIgniter\Debug\Exceptions->errorHandler(2, 'Undefined variable $visi', 'APPPATH\\Views\\admin\\halaman_depan.php', 117)
 2 SYSTEMPATH\View\View.php(213): include('APPPATH\\Views\\admin\\halaman_depan.php')
 3 SYSTEMPATH\View\View.php(216): CodeIgniter\View\View->CodeIgniter\View\{closure}()
 4 SYSTEMPATH\Common.php(1134): CodeIgniter\View\View->render('admin/halaman_depan', [], true)
 5 APPPATH\Controllers\Home.php(19): view('admin/halaman_depan', [...])
 6 SYSTEMPATH\CodeIgniter.php(927): App\Controllers\Home->index()
 7 SYSTEMPATH\CodeIgniter.php(482): CodeIgniter\CodeIgniter->runController(Object(App\Controllers\Home))
 8 SYSTEMPATH\CodeIgniter.php(351): CodeIgniter\CodeIgniter->handleRequest(null, Object(Config\Cache), false)
 9 FCPATH\index.php(67): CodeIgniter\CodeIgniter->run()
10 SYSTEMPATH\Commands\Server\rewrite.php(46): require_once('FCPATH\\index.php')
CRITICAL - 2023-07-04 14:03:51 --> Undefined variable $visi
in APPPATH\Views\admin\halaman_depan.php on line 117.
 1 APPPATH\Views\admin\halaman_depan.php(117): CodeIgniter\Debug\Exceptions->errorHandler(2, 'Undefined variable $visi', 'APPPATH\\Views\\admin\\halaman_depan.php', 117)
 2 SYSTEMPATH\View\View.php(213): include('APPPATH\\Views\\admin\\halaman_depan.php')
 3 SYSTEMPATH\View\View.php(216): CodeIgniter\View\View->CodeIgniter\View\{closure}()
 4 SYSTEMPATH\Common.php(1134): CodeIgniter\View\View->render('admin/halaman_depan', [], true)
 5 APPPATH\Controllers\Home.php(19): view('admin/halaman_depan', [...])
 6 SYSTEMPATH\CodeIgniter.php(927): App\Controllers\Home->index()
 7 SYSTEMPATH\CodeIgniter.php(482): CodeIgniter\CodeIgniter->runController(Object(App\Controllers\Home))
 8 SYSTEMPATH\CodeIgniter.php(351): CodeIgniter\CodeIgniter->handleRequest(null, Object(Config\Cache), false)
 9 FCPATH\index.php(67): CodeIgniter\CodeIgniter->run()
10 SYSTEMPATH\Commands\Server\rewrite.php(46): require_once('FCPATH\\index.php')
CRITICAL - 2023-07-04 14:15:10 --> Undefined variable $visi
in APPPATH\Views\admin\halaman_depan.php on line 117.
 1 APPPATH\Views\admin\halaman_depan.php(117): CodeIgniter\Debug\Exceptions->errorHandler(2, 'Undefined variable $visi', 'APPPATH\\Views\\admin\\halaman_depan.php', 117)
 2 SYSTEMPATH\View\View.php(213): include('APPPATH\\Views\\admin\\halaman_depan.php')
 3 SYSTEMPATH\View\View.php(216): CodeIgniter\View\View->CodeIgniter\View\{closure}()
 4 SYSTEMPATH\Common.php(1134): CodeIgniter\View\View->render('admin/halaman_depan', [], true)
 5 APPPATH\Controllers\Home.php(19): view('admin/halaman_depan', [...])
 6 SYSTEMPATH\CodeIgniter.php(927): App\Controllers\Home->index()
 7 SYSTEMPATH\CodeIgniter.php(482): CodeIgniter\CodeIgniter->runController(Object(App\Controllers\Home))
 8 SYSTEMPATH\CodeIgniter.php(351): CodeIgniter\CodeIgniter->handleRequest(null, Object(Config\Cache), false)
 9 FCPATH\index.php(67): CodeIgniter\CodeIgniter->run()
10 SYSTEMPATH\Commands\Server\rewrite.php(46): require_once('FCPATH\\index.php')
CRITICAL - 2023-07-04 14:16:00 --> Undefined variable $visi
in APPPATH\Views\admin\halaman_depan.php on line 117.
 1 APPPATH\Views\admin\halaman_depan.php(117): CodeIgniter\Debug\Exceptions->errorHandler(2, 'Undefined variable $visi', 'APPPATH\\Views\\admin\\halaman_depan.php', 117)
 2 SYSTEMPATH\View\View.php(213): include('APPPATH\\Views\\admin\\halaman_depan.php')
 3 SYSTEMPATH\View\View.php(216): CodeIgniter\View\View->CodeIgniter\View\{closure}()
 4 SYSTEMPATH\Common.php(1134): CodeIgniter\View\View->render('admin/halaman_depan', [], true)
 5 APPPATH\Controllers\Home.php(19): view('admin/halaman_depan', [...])
 6 SYSTEMPATH\CodeIgniter.php(927): App\Controllers\Home->index()
 7 SYSTEMPATH\CodeIgniter.php(482): CodeIgniter\CodeIgniter->runController(Object(App\Controllers\Home))
 8 SYSTEMPATH\CodeIgniter.php(351): CodeIgniter\CodeIgniter->handleRequest(null, Object(Config\Cache), false)
 9 FCPATH\index.php(67): CodeIgniter\CodeIgniter->run()
10 SYSTEMPATH\Commands\Server\rewrite.php(46): require_once('FCPATH\\index.php')
CRITICAL - 2023-07-04 14:16:44 --> Undefined variable $visi
in APPPATH\Views\admin\halaman_depan.php on line 117.
 1 APPPATH\Views\admin\halaman_depan.php(117): CodeIgniter\Debug\Exceptions->errorHandler(2, 'Undefined variable $visi', 'APPPATH\\Views\\admin\\halaman_depan.php', 117)
 2 SYSTEMPATH\View\View.php(213): include('APPPATH\\Views\\admin\\halaman_depan.php')
 3 SYSTEMPATH\View\View.php(216): CodeIgniter\View\View->CodeIgniter\View\{closure}()
 4 SYSTEMPATH\Common.php(1134): CodeIgniter\View\View->render('admin/halaman_depan', [], true)
 5 APPPATH\Controllers\Home.php(19): view('admin/halaman_depan', [...])
 6 SYSTEMPATH\CodeIgniter.php(927): App\Controllers\Home->index()
 7 SYSTEMPATH\CodeIgniter.php(482): CodeIgniter\CodeIgniter->runController(Object(App\Controllers\Home))
 8 SYSTEMPATH\CodeIgniter.php(351): CodeIgniter\CodeIgniter->handleRequest(null, Object(Config\Cache), false)
 9 FCPATH\index.php(67): CodeIgniter\CodeIgniter->run()
10 SYSTEMPATH\Commands\Server\rewrite.php(46): require_once('FCPATH\\index.php')
CRITICAL - 2023-07-04 14:16:45 --> Undefined variable $visi
in APPPATH\Views\admin\halaman_depan.php on line 117.
 1 APPPATH\Views\admin\halaman_depan.php(117): CodeIgniter\Debug\Exceptions->errorHandler(2, 'Undefined variable $visi', 'APPPATH\\Views\\admin\\halaman_depan.php', 117)
 2 SYSTEMPATH\View\View.php(213): include('APPPATH\\Views\\admin\\halaman_depan.php')
 3 SYSTEMPATH\View\View.php(216): CodeIgniter\View\View->CodeIgniter\View\{closure}()
 4 SYSTEMPATH\Common.php(1134): CodeIgniter\View\View->render('admin/halaman_depan', [], true)
 5 APPPATH\Controllers\Home.php(19): view('admin/halaman_depan', [...])
 6 SYSTEMPATH\CodeIgniter.php(927): App\Controllers\Home->index()
 7 SYSTEMPATH\CodeIgniter.php(482): CodeIgniter\CodeIgniter->runController(Object(App\Controllers\Home))
 8 SYSTEMPATH\CodeIgniter.php(351): CodeIgniter\CodeIgniter->handleRequest(null, Object(Config\Cache), false)
 9 FCPATH\index.php(67): CodeIgniter\CodeIgniter->run()
10 SYSTEMPATH\Commands\Server\rewrite.php(46): require_once('FCPATH\\index.php')
CRITICAL - 2023-07-04 14:17:27 --> Undefined variable $data
in APPPATH\Views\admin\halaman_depan.php on line 117.
 1 APPPATH\Views\admin\halaman_depan.php(117): CodeIgniter\Debug\Exceptions->errorHandler(2, 'Undefined variable $data', 'APPPATH\\Views\\admin\\halaman_depan.php', 117)
 2 SYSTEMPATH\View\View.php(213): include('APPPATH\\Views\\admin\\halaman_depan.php')
 3 SYSTEMPATH\View\View.php(216): CodeIgniter\View\View->CodeIgniter\View\{closure}()
 4 SYSTEMPATH\Common.php(1134): CodeIgniter\View\View->render('admin/halaman_depan', [], true)
 5 APPPATH\Controllers\Home.php(19): view('admin/halaman_depan', [...])
 6 SYSTEMPATH\CodeIgniter.php(927): App\Controllers\Home->index()
 7 SYSTEMPATH\CodeIgniter.php(482): CodeIgniter\CodeIgniter->runController(Object(App\Controllers\Home))
 8 SYSTEMPATH\CodeIgniter.php(351): CodeIgniter\CodeIgniter->handleRequest(null, Object(Config\Cache), false)
 9 FCPATH\index.php(67): CodeIgniter\CodeIgniter->run()
10 SYSTEMPATH\Commands\Server\rewrite.php(46): require_once('FCPATH\\index.php')
CRITICAL - 2023-07-04 14:18:00 --> Undefined variable $data
in APPPATH\Views\admin\halaman_depan.php on line 117.
 1 APPPATH\Views\admin\halaman_depan.php(117): CodeIgniter\Debug\Exceptions->errorHandler(2, 'Undefined variable $data', 'APPPATH\\Views\\admin\\halaman_depan.php', 117)
 2 SYSTEMPATH\View\View.php(213): include('APPPATH\\Views\\admin\\halaman_depan.php')
 3 SYSTEMPATH\View\View.php(216): CodeIgniter\View\View->CodeIgniter\View\{closure}()
 4 SYSTEMPATH\Common.php(1134): CodeIgniter\View\View->render('admin/halaman_depan', [], true)
 5 APPPATH\Controllers\Home.php(19): view('admin/halaman_depan', [...])
 6 SYSTEMPATH\CodeIgniter.php(927): App\Controllers\Home->index()
 7 SYSTEMPATH\CodeIgniter.php(482): CodeIgniter\CodeIgniter->runController(Object(App\Controllers\Home))
 8 SYSTEMPATH\CodeIgniter.php(351): CodeIgniter\CodeIgniter->handleRequest(null, Object(Config\Cache), false)
 9 FCPATH\index.php(67): CodeIgniter\CodeIgniter->run()
10 SYSTEMPATH\Commands\Server\rewrite.php(46): require_once('FCPATH\\index.php')
CRITICAL - 2023-07-04 14:18:01 --> Undefined variable $data
in APPPATH\Views\admin\halaman_depan.php on line 117.
 1 APPPATH\Views\admin\halaman_depan.php(117): CodeIgniter\Debug\Exceptions->errorHandler(2, 'Undefined variable $data', 'APPPATH\\Views\\admin\\halaman_depan.php', 117)
 2 SYSTEMPATH\View\View.php(213): include('APPPATH\\Views\\admin\\halaman_depan.php')
 3 SYSTEMPATH\View\View.php(216): CodeIgniter\View\View->CodeIgniter\View\{closure}()
 4 SYSTEMPATH\Common.php(1134): CodeIgniter\View\View->render('admin/halaman_depan', [], true)
 5 APPPATH\Controllers\Home.php(19): view('admin/halaman_depan', [...])
 6 SYSTEMPATH\CodeIgniter.php(927): App\Controllers\Home->index()
 7 SYSTEMPATH\CodeIgniter.php(482): CodeIgniter\CodeIgniter->runController(Object(App\Controllers\Home))
 8 SYSTEMPATH\CodeIgniter.php(351): CodeIgniter\CodeIgniter->handleRequest(null, Object(Config\Cache), false)
 9 FCPATH\index.php(67): CodeIgniter\CodeIgniter->run()
10 SYSTEMPATH\Commands\Server\rewrite.php(46): require_once('FCPATH\\index.php')
CRITICAL - 2023-07-04 14:18:02 --> Undefined variable $data
in APPPATH\Views\admin\halaman_depan.php on line 117.
 1 APPPATH\Views\admin\halaman_depan.php(117): CodeIgniter\Debug\Exceptions->errorHandler(2, 'Undefined variable $data', 'APPPATH\\Views\\admin\\halaman_depan.php', 117)
 2 SYSTEMPATH\View\View.php(213): include('APPPATH\\Views\\admin\\halaman_depan.php')
 3 SYSTEMPATH\View\View.php(216): CodeIgniter\View\View->CodeIgniter\View\{closure}()
 4 SYSTEMPATH\Common.php(1134): CodeIgniter\View\View->render('admin/halaman_depan', [], true)
 5 APPPATH\Controllers\Home.php(19): view('admin/halaman_depan', [...])
 6 SYSTEMPATH\CodeIgniter.php(927): App\Controllers\Home->index()
 7 SYSTEMPATH\CodeIgniter.php(482): CodeIgniter\CodeIgniter->runController(Object(App\Controllers\Home))
 8 SYSTEMPATH\CodeIgniter.php(351): CodeIgniter\CodeIgniter->handleRequest(null, Object(Config\Cache), false)
 9 FCPATH\index.php(67): CodeIgniter\CodeIgniter->run()
10 SYSTEMPATH\Commands\Server\rewrite.php(46): require_once('FCPATH\\index.php')
CRITICAL - 2023-07-04 14:19:15 --> Undefined variable $data
in APPPATH\Views\admin\halaman_depan.php on line 117.
 1 APPPATH\Views\admin\halaman_depan.php(117): CodeIgniter\Debug\Exceptions->errorHandler(2, 'Undefined variable $data', 'APPPATH\\Views\\admin\\halaman_depan.php', 117)
 2 SYSTEMPATH\View\View.php(213): include('APPPATH\\Views\\admin\\halaman_depan.php')
 3 SYSTEMPATH\View\View.php(216): CodeIgniter\View\View->CodeIgniter\View\{closure}()
 4 SYSTEMPATH\Common.php(1134): CodeIgniter\View\View->render('admin/halaman_depan', [], true)
 5 APPPATH\Controllers\Home.php(19): view('admin/halaman_depan', [...])
 6 SYSTEMPATH\CodeIgniter.php(927): App\Controllers\Home->index()
 7 SYSTEMPATH\CodeIgniter.php(482): CodeIgniter\CodeIgniter->runController(Object(App\Controllers\Home))
 8 SYSTEMPATH\CodeIgniter.php(351): CodeIgniter\CodeIgniter->handleRequest(null, Object(Config\Cache), false)
 9 FCPATH\index.php(67): CodeIgniter\CodeIgniter->run()
10 SYSTEMPATH\Commands\Server\rewrite.php(46): require_once('FCPATH\\index.php')
CRITICAL - 2023-07-04 14:21:58 --> Undefined variable $data
in APPPATH\Views\admin\halaman_depan.php on line 117.
 1 APPPATH\Views\admin\halaman_depan.php(117): CodeIgniter\Debug\Exceptions->errorHandler(2, 'Undefined variable $data', 'APPPATH\\Views\\admin\\halaman_depan.php', 117)
 2 SYSTEMPATH\View\View.php(213): include('APPPATH\\Views\\admin\\halaman_depan.php')
 3 SYSTEMPATH\View\View.php(216): CodeIgniter\View\View->CodeIgniter\View\{closure}()
 4 SYSTEMPATH\Common.php(1134): CodeIgniter\View\View->render('admin/halaman_depan', [], true)
 5 APPPATH\Controllers\Home.php(19): view('admin/halaman_depan', [...])
 6 SYSTEMPATH\CodeIgniter.php(927): App\Controllers\Home->index()
 7 SYSTEMPATH\CodeIgniter.php(482): CodeIgniter\CodeIgniter->runController(Object(App\Controllers\Home))
 8 SYSTEMPATH\CodeIgniter.php(351): CodeIgniter\CodeIgniter->handleRequest(null, Object(Config\Cache), false)
 9 FCPATH\index.php(67): CodeIgniter\CodeIgniter->run()
10 SYSTEMPATH\Commands\Server\rewrite.php(46): require_once('FCPATH\\index.php')
CRITICAL - 2023-07-04 14:21:59 --> Undefined variable $data
in APPPATH\Views\admin\halaman_depan.php on line 117.
 1 APPPATH\Views\admin\halaman_depan.php(117): CodeIgniter\Debug\Exceptions->errorHandler(2, 'Undefined variable $data', 'APPPATH\\Views\\admin\\halaman_depan.php', 117)
 2 SYSTEMPATH\View\View.php(213): include('APPPATH\\Views\\admin\\halaman_depan.php')
 3 SYSTEMPATH\View\View.php(216): CodeIgniter\View\View->CodeIgniter\View\{closure}()
 4 SYSTEMPATH\Common.php(1134): CodeIgniter\View\View->render('admin/halaman_depan', [], true)
 5 APPPATH\Controllers\Home.php(19): view('admin/halaman_depan', [...])
 6 SYSTEMPATH\CodeIgniter.php(927): App\Controllers\Home->index()
 7 SYSTEMPATH\CodeIgniter.php(482): CodeIgniter\CodeIgniter->runController(Object(App\Controllers\Home))
 8 SYSTEMPATH\CodeIgniter.php(351): CodeIgniter\CodeIgniter->handleRequest(null, Object(Config\Cache), false)
 9 FCPATH\index.php(67): CodeIgniter\CodeIgniter->run()
10 SYSTEMPATH\Commands\Server\rewrite.php(46): require_once('FCPATH\\index.php')
CRITICAL - 2023-07-04 14:21:59 --> Undefined variable $data
in APPPATH\Views\admin\halaman_depan.php on line 117.
 1 APPPATH\Views\admin\halaman_depan.php(117): CodeIgniter\Debug\Exceptions->errorHandler(2, 'Undefined variable $data', 'APPPATH\\Views\\admin\\halaman_depan.php', 117)
 2 SYSTEMPATH\View\View.php(213): include('APPPATH\\Views\\admin\\halaman_depan.php')
 3 SYSTEMPATH\View\View.php(216): CodeIgniter\View\View->CodeIgniter\View\{closure}()
 4 SYSTEMPATH\Common.php(1134): CodeIgniter\View\View->render('admin/halaman_depan', [], true)
 5 APPPATH\Controllers\Home.php(19): view('admin/halaman_depan', [...])
 6 SYSTEMPATH\CodeIgniter.php(927): App\Controllers\Home->index()
 7 SYSTEMPATH\CodeIgniter.php(482): CodeIgniter\CodeIgniter->runController(Object(App\Controllers\Home))
 8 SYSTEMPATH\CodeIgniter.php(351): CodeIgniter\CodeIgniter->handleRequest(null, Object(Config\Cache), false)
 9 FCPATH\index.php(67): CodeIgniter\CodeIgniter->run()
10 SYSTEMPATH\Commands\Server\rewrite.php(46): require_once('FCPATH\\index.php')
CRITICAL - 2023-07-04 14:22:22 --> Undefined variable $data
in APPPATH\Views\admin\halaman_depan.php on line 117.
 1 APPPATH\Views\admin\halaman_depan.php(117): CodeIgniter\Debug\Exceptions->errorHandler(2, 'Undefined variable $data', 'APPPATH\\Views\\admin\\halaman_depan.php', 117)
 2 SYSTEMPATH\View\View.php(213): include('APPPATH\\Views\\admin\\halaman_depan.php')
 3 SYSTEMPATH\View\View.php(216): CodeIgniter\View\View->CodeIgniter\View\{closure}()
 4 SYSTEMPATH\Common.php(1134): CodeIgniter\View\View->render('admin/halaman_depan', [], true)
 5 APPPATH\Controllers\Home.php(19): view('admin/halaman_depan', [...])
 6 SYSTEMPATH\CodeIgniter.php(927): App\Controllers\Home->index()
 7 SYSTEMPATH\CodeIgniter.php(482): CodeIgniter\CodeIgniter->runController(Object(App\Controllers\Home))
 8 SYSTEMPATH\CodeIgniter.php(351): CodeIgniter\CodeIgniter->handleRequest(null, Object(Config\Cache), false)
 9 FCPATH\index.php(67): CodeIgniter\CodeIgniter->run()
10 SYSTEMPATH\Commands\Server\rewrite.php(46): require_once('FCPATH\\index.php')
CRITICAL - 2023-07-04 14:22:46 --> Undefined variable $data
in APPPATH\Views\admin\halaman_depan.php on line 117.
 1 APPPATH\Views\admin\halaman_depan.php(117): CodeIgniter\Debug\Exceptions->errorHandler(2, 'Undefined variable $data', 'APPPATH\\Views\\admin\\halaman_depan.php', 117)
 2 SYSTEMPATH\View\View.php(213): include('APPPATH\\Views\\admin\\halaman_depan.php')
 3 SYSTEMPATH\View\View.php(216): CodeIgniter\View\View->CodeIgniter\View\{closure}()
 4 SYSTEMPATH\Common.php(1134): CodeIgniter\View\View->render('admin/halaman_depan', [], true)
 5 APPPATH\Controllers\Home.php(19): view('admin/halaman_depan', [...])
 6 SYSTEMPATH\CodeIgniter.php(927): App\Controllers\Home->index()
 7 SYSTEMPATH\CodeIgniter.php(482): CodeIgniter\CodeIgniter->runController(Object(App\Controllers\Home))
 8 SYSTEMPATH\CodeIgniter.php(351): CodeIgniter\CodeIgniter->handleRequest(null, Object(Config\Cache), false)
 9 FCPATH\index.php(67): CodeIgniter\CodeIgniter->run()
10 SYSTEMPATH\Commands\Server\rewrite.php(46): require_once('FCPATH\\index.php')
CRITICAL - 2023-07-04 14:22:47 --> Undefined variable $data
in APPPATH\Views\admin\halaman_depan.php on line 117.
 1 APPPATH\Views\admin\halaman_depan.php(117): CodeIgniter\Debug\Exceptions->errorHandler(2, 'Undefined variable $data', 'APPPATH\\Views\\admin\\halaman_depan.php', 117)
 2 SYSTEMPATH\View\View.php(213): include('APPPATH\\Views\\admin\\halaman_depan.php')
 3 SYSTEMPATH\View\View.php(216): CodeIgniter\View\View->CodeIgniter\View\{closure}()
 4 SYSTEMPATH\Common.php(1134): CodeIgniter\View\View->render('admin/halaman_depan', [], true)
 5 APPPATH\Controllers\Home.php(19): view('admin/halaman_depan', [...])
 6 SYSTEMPATH\CodeIgniter.php(927): App\Controllers\Home->index()
 7 SYSTEMPATH\CodeIgniter.php(482): CodeIgniter\CodeIgniter->runController(Object(App\Controllers\Home))
 8 SYSTEMPATH\CodeIgniter.php(351): CodeIgniter\CodeIgniter->handleRequest(null, Object(Config\Cache), false)
 9 FCPATH\index.php(67): CodeIgniter\CodeIgniter->run()
10 SYSTEMPATH\Commands\Server\rewrite.php(46): require_once('FCPATH\\index.php')
CRITICAL - 2023-07-04 14:23:06 --> Undefined variable $data
in APPPATH\Views\admin\halaman_depan.php on line 117.
 1 APPPATH\Views\admin\halaman_depan.php(117): CodeIgniter\Debug\Exceptions->errorHandler(2, 'Undefined variable $data', 'APPPATH\\Views\\admin\\halaman_depan.php', 117)
 2 SYSTEMPATH\View\View.php(213): include('APPPATH\\Views\\admin\\halaman_depan.php')
 3 SYSTEMPATH\View\View.php(216): CodeIgniter\View\View->CodeIgniter\View\{closure}()
 4 SYSTEMPATH\Common.php(1134): CodeIgniter\View\View->render('admin/halaman_depan', [], true)
 5 APPPATH\Controllers\Home.php(19): view('admin/halaman_depan', [...])
 6 SYSTEMPATH\CodeIgniter.php(927): App\Controllers\Home->index()
 7 SYSTEMPATH\CodeIgniter.php(482): CodeIgniter\CodeIgniter->runController(Object(App\Controllers\Home))
 8 SYSTEMPATH\CodeIgniter.php(351): CodeIgniter\CodeIgniter->handleRequest(null, Object(Config\Cache), false)
 9 FCPATH\index.php(67): CodeIgniter\CodeIgniter->run()
10 SYSTEMPATH\Commands\Server\rewrite.php(46): require_once('FCPATH\\index.php')
CRITICAL - 2023-07-04 14:23:07 --> Undefined variable $data
in APPPATH\Views\admin\halaman_depan.php on line 117.
 1 APPPATH\Views\admin\halaman_depan.php(117): CodeIgniter\Debug\Exceptions->errorHandler(2, 'Undefined variable $data', 'APPPATH\\Views\\admin\\halaman_depan.php', 117)
 2 SYSTEMPATH\View\View.php(213): include('APPPATH\\Views\\admin\\halaman_depan.php')
 3 SYSTEMPATH\View\View.php(216): CodeIgniter\View\View->CodeIgniter\View\{closure}()
 4 SYSTEMPATH\Common.php(1134): CodeIgniter\View\View->render('admin/halaman_depan', [], true)
 5 APPPATH\Controllers\Home.php(19): view('admin/halaman_depan', [...])
 6 SYSTEMPATH\CodeIgniter.php(927): App\Controllers\Home->index()
 7 SYSTEMPATH\CodeIgniter.php(482): CodeIgniter\CodeIgniter->runController(Object(App\Controllers\Home))
 8 SYSTEMPATH\CodeIgniter.php(351): CodeIgniter\CodeIgniter->handleRequest(null, Object(Config\Cache), false)
 9 FCPATH\index.php(67): CodeIgniter\CodeIgniter->run()
10 SYSTEMPATH\Commands\Server\rewrite.php(46): require_once('FCPATH\\index.php')
CRITICAL - 2023-07-04 14:25:28 --> Undefined variable $data
in APPPATH\Views\admin\halaman_depan.php on line 117.
 1 APPPATH\Views\admin\halaman_depan.php(117): CodeIgniter\Debug\Exceptions->errorHandler(2, 'Undefined variable $data', 'APPPATH\\Views\\admin\\halaman_depan.php', 117)
 2 SYSTEMPATH\View\View.php(213): include('APPPATH\\Views\\admin\\halaman_depan.php')
 3 SYSTEMPATH\View\View.php(216): CodeIgniter\View\View->CodeIgniter\View\{closure}()
 4 SYSTEMPATH\Common.php(1134): CodeIgniter\View\View->render('admin/halaman_depan', [], true)
 5 APPPATH\Controllers\Home.php(19): view('admin/halaman_depan', [...])
 6 SYSTEMPATH\CodeIgniter.php(927): App\Controllers\Home->index()
 7 SYSTEMPATH\CodeIgniter.php(482): CodeIgniter\CodeIgniter->runController(Object(App\Controllers\Home))
 8 SYSTEMPATH\CodeIgniter.php(351): CodeIgniter\CodeIgniter->handleRequest(null, Object(Config\Cache), false)
 9 FCPATH\index.php(67): CodeIgniter\CodeIgniter->run()
10 SYSTEMPATH\Commands\Server\rewrite.php(46): require_once('FCPATH\\index.php')
CRITICAL - 2023-07-04 14:25:46 --> Undefined variable $data
in APPPATH\Views\admin\halaman_depan.php on line 117.
 1 APPPATH\Views\admin\halaman_depan.php(117): CodeIgniter\Debug\Exceptions->errorHandler(2, 'Undefined variable $data', 'APPPATH\\Views\\admin\\halaman_depan.php', 117)
 2 SYSTEMPATH\View\View.php(213): include('APPPATH\\Views\\admin\\halaman_depan.php')
 3 SYSTEMPATH\View\View.php(216): CodeIgniter\View\View->CodeIgniter\View\{closure}()
 4 SYSTEMPATH\Common.php(1134): CodeIgniter\View\View->render('admin/halaman_depan', [], true)
 5 APPPATH\Controllers\Home.php(19): view('admin/halaman_depan', [...])
 6 SYSTEMPATH\CodeIgniter.php(927): App\Controllers\Home->index()
 7 SYSTEMPATH\CodeIgniter.php(482): CodeIgniter\CodeIgniter->runController(Object(App\Controllers\Home))
 8 SYSTEMPATH\CodeIgniter.php(351): CodeIgniter\CodeIgniter->handleRequest(null, Object(Config\Cache), false)
 9 FCPATH\index.php(67): CodeIgniter\CodeIgniter->run()
10 SYSTEMPATH\Commands\Server\rewrite.php(46): require_once('FCPATH\\index.php')
CRITICAL - 2023-07-04 14:26:29 --> Undefined variable $data
in APPPATH\Views\admin\halaman_depan.php on line 117.
 1 APPPATH\Views\admin\halaman_depan.php(117): CodeIgniter\Debug\Exceptions->errorHandler(2, 'Undefined variable $data', 'APPPATH\\Views\\admin\\halaman_depan.php', 117)
 2 SYSTEMPATH\View\View.php(213): include('APPPATH\\Views\\admin\\halaman_depan.php')
 3 SYSTEMPATH\View\View.php(216): CodeIgniter\View\View->CodeIgniter\View\{closure}()
 4 SYSTEMPATH\Common.php(1134): CodeIgniter\View\View->render('admin/halaman_depan', [], true)
 5 APPPATH\Controllers\Home.php(19): view('admin/halaman_depan', [...])
 6 SYSTEMPATH\CodeIgniter.php(927): App\Controllers\Home->index()
 7 SYSTEMPATH\CodeIgniter.php(482): CodeIgniter\CodeIgniter->runController(Object(App\Controllers\Home))
 8 SYSTEMPATH\CodeIgniter.php(351): CodeIgniter\CodeIgniter->handleRequest(null, Object(Config\Cache), false)
 9 FCPATH\index.php(67): CodeIgniter\CodeIgniter->run()
10 SYSTEMPATH\Commands\Server\rewrite.php(46): require_once('FCPATH\\index.php')
CRITICAL - 2023-07-04 14:26:31 --> Undefined variable $data
in APPPATH\Views\admin\halaman_depan.php on line 117.
 1 APPPATH\Views\admin\halaman_depan.php(117): CodeIgniter\Debug\Exceptions->errorHandler(2, 'Undefined variable $data', 'APPPATH\\Views\\admin\\halaman_depan.php', 117)
 2 SYSTEMPATH\View\View.php(213): include('APPPATH\\Views\\admin\\halaman_depan.php')
 3 SYSTEMPATH\View\View.php(216): CodeIgniter\View\View->CodeIgniter\View\{closure}()
 4 SYSTEMPATH\Common.php(1134): CodeIgniter\View\View->render('admin/halaman_depan', [], true)
 5 APPPATH\Controllers\Home.php(19): view('admin/halaman_depan', [...])
 6 SYSTEMPATH\CodeIgniter.php(927): App\Controllers\Home->index()
 7 SYSTEMPATH\CodeIgniter.php(482): CodeIgniter\CodeIgniter->runController(Object(App\Controllers\Home))
 8 SYSTEMPATH\CodeIgniter.php(351): CodeIgniter\CodeIgniter->handleRequest(null, Object(Config\Cache), false)
 9 FCPATH\index.php(67): CodeIgniter\CodeIgniter->run()
10 SYSTEMPATH\Commands\Server\rewrite.php(46): require_once('FCPATH\\index.php')
CRITICAL - 2023-07-04 14:26:54 --> Undefined variable $data
in APPPATH\Views\admin\halaman_depan.php on line 117.
 1 APPPATH\Views\admin\halaman_depan.php(117): CodeIgniter\Debug\Exceptions->errorHandler(2, 'Undefined variable $data', 'APPPATH\\Views\\admin\\halaman_depan.php', 117)
 2 SYSTEMPATH\View\View.php(213): include('APPPATH\\Views\\admin\\halaman_depan.php')
 3 SYSTEMPATH\View\View.php(216): CodeIgniter\View\View->CodeIgniter\View\{closure}()
 4 SYSTEMPATH\Common.php(1134): CodeIgniter\View\View->render('admin/halaman_depan', [], true)
 5 APPPATH\Controllers\Home.php(19): view('admin/halaman_depan', [...])
 6 SYSTEMPATH\CodeIgniter.php(927): App\Controllers\Home->index()
 7 SYSTEMPATH\CodeIgniter.php(482): CodeIgniter\CodeIgniter->runController(Object(App\Controllers\Home))
 8 SYSTEMPATH\CodeIgniter.php(351): CodeIgniter\CodeIgniter->handleRequest(null, Object(Config\Cache), false)
 9 FCPATH\index.php(67): CodeIgniter\CodeIgniter->run()
10 SYSTEMPATH\Commands\Server\rewrite.php(46): require_once('FCPATH\\index.php')
CRITICAL - 2023-07-04 14:31:23 --> Undefined variable $data
in APPPATH\Views\admin\halaman_depan.php on line 117.
 1 APPPATH\Views\admin\halaman_depan.php(117): CodeIgniter\Debug\Exceptions->errorHandler(2, 'Undefined variable $data', 'APPPATH\\Views\\admin\\halaman_depan.php', 117)
 2 SYSTEMPATH\View\View.php(213): include('APPPATH\\Views\\admin\\halaman_depan.php')
 3 SYSTEMPATH\View\View.php(216): CodeIgniter\View\View->CodeIgniter\View\{closure}()
 4 SYSTEMPATH\Common.php(1134): CodeIgniter\View\View->render('admin/halaman_depan', [], true)
 5 APPPATH\Controllers\Home.php(19): view('admin/halaman_depan', [...])
 6 SYSTEMPATH\CodeIgniter.php(927): App\Controllers\Home->index()
 7 SYSTEMPATH\CodeIgniter.php(482): CodeIgniter\CodeIgniter->runController(Object(App\Controllers\Home))
 8 SYSTEMPATH\CodeIgniter.php(351): CodeIgniter\CodeIgniter->handleRequest(null, Object(Config\Cache), false)
 9 FCPATH\index.php(67): CodeIgniter\CodeIgniter->run()
10 SYSTEMPATH\Commands\Server\rewrite.php(46): require_once('FCPATH\\index.php')
CRITICAL - 2023-07-04 14:31:24 --> Undefined variable $data
in APPPATH\Views\admin\halaman_depan.php on line 117.
 1 APPPATH\Views\admin\halaman_depan.php(117): CodeIgniter\Debug\Exceptions->errorHandler(2, 'Undefined variable $data', 'APPPATH\\Views\\admin\\halaman_depan.php', 117)
 2 SYSTEMPATH\View\View.php(213): include('APPPATH\\Views\\admin\\halaman_depan.php')
 3 SYSTEMPATH\View\View.php(216): CodeIgniter\View\View->CodeIgniter\View\{closure}()
 4 SYSTEMPATH\Common.php(1134): CodeIgniter\View\View->render('admin/halaman_depan', [], true)
 5 APPPATH\Controllers\Home.php(19): view('admin/halaman_depan', [...])
 6 SYSTEMPATH\CodeIgniter.php(927): App\Controllers\Home->index()
 7 SYSTEMPATH\CodeIgniter.php(482): CodeIgniter\CodeIgniter->runController(Object(App\Controllers\Home))
 8 SYSTEMPATH\CodeIgniter.php(351): CodeIgniter\CodeIgniter->handleRequest(null, Object(Config\Cache), false)
 9 FCPATH\index.php(67): CodeIgniter\CodeIgniter->run()
10 SYSTEMPATH\Commands\Server\rewrite.php(46): require_once('FCPATH\\index.php')
CRITICAL - 2023-07-04 14:31:25 --> Undefined variable $data
in APPPATH\Views\admin\halaman_depan.php on line 117.
 1 APPPATH\Views\admin\halaman_depan.php(117): CodeIgniter\Debug\Exceptions->errorHandler(2, 'Undefined variable $data', 'APPPATH\\Views\\admin\\halaman_depan.php', 117)
 2 SYSTEMPATH\View\View.php(213): include('APPPATH\\Views\\admin\\halaman_depan.php')
 3 SYSTEMPATH\View\View.php(216): CodeIgniter\View\View->CodeIgniter\View\{closure}()
 4 SYSTEMPATH\Common.php(1134): CodeIgniter\View\View->render('admin/halaman_depan', [], true)
 5 APPPATH\Controllers\Home.php(19): view('admin/halaman_depan', [...])
 6 SYSTEMPATH\CodeIgniter.php(927): App\Controllers\Home->index()
 7 SYSTEMPATH\CodeIgniter.php(482): CodeIgniter\CodeIgniter->runController(Object(App\Controllers\Home))
 8 SYSTEMPATH\CodeIgniter.php(351): CodeIgniter\CodeIgniter->handleRequest(null, Object(Config\Cache), false)
 9 FCPATH\index.php(67): CodeIgniter\CodeIgniter->run()
10 SYSTEMPATH\Commands\Server\rewrite.php(46): require_once('FCPATH\\index.php')
CRITICAL - 2023-07-04 14:42:05 --> Undefined variable $data
in APPPATH\Views\admin\halaman_depan.php on line 117.
 1 APPPATH\Views\admin\halaman_depan.php(117): CodeIgniter\Debug\Exceptions->errorHandler(2, 'Undefined variable $data', 'APPPATH\\Views\\admin\\halaman_depan.php', 117)
 2 SYSTEMPATH\View\View.php(213): include('APPPATH\\Views\\admin\\halaman_depan.php')
 3 SYSTEMPATH\View\View.php(216): CodeIgniter\View\View->CodeIgniter\View\{closure}()
 4 SYSTEMPATH\Common.php(1134): CodeIgniter\View\View->render('admin/halaman_depan', [], true)
 5 APPPATH\Controllers\Home.php(19): view('admin/halaman_depan', [...])
 6 SYSTEMPATH\CodeIgniter.php(927): App\Controllers\Home->index()
 7 SYSTEMPATH\CodeIgniter.php(482): CodeIgniter\CodeIgniter->runController(Object(App\Controllers\Home))
 8 SYSTEMPATH\CodeIgniter.php(351): CodeIgniter\CodeIgniter->handleRequest(null, Object(Config\Cache), false)
 9 FCPATH\index.php(67): CodeIgniter\CodeIgniter->run()
10 SYSTEMPATH\Commands\Server\rewrite.php(46): require_once('FCPATH\\index.php')
CRITICAL - 2023-07-04 14:45:42 --> Undefined variable $post
in APPPATH\Views\admin\halaman_depan.php on line 132.
 1 APPPATH\Views\admin\halaman_depan.php(132): CodeIgniter\Debug\Exceptions->errorHandler(2, 'Undefined variable $post', 'APPPATH\\Views\\admin\\halaman_depan.php', 132)
 2 SYSTEMPATH\View\View.php(213): include('APPPATH\\Views\\admin\\halaman_depan.php')
 3 SYSTEMPATH\View\View.php(216): CodeIgniter\View\View->CodeIgniter\View\{closure}()
 4 SYSTEMPATH\Common.php(1134): CodeIgniter\View\View->render('admin/halaman_depan', [], true)
 5 APPPATH\Controllers\Home.php(19): view('admin/halaman_depan', [...])
 6 SYSTEMPATH\CodeIgniter.php(927): App\Controllers\Home->index()
 7 SYSTEMPATH\CodeIgniter.php(482): CodeIgniter\CodeIgniter->runController(Object(App\Controllers\Home))
 8 SYSTEMPATH\CodeIgniter.php(351): CodeIgniter\CodeIgniter->handleRequest(null, Object(Config\Cache), false)
 9 FCPATH\index.php(67): CodeIgniter\CodeIgniter->run()
10 SYSTEMPATH\Commands\Server\rewrite.php(46): require_once('FCPATH\\index.php')
CRITICAL - 2023-07-04 14:45:59 --> Attempt to read property "logo" on null
in APPPATH\Views\admin\halaman_depan.php on line 474.
 1 APPPATH\Views\admin\halaman_depan.php(474): CodeIgniter\Debug\Exceptions->errorHandler(2, 'Attempt to read property "logo" on null', 'APPPATH\\Views\\admin\\halaman_depan.php', 474)
 2 SYSTEMPATH\View\View.php(213): include('APPPATH\\Views\\admin\\halaman_depan.php')
 3 SYSTEMPATH\View\View.php(216): CodeIgniter\View\View->CodeIgniter\View\{closure}()
 4 SYSTEMPATH\Common.php(1134): CodeIgniter\View\View->render('admin/halaman_depan', [], true)
 5 APPPATH\Controllers\Home.php(19): view('admin/halaman_depan', [...])
 6 SYSTEMPATH\CodeIgniter.php(927): App\Controllers\Home->index()
 7 SYSTEMPATH\CodeIgniter.php(482): CodeIgniter\CodeIgniter->runController(Object(App\Controllers\Home))
 8 SYSTEMPATH\CodeIgniter.php(351): CodeIgniter\CodeIgniter->handleRequest(null, Object(Config\Cache), false)
 9 FCPATH\index.php(67): CodeIgniter\CodeIgniter->run()
10 SYSTEMPATH\Commands\Server\rewrite.php(46): require_once('FCPATH\\index.php')
CRITICAL - 2023-07-04 14:46:41 --> Undefined variable $data
in APPPATH\Views\admin\halaman_depan.php on line 117.
 1 APPPATH\Views\admin\halaman_depan.php(117): CodeIgniter\Debug\Exceptions->errorHandler(2, 'Undefined variable $data', 'APPPATH\\Views\\admin\\halaman_depan.php', 117)
 2 SYSTEMPATH\View\View.php(213): include('APPPATH\\Views\\admin\\halaman_depan.php')
 3 SYSTEMPATH\View\View.php(216): CodeIgniter\View\View->CodeIgniter\View\{closure}()
 4 SYSTEMPATH\Common.php(1134): CodeIgniter\View\View->render('admin/halaman_depan', [], true)
 5 APPPATH\Controllers\Home.php(19): view('admin/halaman_depan', [...])
 6 SYSTEMPATH\CodeIgniter.php(927): App\Controllers\Home->index()
 7 SYSTEMPATH\CodeIgniter.php(482): CodeIgniter\CodeIgniter->runController(Object(App\Controllers\Home))
 8 SYSTEMPATH\CodeIgniter.php(351): CodeIgniter\CodeIgniter->handleRequest(null, Object(Config\Cache), false)
 9 FCPATH\index.php(67): CodeIgniter\CodeIgniter->run()
10 SYSTEMPATH\Commands\Server\rewrite.php(46): require_once('FCPATH\\index.php')
CRITICAL - 2023-07-04 14:48:22 --> Undefined variable $data
in APPPATH\Views\admin\halaman_depan.php on line 117.
 1 APPPATH\Views\admin\halaman_depan.php(117): CodeIgniter\Debug\Exceptions->errorHandler(2, 'Undefined variable $data', 'APPPATH\\Views\\admin\\halaman_depan.php', 117)
 2 SYSTEMPATH\View\View.php(213): include('APPPATH\\Views\\admin\\halaman_depan.php')
 3 SYSTEMPATH\View\View.php(216): CodeIgniter\View\View->CodeIgniter\View\{closure}()
 4 SYSTEMPATH\Common.php(1134): CodeIgniter\View\View->render('admin/halaman_depan', [], true)
 5 APPPATH\Controllers\Home.php(19): view('admin/halaman_depan', [...])
 6 SYSTEMPATH\CodeIgniter.php(927): App\Controllers\Home->index()
 7 SYSTEMPATH\CodeIgniter.php(482): CodeIgniter\CodeIgniter->runController(Object(App\Controllers\Home))
 8 SYSTEMPATH\CodeIgniter.php(351): CodeIgniter\CodeIgniter->handleRequest(null, Object(Config\Cache), false)
 9 FCPATH\index.php(67): CodeIgniter\CodeIgniter->run()
10 SYSTEMPATH\Commands\Server\rewrite.php(46): require_once('FCPATH\\index.php')
CRITICAL - 2023-07-04 14:48:41 --> Undefined variable $data
in APPPATH\Views\admin\halaman_depan.php on line 117.
 1 APPPATH\Views\admin\halaman_depan.php(117): CodeIgniter\Debug\Exceptions->errorHandler(2, 'Undefined variable $data', 'APPPATH\\Views\\admin\\halaman_depan.php', 117)
 2 SYSTEMPATH\View\View.php(213): include('APPPATH\\Views\\admin\\halaman_depan.php')
 3 SYSTEMPATH\View\View.php(216): CodeIgniter\View\View->CodeIgniter\View\{closure}()
 4 SYSTEMPATH\Common.php(1134): CodeIgniter\View\View->render('admin/halaman_depan', [], true)
 5 APPPATH\Controllers\Home.php(19): view('admin/halaman_depan', [...])
 6 SYSTEMPATH\CodeIgniter.php(927): App\Controllers\Home->index()
 7 SYSTEMPATH\CodeIgniter.php(482): CodeIgniter\CodeIgniter->runController(Object(App\Controllers\Home))
 8 SYSTEMPATH\CodeIgniter.php(351): CodeIgniter\CodeIgniter->handleRequest(null, Object(Config\Cache), false)
 9 FCPATH\index.php(67): CodeIgniter\CodeIgniter->run()
10 SYSTEMPATH\Commands\Server\rewrite.php(46): require_once('FCPATH\\index.php')
ERROR - 2023-07-04 14:49:16 --> Error connecting to the database: mysqli_sql_exception: Unknown database 'koperasi' in C:\xampp\htdocs\appKoperasiWeb\system\Database\MySQLi\Connection.php:171
Stack trace:
#0 C:\xampp\htdocs\appKoperasiWeb\system\Database\MySQLi\Connection.php(171): mysqli->real_connect('localhost', 'root', '', 'koperasi', 3306, '', 0)
#1 C:\xampp\htdocs\appKoperasiWeb\system\Database\BaseConnection.php(382): CodeIgniter\Database\MySQLi\Connection->connect(false)
#2 C:\xampp\htdocs\appKoperasiWeb\system\Database\BaseConnection.php(561): CodeIgniter\Database\BaseConnection->initialize()
#3 C:\xampp\htdocs\appKoperasiWeb\app\Controllers\Home.php(10): CodeIgniter\Database\BaseConnection->query('SELECT * FROM k...')
#4 C:\xampp\htdocs\appKoperasiWeb\system\CodeIgniter.php(927): App\Controllers\Home->index()
#5 C:\xampp\htdocs\appKoperasiWeb\system\CodeIgniter.php(482): CodeIgniter\CodeIgniter->runController(Object(App\Controllers\Home))
#6 C:\xampp\htdocs\appKoperasiWeb\system\CodeIgniter.php(351): CodeIgniter\CodeIgniter->handleRequest(NULL, Object(Config\Cache), false)
#7 C:\xampp\htdocs\appKoperasiWeb\public\index.php(67): CodeIgniter\CodeIgniter->run()
#8 C:\xampp\htdocs\appKoperasiWeb\system\Commands\Server\rewrite.php(46): require_once('C:\\xampp\\htdocs...')
#9 {main}

Next CodeIgniter\Database\Exceptions\DatabaseException: Unknown database 'koperasi' in C:\xampp\htdocs\appKoperasiWeb\system\Database\MySQLi\Connection.php:215
Stack trace:
#0 C:\xampp\htdocs\appKoperasiWeb\system\Database\BaseConnection.php(382): CodeIgniter\Database\MySQLi\Connection->connect(false)
#1 C:\xampp\htdocs\appKoperasiWeb\system\Database\BaseConnection.php(561): CodeIgniter\Database\BaseConnection->initialize()
#2 C:\xampp\htdocs\appKoperasiWeb\app\Controllers\Home.php(10): CodeIgniter\Database\BaseConnection->query('SELECT * FROM k...')
#3 C:\xampp\htdocs\appKoperasiWeb\system\CodeIgniter.php(927): App\Controllers\Home->index()
#4 C:\xampp\htdocs\appKoperasiWeb\system\CodeIgniter.php(482): CodeIgniter\CodeIgniter->runController(Object(App\Controllers\Home))
#5 C:\xampp\htdocs\appKoperasiWeb\system\CodeIgniter.php(351): CodeIgniter\CodeIgniter->handleRequest(NULL, Object(Config\Cache), false)
#6 C:\xampp\htdocs\appKoperasiWeb\public\index.php(67): CodeIgniter\CodeIgniter->run()
#7 C:\xampp\htdocs\appKoperasiWeb\system\Commands\Server\rewrite.php(46): require_once('C:\\xampp\\htdocs...')
#8 {main}
CRITICAL - 2023-07-04 14:49:16 --> Unable to connect to the database.
Main connection [MySQLi]: Unknown database 'koperasi'
in SYSTEMPATH\Database\BaseConnection.php on line 418.
 1 SYSTEMPATH\Database\BaseConnection.php(561): CodeIgniter\Database\BaseConnection->initialize()
 2 APPPATH\Controllers\Home.php(10): CodeIgniter\Database\BaseConnection->query('SELECT * FROM kontak')
 3 SYSTEMPATH\CodeIgniter.php(927): App\Controllers\Home->index()
 4 SYSTEMPATH\CodeIgniter.php(482): CodeIgniter\CodeIgniter->runController(Object(App\Controllers\Home))
 5 SYSTEMPATH\CodeIgniter.php(351): CodeIgniter\CodeIgniter->handleRequest(null, Object(Config\Cache), false)
 6 FCPATH\index.php(67): CodeIgniter\CodeIgniter->run()
 7 SYSTEMPATH\Commands\Server\rewrite.php(46): require_once('FCPATH\\index.php')
ERROR - 2023-07-04 14:49:37 --> Error connecting to the database: mysqli_sql_exception: Unknown database 'koperasi' in C:\xampp\htdocs\appKoperasiWeb\system\Database\MySQLi\Connection.php:171
Stack trace:
#0 C:\xampp\htdocs\appKoperasiWeb\system\Database\MySQLi\Connection.php(171): mysqli->real_connect('localhost', 'root', '', 'koperasi', 3306, '', 0)
#1 C:\xampp\htdocs\appKoperasiWeb\system\Database\BaseConnection.php(382): CodeIgniter\Database\MySQLi\Connection->connect(false)
#2 C:\xampp\htdocs\appKoperasiWeb\system\Database\BaseConnection.php(561): CodeIgniter\Database\BaseConnection->initialize()
#3 C:\xampp\htdocs\appKoperasiWeb\app\Controllers\Home.php(10): CodeIgniter\Database\BaseConnection->query('SELECT * FROM k...')
#4 C:\xampp\htdocs\appKoperasiWeb\system\CodeIgniter.php(927): App\Controllers\Home->index()
#5 C:\xampp\htdocs\appKoperasiWeb\system\CodeIgniter.php(482): CodeIgniter\CodeIgniter->runController(Object(App\Controllers\Home))
#6 C:\xampp\htdocs\appKoperasiWeb\system\CodeIgniter.php(351): CodeIgniter\CodeIgniter->handleRequest(NULL, Object(Config\Cache), false)
#7 C:\xampp\htdocs\appKoperasiWeb\public\index.php(67): CodeIgniter\CodeIgniter->run()
#8 C:\xampp\htdocs\appKoperasiWeb\system\Commands\Server\rewrite.php(46): require_once('C:\\xampp\\htdocs...')
#9 {main}

Next CodeIgniter\Database\Exceptions\DatabaseException: Unknown database 'koperasi' in C:\xampp\htdocs\appKoperasiWeb\system\Database\MySQLi\Connection.php:215
Stack trace:
#0 C:\xampp\htdocs\appKoperasiWeb\system\Database\BaseConnection.php(382): CodeIgniter\Database\MySQLi\Connection->connect(false)
#1 C:\xampp\htdocs\appKoperasiWeb\system\Database\BaseConnection.php(561): CodeIgniter\Database\BaseConnection->initialize()
#2 C:\xampp\htdocs\appKoperasiWeb\app\Controllers\Home.php(10): CodeIgniter\Database\BaseConnection->query('SELECT * FROM k...')
#3 C:\xampp\htdocs\appKoperasiWeb\system\CodeIgniter.php(927): App\Controllers\Home->index()
#4 C:\xampp\htdocs\appKoperasiWeb\system\CodeIgniter.php(482): CodeIgniter\CodeIgniter->runController(Object(App\Controllers\Home))
#5 C:\xampp\htdocs\appKoperasiWeb\system\CodeIgniter.php(351): CodeIgniter\CodeIgniter->handleRequest(NULL, Object(Config\Cache), false)
#6 C:\xampp\htdocs\appKoperasiWeb\public\index.php(67): CodeIgniter\CodeIgniter->run()
#7 C:\xampp\htdocs\appKoperasiWeb\system\Commands\Server\rewrite.php(46): require_once('C:\\xampp\\htdocs...')
#8 {main}
CRITICAL - 2023-07-04 14:49:37 --> Unable to connect to the database.
Main connection [MySQLi]: Unknown database 'koperasi'
in SYSTEMPATH\Database\BaseConnection.php on line 418.
 1 SYSTEMPATH\Database\BaseConnection.php(561): CodeIgniter\Database\BaseConnection->initialize()
 2 APPPATH\Controllers\Home.php(10): CodeIgniter\Database\BaseConnection->query('SELECT * FROM kontak')
 3 SYSTEMPATH\CodeIgniter.php(927): App\Controllers\Home->index()
 4 SYSTEMPATH\CodeIgniter.php(482): CodeIgniter\CodeIgniter->runController(Object(App\Controllers\Home))
 5 SYSTEMPATH\CodeIgniter.php(351): CodeIgniter\CodeIgniter->handleRequest(null, Object(Config\Cache), false)
 6 FCPATH\index.php(67): CodeIgniter\CodeIgniter->run()
 7 SYSTEMPATH\Commands\Server\rewrite.php(46): require_once('FCPATH\\index.php')
ERROR - 2023-07-04 14:50:38 --> mysqli_sql_exception: Table 'koperasi.ref_slider' doesn't exist in C:\xampp\htdocs\appKoperasiWeb\system\Database\MySQLi\Connection.php:292
Stack trace:
#0 C:\xampp\htdocs\appKoperasiWeb\system\Database\MySQLi\Connection.php(292): mysqli->query('SELECT * FROM r...', 0)
#1 C:\xampp\htdocs\appKoperasiWeb\system\Database\BaseConnection.php(666): CodeIgniter\Database\MySQLi\Connection->execute('SELECT * FROM r...')
#2 C:\xampp\htdocs\appKoperasiWeb\system\Database\BaseConnection.php(593): CodeIgniter\Database\BaseConnection->simpleQuery('SELECT * FROM r...')
#3 C:\xampp\htdocs\appKoperasiWeb\app\Controllers\Home.php(13): CodeIgniter\Database\BaseConnection->query('SELECT * FROM r...')
#4 C:\xampp\htdocs\appKoperasiWeb\system\CodeIgniter.php(927): App\Controllers\Home->index()
#5 C:\xampp\htdocs\appKoperasiWeb\system\CodeIgniter.php(482): CodeIgniter\CodeIgniter->runController(Object(App\Controllers\Home))
#6 C:\xampp\htdocs\appKoperasiWeb\system\CodeIgniter.php(351): CodeIgniter\CodeIgniter->handleRequest(NULL, Object(Config\Cache), false)
#7 C:\xampp\htdocs\appKoperasiWeb\public\index.php(67): CodeIgniter\CodeIgniter->run()
#8 C:\xampp\htdocs\appKoperasiWeb\system\Commands\Server\rewrite.php(46): require_once('C:\\xampp\\htdocs...')
#9 {main}
CRITICAL - 2023-07-04 14:50:38 --> Call to a member function getResult() on bool
in APPPATH\Controllers\Home.php on line 14.
 1 SYSTEMPATH\CodeIgniter.php(927): App\Controllers\Home->index()
 2 SYSTEMPATH\CodeIgniter.php(482): CodeIgniter\CodeIgniter->runController(Object(App\Controllers\Home))
 3 SYSTEMPATH\CodeIgniter.php(351): CodeIgniter\CodeIgniter->handleRequest(null, Object(Config\Cache), false)
 4 FCPATH\index.php(67): CodeIgniter\CodeIgniter->run()
 5 SYSTEMPATH\Commands\Server\rewrite.php(46): require_once('FCPATH\\index.php')
ERROR - 2023-07-04 14:56:15 --> mysqli_sql_exception: Unknown column 'slider.id_kategori' in 'on clause' in C:\xampp\htdocs\appKoperasiWeb\system\Database\MySQLi\Connection.php:292
Stack trace:
#0 C:\xampp\htdocs\appKoperasiWeb\system\Database\MySQLi\Connection.php(292): mysqli->query('SELECT * FROM r...', 0)
#1 C:\xampp\htdocs\appKoperasiWeb\system\Database\BaseConnection.php(666): CodeIgniter\Database\MySQLi\Connection->execute('SELECT * FROM r...')
#2 C:\xampp\htdocs\appKoperasiWeb\system\Database\BaseConnection.php(593): CodeIgniter\Database\BaseConnection->simpleQuery('SELECT * FROM r...')
#3 C:\xampp\htdocs\appKoperasiWeb\app\Controllers\Home.php(13): CodeIgniter\Database\BaseConnection->query('SELECT * FROM r...')
#4 C:\xampp\htdocs\appKoperasiWeb\system\CodeIgniter.php(927): App\Controllers\Home->index()
#5 C:\xampp\htdocs\appKoperasiWeb\system\CodeIgniter.php(482): CodeIgniter\CodeIgniter->runController(Object(App\Controllers\Home))
#6 C:\xampp\htdocs\appKoperasiWeb\system\CodeIgniter.php(351): CodeIgniter\CodeIgniter->handleRequest(NULL, Object(Config\Cache), false)
#7 C:\xampp\htdocs\appKoperasiWeb\public\index.php(67): CodeIgniter\CodeIgniter->run()
#8 C:\xampp\htdocs\appKoperasiWeb\system\Commands\Server\rewrite.php(46): require_once('C:\\xampp\\htdocs...')
#9 {main}
CRITICAL - 2023-07-04 14:56:15 --> Call to a member function getResult() on bool
in APPPATH\Controllers\Home.php on line 14.
 1 SYSTEMPATH\CodeIgniter.php(927): App\Controllers\Home->index()
 2 SYSTEMPATH\CodeIgniter.php(482): CodeIgniter\CodeIgniter->runController(Object(App\Controllers\Home))
 3 SYSTEMPATH\CodeIgniter.php(351): CodeIgniter\CodeIgniter->handleRequest(null, Object(Config\Cache), false)
 4 FCPATH\index.php(67): CodeIgniter\CodeIgniter->run()
 5 SYSTEMPATH\Commands\Server\rewrite.php(46): require_once('FCPATH\\index.php')
ERROR - 2023-07-04 14:56:16 --> mysqli_sql_exception: Unknown column 'slider.id_kategori' in 'on clause' in C:\xampp\htdocs\appKoperasiWeb\system\Database\MySQLi\Connection.php:292
Stack trace:
#0 C:\xampp\htdocs\appKoperasiWeb\system\Database\MySQLi\Connection.php(292): mysqli->query('SELECT * FROM r...', 0)
#1 C:\xampp\htdocs\appKoperasiWeb\system\Database\BaseConnection.php(666): CodeIgniter\Database\MySQLi\Connection->execute('SELECT * FROM r...')
#2 C:\xampp\htdocs\appKoperasiWeb\system\Database\BaseConnection.php(593): CodeIgniter\Database\BaseConnection->simpleQuery('SELECT * FROM r...')
#3 C:\xampp\htdocs\appKoperasiWeb\app\Controllers\Home.php(13): CodeIgniter\Database\BaseConnection->query('SELECT * FROM r...')
#4 C:\xampp\htdocs\appKoperasiWeb\system\CodeIgniter.php(927): App\Controllers\Home->index()
#5 C:\xampp\htdocs\appKoperasiWeb\system\CodeIgniter.php(482): CodeIgniter\CodeIgniter->runController(Object(App\Controllers\Home))
#6 C:\xampp\htdocs\appKoperasiWeb\system\CodeIgniter.php(351): CodeIgniter\CodeIgniter->handleRequest(NULL, Object(Config\Cache), false)
#7 C:\xampp\htdocs\appKoperasiWeb\public\index.php(67): CodeIgniter\CodeIgniter->run()
#8 C:\xampp\htdocs\appKoperasiWeb\system\Commands\Server\rewrite.php(46): require_once('C:\\xampp\\htdocs...')
#9 {main}
CRITICAL - 2023-07-04 14:56:16 --> Call to a member function getResult() on bool
in APPPATH\Controllers\Home.php on line 14.
 1 SYSTEMPATH\CodeIgniter.php(927): App\Controllers\Home->index()
 2 SYSTEMPATH\CodeIgniter.php(482): CodeIgniter\CodeIgniter->runController(Object(App\Controllers\Home))
 3 SYSTEMPATH\CodeIgniter.php(351): CodeIgniter\CodeIgniter->handleRequest(null, Object(Config\Cache), false)
 4 FCPATH\index.php(67): CodeIgniter\CodeIgniter->run()
 5 SYSTEMPATH\Commands\Server\rewrite.php(46): require_once('FCPATH\\index.php')
ERROR - 2023-07-04 14:56:18 --> mysqli_sql_exception: Unknown column 'slider.id_kategori' in 'on clause' in C:\xampp\htdocs\appKoperasiWeb\system\Database\MySQLi\Connection.php:292
Stack trace:
#0 C:\xampp\htdocs\appKoperasiWeb\system\Database\MySQLi\Connection.php(292): mysqli->query('SELECT * FROM r...', 0)
#1 C:\xampp\htdocs\appKoperasiWeb\system\Database\BaseConnection.php(666): CodeIgniter\Database\MySQLi\Connection->execute('SELECT * FROM r...')
#2 C:\xampp\htdocs\appKoperasiWeb\system\Database\BaseConnection.php(593): CodeIgniter\Database\BaseConnection->simpleQuery('SELECT * FROM r...')
#3 C:\xampp\htdocs\appKoperasiWeb\app\Controllers\Home.php(13): CodeIgniter\Database\BaseConnection->query('SELECT * FROM r...')
#4 C:\xampp\htdocs\appKoperasiWeb\system\CodeIgniter.php(927): App\Controllers\Home->index()
#5 C:\xampp\htdocs\appKoperasiWeb\system\CodeIgniter.php(482): CodeIgniter\CodeIgniter->runController(Object(App\Controllers\Home))
#6 C:\xampp\htdocs\appKoperasiWeb\system\CodeIgniter.php(351): CodeIgniter\CodeIgniter->handleRequest(NULL, Object(Config\Cache), false)
#7 C:\xampp\htdocs\appKoperasiWeb\public\index.php(67): CodeIgniter\CodeIgniter->run()
#8 C:\xampp\htdocs\appKoperasiWeb\system\Commands\Server\rewrite.php(46): require_once('C:\\xampp\\htdocs...')
#9 {main}
CRITICAL - 2023-07-04 14:56:18 --> Call to a member function getResult() on bool
in APPPATH\Controllers\Home.php on line 14.
 1 SYSTEMPATH\CodeIgniter.php(927): App\Controllers\Home->index()
 2 SYSTEMPATH\CodeIgniter.php(482): CodeIgniter\CodeIgniter->runController(Object(App\Controllers\Home))
 3 SYSTEMPATH\CodeIgniter.php(351): CodeIgniter\CodeIgniter->handleRequest(null, Object(Config\Cache), false)
 4 FCPATH\index.php(67): CodeIgniter\CodeIgniter->run()
 5 SYSTEMPATH\Commands\Server\rewrite.php(46): require_once('FCPATH\\index.php')
CRITICAL - 2023-07-04 15:01:25 --> Undefined variable $data
in APPPATH\Views\admin\halaman_depan.php on line 117.
 1 APPPATH\Views\admin\halaman_depan.php(117): CodeIgniter\Debug\Exceptions->errorHandler(2, 'Undefined variable $data', 'APPPATH\\Views\\admin\\halaman_depan.php', 117)
 2 SYSTEMPATH\View\View.php(213): include('APPPATH\\Views\\admin\\halaman_depan.php')
 3 SYSTEMPATH\View\View.php(216): CodeIgniter\View\View->CodeIgniter\View\{closure}()
 4 SYSTEMPATH\Common.php(1134): CodeIgniter\View\View->render('admin/halaman_depan', [], true)
 5 APPPATH\Controllers\Home.php(19): view('admin/halaman_depan', [...])
 6 SYSTEMPATH\CodeIgniter.php(927): App\Controllers\Home->index()
 7 SYSTEMPATH\CodeIgniter.php(482): CodeIgniter\CodeIgniter->runController(Object(App\Controllers\Home))
 8 SYSTEMPATH\CodeIgniter.php(351): CodeIgniter\CodeIgniter->handleRequest(null, Object(Config\Cache), false)
 9 FCPATH\index.php(67): CodeIgniter\CodeIgniter->run()
10 SYSTEMPATH\Commands\Server\rewrite.php(46): require_once('FCPATH\\index.php')
CRITICAL - 2023-07-04 15:03:01 --> Undefined variable $visi
in APPPATH\Views\admin\halaman_depan.php on line 118.
 1 APPPATH\Views\admin\halaman_depan.php(118): CodeIgniter\Debug\Exceptions->errorHandler(2, 'Undefined variable $visi', 'APPPATH\\Views\\admin\\halaman_depan.php', 118)
 2 SYSTEMPATH\View\View.php(213): include('APPPATH\\Views\\admin\\halaman_depan.php')
 3 SYSTEMPATH\View\View.php(216): CodeIgniter\View\View->CodeIgniter\View\{closure}()
 4 SYSTEMPATH\Common.php(1134): CodeIgniter\View\View->render('admin/halaman_depan', [], true)
 5 APPPATH\Controllers\Home.php(19): view('admin/halaman_depan', [...])
 6 SYSTEMPATH\CodeIgniter.php(927): App\Controllers\Home->index()
 7 SYSTEMPATH\CodeIgniter.php(482): CodeIgniter\CodeIgniter->runController(Object(App\Controllers\Home))
 8 SYSTEMPATH\CodeIgniter.php(351): CodeIgniter\CodeIgniter->handleRequest(null, Object(Config\Cache), false)
 9 FCPATH\index.php(67): CodeIgniter\CodeIgniter->run()
10 SYSTEMPATH\Commands\Server\rewrite.php(46): require_once('FCPATH\\index.php')
CRITICAL - 2023-07-04 15:04:28 --> Undefined variable $visi
in APPPATH\Views\admin\halaman_depan.php on line 118.
 1 APPPATH\Views\admin\halaman_depan.php(118): CodeIgniter\Debug\Exceptions->errorHandler(2, 'Undefined variable $visi', 'APPPATH\\Views\\admin\\halaman_depan.php', 118)
 2 SYSTEMPATH\View\View.php(213): include('APPPATH\\Views\\admin\\halaman_depan.php')
 3 SYSTEMPATH\View\View.php(216): CodeIgniter\View\View->CodeIgniter\View\{closure}()
 4 SYSTEMPATH\Common.php(1134): CodeIgniter\View\View->render('admin/halaman_depan', [], true)
 5 APPPATH\Controllers\Home.php(19): view('admin/halaman_depan', [...])
 6 SYSTEMPATH\CodeIgniter.php(927): App\Controllers\Home->index()
 7 SYSTEMPATH\CodeIgniter.php(482): CodeIgniter\CodeIgniter->runController(Object(App\Controllers\Home))
 8 SYSTEMPATH\CodeIgniter.php(351): CodeIgniter\CodeIgniter->handleRequest(null, Object(Config\Cache), false)
 9 FCPATH\index.php(67): CodeIgniter\CodeIgniter->run()
10 SYSTEMPATH\Commands\Server\rewrite.php(46): require_once('FCPATH\\index.php')
CRITICAL - 2023-07-04 15:04:29 --> Undefined variable $visi
in APPPATH\Views\admin\halaman_depan.php on line 118.
 1 APPPATH\Views\admin\halaman_depan.php(118): CodeIgniter\Debug\Exceptions->errorHandler(2, 'Undefined variable $visi', 'APPPATH\\Views\\admin\\halaman_depan.php', 118)
 2 SYSTEMPATH\View\View.php(213): include('APPPATH\\Views\\admin\\halaman_depan.php')
 3 SYSTEMPATH\View\View.php(216): CodeIgniter\View\View->CodeIgniter\View\{closure}()
 4 SYSTEMPATH\Common.php(1134): CodeIgniter\View\View->render('admin/halaman_depan', [], true)
 5 APPPATH\Controllers\Home.php(19): view('admin/halaman_depan', [...])
 6 SYSTEMPATH\CodeIgniter.php(927): App\Controllers\Home->index()
 7 SYSTEMPATH\CodeIgniter.php(482): CodeIgniter\CodeIgniter->runController(Object(App\Controllers\Home))
 8 SYSTEMPATH\CodeIgniter.php(351): CodeIgniter\CodeIgniter->handleRequest(null, Object(Config\Cache), false)
 9 FCPATH\index.php(67): CodeIgniter\CodeIgniter->run()
10 SYSTEMPATH\Commands\Server\rewrite.php(46): require_once('FCPATH\\index.php')
CRITICAL - 2023-07-04 15:06:20 --> Undefined variable $kontak
in APPPATH\Views\admin\halaman_depan.php on line 36.
 1 APPPATH\Views\admin\halaman_depan.php(36): CodeIgniter\Debug\Exceptions->errorHandler(2, 'Undefined variable $kontak', 'APPPATH\\Views\\admin\\halaman_depan.php', 36)
 2 SYSTEMPATH\View\View.php(213): include('APPPATH\\Views\\admin\\halaman_depan.php')
 3 SYSTEMPATH\View\View.php(216): CodeIgniter\View\View->CodeIgniter\View\{closure}()
 4 SYSTEMPATH\Common.php(1134): CodeIgniter\View\View->render('admin/halaman_depan', [], true)
 5 APPPATH\Controllers\Admin\DetailBerita.php(23): view('admin/halaman_depan', [...])
 6 SYSTEMPATH\CodeIgniter.php(927): App\Controllers\Admin\DetailBerita->news()
 7 SYSTEMPATH\CodeIgniter.php(482): CodeIgniter\CodeIgniter->runController(Object(App\Controllers\Admin\DetailBerita))
 8 SYSTEMPATH\CodeIgniter.php(351): CodeIgniter\CodeIgniter->handleRequest(null, Object(Config\Cache), false)
 9 FCPATH\index.php(67): CodeIgniter\CodeIgniter->run()
10 SYSTEMPATH\Commands\Server\rewrite.php(46): require_once('FCPATH\\index.php')
CRITICAL - 2023-07-04 15:07:30 --> Attempt to read property "category_name" on null
in APPPATH\Views\admin\halaman_depan.php on line 118.
 1 APPPATH\Views\admin\halaman_depan.php(118): CodeIgniter\Debug\Exceptions->errorHandler(2, 'Attempt to read property "category_name" on null', 'APPPATH\\Views\\admin\\halaman_depan.php', 118)
 2 SYSTEMPATH\View\View.php(213): include('APPPATH\\Views\\admin\\halaman_depan.php')
 3 SYSTEMPATH\View\View.php(216): CodeIgniter\View\View->CodeIgniter\View\{closure}()
 4 SYSTEMPATH\Common.php(1134): CodeIgniter\View\View->render('admin/halaman_depan', [], true)
 5 APPPATH\Controllers\Admin\DetailBerita.php(32): view('admin/halaman_depan', [...])
 6 SYSTEMPATH\CodeIgniter.php(927): App\Controllers\Admin\DetailBerita->news()
 7 SYSTEMPATH\CodeIgniter.php(482): CodeIgniter\CodeIgniter->runController(Object(App\Controllers\Admin\DetailBerita))
 8 SYSTEMPATH\CodeIgniter.php(351): CodeIgniter\CodeIgniter->handleRequest(null, Object(Config\Cache), false)
 9 FCPATH\index.php(67): CodeIgniter\CodeIgniter->run()
10 SYSTEMPATH\Commands\Server\rewrite.php(46): require_once('FCPATH\\index.php')
CRITICAL - 2023-07-04 15:08:29 --> Attempt to read property "logo" on null
in APPPATH\Views\admin\halaman_depan.php on line 538.
 1 APPPATH\Views\admin\halaman_depan.php(538): CodeIgniter\Debug\Exceptions->errorHandler(2, 'Attempt to read property "logo" on null', 'APPPATH\\Views\\admin\\halaman_depan.php', 538)
 2 SYSTEMPATH\View\View.php(213): include('APPPATH\\Views\\admin\\halaman_depan.php')
 3 SYSTEMPATH\View\View.php(216): CodeIgniter\View\View->CodeIgniter\View\{closure}()
 4 SYSTEMPATH\Common.php(1134): CodeIgniter\View\View->render('admin/halaman_depan', [], true)
 5 APPPATH\Controllers\Admin\DetailBerita.php(32): view('admin/halaman_depan', [...])
 6 SYSTEMPATH\CodeIgniter.php(927): App\Controllers\Admin\DetailBerita->news()
 7 SYSTEMPATH\CodeIgniter.php(482): CodeIgniter\CodeIgniter->runController(Object(App\Controllers\Admin\DetailBerita))
 8 SYSTEMPATH\CodeIgniter.php(351): CodeIgniter\CodeIgniter->handleRequest(null, Object(Config\Cache), false)
 9 FCPATH\index.php(67): CodeIgniter\CodeIgniter->run()
10 SYSTEMPATH\Commands\Server\rewrite.php(46): require_once('FCPATH\\index.php')
CRITICAL - 2023-07-04 15:08:33 --> Attempt to read property "logo" on null
in APPPATH\Views\admin\halaman_depan.php on line 538.
 1 APPPATH\Views\admin\halaman_depan.php(538): CodeIgniter\Debug\Exceptions->errorHandler(2, 'Attempt to read property "logo" on null', 'APPPATH\\Views\\admin\\halaman_depan.php', 538)
 2 SYSTEMPATH\View\View.php(213): include('APPPATH\\Views\\admin\\halaman_depan.php')
 3 SYSTEMPATH\View\View.php(216): CodeIgniter\View\View->CodeIgniter\View\{closure}()
 4 SYSTEMPATH\Common.php(1134): CodeIgniter\View\View->render('admin/halaman_depan', [], true)
 5 APPPATH\Controllers\Admin\DetailBerita.php(32): view('admin/halaman_depan', [...])
 6 SYSTEMPATH\CodeIgniter.php(927): App\Controllers\Admin\DetailBerita->news()
 7 SYSTEMPATH\CodeIgniter.php(482): CodeIgniter\CodeIgniter->runController(Object(App\Controllers\Admin\DetailBerita))
 8 SYSTEMPATH\CodeIgniter.php(351): CodeIgniter\CodeIgniter->handleRequest(null, Object(Config\Cache), false)
 9 FCPATH\index.php(67): CodeIgniter\CodeIgniter->run()
10 SYSTEMPATH\Commands\Server\rewrite.php(46): require_once('FCPATH\\index.php')
CRITICAL - 2023-07-04 15:08:34 --> Attempt to read property "logo" on null
in APPPATH\Views\admin\halaman_depan.php on line 538.
 1 APPPATH\Views\admin\halaman_depan.php(538): CodeIgniter\Debug\Exceptions->errorHandler(2, 'Attempt to read property "logo" on null', 'APPPATH\\Views\\admin\\halaman_depan.php', 538)
 2 SYSTEMPATH\View\View.php(213): include('APPPATH\\Views\\admin\\halaman_depan.php')
 3 SYSTEMPATH\View\View.php(216): CodeIgniter\View\View->CodeIgniter\View\{closure}()
 4 SYSTEMPATH\Common.php(1134): CodeIgniter\View\View->render('admin/halaman_depan', [], true)
 5 APPPATH\Controllers\Admin\DetailBerita.php(32): view('admin/halaman_depan', [...])
 6 SYSTEMPATH\CodeIgniter.php(927): App\Controllers\Admin\DetailBerita->news()
 7 SYSTEMPATH\CodeIgniter.php(482): CodeIgniter\CodeIgniter->runController(Object(App\Controllers\Admin\DetailBerita))
 8 SYSTEMPATH\CodeIgniter.php(351): CodeIgniter\CodeIgniter->handleRequest(null, Object(Config\Cache), false)
 9 FCPATH\index.php(67): CodeIgniter\CodeIgniter->run()
10 SYSTEMPATH\Commands\Server\rewrite.php(46): require_once('FCPATH\\index.php')
CRITICAL - 2023-07-04 15:13:02 --> Attempt to read property "telpon" on null
in APPPATH\Views\admin\halaman_depan.php on line 548.
 1 APPPATH\Views\admin\halaman_depan.php(548): CodeIgniter\Debug\Exceptions->errorHandler(2, 'Attempt to read property "telpon" on null', 'APPPATH\\Views\\admin\\halaman_depan.php', 548)
 2 SYSTEMPATH\View\View.php(213): include('APPPATH\\Views\\admin\\halaman_depan.php')
 3 SYSTEMPATH\View\View.php(216): CodeIgniter\View\View->CodeIgniter\View\{closure}()
 4 SYSTEMPATH\Common.php(1134): CodeIgniter\View\View->render('admin/halaman_depan', [], true)
 5 APPPATH\Controllers\Admin\DetailBerita.php(32): view('admin/halaman_depan', [...])
 6 SYSTEMPATH\CodeIgniter.php(927): App\Controllers\Admin\DetailBerita->news()
 7 SYSTEMPATH\CodeIgniter.php(482): CodeIgniter\CodeIgniter->runController(Object(App\Controllers\Admin\DetailBerita))
 8 SYSTEMPATH\CodeIgniter.php(351): CodeIgniter\CodeIgniter->handleRequest(null, Object(Config\Cache), false)
 9 FCPATH\index.php(67): CodeIgniter\CodeIgniter->run()
10 SYSTEMPATH\Commands\Server\rewrite.php(46): require_once('FCPATH\\index.php')
CRITICAL - 2023-07-04 15:14:30 --> Undefined property: stdClass::$logo
in APPPATH\Views\admin\halaman_depan.php on line 587.
 1 APPPATH\Views\admin\halaman_depan.php(587): CodeIgniter\Debug\Exceptions->errorHandler(2, 'Undefined property: stdClass::$logo', 'APPPATH\\Views\\admin\\halaman_depan.php', 587)
 2 SYSTEMPATH\View\View.php(213): include('APPPATH\\Views\\admin\\halaman_depan.php')
 3 SYSTEMPATH\View\View.php(216): CodeIgniter\View\View->CodeIgniter\View\{closure}()
 4 SYSTEMPATH\Common.php(1134): CodeIgniter\View\View->render('admin/halaman_depan', [], true)
 5 APPPATH\Controllers\Admin\DetailBerita.php(32): view('admin/halaman_depan', [...])
 6 SYSTEMPATH\CodeIgniter.php(927): App\Controllers\Admin\DetailBerita->news()
 7 SYSTEMPATH\CodeIgniter.php(482): CodeIgniter\CodeIgniter->runController(Object(App\Controllers\Admin\DetailBerita))
 8 SYSTEMPATH\CodeIgniter.php(351): CodeIgniter\CodeIgniter->handleRequest(null, Object(Config\Cache), false)
 9 FCPATH\index.php(67): CodeIgniter\CodeIgniter->run()
10 SYSTEMPATH\Commands\Server\rewrite.php(46): require_once('FCPATH\\index.php')
