CRITICAL - 2023-01-29 11:45:10 --> Invalid argument supplied for foreach()
in APPPATH/Views/admin/periode.php on line 82.
 1 APPPATH/Views/admin/periode.php(82): CodeIgniter\Debug\Exceptions->errorHandler(2, 'Invalid argument supplied for foreach()', 'APPPATH/Views/admin/periode.php', 82, [...])
 2 SYSTEMPATH/View/View.php(213): include('APPPATH/Views/admin/periode.php')
 3 SYSTEMPATH/View/View.php(216): CodeIgniter\View\View->CodeIgniter\View\{closure}()
 4 SYSTEMPATH/Common.php(1134): CodeIgniter\View\View->render('admin/periode', [], true)
 5 APPPATH/Controllers/Admin/SettingController.php(28): view('admin/periode', [...])
 6 SYSTEMPATH/CodeIgniter.php(927): App\Controllers\Admin\SettingController->periode()
 7 SYSTEMPATH/CodeIgniter.php(482): CodeIgniter\CodeIgniter->runController(Object(App\Controllers\Admin\SettingController))
 8 SYSTEMPATH/CodeIgniter.php(351): CodeIgniter\CodeIgniter->handleRequest(null, Object(Config\Cache), false)
 9 FCPATH/index.php(67): CodeIgniter\CodeIgniter->run()
CRITICAL - 2023-01-29 11:55:34 --> Invalid file: admin/addperiode.php
in SYSTEMPATH/Exceptions/FrameworkException.php on line 33.
 1 SYSTEMPATH/View/View.php(201): CodeIgniter\Exceptions\FrameworkException::forInvalidFile('admin/addperiode.php')
 2 SYSTEMPATH/Common.php(1134): CodeIgniter\View\View->render('admin/addperiode', [], true)
 3 APPPATH/Controllers/Admin/SettingController.php(39): view('admin/addperiode', [...])
 4 SYSTEMPATH/CodeIgniter.php(927): App\Controllers\Admin\SettingController->addperiode()
 5 SYSTEMPATH/CodeIgniter.php(482): CodeIgniter\CodeIgniter->runController(Object(App\Controllers\Admin\SettingController))
 6 SYSTEMPATH/CodeIgniter.php(351): CodeIgniter\CodeIgniter->handleRequest(null, Object(Config\Cache), false)
 7 FCPATH/index.php(67): CodeIgniter\CodeIgniter->run()
CRITICAL - 2023-01-29 12:17:28 --> Call to a member function save() on null
in APPPATH/Controllers/Admin/SettingController.php on line 49.
 1 SYSTEMPATH/CodeIgniter.php(927): App\Controllers\Admin\SettingController->saveperiode()
 2 SYSTEMPATH/CodeIgniter.php(482): CodeIgniter\CodeIgniter->runController(Object(App\Controllers\Admin\SettingController))
 3 SYSTEMPATH/CodeIgniter.php(351): CodeIgniter\CodeIgniter->handleRequest(null, Object(Config\Cache), false)
 4 FCPATH/index.php(67): CodeIgniter\CodeIgniter->run()
CRITICAL - 2023-01-29 23:16:42 --> Invalid file: admin/master/edit_periode.php
in SYSTEMPATH/Exceptions/FrameworkException.php on line 33.
 1 SYSTEMPATH/View/View.php(201): CodeIgniter\Exceptions\FrameworkException::forInvalidFile('admin/master/edit_periode.php')
 2 SYSTEMPATH/Common.php(1134): CodeIgniter\View\View->render('admin/master/edit_periode', [], true)
 3 APPPATH/Controllers/Admin/SettingController.php(69): view('admin/master/edit_periode', [...])
 4 SYSTEMPATH/CodeIgniter.php(927): App\Controllers\Admin\SettingController->editperiode('1')
 5 SYSTEMPATH/CodeIgniter.php(482): CodeIgniter\CodeIgniter->runController(Object(App\Controllers\Admin\SettingController))
 6 SYSTEMPATH/CodeIgniter.php(351): CodeIgniter\CodeIgniter->handleRequest(null, Object(Config\Cache), false)
 7 FCPATH/index.php(67): CodeIgniter\CodeIgniter->run()
CRITICAL - 2023-01-29 23:46:32 --> Invalid file: admin/kategori.php
in SYSTEMPATH/Exceptions/FrameworkException.php on line 33.
 1 SYSTEMPATH/View/View.php(201): CodeIgniter\Exceptions\FrameworkException::forInvalidFile('admin/kategori.php')
 2 SYSTEMPATH/Common.php(1134): CodeIgniter\View\View->render('admin/kategori', [], true)
 3 APPPATH/Controllers/Admin/SettingController.php(105): view('admin/kategori', [...])
 4 SYSTEMPATH/CodeIgniter.php(927): App\Controllers\Admin\SettingController->kategori()
 5 SYSTEMPATH/CodeIgniter.php(482): CodeIgniter\CodeIgniter->runController(Object(App\Controllers\Admin\SettingController))
 6 SYSTEMPATH/CodeIgniter.php(351): CodeIgniter\CodeIgniter->handleRequest(null, Object(Config\Cache), false)
 7 FCPATH/index.php(67): CodeIgniter\CodeIgniter->run()
CRITICAL - 2023-01-29 23:52:06 --> Invalid file: admin/tambah_kategori.php
in SYSTEMPATH/Exceptions/FrameworkException.php on line 33.
 1 SYSTEMPATH/View/View.php(201): CodeIgniter\Exceptions\FrameworkException::forInvalidFile('admin/tambah_kategori.php')
 2 SYSTEMPATH/Common.php(1134): CodeIgniter\View\View->render('admin/tambah_kategori', [], true)
 3 APPPATH/Controllers/Admin/SettingController.php(116): view('admin/tambah_kategori', [...])
 4 SYSTEMPATH/CodeIgniter.php(927): App\Controllers\Admin\SettingController->addkategori()
 5 SYSTEMPATH/CodeIgniter.php(482): CodeIgniter\CodeIgniter->runController(Object(App\Controllers\Admin\SettingController))
 6 SYSTEMPATH/CodeIgniter.php(351): CodeIgniter\CodeIgniter->handleRequest(null, Object(Config\Cache), false)
 7 FCPATH/index.php(67): CodeIgniter\CodeIgniter->run()
