ERROR - 2023-06-16 09:30:04 --> mysqli_sql_exception: Column 'kategori' cannot be null in C:\xampp\htdocs\appKoperasi\system\Database\MySQLi\Connection.php:292
Stack trace:
#0 C:\xampp\htdocs\appKoperasi\system\Database\MySQLi\Connection.php(292): mysqli->query('REPLACE INTO `s...', 0)
#1 C:\xampp\htdocs\appKoperasi\system\Database\BaseConnection.php(666): CodeIgniter\Database\MySQLi\Connection->execute('REPLACE INTO `s...')
#2 C:\xampp\htdocs\appKoperasi\system\Database\BaseConnection.php(593): CodeIgniter\Database\BaseConnection->simpleQuery('REPLACE INTO `s...')
#3 C:\xampp\htdocs\appKoperasi\system\Database\BaseBuilder.php(2002): CodeIgniter\Database\BaseConnection->query('REPLACE INTO `s...', Array, false)
#4 C:\xampp\htdocs\appKoperasi\app\Controllers\Admin\GaleriController.php(84): CodeIgniter\Database\BaseBuilder->replace(Array)
#5 C:\xampp\htdocs\appKoperasi\system\CodeIgniter.php(927): App\Controllers\Admin\GaleriController->updatekategori()
#6 C:\xampp\htdocs\appKoperasi\system\CodeIgniter.php(482): CodeIgniter\CodeIgniter->runController(Object(App\Controllers\Admin\GaleriController))
#7 C:\xampp\htdocs\appKoperasi\system\CodeIgniter.php(351): CodeIgniter\CodeIgniter->handleRequest(NULL, Object(Config\Cache), false)
#8 C:\xampp\htdocs\appKoperasi\index.php(67): CodeIgniter\CodeIgniter->run()
#9 {main}
ERROR - 2023-06-16 22:32:19 --> mysqli_sql_exception: Column 'kategori' cannot be null in C:\xampp\htdocs\appKoperasi\system\Database\MySQLi\Connection.php:292
Stack trace:
#0 C:\xampp\htdocs\appKoperasi\system\Database\MySQLi\Connection.php(292): mysqli->query('REPLACE INTO `s...', 0)
#1 C:\xampp\htdocs\appKoperasi\system\Database\BaseConnection.php(666): CodeIgniter\Database\MySQLi\Connection->execute('REPLACE INTO `s...')
#2 C:\xampp\htdocs\appKoperasi\system\Database\BaseConnection.php(593): CodeIgniter\Database\BaseConnection->simpleQuery('REPLACE INTO `s...')
#3 C:\xampp\htdocs\appKoperasi\system\Database\BaseBuilder.php(2002): CodeIgniter\Database\BaseConnection->query('REPLACE INTO `s...', Array, false)
#4 C:\xampp\htdocs\appKoperasi\app\Controllers\Admin\GaleriController.php(84): CodeIgniter\Database\BaseBuilder->replace(Array)
#5 C:\xampp\htdocs\appKoperasi\system\CodeIgniter.php(927): App\Controllers\Admin\GaleriController->updatekategori()
#6 C:\xampp\htdocs\appKoperasi\system\CodeIgniter.php(482): CodeIgniter\CodeIgniter->runController(Object(App\Controllers\Admin\GaleriController))
#7 C:\xampp\htdocs\appKoperasi\system\CodeIgniter.php(351): CodeIgniter\CodeIgniter->handleRequest(NULL, Object(Config\Cache), false)
#8 C:\xampp\htdocs\appKoperasi\index.php(67): CodeIgniter\CodeIgniter->run()
#9 {main}
CRITICAL - 2023-06-16 22:38:35 --> The route for "slider-kategori" cannot be found.
in SYSTEMPATH\Helpers\url_helper.php on line 543.
 1 SYSTEMPATH\Helpers\url_helper.php(543): CodeIgniter\Router\Exceptions\RouterException::forInvalidRoute('slider-kategori')
 2 APPPATH\Views\admin\layout\admin.php(54): url_to('slider-kategori')
 3 SYSTEMPATH\View\View.php(213): include('APPPATH\\Views\\admin\\layout\\admin.php')
 4 SYSTEMPATH\View\View.php(216): CodeIgniter\View\View->CodeIgniter\View\{closure}()
 5 SYSTEMPATH\View\View.php(229): CodeIgniter\View\View->render('admin/layout/admin', [], true)
 6 SYSTEMPATH\Common.php(1134): CodeIgniter\View\View->render('admin/kategori_Galeri', [], true)
 7 APPPATH\Controllers\Admin\GaleriController.php(114): view('admin/kategori_Galeri', [...])
 8 SYSTEMPATH\CodeIgniter.php(927): App\Controllers\Admin\GaleriController->kategorigaleri('Galeri')
 9 SYSTEMPATH\CodeIgniter.php(482): CodeIgniter\CodeIgniter->runController(Object(App\Controllers\Admin\GaleriController))
10 SYSTEMPATH\CodeIgniter.php(351): CodeIgniter\CodeIgniter->handleRequest(null, Object(Config\Cache), false)
11 FCPATH\index.php(67): CodeIgniter\CodeIgniter->run()
CRITICAL - 2023-06-16 22:38:39 --> The route for "slider-kategori" cannot be found.
in SYSTEMPATH\Helpers\url_helper.php on line 543.
 1 SYSTEMPATH\Helpers\url_helper.php(543): CodeIgniter\Router\Exceptions\RouterException::forInvalidRoute('slider-kategori')
 2 APPPATH\Views\admin\layout\admin.php(54): url_to('slider-kategori')
 3 SYSTEMPATH\View\View.php(213): include('APPPATH\\Views\\admin\\layout\\admin.php')
 4 SYSTEMPATH\View\View.php(216): CodeIgniter\View\View->CodeIgniter\View\{closure}()
 5 SYSTEMPATH\View\View.php(229): CodeIgniter\View\View->render('admin/layout/admin', [], true)
 6 SYSTEMPATH\Common.php(1134): CodeIgniter\View\View->render('admin/kategori_Slider', [], true)
 7 APPPATH\Controllers\Admin\GaleriController.php(114): view('admin/kategori_Slider', [...])
 8 SYSTEMPATH\CodeIgniter.php(927): App\Controllers\Admin\GaleriController->kategorigaleri('Slider')
 9 SYSTEMPATH\CodeIgniter.php(482): CodeIgniter\CodeIgniter->runController(Object(App\Controllers\Admin\GaleriController))
10 SYSTEMPATH\CodeIgniter.php(351): CodeIgniter\CodeIgniter->handleRequest(null, Object(Config\Cache), false)
11 FCPATH\index.php(67): CodeIgniter\CodeIgniter->run()
CRITICAL - 2023-06-16 22:38:40 --> The route for "slider-kategori" cannot be found.
in SYSTEMPATH\Helpers\url_helper.php on line 543.
 1 SYSTEMPATH\Helpers\url_helper.php(543): CodeIgniter\Router\Exceptions\RouterException::forInvalidRoute('slider-kategori')
 2 APPPATH\Views\admin\layout\admin.php(54): url_to('slider-kategori')
 3 SYSTEMPATH\View\View.php(213): include('APPPATH\\Views\\admin\\layout\\admin.php')
 4 SYSTEMPATH\View\View.php(216): CodeIgniter\View\View->CodeIgniter\View\{closure}()
 5 SYSTEMPATH\View\View.php(229): CodeIgniter\View\View->render('admin/layout/admin', [], true)
 6 SYSTEMPATH\Common.php(1134): CodeIgniter\View\View->render('admin/g_galeri', [], true)
 7 APPPATH\Controllers\Admin\GaleriController.php(128): view('admin/g_galeri', [...])
 8 SYSTEMPATH\CodeIgniter.php(927): App\Controllers\Admin\GaleriController->galeri()
 9 SYSTEMPATH\CodeIgniter.php(482): CodeIgniter\CodeIgniter->runController(Object(App\Controllers\Admin\GaleriController))
10 SYSTEMPATH\CodeIgniter.php(351): CodeIgniter\CodeIgniter->handleRequest(null, Object(Config\Cache), false)
11 FCPATH\index.php(67): CodeIgniter\CodeIgniter->run()
CRITICAL - 2023-06-16 22:38:41 --> The route for "slider-kategori" cannot be found.
in SYSTEMPATH\Helpers\url_helper.php on line 543.
 1 SYSTEMPATH\Helpers\url_helper.php(543): CodeIgniter\Router\Exceptions\RouterException::forInvalidRoute('slider-kategori')
 2 APPPATH\Views\admin\layout\admin.php(54): url_to('slider-kategori')
 3 SYSTEMPATH\View\View.php(213): include('APPPATH\\Views\\admin\\layout\\admin.php')
 4 SYSTEMPATH\View\View.php(216): CodeIgniter\View\View->CodeIgniter\View\{closure}()
 5 SYSTEMPATH\View\View.php(229): CodeIgniter\View\View->render('admin/layout/admin', [], true)
 6 SYSTEMPATH\Common.php(1134): CodeIgniter\View\View->render('admin/g_galeri', [], true)
 7 APPPATH\Controllers\Admin\GaleriController.php(128): view('admin/g_galeri', [...])
 8 SYSTEMPATH\CodeIgniter.php(927): App\Controllers\Admin\GaleriController->galeri()
 9 SYSTEMPATH\CodeIgniter.php(482): CodeIgniter\CodeIgniter->runController(Object(App\Controllers\Admin\GaleriController))
10 SYSTEMPATH\CodeIgniter.php(351): CodeIgniter\CodeIgniter->handleRequest(null, Object(Config\Cache), false)
11 FCPATH\index.php(67): CodeIgniter\CodeIgniter->run()
CRITICAL - 2023-06-16 22:39:06 --> The route for "slider-kategori" cannot be found.
in SYSTEMPATH\Helpers\url_helper.php on line 543.
 1 SYSTEMPATH\Helpers\url_helper.php(543): CodeIgniter\Router\Exceptions\RouterException::forInvalidRoute('slider-kategori')
 2 APPPATH\Views\admin\layout\admin.php(54): url_to('slider-kategori')
 3 SYSTEMPATH\View\View.php(213): include('APPPATH\\Views\\admin\\layout\\admin.php')
 4 SYSTEMPATH\View\View.php(216): CodeIgniter\View\View->CodeIgniter\View\{closure}()
 5 SYSTEMPATH\View\View.php(229): CodeIgniter\View\View->render('admin/layout/admin', [], true)
 6 SYSTEMPATH\Common.php(1134): CodeIgniter\View\View->render('admin/g_galeri', [], true)
 7 APPPATH\Controllers\Admin\GaleriController.php(128): view('admin/g_galeri', [...])
 8 SYSTEMPATH\CodeIgniter.php(927): App\Controllers\Admin\GaleriController->galeri()
 9 SYSTEMPATH\CodeIgniter.php(482): CodeIgniter\CodeIgniter->runController(Object(App\Controllers\Admin\GaleriController))
10 SYSTEMPATH\CodeIgniter.php(351): CodeIgniter\CodeIgniter->handleRequest(null, Object(Config\Cache), false)
11 FCPATH\index.php(67): CodeIgniter\CodeIgniter->run()
CRITICAL - 2023-06-16 22:39:07 --> The route for "slider-kategori" cannot be found.
in SYSTEMPATH\Helpers\url_helper.php on line 543.
 1 SYSTEMPATH\Helpers\url_helper.php(543): CodeIgniter\Router\Exceptions\RouterException::forInvalidRoute('slider-kategori')
 2 APPPATH\Views\admin\layout\admin.php(54): url_to('slider-kategori')
 3 SYSTEMPATH\View\View.php(213): include('APPPATH\\Views\\admin\\layout\\admin.php')
 4 SYSTEMPATH\View\View.php(216): CodeIgniter\View\View->CodeIgniter\View\{closure}()
 5 SYSTEMPATH\View\View.php(229): CodeIgniter\View\View->render('admin/layout/admin', [], true)
 6 SYSTEMPATH\Common.php(1134): CodeIgniter\View\View->render('admin/g_galeri', [], true)
 7 APPPATH\Controllers\Admin\GaleriController.php(128): view('admin/g_galeri', [...])
 8 SYSTEMPATH\CodeIgniter.php(927): App\Controllers\Admin\GaleriController->galeri()
 9 SYSTEMPATH\CodeIgniter.php(482): CodeIgniter\CodeIgniter->runController(Object(App\Controllers\Admin\GaleriController))
10 SYSTEMPATH\CodeIgniter.php(351): CodeIgniter\CodeIgniter->handleRequest(null, Object(Config\Cache), false)
11 FCPATH\index.php(67): CodeIgniter\CodeIgniter->run()
CRITICAL - 2023-06-16 22:39:08 --> The route for "slider-kategori" cannot be found.
in SYSTEMPATH\Helpers\url_helper.php on line 543.
 1 SYSTEMPATH\Helpers\url_helper.php(543): CodeIgniter\Router\Exceptions\RouterException::forInvalidRoute('slider-kategori')
 2 APPPATH\Views\admin\layout\admin.php(54): url_to('slider-kategori')
 3 SYSTEMPATH\View\View.php(213): include('APPPATH\\Views\\admin\\layout\\admin.php')
 4 SYSTEMPATH\View\View.php(216): CodeIgniter\View\View->CodeIgniter\View\{closure}()
 5 SYSTEMPATH\View\View.php(229): CodeIgniter\View\View->render('admin/layout/admin', [], true)
 6 SYSTEMPATH\Common.php(1134): CodeIgniter\View\View->render('admin/kategori_Galeri', [], true)
 7 APPPATH\Controllers\Admin\GaleriController.php(114): view('admin/kategori_Galeri', [...])
 8 SYSTEMPATH\CodeIgniter.php(927): App\Controllers\Admin\GaleriController->kategorigaleri('Galeri')
 9 SYSTEMPATH\CodeIgniter.php(482): CodeIgniter\CodeIgniter->runController(Object(App\Controllers\Admin\GaleriController))
10 SYSTEMPATH\CodeIgniter.php(351): CodeIgniter\CodeIgniter->handleRequest(null, Object(Config\Cache), false)
11 FCPATH\index.php(67): CodeIgniter\CodeIgniter->run()
CRITICAL - 2023-06-16 22:39:09 --> The route for "slider-kategori" cannot be found.
in SYSTEMPATH\Helpers\url_helper.php on line 543.
 1 SYSTEMPATH\Helpers\url_helper.php(543): CodeIgniter\Router\Exceptions\RouterException::forInvalidRoute('slider-kategori')
 2 APPPATH\Views\admin\layout\admin.php(54): url_to('slider-kategori')
 3 SYSTEMPATH\View\View.php(213): include('APPPATH\\Views\\admin\\layout\\admin.php')
 4 SYSTEMPATH\View\View.php(216): CodeIgniter\View\View->CodeIgniter\View\{closure}()
 5 SYSTEMPATH\View\View.php(229): CodeIgniter\View\View->render('admin/layout/admin', [], true)
 6 SYSTEMPATH\Common.php(1134): CodeIgniter\View\View->render('admin/tambah_kategori', [], true)
 7 APPPATH\Controllers\Admin\GaleriController.php(33): view('admin/tambah_kategori', [...])
 8 SYSTEMPATH\CodeIgniter.php(927): App\Controllers\Admin\GaleriController->addkategori('Galeri')
 9 SYSTEMPATH\CodeIgniter.php(482): CodeIgniter\CodeIgniter->runController(Object(App\Controllers\Admin\GaleriController))
10 SYSTEMPATH\CodeIgniter.php(351): CodeIgniter\CodeIgniter->handleRequest(null, Object(Config\Cache), false)
11 FCPATH\index.php(67): CodeIgniter\CodeIgniter->run()
CRITICAL - 2023-06-16 22:39:10 --> The route for "slider-kategori" cannot be found.
in SYSTEMPATH\Helpers\url_helper.php on line 543.
 1 SYSTEMPATH\Helpers\url_helper.php(543): CodeIgniter\Router\Exceptions\RouterException::forInvalidRoute('slider-kategori')
 2 APPPATH\Views\admin\layout\admin.php(54): url_to('slider-kategori')
 3 SYSTEMPATH\View\View.php(213): include('APPPATH\\Views\\admin\\layout\\admin.php')
 4 SYSTEMPATH\View\View.php(216): CodeIgniter\View\View->CodeIgniter\View\{closure}()
 5 SYSTEMPATH\View\View.php(229): CodeIgniter\View\View->render('admin/layout/admin', [], true)
 6 SYSTEMPATH\Common.php(1134): CodeIgniter\View\View->render('admin/kategori_Galeri', [], true)
 7 APPPATH\Controllers\Admin\GaleriController.php(114): view('admin/kategori_Galeri', [...])
 8 SYSTEMPATH\CodeIgniter.php(927): App\Controllers\Admin\GaleriController->kategorigaleri('Galeri')
 9 SYSTEMPATH\CodeIgniter.php(482): CodeIgniter\CodeIgniter->runController(Object(App\Controllers\Admin\GaleriController))
10 SYSTEMPATH\CodeIgniter.php(351): CodeIgniter\CodeIgniter->handleRequest(null, Object(Config\Cache), false)
11 FCPATH\index.php(67): CodeIgniter\CodeIgniter->run()
CRITICAL - 2023-06-16 22:39:11 --> The route for "slider-kategori" cannot be found.
in SYSTEMPATH\Helpers\url_helper.php on line 543.
 1 SYSTEMPATH\Helpers\url_helper.php(543): CodeIgniter\Router\Exceptions\RouterException::forInvalidRoute('slider-kategori')
 2 APPPATH\Views\admin\layout\admin.php(54): url_to('slider-kategori')
 3 SYSTEMPATH\View\View.php(213): include('APPPATH\\Views\\admin\\layout\\admin.php')
 4 SYSTEMPATH\View\View.php(216): CodeIgniter\View\View->CodeIgniter\View\{closure}()
 5 SYSTEMPATH\View\View.php(229): CodeIgniter\View\View->render('admin/layout/admin', [], true)
 6 SYSTEMPATH\Common.php(1134): CodeIgniter\View\View->render('admin/member', [], true)
 7 APPPATH\Controllers\Admin\MemberController.php(21): view('admin/member', [...])
 8 SYSTEMPATH\CodeIgniter.php(927): App\Controllers\Admin\MemberController->index()
 9 SYSTEMPATH\CodeIgniter.php(482): CodeIgniter\CodeIgniter->runController(Object(App\Controllers\Admin\MemberController))
10 SYSTEMPATH\CodeIgniter.php(351): CodeIgniter\CodeIgniter->handleRequest(null, Object(Config\Cache), false)
11 FCPATH\index.php(67): CodeIgniter\CodeIgniter->run()
CRITICAL - 2023-06-16 22:39:11 --> The route for "slider-kategori" cannot be found.
in SYSTEMPATH\Helpers\url_helper.php on line 543.
 1 SYSTEMPATH\Helpers\url_helper.php(543): CodeIgniter\Router\Exceptions\RouterException::forInvalidRoute('slider-kategori')
 2 APPPATH\Views\admin\layout\admin.php(54): url_to('slider-kategori')
 3 SYSTEMPATH\View\View.php(213): include('APPPATH\\Views\\admin\\layout\\admin.php')
 4 SYSTEMPATH\View\View.php(216): CodeIgniter\View\View->CodeIgniter\View\{closure}()
 5 SYSTEMPATH\View\View.php(229): CodeIgniter\View\View->render('admin/layout/admin', [], true)
 6 SYSTEMPATH\Common.php(1134): CodeIgniter\View\View->render('admin/dashboard', [], true)
 7 APPPATH\Controllers\Admin\DashboardController.php(183): view('admin/dashboard', [...])
 8 SYSTEMPATH\CodeIgniter.php(927): App\Controllers\Admin\DashboardController->index()
 9 SYSTEMPATH\CodeIgniter.php(482): CodeIgniter\CodeIgniter->runController(Object(App\Controllers\Admin\DashboardController))
10 SYSTEMPATH\CodeIgniter.php(351): CodeIgniter\CodeIgniter->handleRequest(null, Object(Config\Cache), false)
11 FCPATH\index.php(67): CodeIgniter\CodeIgniter->run()
CRITICAL - 2023-06-16 22:40:18 --> The route for "slider-kategori" cannot be found.
in SYSTEMPATH\Helpers\url_helper.php on line 543.
 1 SYSTEMPATH\Helpers\url_helper.php(543): CodeIgniter\Router\Exceptions\RouterException::forInvalidRoute('slider-kategori')
 2 APPPATH\Views\admin\layout\admin.php(54): url_to('slider-kategori')
 3 SYSTEMPATH\View\View.php(213): include('APPPATH\\Views\\admin\\layout\\admin.php')
 4 SYSTEMPATH\View\View.php(216): CodeIgniter\View\View->CodeIgniter\View\{closure}()
 5 SYSTEMPATH\View\View.php(229): CodeIgniter\View\View->render('admin/layout/admin', [], true)
 6 SYSTEMPATH\Common.php(1134): CodeIgniter\View\View->render('admin/dashboard', [], true)
 7 APPPATH\Controllers\Admin\DashboardController.php(183): view('admin/dashboard', [...])
 8 SYSTEMPATH\CodeIgniter.php(927): App\Controllers\Admin\DashboardController->index()
 9 SYSTEMPATH\CodeIgniter.php(482): CodeIgniter\CodeIgniter->runController(Object(App\Controllers\Admin\DashboardController))
10 SYSTEMPATH\CodeIgniter.php(351): CodeIgniter\CodeIgniter->handleRequest(null, Object(Config\Cache), false)
11 FCPATH\index.php(67): CodeIgniter\CodeIgniter->run()
CRITICAL - 2023-06-16 22:40:19 --> The route for "slider-kategori" cannot be found.
in SYSTEMPATH\Helpers\url_helper.php on line 543.
 1 SYSTEMPATH\Helpers\url_helper.php(543): CodeIgniter\Router\Exceptions\RouterException::forInvalidRoute('slider-kategori')
 2 APPPATH\Views\admin\layout\admin.php(54): url_to('slider-kategori')
 3 SYSTEMPATH\View\View.php(213): include('APPPATH\\Views\\admin\\layout\\admin.php')
 4 SYSTEMPATH\View\View.php(216): CodeIgniter\View\View->CodeIgniter\View\{closure}()
 5 SYSTEMPATH\View\View.php(229): CodeIgniter\View\View->render('admin/layout/admin', [], true)
 6 SYSTEMPATH\Common.php(1134): CodeIgniter\View\View->render('admin/dashboard', [], true)
 7 APPPATH\Controllers\Admin\DashboardController.php(183): view('admin/dashboard', [...])
 8 SYSTEMPATH\CodeIgniter.php(927): App\Controllers\Admin\DashboardController->index()
 9 SYSTEMPATH\CodeIgniter.php(482): CodeIgniter\CodeIgniter->runController(Object(App\Controllers\Admin\DashboardController))
10 SYSTEMPATH\CodeIgniter.php(351): CodeIgniter\CodeIgniter->handleRequest(null, Object(Config\Cache), false)
11 FCPATH\index.php(67): CodeIgniter\CodeIgniter->run()
CRITICAL - 2023-06-16 22:41:43 --> The route for "slider-kategori" cannot be found.
in SYSTEMPATH\Helpers\url_helper.php on line 543.
 1 SYSTEMPATH\Helpers\url_helper.php(543): CodeIgniter\Router\Exceptions\RouterException::forInvalidRoute('slider-kategori')
 2 APPPATH\Views\admin\layout\admin.php(54): url_to('slider-kategori')
 3 SYSTEMPATH\View\View.php(213): include('APPPATH\\Views\\admin\\layout\\admin.php')
 4 SYSTEMPATH\View\View.php(216): CodeIgniter\View\View->CodeIgniter\View\{closure}()
 5 SYSTEMPATH\View\View.php(229): CodeIgniter\View\View->render('admin/layout/admin', [], true)
 6 SYSTEMPATH\Common.php(1134): CodeIgniter\View\View->render('admin/dashboard', [], true)
 7 APPPATH\Controllers\Admin\DashboardController.php(183): view('admin/dashboard', [...])
 8 SYSTEMPATH\CodeIgniter.php(927): App\Controllers\Admin\DashboardController->index()
 9 SYSTEMPATH\CodeIgniter.php(482): CodeIgniter\CodeIgniter->runController(Object(App\Controllers\Admin\DashboardController))
10 SYSTEMPATH\CodeIgniter.php(351): CodeIgniter\CodeIgniter->handleRequest(null, Object(Config\Cache), false)
11 FCPATH\index.php(67): CodeIgniter\CodeIgniter->run()
CRITICAL - 2023-06-16 23:12:55 --> Invalid file: admin/tambah_kategori_Slider.php
in SYSTEMPATH\Exceptions\FrameworkException.php on line 33.
 1 SYSTEMPATH\View\View.php(201): CodeIgniter\Exceptions\FrameworkException::forInvalidFile('admin/tambah_kategori_Slider.php')
 2 SYSTEMPATH\Common.php(1134): CodeIgniter\View\View->render('admin/tambah_kategori_Slider', [], true)
 3 APPPATH\Controllers\Admin\GaleriController.php(33): view('admin/tambah_kategori_Slider', [...])
 4 SYSTEMPATH\CodeIgniter.php(927): App\Controllers\Admin\GaleriController->addkategori('Slider')
 5 SYSTEMPATH\CodeIgniter.php(482): CodeIgniter\CodeIgniter->runController(Object(App\Controllers\Admin\GaleriController))
 6 SYSTEMPATH\CodeIgniter.php(351): CodeIgniter\CodeIgniter->handleRequest(null, Object(Config\Cache), false)
 7 FCPATH\index.php(67): CodeIgniter\CodeIgniter->run()
CRITICAL - 2023-06-16 23:40:20 --> Invalid file: admin/edit_kategori_Galeri.php
in SYSTEMPATH\Exceptions\FrameworkException.php on line 33.
 1 SYSTEMPATH\View\View.php(201): CodeIgniter\Exceptions\FrameworkException::forInvalidFile('admin/edit_kategori_Galeri.php')
 2 SYSTEMPATH\Common.php(1134): CodeIgniter\View\View->render('admin/edit_kategori_Galeri', [], true)
 3 APPPATH\Controllers\Admin\GaleriController.php(68): view('admin/edit_kategori_Galeri', [...])
 4 SYSTEMPATH\CodeIgniter.php(927): App\Controllers\Admin\GaleriController->editkategori('7', 'Galeri')
 5 SYSTEMPATH\CodeIgniter.php(482): CodeIgniter\CodeIgniter->runController(Object(App\Controllers\Admin\GaleriController))
 6 SYSTEMPATH\CodeIgniter.php(351): CodeIgniter\CodeIgniter->handleRequest(null, Object(Config\Cache), false)
 7 FCPATH\index.php(67): CodeIgniter\CodeIgniter->run()
CRITICAL - 2023-06-16 23:40:26 --> Invalid file: admin/edit_kategori_Galeri.php
in SYSTEMPATH\Exceptions\FrameworkException.php on line 33.
 1 SYSTEMPATH\View\View.php(201): CodeIgniter\Exceptions\FrameworkException::forInvalidFile('admin/edit_kategori_Galeri.php')
 2 SYSTEMPATH\Common.php(1134): CodeIgniter\View\View->render('admin/edit_kategori_Galeri', [], true)
 3 APPPATH\Controllers\Admin\GaleriController.php(68): view('admin/edit_kategori_Galeri', [...])
 4 SYSTEMPATH\CodeIgniter.php(927): App\Controllers\Admin\GaleriController->editkategori('7', 'Galeri')
 5 SYSTEMPATH\CodeIgniter.php(482): CodeIgniter\CodeIgniter->runController(Object(App\Controllers\Admin\GaleriController))
 6 SYSTEMPATH\CodeIgniter.php(351): CodeIgniter\CodeIgniter->handleRequest(null, Object(Config\Cache), false)
 7 FCPATH\index.php(67): CodeIgniter\CodeIgniter->run()
CRITICAL - 2023-06-16 23:40:57 --> Invalid file: admin/edit_kategori_Galeri.php
in SYSTEMPATH\Exceptions\FrameworkException.php on line 33.
 1 SYSTEMPATH\View\View.php(201): CodeIgniter\Exceptions\FrameworkException::forInvalidFile('admin/edit_kategori_Galeri.php')
 2 SYSTEMPATH\Common.php(1134): CodeIgniter\View\View->render('admin/edit_kategori_Galeri', [], true)
 3 APPPATH\Controllers\Admin\GaleriController.php(68): view('admin/edit_kategori_Galeri', [...])
 4 SYSTEMPATH\CodeIgniter.php(927): App\Controllers\Admin\GaleriController->editkategori('7', 'Galeri')
 5 SYSTEMPATH\CodeIgniter.php(482): CodeIgniter\CodeIgniter->runController(Object(App\Controllers\Admin\GaleriController))
 6 SYSTEMPATH\CodeIgniter.php(351): CodeIgniter\CodeIgniter->handleRequest(null, Object(Config\Cache), false)
 7 FCPATH\index.php(67): CodeIgniter\CodeIgniter->run()
CRITICAL - 2023-06-16 23:43:04 --> Invalid file: admin/edit_kategoriGaleri.php
in SYSTEMPATH\Exceptions\FrameworkException.php on line 33.
 1 SYSTEMPATH\View\View.php(201): CodeIgniter\Exceptions\FrameworkException::forInvalidFile('admin/edit_kategoriGaleri.php')
 2 SYSTEMPATH\Common.php(1134): CodeIgniter\View\View->render('admin/edit_kategoriGaleri', [], true)
 3 APPPATH\Controllers\Admin\GaleriController.php(68): view('admin/edit_kategoriGaleri', [...])
 4 SYSTEMPATH\CodeIgniter.php(927): App\Controllers\Admin\GaleriController->editkategori('7', 'Galeri')
 5 SYSTEMPATH\CodeIgniter.php(482): CodeIgniter\CodeIgniter->runController(Object(App\Controllers\Admin\GaleriController))
 6 SYSTEMPATH\CodeIgniter.php(351): CodeIgniter\CodeIgniter->handleRequest(null, Object(Config\Cache), false)
 7 FCPATH\index.php(67): CodeIgniter\CodeIgniter->run()
CRITICAL - 2023-06-16 23:51:13 --> The route for "slider-kategori" cannot be found.
in SYSTEMPATH\Helpers\url_helper.php on line 543.
 1 SYSTEMPATH\Helpers\url_helper.php(543): CodeIgniter\Router\Exceptions\RouterException::forInvalidRoute('slider-kategori')
 2 APPPATH\Views\admin\layout\admin.php(54): url_to('slider-kategori')
 3 SYSTEMPATH\View\View.php(213): include('APPPATH\\Views\\admin\\layout\\admin.php')
 4 SYSTEMPATH\View\View.php(216): CodeIgniter\View\View->CodeIgniter\View\{closure}()
 5 SYSTEMPATH\View\View.php(229): CodeIgniter\View\View->render('admin/layout/admin', [], true)
 6 SYSTEMPATH\Common.php(1134): CodeIgniter\View\View->render('admin/kategori_Slider', [], true)
 7 APPPATH\Controllers\Admin\GaleriController.php(41): view('admin/kategori_Slider', [...])
 8 SYSTEMPATH\CodeIgniter.php(927): App\Controllers\Admin\GaleriController->kategorigaleri('Slider')
 9 SYSTEMPATH\CodeIgniter.php(482): CodeIgniter\CodeIgniter->runController(Object(App\Controllers\Admin\GaleriController))
10 SYSTEMPATH\CodeIgniter.php(351): CodeIgniter\CodeIgniter->handleRequest(null, Object(Config\Cache), false)
11 FCPATH\index.php(67): CodeIgniter\CodeIgniter->run()
