ERROR - 2022-12-06 13:03:38 --> mysqli_sql_exception: You have an error in your SQL syntax; check the manual that corresponds to your MariaDB server version for the right syntax to use near '* IS NULL' at line 4 in /home/sunanpan/public_html/psb/system/Database/MySQLi/Connection.php:292
Stack trace:
#0 /home/sunanpan/public_html/psb/system/Database/MySQLi/Connection.php(292): mysqli->query('SELECT *\nFROM `...', 0)
#1 /home/sunanpan/public_html/psb/system/Database/BaseConnection.php(666): CodeIgniter\Database\MySQLi\Connection->execute('SELECT *\nFROM `...')
#2 /home/sunanpan/public_html/psb/system/Database/BaseConnection.php(593): CodeIgniter\Database\BaseConnection->simpleQuery('SELECT *\nFROM `...')
#3 /home/sunanpan/public_html/psb/system/Database/BaseBuilder.php(1585): CodeIgniter\Database\BaseConnection->query('SELECT *\nFROM `...', Array, false)
#4 /home/sunanpan/public_html/psb/app/Controllers/Admin/SantriController.php(217): CodeIgniter\Database\BaseBuilder->get()
#5 /home/sunanpan/public_html/psb/system/CodeIgniter.php(927): App\Controllers\Admin\SantriController->detailSiswa('MTs', '37')
#6 /home/sunanpan/public_html/psb/system/CodeIgniter.php(482): CodeIgniter\CodeIgniter->runController(Object(App\Controllers\Admin\SantriController))
#7 /home/sunanpan/public_html/psb/system/CodeIgniter.php(351): CodeIgniter\CodeIgniter->handleRequest(NULL, Object(Config\Cache), false)
#8 /home/sunanpan/public_html/psb/index.php(67): CodeIgniter\CodeIgniter->run()
#9 {main}
ERROR - 2022-12-06 13:04:14 --> mysqli_sql_exception: You have an error in your SQL syntax; check the manual that corresponds to your MariaDB server version for the right syntax to use near '* IS NULL' at line 4 in /home/sunanpan/public_html/psb/system/Database/MySQLi/Connection.php:292
Stack trace:
#0 /home/sunanpan/public_html/psb/system/Database/MySQLi/Connection.php(292): mysqli->query('SELECT *\nFROM `...', 0)
#1 /home/sunanpan/public_html/psb/system/Database/BaseConnection.php(666): CodeIgniter\Database\MySQLi\Connection->execute('SELECT *\nFROM `...')
#2 /home/sunanpan/public_html/psb/system/Database/BaseConnection.php(593): CodeIgniter\Database\BaseConnection->simpleQuery('SELECT *\nFROM `...')
#3 /home/sunanpan/public_html/psb/system/Database/BaseBuilder.php(1585): CodeIgniter\Database\BaseConnection->query('SELECT *\nFROM `...', Array, false)
#4 /home/sunanpan/public_html/psb/app/Controllers/Admin/SantriController.php(217): CodeIgniter\Database\BaseBuilder->get()
#5 /home/sunanpan/public_html/psb/system/CodeIgniter.php(927): App\Controllers\Admin\SantriController->detailSiswa('MA', '12')
#6 /home/sunanpan/public_html/psb/system/CodeIgniter.php(482): CodeIgniter\CodeIgniter->runController(Object(App\Controllers\Admin\SantriController))
#7 /home/sunanpan/public_html/psb/system/CodeIgniter.php(351): CodeIgniter\CodeIgniter->handleRequest(NULL, Object(Config\Cache), false)
#8 /home/sunanpan/public_html/psb/index.php(67): CodeIgniter\CodeIgniter->run()
#9 {main}
CRITICAL - 2022-12-06 13:04:14 --> Invalid file: admin/santri_detail_MA.php
in SYSTEMPATH/Exceptions/FrameworkException.php on line 33.
 1 SYSTEMPATH/View/View.php(201): CodeIgniter\Exceptions\FrameworkException::forInvalidFile('admin/santri_detail_MA.php')
 2 SYSTEMPATH/Common.php(1134): CodeIgniter\View\View->render('admin/santri_detail_MA', [], true)
 3 APPPATH/Controllers/Admin/SantriController.php(223): view('admin/santri_detail_MA', [...])
 4 SYSTEMPATH/CodeIgniter.php(927): App\Controllers\Admin\SantriController->detailSiswa('MA', '12')
 5 SYSTEMPATH/CodeIgniter.php(482): CodeIgniter\CodeIgniter->runController(Object(App\Controllers\Admin\SantriController))
 6 SYSTEMPATH/CodeIgniter.php(351): CodeIgniter\CodeIgniter->handleRequest(null, Object(Config\Cache), false)
 7 FCPATH/index.php(67): CodeIgniter\CodeIgniter->run()
ERROR - 2022-12-06 13:29:27 --> mysqli_sql_exception: Column 'ref_kabupaten_id' cannot be null in /home/sunanpan/public_html/psb/system/Database/MySQLi/Connection.php:292
Stack trace:
#0 /home/sunanpan/public_html/psb/system/Database/MySQLi/Connection.php(292): mysqli->query('INSERT INTO `sa...', 0)
#1 /home/sunanpan/public_html/psb/system/Database/BaseConnection.php(666): CodeIgniter\Database\MySQLi\Connection->execute('INSERT INTO `sa...')
#2 /home/sunanpan/public_html/psb/system/Database/BaseConnection.php(593): CodeIgniter\Database\BaseConnection->simpleQuery('INSERT INTO `sa...')
#3 /home/sunanpan/public_html/psb/system/Database/BaseBuilder.php(1916): CodeIgniter\Database\BaseConnection->query('INSERT INTO `sa...', Array, false)
#4 /home/sunanpan/public_html/psb/system/Model.php(279): CodeIgniter\Database\BaseBuilder->insert()
#5 /home/sunanpan/public_html/psb/system/BaseModel.php(749): CodeIgniter\Model->doInsert(Array)
#6 /home/sunanpan/public_html/psb/system/Model.php(667): CodeIgniter\BaseModel->insert(Array, true)
#7 /home/sunanpan/public_html/psb/app/Controllers/FormSantriController.php(149): CodeIgniter\Model->insert(Array)
#8 /home/sunanpan/public_html/psb/system/CodeIgniter.php(927): App\Controllers\FormSantriController->simpanSantri()
#9 /home/sunanpan/public_html/psb/system/CodeIgniter.php(482): CodeIgniter\CodeIgniter->runController(Object(App\Controllers\FormSantriController))
#10 /home/sunanpan/public_html/psb/system/CodeIgniter.php(351): CodeIgniter\CodeIgniter->handleRequest(NULL, Object(Config\Cache), false)
#11 /home/sunanpan/public_html/psb/index.php(67): CodeIgniter\CodeIgniter->run()
#12 {main}
ERROR - 2022-12-06 14:27:33 --> mysqli_sql_exception: Column 'ref_kabupaten_id' cannot be null in /home/sunanpan/public_html/psb/system/Database/MySQLi/Connection.php:292
Stack trace:
#0 /home/sunanpan/public_html/psb/system/Database/MySQLi/Connection.php(292): mysqli->query('INSERT INTO `sa...', 0)
#1 /home/sunanpan/public_html/psb/system/Database/BaseConnection.php(666): CodeIgniter\Database\MySQLi\Connection->execute('INSERT INTO `sa...')
#2 /home/sunanpan/public_html/psb/system/Database/BaseConnection.php(593): CodeIgniter\Database\BaseConnection->simpleQuery('INSERT INTO `sa...')
#3 /home/sunanpan/public_html/psb/system/Database/BaseBuilder.php(1916): CodeIgniter\Database\BaseConnection->query('INSERT INTO `sa...', Array, false)
#4 /home/sunanpan/public_html/psb/system/Model.php(279): CodeIgniter\Database\BaseBuilder->insert()
#5 /home/sunanpan/public_html/psb/system/BaseModel.php(749): CodeIgniter\Model->doInsert(Array)
#6 /home/sunanpan/public_html/psb/system/Model.php(667): CodeIgniter\BaseModel->insert(Array, true)
#7 /home/sunanpan/public_html/psb/app/Controllers/FormSantriController.php(149): CodeIgniter\Model->insert(Array)
#8 /home/sunanpan/public_html/psb/system/CodeIgniter.php(927): App\Controllers\FormSantriController->simpanSantri()
#9 /home/sunanpan/public_html/psb/system/CodeIgniter.php(482): CodeIgniter\CodeIgniter->runController(Object(App\Controllers\FormSantriController))
#10 /home/sunanpan/public_html/psb/system/CodeIgniter.php(351): CodeIgniter\CodeIgniter->handleRequest(NULL, Object(Config\Cache), false)
#11 /home/sunanpan/public_html/psb/index.php(67): CodeIgniter\CodeIgniter->run()
#12 {main}
CRITICAL - 2022-12-06 14:31:49 --> Call to undefined method CodeIgniter\Database\MySQLi\Builder::query()
in APPPATH/Controllers/Admin/SantriController.php on line 39.
 1 SYSTEMPATH/CodeIgniter.php(927): App\Controllers\Admin\SantriController->validasi('MTs')
 2 SYSTEMPATH/CodeIgniter.php(482): CodeIgniter\CodeIgniter->runController(Object(App\Controllers\Admin\SantriController))
 3 SYSTEMPATH/CodeIgniter.php(351): CodeIgniter\CodeIgniter->handleRequest(null, Object(Config\Cache), false)
 4 FCPATH/index.php(67): CodeIgniter\CodeIgniter->run()
ERROR - 2022-12-06 14:33:00 --> mysqli_sql_exception: Unknown column 'st.ref_jenjang_id' in 'where clause' in /home/sunanpan/public_html/psb/system/Database/MySQLi/Connection.php:292
Stack trace:
#0 /home/sunanpan/public_html/psb/system/Database/MySQLi/Connection.php(292): mysqli->query('SELECT s.nik, j...', 0)
#1 /home/sunanpan/public_html/psb/system/Database/BaseConnection.php(666): CodeIgniter\Database\MySQLi\Connection->execute('SELECT s.nik, j...')
#2 /home/sunanpan/public_html/psb/system/Database/BaseConnection.php(593): CodeIgniter\Database\BaseConnection->simpleQuery('SELECT s.nik, j...')
#3 /home/sunanpan/public_html/psb/app/Controllers/Admin/SantriController.php(39): CodeIgniter\Database\BaseConnection->query('SELECT s.nik, j...')
#4 /home/sunanpan/public_html/psb/system/CodeIgniter.php(927): App\Controllers\Admin\SantriController->validasi('MTs')
#5 /home/sunanpan/public_html/psb/system/CodeIgniter.php(482): CodeIgniter\CodeIgniter->runController(Object(App\Controllers\Admin\SantriController))
#6 /home/sunanpan/public_html/psb/system/CodeIgniter.php(351): CodeIgniter\CodeIgniter->handleRequest(NULL, Object(Config\Cache), false)
#7 /home/sunanpan/public_html/psb/index.php(67): CodeIgniter\CodeIgniter->run()
#8 {main}
CRITICAL - 2022-12-06 14:33:00 --> Call to a member function getResult() on bool
in APPPATH/Controllers/Admin/SantriController.php on line 47.
 1 SYSTEMPATH/CodeIgniter.php(927): App\Controllers\Admin\SantriController->validasi('MTs')
 2 SYSTEMPATH/CodeIgniter.php(482): CodeIgniter\CodeIgniter->runController(Object(App\Controllers\Admin\SantriController))
 3 SYSTEMPATH/CodeIgniter.php(351): CodeIgniter\CodeIgniter->handleRequest(null, Object(Config\Cache), false)
 4 FCPATH/index.php(67): CodeIgniter\CodeIgniter->run()
ERROR - 2022-12-06 14:33:46 --> mysqli_sql_exception: Unknown column 'st.ref_jenjang_id' in 'where clause' in /home/sunanpan/public_html/psb/system/Database/MySQLi/Connection.php:292
Stack trace:
#0 /home/sunanpan/public_html/psb/system/Database/MySQLi/Connection.php(292): mysqli->query('SELECT s.nik, j...', 0)
#1 /home/sunanpan/public_html/psb/system/Database/BaseConnection.php(666): CodeIgniter\Database\MySQLi\Connection->execute('SELECT s.nik, j...')
#2 /home/sunanpan/public_html/psb/system/Database/BaseConnection.php(593): CodeIgniter\Database\BaseConnection->simpleQuery('SELECT s.nik, j...')
#3 /home/sunanpan/public_html/psb/app/Controllers/Admin/SantriController.php(39): CodeIgniter\Database\BaseConnection->query('SELECT s.nik, j...')
#4 /home/sunanpan/public_html/psb/system/CodeIgniter.php(927): App\Controllers\Admin\SantriController->validasi('MTs')
#5 /home/sunanpan/public_html/psb/system/CodeIgniter.php(482): CodeIgniter\CodeIgniter->runController(Object(App\Controllers\Admin\SantriController))
#6 /home/sunanpan/public_html/psb/system/CodeIgniter.php(351): CodeIgniter\CodeIgniter->handleRequest(NULL, Object(Config\Cache), false)
#7 /home/sunanpan/public_html/psb/index.php(67): CodeIgniter\CodeIgniter->run()
#8 {main}
CRITICAL - 2022-12-06 14:33:46 --> Call to a member function getResult() on bool
in APPPATH/Controllers/Admin/SantriController.php on line 39.
 1 SYSTEMPATH/CodeIgniter.php(927): App\Controllers\Admin\SantriController->validasi('MTs')
 2 SYSTEMPATH/CodeIgniter.php(482): CodeIgniter\CodeIgniter->runController(Object(App\Controllers\Admin\SantriController))
 3 SYSTEMPATH/CodeIgniter.php(351): CodeIgniter\CodeIgniter->handleRequest(null, Object(Config\Cache), false)
 4 FCPATH/index.php(67): CodeIgniter\CodeIgniter->run()
ERROR - 2022-12-06 14:53:25 --> mysqli_sql_exception: Unknown column '$1' in 'where clause' in /home/sunanpan/public_html/psb/system/Database/MySQLi/Connection.php:292
Stack trace:
#0 /home/sunanpan/public_html/psb/system/Database/MySQLi/Connection.php(292): mysqli->query('SELECT s.*, jt....', 0)
#1 /home/sunanpan/public_html/psb/system/Database/BaseConnection.php(666): CodeIgniter\Database\MySQLi\Connection->execute('SELECT s.*, jt....')
#2 /home/sunanpan/public_html/psb/system/Database/BaseConnection.php(593): CodeIgniter\Database\BaseConnection->simpleQuery('SELECT s.*, jt....')
#3 /home/sunanpan/public_html/psb/app/Controllers/Admin/SantriController.php(37): CodeIgniter\Database\BaseConnection->query('SELECT s.*, jt....')
#4 /home/sunanpan/public_html/psb/system/CodeIgniter.php(927): App\Controllers\Admin\SantriController->validasi('MTs', '$1')
#5 /home/sunanpan/public_html/psb/system/CodeIgniter.php(482): CodeIgniter\CodeIgniter->runController(Object(App\Controllers\Admin\SantriController))
#6 /home/sunanpan/public_html/psb/system/CodeIgniter.php(351): CodeIgniter\CodeIgniter->handleRequest(NULL, Object(Config\Cache), false)
#7 /home/sunanpan/public_html/psb/index.php(67): CodeIgniter\CodeIgniter->run()
#8 {main}
CRITICAL - 2022-12-06 14:53:25 --> Call to a member function getResult() on bool
in APPPATH/Controllers/Admin/SantriController.php on line 37.
 1 SYSTEMPATH/CodeIgniter.php(927): App\Controllers\Admin\SantriController->validasi('MTs', '$1')
 2 SYSTEMPATH/CodeIgniter.php(482): CodeIgniter\CodeIgniter->runController(Object(App\Controllers\Admin\SantriController))
 3 SYSTEMPATH/CodeIgniter.php(351): CodeIgniter\CodeIgniter->handleRequest(null, Object(Config\Cache), false)
 4 FCPATH/index.php(67): CodeIgniter\CodeIgniter->run()
ERROR - 2022-12-06 15:03:18 --> mysqli_sql_exception: You have an error in your SQL syntax; check the manual that corresponds to your MariaDB server version for the right syntax to use near '* IS NULL' at line 4 in /home/sunanpan/public_html/psb/system/Database/MySQLi/Connection.php:292
Stack trace:
#0 /home/sunanpan/public_html/psb/system/Database/MySQLi/Connection.php(292): mysqli->query('SELECT *\nFROM `...', 0)
#1 /home/sunanpan/public_html/psb/system/Database/BaseConnection.php(666): CodeIgniter\Database\MySQLi\Connection->execute('SELECT *\nFROM `...')
#2 /home/sunanpan/public_html/psb/system/Database/BaseConnection.php(593): CodeIgniter\Database\BaseConnection->simpleQuery('SELECT *\nFROM `...')
#3 /home/sunanpan/public_html/psb/system/Database/BaseBuilder.php(1585): CodeIgniter\Database\BaseConnection->query('SELECT *\nFROM `...', Array, false)
#4 /home/sunanpan/public_html/psb/app/Controllers/Admin/SantriController.php(230): CodeIgniter\Database\BaseBuilder->get()
#5 /home/sunanpan/public_html/psb/system/CodeIgniter.php(927): App\Controllers\Admin\SantriController->detailSiswa('MTs', '37')
#6 /home/sunanpan/public_html/psb/system/CodeIgniter.php(482): CodeIgniter\CodeIgniter->runController(Object(App\Controllers\Admin\SantriController))
#7 /home/sunanpan/public_html/psb/system/CodeIgniter.php(351): CodeIgniter\CodeIgniter->handleRequest(NULL, Object(Config\Cache), false)
#8 /home/sunanpan/public_html/psb/index.php(67): CodeIgniter\CodeIgniter->run()
#9 {main}
ERROR - 2022-12-06 15:15:10 --> mysqli_sql_exception: You have an error in your SQL syntax; check the manual that corresponds to your MariaDB server version for the right syntax to use near '' at line 1 in /home/sunanpan/public_html/psb/system/Database/MySQLi/Connection.php:292
Stack trace:
#0 /home/sunanpan/public_html/psb/system/Database/MySQLi/Connection.php(292): mysqli->query('SELECT s.*, jt....', 0)
#1 /home/sunanpan/public_html/psb/system/Database/BaseConnection.php(666): CodeIgniter\Database\MySQLi\Connection->execute('SELECT s.*, jt....')
#2 /home/sunanpan/public_html/psb/system/Database/BaseConnection.php(593): CodeIgniter\Database\BaseConnection->simpleQuery('SELECT s.*, jt....')
#3 /home/sunanpan/public_html/psb/app/Controllers/Admin/SantriController.php(38): CodeIgniter\Database\BaseConnection->query('SELECT s.*, jt....')
#4 /home/sunanpan/public_html/psb/system/CodeIgniter.php(927): App\Controllers\Admin\SantriController->validasi('MTs', '')
#5 /home/sunanpan/public_html/psb/system/CodeIgniter.php(482): CodeIgniter\CodeIgniter->runController(Object(App\Controllers\Admin\SantriController))
#6 /home/sunanpan/public_html/psb/system/CodeIgniter.php(351): CodeIgniter\CodeIgniter->handleRequest(NULL, Object(Config\Cache), false)
#7 /home/sunanpan/public_html/psb/index.php(67): CodeIgniter\CodeIgniter->run()
#8 {main}
CRITICAL - 2022-12-06 15:15:10 --> Call to a member function getResult() on bool
in APPPATH/Controllers/Admin/SantriController.php on line 38.
 1 SYSTEMPATH/CodeIgniter.php(927): App\Controllers\Admin\SantriController->validasi('MTs', '/home/sunanpan/public_html/psb')
 2 SYSTEMPATH/CodeIgniter.php(482): CodeIgniter\CodeIgniter->runController(Object(App\Controllers\Admin\SantriController))
 3 SYSTEMPATH/CodeIgniter.php(351): CodeIgniter\CodeIgniter->handleRequest(null, Object(Config\Cache), false)
 4 FCPATH/index.php(67): CodeIgniter\CodeIgniter->run()
CRITICAL - 2022-12-06 16:53:41 --> Class 'App\Controllers\Admin\User' not found
in APPPATH/Controllers/Admin/SantriController.php on line 42.
 1 SYSTEMPATH/CodeIgniter.php(927): App\Controllers\Admin\SantriController->validasi('MTs')
 2 SYSTEMPATH/CodeIgniter.php(482): CodeIgniter\CodeIgniter->runController(Object(App\Controllers\Admin\SantriController))
 3 SYSTEMPATH/CodeIgniter.php(351): CodeIgniter\CodeIgniter->handleRequest(null, Object(Config\Cache), false)
 4 FCPATH/index.php(67): CodeIgniter\CodeIgniter->run()
CRITICAL - 2022-12-06 17:09:05 --> Call to undefined method Myth\Auth\Entities\User::select()
in APPPATH/Controllers/Admin/SantriController.php on line 47.
 1 SYSTEMPATH/CodeIgniter.php(927): App\Controllers\Admin\SantriController->validasi('MTs')
 2 SYSTEMPATH/CodeIgniter.php(482): CodeIgniter\CodeIgniter->runController(Object(App\Controllers\Admin\SantriController))
 3 SYSTEMPATH/CodeIgniter.php(351): CodeIgniter\CodeIgniter->handleRequest(null, Object(Config\Cache), false)
 4 FCPATH/index.php(67): CodeIgniter\CodeIgniter->run()
CRITICAL - 2022-12-06 17:09:25 --> Call to undefined method CodeIgniter\Database\MySQLi\Connection::select()
in APPPATH/Controllers/Admin/SantriController.php on line 47.
 1 SYSTEMPATH/CodeIgniter.php(927): App\Controllers\Admin\SantriController->validasi('MTs')
 2 SYSTEMPATH/CodeIgniter.php(482): CodeIgniter\CodeIgniter->runController(Object(App\Controllers\Admin\SantriController))
 3 SYSTEMPATH/CodeIgniter.php(351): CodeIgniter\CodeIgniter->handleRequest(null, Object(Config\Cache), false)
 4 FCPATH/index.php(67): CodeIgniter\CodeIgniter->run()
CRITICAL - 2022-12-06 17:10:30 --> Cannot use object of type CodeIgniter\Database\MySQLi\Result as array
in APPPATH/Controllers/Admin/SantriController.php on line 54.
 1 SYSTEMPATH/CodeIgniter.php(927): App\Controllers\Admin\SantriController->validasi('MTs')
 2 SYSTEMPATH/CodeIgniter.php(482): CodeIgniter\CodeIgniter->runController(Object(App\Controllers\Admin\SantriController))
 3 SYSTEMPATH/CodeIgniter.php(351): CodeIgniter\CodeIgniter->handleRequest(null, Object(Config\Cache), false)
 4 FCPATH/index.php(67): CodeIgniter\CodeIgniter->run()
CRITICAL - 2022-12-06 17:10:49 --> Cannot use object of type stdClass as array
in APPPATH/Controllers/Admin/SantriController.php on line 54.
 1 SYSTEMPATH/CodeIgniter.php(927): App\Controllers\Admin\SantriController->validasi('MTs')
 2 SYSTEMPATH/CodeIgniter.php(482): CodeIgniter\CodeIgniter->runController(Object(App\Controllers\Admin\SantriController))
 3 SYSTEMPATH/CodeIgniter.php(351): CodeIgniter\CodeIgniter->handleRequest(null, Object(Config\Cache), false)
 4 FCPATH/index.php(67): CodeIgniter\CodeIgniter->run()
CRITICAL - 2022-12-06 19:26:01 --> Invalid file: admin/santri_detail_MA.php
in SYSTEMPATH/Exceptions/FrameworkException.php on line 33.
 1 SYSTEMPATH/View/View.php(201): CodeIgniter\Exceptions\FrameworkException::forInvalidFile('admin/santri_detail_MA.php')
 2 SYSTEMPATH/Common.php(1134): CodeIgniter\View\View->render('admin/santri_detail_MA', [], true)
 3 APPPATH/Controllers/Admin/SantriController.php(288): view('admin/santri_detail_MA', [...])
 4 SYSTEMPATH/CodeIgniter.php(927): App\Controllers\Admin\SantriController->detailSiswa('MA', '73')
 5 SYSTEMPATH/CodeIgniter.php(482): CodeIgniter\CodeIgniter->runController(Object(App\Controllers\Admin\SantriController))
 6 SYSTEMPATH/CodeIgniter.php(351): CodeIgniter\CodeIgniter->handleRequest(null, Object(Config\Cache), false)
 7 FCPATH/index.php(67): CodeIgniter\CodeIgniter->run()
