ERROR - 2023-06-09 14:39:24 --> mysqli_sql_exception: Table 'appkoperasi.peserta' doesn't exist in C:\xampp\htdocs\appKoperasi\system\Database\MySQLi\Connection.php:292
Stack trace:
#0 C:\xampp\htdocs\appKoperasi\system\Database\MySQLi\Connection.php(292): mysqli->query('SELECT * FROM p...', 0)
#1 C:\xampp\htdocs\appKoperasi\system\Database\BaseConnection.php(666): CodeIgniter\Database\MySQLi\Connection->execute('SELECT * FROM p...')
#2 C:\xampp\htdocs\appKoperasi\system\Database\BaseConnection.php(593): CodeIgniter\Database\BaseConnection->simpleQuery('SELECT * FROM p...')
#3 C:\xampp\htdocs\appKoperasi\app\Controllers\Admin\PesertaController.php(20): CodeIgniter\Database\BaseConnection->query('SELECT * FROM p...')
#4 C:\xampp\htdocs\appKoperasi\system\CodeIgniter.php(927): App\Controllers\Admin\PesertaController->peserta()
#5 C:\xampp\htdocs\appKoperasi\system\CodeIgniter.php(482): CodeIgniter\CodeIgniter->runController(Object(App\Controllers\Admin\PesertaController))
#6 C:\xampp\htdocs\appKoperasi\system\CodeIgniter.php(351): CodeIgniter\CodeIgniter->handleRequest(NULL, Object(Config\Cache), false)
#7 C:\xampp\htdocs\appKoperasi\index.php(67): CodeIgniter\CodeIgniter->run()
#8 {main}
CRITICAL - 2023-06-09 14:39:24 --> Call to a member function getResult() on bool
in APPPATH\Controllers\Admin\PesertaController.php on line 21.
 1 SYSTEMPATH\CodeIgniter.php(927): App\Controllers\Admin\PesertaController->peserta()
 2 SYSTEMPATH\CodeIgniter.php(482): CodeIgniter\CodeIgniter->runController(Object(App\Controllers\Admin\PesertaController))
 3 SYSTEMPATH\CodeIgniter.php(351): CodeIgniter\CodeIgniter->handleRequest(null, Object(Config\Cache), false)
 4 FCPATH\index.php(67): CodeIgniter\CodeIgniter->run()
ERROR - 2023-06-09 14:39:37 --> mysqli_sql_exception: Table 'appkoperasi.periode' doesn't exist in C:\xampp\htdocs\appKoperasi\system\Database\MySQLi\Connection.php:292
Stack trace:
#0 C:\xampp\htdocs\appKoperasi\system\Database\MySQLi\Connection.php(292): mysqli->query('SELECT * FROM p...', 0)
#1 C:\xampp\htdocs\appKoperasi\system\Database\BaseConnection.php(666): CodeIgniter\Database\MySQLi\Connection->execute('SELECT * FROM p...')
#2 C:\xampp\htdocs\appKoperasi\system\Database\BaseConnection.php(593): CodeIgniter\Database\BaseConnection->simpleQuery('SELECT * FROM p...')
#3 C:\xampp\htdocs\appKoperasi\app\Controllers\Admin\SettingController.php(25): CodeIgniter\Database\BaseConnection->query('SELECT * FROM p...')
#4 C:\xampp\htdocs\appKoperasi\system\CodeIgniter.php(927): App\Controllers\Admin\SettingController->periode()
#5 C:\xampp\htdocs\appKoperasi\system\CodeIgniter.php(482): CodeIgniter\CodeIgniter->runController(Object(App\Controllers\Admin\SettingController))
#6 C:\xampp\htdocs\appKoperasi\system\CodeIgniter.php(351): CodeIgniter\CodeIgniter->handleRequest(NULL, Object(Config\Cache), false)
#7 C:\xampp\htdocs\appKoperasi\index.php(67): CodeIgniter\CodeIgniter->run()
#8 {main}
CRITICAL - 2023-06-09 14:39:37 --> Call to a member function getResult() on bool
in APPPATH\Controllers\Admin\SettingController.php on line 26.
 1 SYSTEMPATH\CodeIgniter.php(927): App\Controllers\Admin\SettingController->periode()
 2 SYSTEMPATH\CodeIgniter.php(482): CodeIgniter\CodeIgniter->runController(Object(App\Controllers\Admin\SettingController))
 3 SYSTEMPATH\CodeIgniter.php(351): CodeIgniter\CodeIgniter->handleRequest(null, Object(Config\Cache), false)
 4 FCPATH\index.php(67): CodeIgniter\CodeIgniter->run()
ERROR - 2023-06-09 14:39:49 --> mysqli_sql_exception: Table 'appkoperasi.transaksi' doesn't exist in C:\xampp\htdocs\appKoperasi\system\Database\MySQLi\Connection.php:292
Stack trace:
#0 C:\xampp\htdocs\appKoperasi\system\Database\MySQLi\Connection.php(292): mysqli->query('SELECT t.*, k.n...', 0)
#1 C:\xampp\htdocs\appKoperasi\system\Database\BaseConnection.php(666): CodeIgniter\Database\MySQLi\Connection->execute('SELECT t.*, k.n...')
#2 C:\xampp\htdocs\appKoperasi\system\Database\BaseConnection.php(593): CodeIgniter\Database\BaseConnection->simpleQuery('SELECT t.*, k.n...')
#3 C:\xampp\htdocs\appKoperasi\app\Controllers\Admin\KeuanganController.php(101): CodeIgniter\Database\BaseConnection->query('SELECT t.*, k.n...')
#4 C:\xampp\htdocs\appKoperasi\system\CodeIgniter.php(927): App\Controllers\Admin\KeuanganController->transaksi()
#5 C:\xampp\htdocs\appKoperasi\system\CodeIgniter.php(482): CodeIgniter\CodeIgniter->runController(Object(App\Controllers\Admin\KeuanganController))
#6 C:\xampp\htdocs\appKoperasi\system\CodeIgniter.php(351): CodeIgniter\CodeIgniter->handleRequest(NULL, Object(Config\Cache), false)
#7 C:\xampp\htdocs\appKoperasi\index.php(67): CodeIgniter\CodeIgniter->run()
#8 {main}
CRITICAL - 2023-06-09 14:39:49 --> Call to a member function getResult() on bool
in APPPATH\Controllers\Admin\KeuanganController.php on line 102.
 1 SYSTEMPATH\CodeIgniter.php(927): App\Controllers\Admin\KeuanganController->transaksi()
 2 SYSTEMPATH\CodeIgniter.php(482): CodeIgniter\CodeIgniter->runController(Object(App\Controllers\Admin\KeuanganController))
 3 SYSTEMPATH\CodeIgniter.php(351): CodeIgniter\CodeIgniter->handleRequest(null, Object(Config\Cache), false)
 4 FCPATH\index.php(67): CodeIgniter\CodeIgniter->run()
ERROR - 2023-06-09 14:40:18 --> mysqli_sql_exception: Table 'appkoperasi.kategori' doesn't exist in C:\xampp\htdocs\appKoperasi\system\Database\MySQLi\Connection.php:292
Stack trace:
#0 C:\xampp\htdocs\appKoperasi\system\Database\MySQLi\Connection.php(292): mysqli->query('SELECT p.period...', 0)
#1 C:\xampp\htdocs\appKoperasi\system\Database\BaseConnection.php(666): CodeIgniter\Database\MySQLi\Connection->execute('SELECT p.period...')
#2 C:\xampp\htdocs\appKoperasi\system\Database\BaseConnection.php(593): CodeIgniter\Database\BaseConnection->simpleQuery('SELECT p.period...')
#3 C:\xampp\htdocs\appKoperasi\app\Controllers\Admin\SettingController.php(104): CodeIgniter\Database\BaseConnection->query('SELECT p.period...')
#4 C:\xampp\htdocs\appKoperasi\system\CodeIgniter.php(927): App\Controllers\Admin\SettingController->kategori()
#5 C:\xampp\htdocs\appKoperasi\system\CodeIgniter.php(482): CodeIgniter\CodeIgniter->runController(Object(App\Controllers\Admin\SettingController))
#6 C:\xampp\htdocs\appKoperasi\system\CodeIgniter.php(351): CodeIgniter\CodeIgniter->handleRequest(NULL, Object(Config\Cache), false)
#7 C:\xampp\htdocs\appKoperasi\index.php(67): CodeIgniter\CodeIgniter->run()
#8 {main}
CRITICAL - 2023-06-09 14:40:18 --> Call to a member function getResult() on bool
in APPPATH\Controllers\Admin\SettingController.php on line 105.
 1 SYSTEMPATH\CodeIgniter.php(927): App\Controllers\Admin\SettingController->kategori()
 2 SYSTEMPATH\CodeIgniter.php(482): CodeIgniter\CodeIgniter->runController(Object(App\Controllers\Admin\SettingController))
 3 SYSTEMPATH\CodeIgniter.php(351): CodeIgniter\CodeIgniter->handleRequest(null, Object(Config\Cache), false)
 4 FCPATH\index.php(67): CodeIgniter\CodeIgniter->run()
ERROR - 2023-06-09 22:10:24 --> mysqli_sql_exception: Table 'appkoperasi.peserta' doesn't exist in C:\xampp\htdocs\appKoperasi\system\Database\MySQLi\Connection.php:292
Stack trace:
#0 C:\xampp\htdocs\appKoperasi\system\Database\MySQLi\Connection.php(292): mysqli->query('SELECT * FROM p...', 0)
#1 C:\xampp\htdocs\appKoperasi\system\Database\BaseConnection.php(666): CodeIgniter\Database\MySQLi\Connection->execute('SELECT * FROM p...')
#2 C:\xampp\htdocs\appKoperasi\system\Database\BaseConnection.php(593): CodeIgniter\Database\BaseConnection->simpleQuery('SELECT * FROM p...')
#3 C:\xampp\htdocs\appKoperasi\app\Controllers\Admin\PesertaController.php(20): CodeIgniter\Database\BaseConnection->query('SELECT * FROM p...')
#4 C:\xampp\htdocs\appKoperasi\system\CodeIgniter.php(927): App\Controllers\Admin\PesertaController->peserta()
#5 C:\xampp\htdocs\appKoperasi\system\CodeIgniter.php(482): CodeIgniter\CodeIgniter->runController(Object(App\Controllers\Admin\PesertaController))
#6 C:\xampp\htdocs\appKoperasi\system\CodeIgniter.php(351): CodeIgniter\CodeIgniter->handleRequest(NULL, Object(Config\Cache), false)
#7 C:\xampp\htdocs\appKoperasi\index.php(67): CodeIgniter\CodeIgniter->run()
#8 {main}
CRITICAL - 2023-06-09 22:10:24 --> Call to a member function getResult() on bool
in APPPATH\Controllers\Admin\PesertaController.php on line 21.
 1 SYSTEMPATH\CodeIgniter.php(927): App\Controllers\Admin\PesertaController->peserta()
 2 SYSTEMPATH\CodeIgniter.php(482): CodeIgniter\CodeIgniter->runController(Object(App\Controllers\Admin\PesertaController))
 3 SYSTEMPATH\CodeIgniter.php(351): CodeIgniter\CodeIgniter->handleRequest(null, Object(Config\Cache), false)
 4 FCPATH\index.php(67): CodeIgniter\CodeIgniter->run()
ERROR - 2023-06-09 23:03:42 --> mysqli_sql_exception: Table 'appkoperasi.transaksi' doesn't exist in C:\xampp\htdocs\appKoperasi\system\Database\MySQLi\Connection.php:292
Stack trace:
#0 C:\xampp\htdocs\appKoperasi\system\Database\MySQLi\Connection.php(292): mysqli->query('SELECT t.*, k.n...', 0)
#1 C:\xampp\htdocs\appKoperasi\system\Database\BaseConnection.php(666): CodeIgniter\Database\MySQLi\Connection->execute('SELECT t.*, k.n...')
#2 C:\xampp\htdocs\appKoperasi\system\Database\BaseConnection.php(593): CodeIgniter\Database\BaseConnection->simpleQuery('SELECT t.*, k.n...')
#3 C:\xampp\htdocs\appKoperasi\app\Controllers\Admin\KeuanganController.php(101): CodeIgniter\Database\BaseConnection->query('SELECT t.*, k.n...')
#4 C:\xampp\htdocs\appKoperasi\system\CodeIgniter.php(927): App\Controllers\Admin\KeuanganController->transaksi()
#5 C:\xampp\htdocs\appKoperasi\system\CodeIgniter.php(482): CodeIgniter\CodeIgniter->runController(Object(App\Controllers\Admin\KeuanganController))
#6 C:\xampp\htdocs\appKoperasi\system\CodeIgniter.php(351): CodeIgniter\CodeIgniter->handleRequest(NULL, Object(Config\Cache), false)
#7 C:\xampp\htdocs\appKoperasi\index.php(67): CodeIgniter\CodeIgniter->run()
#8 {main}
CRITICAL - 2023-06-09 23:03:42 --> Call to a member function getResult() on bool
in APPPATH\Controllers\Admin\KeuanganController.php on line 102.
 1 SYSTEMPATH\CodeIgniter.php(927): App\Controllers\Admin\KeuanganController->transaksi()
 2 SYSTEMPATH\CodeIgniter.php(482): CodeIgniter\CodeIgniter->runController(Object(App\Controllers\Admin\KeuanganController))
 3 SYSTEMPATH\CodeIgniter.php(351): CodeIgniter\CodeIgniter->handleRequest(null, Object(Config\Cache), false)
 4 FCPATH\index.php(67): CodeIgniter\CodeIgniter->run()
CRITICAL - 2023-06-09 23:24:06 --> The route for "#" cannot be found.
in SYSTEMPATH\Helpers\url_helper.php on line 543.
 1 SYSTEMPATH\Helpers\url_helper.php(543): CodeIgniter\Router\Exceptions\RouterException::forInvalidRoute('#')
 2 APPPATH\Views\admin\layout\admin.php(48): url_to('#')
 3 SYSTEMPATH\View\View.php(213): include('APPPATH\\Views\\admin\\layout\\admin.php')
 4 SYSTEMPATH\View\View.php(216): CodeIgniter\View\View->CodeIgniter\View\{closure}()
 5 SYSTEMPATH\View\View.php(229): CodeIgniter\View\View->render('admin/layout/admin', [], true)
 6 SYSTEMPATH\Common.php(1134): CodeIgniter\View\View->render('admin/dashboard', [], true)
 7 APPPATH\Controllers\Home.php(18): view('admin/dashboard', [...])
 8 SYSTEMPATH\CodeIgniter.php(927): App\Controllers\Home->index()
 9 SYSTEMPATH\CodeIgniter.php(482): CodeIgniter\CodeIgniter->runController(Object(App\Controllers\Home))
10 SYSTEMPATH\CodeIgniter.php(351): CodeIgniter\CodeIgniter->handleRequest(null, Object(Config\Cache), false)
11 FCPATH\index.php(67): CodeIgniter\CodeIgniter->run()
