CRITICAL - 2023-06-13 06:03:20 --> Router.invalidParameterType
in SYSTEMPATH\Router\RouteCollection.php on line 1144.
 1 SYSTEMPATH\Router\RouteCollection.php(1144): CodeIgniter\Router\Exceptions\RouterException::forInvalidParameterType()
 2 SYSTEMPATH\Router\RouteCollection.php(1010): CodeIgniter\Router\RouteCollection->fillRouteParams('admin/update-member/([^/]+)', [])
 3 SYSTEMPATH\Common.php(911): CodeIgniter\Router\RouteCollection->reverseRoute('update-member')
 4 SYSTEMPATH\Helpers\url_helper.php(536): route_to('update-member')
 5 APPPATH\Views\admin\edit_member.php(12): url_to('update-member')
 6 SYSTEMPATH\View\View.php(213): include('APPPATH\\Views\\admin\\edit_member.php')
 7 SYSTEMPATH\View\View.php(216): CodeIgniter\View\View->CodeIgniter\View\{closure}()
 8 SYSTEMPATH\Common.php(1134): CodeIgniter\View\View->render('admin/edit_member', [], true)
 9 APPPATH\Controllers\Admin\MemberController.php(73): view('admin/edit_member', [...])
10 SYSTEMPATH\CodeIgniter.php(927): App\Controllers\Admin\MemberController->editmember('2')
11 SYSTEMPATH\CodeIgniter.php(482): CodeIgniter\CodeIgniter->runController(Object(App\Controllers\Admin\MemberController))
12 SYSTEMPATH\CodeIgniter.php(351): CodeIgniter\CodeIgniter->handleRequest(null, Object(Config\Cache), false)
13 FCPATH\index.php(67): CodeIgniter\CodeIgniter->run()
CRITICAL - 2023-06-13 06:10:41 --> file_exists() expects exactly 1 parameter, 2 given
in APPPATH\Controllers\Admin\MemberController.php on line 85.
 1 [internal function]: CodeIgniter\Debug\Exceptions->errorHandler(2, 'file_exists() expects exactly 1 parameter, 2 given', 'APPPATH\\Controllers\\Admin\\MemberController.php', 85, [...])
 2 APPPATH\Controllers\Admin\MemberController.php(85): file_exists('FCPATH\\public\\img', null)
 3 SYSTEMPATH\CodeIgniter.php(927): App\Controllers\Admin\MemberController->updatemember()
 4 SYSTEMPATH\CodeIgniter.php(482): CodeIgniter\CodeIgniter->runController(Object(App\Controllers\Admin\MemberController))
 5 SYSTEMPATH\CodeIgniter.php(351): CodeIgniter\CodeIgniter->handleRequest(null, Object(Config\Cache), false)
 6 FCPATH\index.php(67): CodeIgniter\CodeIgniter->run()
CRITICAL - 2023-06-13 06:13:24 --> unlink(public/img): Is a directory
in APPPATH\Controllers\Admin\MemberController.php on line 86.
 1 [internal function]: CodeIgniter\Debug\Exceptions->errorHandler(2, 'unlink(public/img): Is a directory', 'APPPATH\\Controllers\\Admin\\MemberController.php', 86, [...])
 2 APPPATH\Controllers\Admin\MemberController.php(86): unlink('FCPATH\\public\\img')
 3 SYSTEMPATH\CodeIgniter.php(927): App\Controllers\Admin\MemberController->updatemember()
 4 SYSTEMPATH\CodeIgniter.php(482): CodeIgniter\CodeIgniter->runController(Object(App\Controllers\Admin\MemberController))
 5 SYSTEMPATH\CodeIgniter.php(351): CodeIgniter\CodeIgniter->handleRequest(null, Object(Config\Cache), false)
 6 FCPATH\index.php(67): CodeIgniter\CodeIgniter->run()
CRITICAL - 2023-06-13 06:40:49 --> Too few arguments to function App\Controllers\Admin\MemberController::updatemember(), 0 passed in C:\xampp\htdocs\appKoperasi\system\CodeIgniter.php on line 927 and exactly 1 expected
in APPPATH\Controllers\Admin\MemberController.php on line 75.
 1 SYSTEMPATH\CodeIgniter.php(927): App\Controllers\Admin\MemberController->updatemember()
 2 SYSTEMPATH\CodeIgniter.php(482): CodeIgniter\CodeIgniter->runController(Object(App\Controllers\Admin\MemberController))
 3 SYSTEMPATH\CodeIgniter.php(351): CodeIgniter\CodeIgniter->handleRequest(null, Object(Config\Cache), false)
 4 FCPATH\index.php(67): CodeIgniter\CodeIgniter->run()
CRITICAL - 2023-06-13 06:42:56 --> Too few arguments to function App\Controllers\Admin\MemberController::updatemember(), 0 passed in C:\xampp\htdocs\appKoperasi\system\CodeIgniter.php on line 927 and exactly 1 expected
in APPPATH\Controllers\Admin\MemberController.php on line 75.
 1 SYSTEMPATH\CodeIgniter.php(927): App\Controllers\Admin\MemberController->updatemember()
 2 SYSTEMPATH\CodeIgniter.php(482): CodeIgniter\CodeIgniter->runController(Object(App\Controllers\Admin\MemberController))
 3 SYSTEMPATH\CodeIgniter.php(351): CodeIgniter\CodeIgniter->handleRequest(null, Object(Config\Cache), false)
 4 FCPATH\index.php(67): CodeIgniter\CodeIgniter->run()
CRITICAL - 2023-06-13 06:43:06 --> Too few arguments to function App\Controllers\Admin\MemberController::updatemember(), 0 passed in C:\xampp\htdocs\appKoperasi\system\CodeIgniter.php on line 927 and exactly 1 expected
in APPPATH\Controllers\Admin\MemberController.php on line 75.
 1 SYSTEMPATH\CodeIgniter.php(927): App\Controllers\Admin\MemberController->updatemember()
 2 SYSTEMPATH\CodeIgniter.php(482): CodeIgniter\CodeIgniter->runController(Object(App\Controllers\Admin\MemberController))
 3 SYSTEMPATH\CodeIgniter.php(351): CodeIgniter\CodeIgniter->handleRequest(null, Object(Config\Cache), false)
 4 FCPATH\index.php(67): CodeIgniter\CodeIgniter->run()
CRITICAL - 2023-06-13 06:47:31 --> The route for "update-member/2" cannot be found.
in SYSTEMPATH\Helpers\url_helper.php on line 543.
 1 SYSTEMPATH\Helpers\url_helper.php(543): CodeIgniter\Router\Exceptions\RouterException::forInvalidRoute('update-member/2')
 2 APPPATH\Views\admin\edit_member.php(12): url_to('update-member/2')
 3 SYSTEMPATH\View\View.php(213): include('APPPATH\\Views\\admin\\edit_member.php')
 4 SYSTEMPATH\View\View.php(216): CodeIgniter\View\View->CodeIgniter\View\{closure}()
 5 SYSTEMPATH\Common.php(1134): CodeIgniter\View\View->render('admin/edit_member', [], true)
 6 APPPATH\Controllers\Admin\MemberController.php(73): view('admin/edit_member', [...])
 7 SYSTEMPATH\CodeIgniter.php(927): App\Controllers\Admin\MemberController->editmember('2')
 8 SYSTEMPATH\CodeIgniter.php(482): CodeIgniter\CodeIgniter->runController(Object(App\Controllers\Admin\MemberController))
 9 SYSTEMPATH\CodeIgniter.php(351): CodeIgniter\CodeIgniter->handleRequest(null, Object(Config\Cache), false)
10 FCPATH\index.php(67): CodeIgniter\CodeIgniter->run()
CRITICAL - 2023-06-13 06:48:12 --> The route for "update-member/2" cannot be found.
in SYSTEMPATH\Helpers\url_helper.php on line 543.
 1 SYSTEMPATH\Helpers\url_helper.php(543): CodeIgniter\Router\Exceptions\RouterException::forInvalidRoute('update-member/2')
 2 APPPATH\Views\admin\edit_member.php(12): url_to('update-member/2')
 3 SYSTEMPATH\View\View.php(213): include('APPPATH\\Views\\admin\\edit_member.php')
 4 SYSTEMPATH\View\View.php(216): CodeIgniter\View\View->CodeIgniter\View\{closure}()
 5 SYSTEMPATH\Common.php(1134): CodeIgniter\View\View->render('admin/edit_member', [], true)
 6 APPPATH\Controllers\Admin\MemberController.php(73): view('admin/edit_member', [...])
 7 SYSTEMPATH\CodeIgniter.php(927): App\Controllers\Admin\MemberController->editmember('2')
 8 SYSTEMPATH\CodeIgniter.php(482): CodeIgniter\CodeIgniter->runController(Object(App\Controllers\Admin\MemberController))
 9 SYSTEMPATH\CodeIgniter.php(351): CodeIgniter\CodeIgniter->handleRequest(null, Object(Config\Cache), false)
10 FCPATH\index.php(67): CodeIgniter\CodeIgniter->run()
CRITICAL - 2023-06-13 06:48:36 --> The route for "update-member/2" cannot be found.
in SYSTEMPATH\Helpers\url_helper.php on line 543.
 1 SYSTEMPATH\Helpers\url_helper.php(543): CodeIgniter\Router\Exceptions\RouterException::forInvalidRoute('update-member/2')
 2 APPPATH\Views\admin\edit_member.php(12): url_to('update-member/2')
 3 SYSTEMPATH\View\View.php(213): include('APPPATH\\Views\\admin\\edit_member.php')
 4 SYSTEMPATH\View\View.php(216): CodeIgniter\View\View->CodeIgniter\View\{closure}()
 5 SYSTEMPATH\Common.php(1134): CodeIgniter\View\View->render('admin/edit_member', [], true)
 6 APPPATH\Controllers\Admin\MemberController.php(73): view('admin/edit_member', [...])
 7 SYSTEMPATH\CodeIgniter.php(927): App\Controllers\Admin\MemberController->editmember('2')
 8 SYSTEMPATH\CodeIgniter.php(482): CodeIgniter\CodeIgniter->runController(Object(App\Controllers\Admin\MemberController))
 9 SYSTEMPATH\CodeIgniter.php(351): CodeIgniter\CodeIgniter->handleRequest(null, Object(Config\Cache), false)
10 FCPATH\index.php(67): CodeIgniter\CodeIgniter->run()
CRITICAL - 2023-06-13 06:48:37 --> The route for "update-member/2" cannot be found.
in SYSTEMPATH\Helpers\url_helper.php on line 543.
 1 SYSTEMPATH\Helpers\url_helper.php(543): CodeIgniter\Router\Exceptions\RouterException::forInvalidRoute('update-member/2')
 2 APPPATH\Views\admin\edit_member.php(12): url_to('update-member/2')
 3 SYSTEMPATH\View\View.php(213): include('APPPATH\\Views\\admin\\edit_member.php')
 4 SYSTEMPATH\View\View.php(216): CodeIgniter\View\View->CodeIgniter\View\{closure}()
 5 SYSTEMPATH\Common.php(1134): CodeIgniter\View\View->render('admin/edit_member', [], true)
 6 APPPATH\Controllers\Admin\MemberController.php(73): view('admin/edit_member', [...])
 7 SYSTEMPATH\CodeIgniter.php(927): App\Controllers\Admin\MemberController->editmember('2')
 8 SYSTEMPATH\CodeIgniter.php(482): CodeIgniter\CodeIgniter->runController(Object(App\Controllers\Admin\MemberController))
 9 SYSTEMPATH\CodeIgniter.php(351): CodeIgniter\CodeIgniter->handleRequest(null, Object(Config\Cache), false)
10 FCPATH\index.php(67): CodeIgniter\CodeIgniter->run()
CRITICAL - 2023-06-13 06:58:00 --> The route for "update-member/2" cannot be found.
in SYSTEMPATH\Helpers\url_helper.php on line 543.
 1 SYSTEMPATH\Helpers\url_helper.php(543): CodeIgniter\Router\Exceptions\RouterException::forInvalidRoute('update-member/2')
 2 APPPATH\Views\admin\edit_member.php(12): url_to('update-member/2')
 3 SYSTEMPATH\View\View.php(213): include('APPPATH\\Views\\admin\\edit_member.php')
 4 SYSTEMPATH\View\View.php(216): CodeIgniter\View\View->CodeIgniter\View\{closure}()
 5 SYSTEMPATH\Common.php(1134): CodeIgniter\View\View->render('admin/edit_member', [], true)
 6 APPPATH\Controllers\Admin\MemberController.php(73): view('admin/edit_member', [...])
 7 SYSTEMPATH\CodeIgniter.php(927): App\Controllers\Admin\MemberController->editmember('2')
 8 SYSTEMPATH\CodeIgniter.php(482): CodeIgniter\CodeIgniter->runController(Object(App\Controllers\Admin\MemberController))
 9 SYSTEMPATH\CodeIgniter.php(351): CodeIgniter\CodeIgniter->handleRequest(null, Object(Config\Cache), false)
10 FCPATH\index.php(67): CodeIgniter\CodeIgniter->run()
CRITICAL - 2023-06-13 07:11:32 --> unlink(public/img): Is a directory
in APPPATH\Controllers\Admin\MemberController.php on line 86.
 1 [internal function]: CodeIgniter\Debug\Exceptions->errorHandler(2, 'unlink(public/img): Is a directory', 'APPPATH\\Controllers\\Admin\\MemberController.php', 86, [...])
 2 APPPATH\Controllers\Admin\MemberController.php(86): unlink('FCPATH\\public\\img')
 3 SYSTEMPATH\CodeIgniter.php(927): App\Controllers\Admin\MemberController->updatemember()
 4 SYSTEMPATH\CodeIgniter.php(482): CodeIgniter\CodeIgniter->runController(Object(App\Controllers\Admin\MemberController))
 5 SYSTEMPATH\CodeIgniter.php(351): CodeIgniter\CodeIgniter->handleRequest(null, Object(Config\Cache), false)
 6 FCPATH\index.php(67): CodeIgniter\CodeIgniter->run()
CRITICAL - 2023-06-13 07:13:52 --> unlink(C:\xampp\htdocs\appKoperasi\writable\public/img): No such file or directory
in APPPATH\Controllers\Admin\MemberController.php on line 86.
 1 [internal function]: CodeIgniter\Debug\Exceptions->errorHandler(2, 'unlink(C:\\xampp\\htdocs\\appKoperasi\\writable\\public/img): No such file or directory', 'APPPATH\\Controllers\\Admin\\MemberController.php', 86, [...])
 2 APPPATH\Controllers\Admin\MemberController.php(86): unlink('FCPATH\\writable\\public/img')
 3 SYSTEMPATH\CodeIgniter.php(927): App\Controllers\Admin\MemberController->updatemember()
 4 SYSTEMPATH\CodeIgniter.php(482): CodeIgniter\CodeIgniter->runController(Object(App\Controllers\Admin\MemberController))
 5 SYSTEMPATH\CodeIgniter.php(351): CodeIgniter\CodeIgniter->handleRequest(null, Object(Config\Cache), false)
 6 FCPATH\index.php(67): CodeIgniter\CodeIgniter->run()
CRITICAL - 2023-06-13 07:14:27 --> unlink(C:\xampp\htdocs\appKoperasi\writable\../public/img): Is a directory
in APPPATH\Controllers\Admin\MemberController.php on line 86.
 1 [internal function]: CodeIgniter\Debug\Exceptions->errorHandler(2, 'unlink(C:\\xampp\\htdocs\\appKoperasi\\writable\\../public/img): Is a directory', 'APPPATH\\Controllers\\Admin\\MemberController.php', 86, [...])
 2 APPPATH\Controllers\Admin\MemberController.php(86): unlink('FCPATH\\public\\img')
 3 SYSTEMPATH\CodeIgniter.php(927): App\Controllers\Admin\MemberController->updatemember()
 4 SYSTEMPATH\CodeIgniter.php(482): CodeIgniter\CodeIgniter->runController(Object(App\Controllers\Admin\MemberController))
 5 SYSTEMPATH\CodeIgniter.php(351): CodeIgniter\CodeIgniter->handleRequest(null, Object(Config\Cache), false)
 6 FCPATH\index.php(67): CodeIgniter\CodeIgniter->run()
CRITICAL - 2023-06-13 07:14:40 --> unlink(public/img): Is a directory
in APPPATH\Controllers\Admin\MemberController.php on line 86.
 1 [internal function]: CodeIgniter\Debug\Exceptions->errorHandler(2, 'unlink(public/img): Is a directory', 'APPPATH\\Controllers\\Admin\\MemberController.php', 86, [...])
 2 APPPATH\Controllers\Admin\MemberController.php(86): unlink('FCPATH\\public\\img')
 3 SYSTEMPATH\CodeIgniter.php(927): App\Controllers\Admin\MemberController->updatemember()
 4 SYSTEMPATH\CodeIgniter.php(482): CodeIgniter\CodeIgniter->runController(Object(App\Controllers\Admin\MemberController))
 5 SYSTEMPATH\CodeIgniter.php(351): CodeIgniter\CodeIgniter->handleRequest(null, Object(Config\Cache), false)
 6 FCPATH\index.php(67): CodeIgniter\CodeIgniter->run()
CRITICAL - 2023-06-13 07:29:29 --> unlink(/public/img): No such file or directory
in APPPATH\Controllers\Admin\MemberController.php on line 86.
 1 [internal function]: CodeIgniter\Debug\Exceptions->errorHandler(2, 'unlink(/public/img): No such file or directory', 'APPPATH\\Controllers\\Admin\\MemberController.php', 86, [...])
 2 APPPATH\Controllers\Admin\MemberController.php(86): unlink('/public/img')
 3 SYSTEMPATH\CodeIgniter.php(927): App\Controllers\Admin\MemberController->updatemember()
 4 SYSTEMPATH\CodeIgniter.php(482): CodeIgniter\CodeIgniter->runController(Object(App\Controllers\Admin\MemberController))
 5 SYSTEMPATH\CodeIgniter.php(351): CodeIgniter\CodeIgniter->handleRequest(null, Object(Config\Cache), false)
 6 FCPATH\index.php(67): CodeIgniter\CodeIgniter->run()
CRITICAL - 2023-06-13 07:31:43 --> unlink(C:\xampp\tmp\php6FFB.tmppublic/img): No such file or directory
in APPPATH\Controllers\Admin\MemberController.php on line 86.
 1 [internal function]: CodeIgniter\Debug\Exceptions->errorHandler(2, 'unlink(C:\\xampp\\tmp\\php6FFB.tmppublic/img): No such file or directory', 'APPPATH\\Controllers\\Admin\\MemberController.php', 86, [...])
 2 APPPATH\Controllers\Admin\MemberController.php(86): unlink('C:\\xampp\\tmp\\php6FFB.tmppublic/img')
 3 SYSTEMPATH\CodeIgniter.php(927): App\Controllers\Admin\MemberController->updatemember()
 4 SYSTEMPATH\CodeIgniter.php(482): CodeIgniter\CodeIgniter->runController(Object(App\Controllers\Admin\MemberController))
 5 SYSTEMPATH\CodeIgniter.php(351): CodeIgniter\CodeIgniter->handleRequest(null, Object(Config\Cache), false)
 6 FCPATH\index.php(67): CodeIgniter\CodeIgniter->run()
CRITICAL - 2023-06-13 07:32:02 --> unlink(/img): No such file or directory
in APPPATH\Controllers\Admin\MemberController.php on line 86.
 1 [internal function]: CodeIgniter\Debug\Exceptions->errorHandler(2, 'unlink(/img): No such file or directory', 'APPPATH\\Controllers\\Admin\\MemberController.php', 86, [...])
 2 APPPATH\Controllers\Admin\MemberController.php(86): unlink('/img')
 3 SYSTEMPATH\CodeIgniter.php(927): App\Controllers\Admin\MemberController->updatemember()
 4 SYSTEMPATH\CodeIgniter.php(482): CodeIgniter\CodeIgniter->runController(Object(App\Controllers\Admin\MemberController))
 5 SYSTEMPATH\CodeIgniter.php(351): CodeIgniter\CodeIgniter->handleRequest(null, Object(Config\Cache), false)
 6 FCPATH\index.php(67): CodeIgniter\CodeIgniter->run()
CRITICAL - 2023-06-13 07:32:10 --> unlink(public/img): Is a directory
in APPPATH\Controllers\Admin\MemberController.php on line 86.
 1 [internal function]: CodeIgniter\Debug\Exceptions->errorHandler(2, 'unlink(public/img): Is a directory', 'APPPATH\\Controllers\\Admin\\MemberController.php', 86, [...])
 2 APPPATH\Controllers\Admin\MemberController.php(86): unlink('FCPATH\\public\\img')
 3 SYSTEMPATH\CodeIgniter.php(927): App\Controllers\Admin\MemberController->updatemember()
 4 SYSTEMPATH\CodeIgniter.php(482): CodeIgniter\CodeIgniter->runController(Object(App\Controllers\Admin\MemberController))
 5 SYSTEMPATH\CodeIgniter.php(351): CodeIgniter\CodeIgniter->handleRequest(null, Object(Config\Cache), false)
 6 FCPATH\index.php(67): CodeIgniter\CodeIgniter->run()
CRITICAL - 2023-06-13 14:44:35 --> syntax error, unexpected 'public' (T_PUBLIC)
in APPPATH\Controllers\Admin\MemberController.php on line 106.
 1 SYSTEMPATH\Autoloader\Autoloader.php(259): CodeIgniter\Autoloader\Autoloader->includeFile('APPPATH\\Controllers\\Admin\\MemberController.php')
 2 SYSTEMPATH\Autoloader\Autoloader.php(237): CodeIgniter\Autoloader\Autoloader->loadInNamespace('App\\Controllers\\Admin\\MemberController')
 3 [internal function]: CodeIgniter\Autoloader\Autoloader->loadClass('App\\Controllers\\Admin\\MemberController')
 4 [internal function]: spl_autoload_call('App\\Controllers\\Admin\\MemberController')
 5 SYSTEMPATH\CodeIgniter.php(877): class_exists('\\App\\Controllers\\Admin\\MemberController', true)
 6 SYSTEMPATH\CodeIgniter.php(469): CodeIgniter\CodeIgniter->startController()
 7 SYSTEMPATH\CodeIgniter.php(351): CodeIgniter\CodeIgniter->handleRequest(null, Object(Config\Cache), false)
 8 FCPATH\index.php(67): CodeIgniter\CodeIgniter->run()
CRITICAL - 2023-06-13 20:42:31 --> The route for "sliderkategori" cannot be found.
in SYSTEMPATH\Helpers\url_helper.php on line 543.
 1 SYSTEMPATH\Helpers\url_helper.php(543): CodeIgniter\Router\Exceptions\RouterException::forInvalidRoute('sliderkategori')
 2 APPPATH\Views\admin\layout\admin.php(61): url_to('sliderkategori')
 3 SYSTEMPATH\View\View.php(213): include('APPPATH\\Views\\admin\\layout\\admin.php')
 4 SYSTEMPATH\View\View.php(216): CodeIgniter\View\View->CodeIgniter\View\{closure}()
 5 SYSTEMPATH\View\View.php(229): CodeIgniter\View\View->render('admin/layout/admin', [], true)
 6 SYSTEMPATH\Common.php(1134): CodeIgniter\View\View->render('admin/kontak', [], true)
 7 APPPATH\Controllers\Admin\KontakController.php(21): view('admin/kontak', [...])
 8 SYSTEMPATH\CodeIgniter.php(927): App\Controllers\Admin\KontakController->index()
 9 SYSTEMPATH\CodeIgniter.php(482): CodeIgniter\CodeIgniter->runController(Object(App\Controllers\Admin\KontakController))
10 SYSTEMPATH\CodeIgniter.php(351): CodeIgniter\CodeIgniter->handleRequest(null, Object(Config\Cache), false)
11 FCPATH\index.php(67): CodeIgniter\CodeIgniter->run()
CRITICAL - 2023-06-13 20:44:09 --> The route for "sliderkategori" cannot be found.
in SYSTEMPATH\Helpers\url_helper.php on line 543.
 1 SYSTEMPATH\Helpers\url_helper.php(543): CodeIgniter\Router\Exceptions\RouterException::forInvalidRoute('sliderkategori')
 2 APPPATH\Views\admin\layout\admin.php(61): url_to('sliderkategori')
 3 SYSTEMPATH\View\View.php(213): include('APPPATH\\Views\\admin\\layout\\admin.php')
 4 SYSTEMPATH\View\View.php(216): CodeIgniter\View\View->CodeIgniter\View\{closure}()
 5 SYSTEMPATH\View\View.php(229): CodeIgniter\View\View->render('admin/layout/admin', [], true)
 6 SYSTEMPATH\Common.php(1134): CodeIgniter\View\View->render('admin/kontak', [], true)
 7 APPPATH\Controllers\Admin\KontakController.php(21): view('admin/kontak', [...])
 8 SYSTEMPATH\CodeIgniter.php(927): App\Controllers\Admin\KontakController->index()
 9 SYSTEMPATH\CodeIgniter.php(482): CodeIgniter\CodeIgniter->runController(Object(App\Controllers\Admin\KontakController))
10 SYSTEMPATH\CodeIgniter.php(351): CodeIgniter\CodeIgniter->handleRequest(null, Object(Config\Cache), false)
11 FCPATH\index.php(67): CodeIgniter\CodeIgniter->run()
CRITICAL - 2023-06-13 20:45:54 --> The route for "sliderkategori" cannot be found.
in SYSTEMPATH\Helpers\url_helper.php on line 543.
 1 SYSTEMPATH\Helpers\url_helper.php(543): CodeIgniter\Router\Exceptions\RouterException::forInvalidRoute('sliderkategori')
 2 APPPATH\Views\admin\layout\admin.php(61): url_to('sliderkategori')
 3 SYSTEMPATH\View\View.php(213): include('APPPATH\\Views\\admin\\layout\\admin.php')
 4 SYSTEMPATH\View\View.php(216): CodeIgniter\View\View->CodeIgniter\View\{closure}()
 5 SYSTEMPATH\View\View.php(229): CodeIgniter\View\View->render('admin/layout/admin', [], true)
 6 SYSTEMPATH\Common.php(1134): CodeIgniter\View\View->render('admin/kontak', [], true)
 7 APPPATH\Controllers\Admin\KontakController.php(21): view('admin/kontak', [...])
 8 SYSTEMPATH\CodeIgniter.php(927): App\Controllers\Admin\KontakController->index()
 9 SYSTEMPATH\CodeIgniter.php(482): CodeIgniter\CodeIgniter->runController(Object(App\Controllers\Admin\KontakController))
10 SYSTEMPATH\CodeIgniter.php(351): CodeIgniter\CodeIgniter->handleRequest(null, Object(Config\Cache), false)
11 FCPATH\index.php(67): CodeIgniter\CodeIgniter->run()
ERROR - 2023-06-13 22:04:51 --> mysqli_sql_exception: You have an error in your SQL syntax; check the manual that corresponds to your MariaDB server version for the right syntax to use near 'DSC' at line 1 in C:\xampp\htdocs\appKoperasi\system\Database\MySQLi\Connection.php:292
Stack trace:
#0 C:\xampp\htdocs\appKoperasi\system\Database\MySQLi\Connection.php(292): mysqli->query('SELECT * FROM p...', 0)
#1 C:\xampp\htdocs\appKoperasi\system\Database\BaseConnection.php(666): CodeIgniter\Database\MySQLi\Connection->execute('SELECT * FROM p...')
#2 C:\xampp\htdocs\appKoperasi\system\Database\BaseConnection.php(593): CodeIgniter\Database\BaseConnection->simpleQuery('SELECT * FROM p...')
#3 C:\xampp\htdocs\appKoperasi\app\Controllers\Admin\MemberController.php(18): CodeIgniter\Database\BaseConnection->query('SELECT * FROM p...')
#4 C:\xampp\htdocs\appKoperasi\system\CodeIgniter.php(927): App\Controllers\Admin\MemberController->index()
#5 C:\xampp\htdocs\appKoperasi\system\CodeIgniter.php(482): CodeIgniter\CodeIgniter->runController(Object(App\Controllers\Admin\MemberController))
#6 C:\xampp\htdocs\appKoperasi\system\CodeIgniter.php(351): CodeIgniter\CodeIgniter->handleRequest(NULL, Object(Config\Cache), false)
#7 C:\xampp\htdocs\appKoperasi\index.php(67): CodeIgniter\CodeIgniter->run()
#8 {main}
CRITICAL - 2023-06-13 22:04:51 --> Call to a member function getResult() on bool
in APPPATH\Controllers\Admin\MemberController.php on line 19.
 1 SYSTEMPATH\CodeIgniter.php(927): App\Controllers\Admin\MemberController->index()
 2 SYSTEMPATH\CodeIgniter.php(482): CodeIgniter\CodeIgniter->runController(Object(App\Controllers\Admin\MemberController))
 3 SYSTEMPATH\CodeIgniter.php(351): CodeIgniter\CodeIgniter->handleRequest(null, Object(Config\Cache), false)
 4 FCPATH\index.php(67): CodeIgniter\CodeIgniter->run()
