CRITICAL - 2023-12-27 16:45:22 --> Undefined property: stdClass::$logo
in APPPATH/Views/admin/kontak.php on line 42.
 1 APPPATH/Views/admin/kontak.php(42): CodeIgniter\Debug\Exceptions->errorHandler(2, 'Undefined property: stdClass::$logo', 'APPPATH/Views/admin/kontak.php', 42)
 2 SYSTEMPATH/View/View.php(213): include('APPPATH/Views/admin/kontak.php')
 3 SYSTEMPATH/View/View.php(216): CodeIgniter\View\View->CodeIgniter\View\{closure}()
 4 SYSTEMPATH/Common.php(1134): CodeIgniter\View\View->render('admin/kontak', [], true)
 5 APPPATH/Controllers/Admin/KontakController.php(21): view('admin/kontak', [...])
 6 SYSTEMPATH/CodeIgniter.php(927): App\Controllers\Admin\KontakController->index()
 7 SYSTEMPATH/CodeIgniter.php(482): CodeIgniter\CodeIgniter->runController(Object(App\Controllers\Admin\KontakController))
 8 SYSTEMPATH/CodeIgniter.php(351): CodeIgniter\CodeIgniter->handleRequest(null, Object(Config\Cache), false)
 9 FCPATH/index.php(67): CodeIgniter\CodeIgniter->run()
CRITICAL - 2023-12-27 16:54:39 --> Undefined property: stdClass::$logo
in APPPATH/Views/admin/kontak.php on line 42.
 1 APPPATH/Views/admin/kontak.php(42): CodeIgniter\Debug\Exceptions->errorHandler(2, 'Undefined property: stdClass::$logo', 'APPPATH/Views/admin/kontak.php', 42)
 2 SYSTEMPATH/View/View.php(213): include('APPPATH/Views/admin/kontak.php')
 3 SYSTEMPATH/View/View.php(216): CodeIgniter\View\View->CodeIgniter\View\{closure}()
 4 SYSTEMPATH/Common.php(1134): CodeIgniter\View\View->render('admin/kontak', [], true)
 5 APPPATH/Controllers/Admin/KontakController.php(21): view('admin/kontak', [...])
 6 SYSTEMPATH/CodeIgniter.php(927): App\Controllers\Admin\KontakController->index()
 7 SYSTEMPATH/CodeIgniter.php(482): CodeIgniter\CodeIgniter->runController(Object(App\Controllers\Admin\KontakController))
 8 SYSTEMPATH/CodeIgniter.php(351): CodeIgniter\CodeIgniter->handleRequest(null, Object(Config\Cache), false)
 9 FCPATH/index.php(67): CodeIgniter\CodeIgniter->run()
CRITICAL - 2023-12-27 16:55:33 --> Undefined property: stdClass::$logo
in APPPATH/Views/admin/kontak.php on line 42.
 1 APPPATH/Views/admin/kontak.php(42): CodeIgniter\Debug\Exceptions->errorHandler(2, 'Undefined property: stdClass::$logo', 'APPPATH/Views/admin/kontak.php', 42)
 2 SYSTEMPATH/View/View.php(213): include('APPPATH/Views/admin/kontak.php')
 3 SYSTEMPATH/View/View.php(216): CodeIgniter\View\View->CodeIgniter\View\{closure}()
 4 SYSTEMPATH/Common.php(1134): CodeIgniter\View\View->render('admin/kontak', [], true)
 5 APPPATH/Controllers/Admin/KontakController.php(21): view('admin/kontak', [...])
 6 SYSTEMPATH/CodeIgniter.php(927): App\Controllers\Admin\KontakController->index()
 7 SYSTEMPATH/CodeIgniter.php(482): CodeIgniter\CodeIgniter->runController(Object(App\Controllers\Admin\KontakController))
 8 SYSTEMPATH/CodeIgniter.php(351): CodeIgniter\CodeIgniter->handleRequest(null, Object(Config\Cache), false)
 9 FCPATH/index.php(67): CodeIgniter\CodeIgniter->run()
CRITICAL - 2023-12-27 16:55:46 --> Undefined property: stdClass::$logo
in APPPATH/Views/admin/kontak.php on line 42.
 1 APPPATH/Views/admin/kontak.php(42): CodeIgniter\Debug\Exceptions->errorHandler(2, 'Undefined property: stdClass::$logo', 'APPPATH/Views/admin/kontak.php', 42)
 2 SYSTEMPATH/View/View.php(213): include('APPPATH/Views/admin/kontak.php')
 3 SYSTEMPATH/View/View.php(216): CodeIgniter\View\View->CodeIgniter\View\{closure}()
 4 SYSTEMPATH/Common.php(1134): CodeIgniter\View\View->render('admin/kontak', [], true)
 5 APPPATH/Controllers/Admin/KontakController.php(21): view('admin/kontak', [...])
 6 SYSTEMPATH/CodeIgniter.php(927): App\Controllers\Admin\KontakController->index()
 7 SYSTEMPATH/CodeIgniter.php(482): CodeIgniter\CodeIgniter->runController(Object(App\Controllers\Admin\KontakController))
 8 SYSTEMPATH/CodeIgniter.php(351): CodeIgniter\CodeIgniter->handleRequest(null, Object(Config\Cache), false)
 9 FCPATH/index.php(67): CodeIgniter\CodeIgniter->run()
CRITICAL - 2023-12-27 16:56:30 --> Undefined property: stdClass::$logo
in APPPATH/Views/admin/kontak.php on line 42.
 1 APPPATH/Views/admin/kontak.php(42): CodeIgniter\Debug\Exceptions->errorHandler(2, 'Undefined property: stdClass::$logo', 'APPPATH/Views/admin/kontak.php', 42)
 2 SYSTEMPATH/View/View.php(213): include('APPPATH/Views/admin/kontak.php')
 3 SYSTEMPATH/View/View.php(216): CodeIgniter\View\View->CodeIgniter\View\{closure}()
 4 SYSTEMPATH/Common.php(1134): CodeIgniter\View\View->render('admin/kontak', [], true)
 5 APPPATH/Controllers/Admin/KontakController.php(21): view('admin/kontak', [...])
 6 SYSTEMPATH/CodeIgniter.php(927): App\Controllers\Admin\KontakController->index()
 7 SYSTEMPATH/CodeIgniter.php(482): CodeIgniter\CodeIgniter->runController(Object(App\Controllers\Admin\KontakController))
 8 SYSTEMPATH/CodeIgniter.php(351): CodeIgniter\CodeIgniter->handleRequest(null, Object(Config\Cache), false)
 9 FCPATH/index.php(67): CodeIgniter\CodeIgniter->run()
CRITICAL - 2023-12-27 16:58:02 --> Undefined property: stdClass::$logo
in APPPATH/Views/admin/kontak.php on line 42.
 1 APPPATH/Views/admin/kontak.php(42): CodeIgniter\Debug\Exceptions->errorHandler(2, 'Undefined property: stdClass::$logo', 'APPPATH/Views/admin/kontak.php', 42)
 2 SYSTEMPATH/View/View.php(213): include('APPPATH/Views/admin/kontak.php')
 3 SYSTEMPATH/View/View.php(216): CodeIgniter\View\View->CodeIgniter\View\{closure}()
 4 SYSTEMPATH/Common.php(1134): CodeIgniter\View\View->render('admin/kontak', [], true)
 5 APPPATH/Controllers/Admin/KontakController.php(21): view('admin/kontak', [...])
 6 SYSTEMPATH/CodeIgniter.php(927): App\Controllers\Admin\KontakController->index()
 7 SYSTEMPATH/CodeIgniter.php(482): CodeIgniter\CodeIgniter->runController(Object(App\Controllers\Admin\KontakController))
 8 SYSTEMPATH/CodeIgniter.php(351): CodeIgniter\CodeIgniter->handleRequest(null, Object(Config\Cache), false)
 9 FCPATH/index.php(67): CodeIgniter\CodeIgniter->run()
CRITICAL - 2023-12-27 16:59:48 --> Undefined property: stdClass::$nama_web
in APPPATH/Views/admin/kontak.php on line 43.
 1 APPPATH/Views/admin/kontak.php(43): CodeIgniter\Debug\Exceptions->errorHandler(2, 'Undefined property: stdClass::$nama_web', 'APPPATH/Views/admin/kontak.php', 43)
 2 SYSTEMPATH/View/View.php(213): include('APPPATH/Views/admin/kontak.php')
 3 SYSTEMPATH/View/View.php(216): CodeIgniter\View\View->CodeIgniter\View\{closure}()
 4 SYSTEMPATH/Common.php(1134): CodeIgniter\View\View->render('admin/kontak', [], true)
 5 APPPATH/Controllers/Admin/KontakController.php(21): view('admin/kontak', [...])
 6 SYSTEMPATH/CodeIgniter.php(927): App\Controllers\Admin\KontakController->index()
 7 SYSTEMPATH/CodeIgniter.php(482): CodeIgniter\CodeIgniter->runController(Object(App\Controllers\Admin\KontakController))
 8 SYSTEMPATH/CodeIgniter.php(351): CodeIgniter\CodeIgniter->handleRequest(null, Object(Config\Cache), false)
 9 FCPATH/index.php(67): CodeIgniter\CodeIgniter->run()
CRITICAL - 2023-12-27 17:00:13 --> Undefined property: stdClass::$logo
in APPPATH/Views/admin/edit_kontak.php on line 73.
 1 APPPATH/Views/admin/edit_kontak.php(73): CodeIgniter\Debug\Exceptions->errorHandler(2, 'Undefined property: stdClass::$logo', 'APPPATH/Views/admin/edit_kontak.php', 73)
 2 SYSTEMPATH/View/View.php(213): include('APPPATH/Views/admin/edit_kontak.php')
 3 SYSTEMPATH/View/View.php(216): CodeIgniter\View\View->CodeIgniter\View\{closure}()
 4 SYSTEMPATH/Common.php(1134): CodeIgniter\View\View->render('admin/edit_kontak', [], true)
 5 APPPATH/Controllers/Admin/KontakController.php(39): view('admin/edit_kontak', [...])
 6 SYSTEMPATH/CodeIgniter.php(927): App\Controllers\Admin\KontakController->editkontak('1')
 7 SYSTEMPATH/CodeIgniter.php(482): CodeIgniter\CodeIgniter->runController(Object(App\Controllers\Admin\KontakController))
 8 SYSTEMPATH/CodeIgniter.php(351): CodeIgniter\CodeIgniter->handleRequest(null, Object(Config\Cache), false)
 9 FCPATH/index.php(67): CodeIgniter\CodeIgniter->run()
CRITICAL - 2023-12-27 17:00:19 --> Undefined property: stdClass::$logo
in APPPATH/Views/admin/edit_kontak.php on line 73.
 1 APPPATH/Views/admin/edit_kontak.php(73): CodeIgniter\Debug\Exceptions->errorHandler(2, 'Undefined property: stdClass::$logo', 'APPPATH/Views/admin/edit_kontak.php', 73)
 2 SYSTEMPATH/View/View.php(213): include('APPPATH/Views/admin/edit_kontak.php')
 3 SYSTEMPATH/View/View.php(216): CodeIgniter\View\View->CodeIgniter\View\{closure}()
 4 SYSTEMPATH/Common.php(1134): CodeIgniter\View\View->render('admin/edit_kontak', [], true)
 5 APPPATH/Controllers/Admin/KontakController.php(39): view('admin/edit_kontak', [...])
 6 SYSTEMPATH/CodeIgniter.php(927): App\Controllers\Admin\KontakController->editkontak('1')
 7 SYSTEMPATH/CodeIgniter.php(482): CodeIgniter\CodeIgniter->runController(Object(App\Controllers\Admin\KontakController))
 8 SYSTEMPATH/CodeIgniter.php(351): CodeIgniter\CodeIgniter->handleRequest(null, Object(Config\Cache), false)
 9 FCPATH/index.php(67): CodeIgniter\CodeIgniter->run()
CRITICAL - 2023-12-27 17:01:12 --> Undefined property: stdClass::$nama_web
in APPPATH/Views/admin/edit_kontak.php on line 80.
 1 APPPATH/Views/admin/edit_kontak.php(80): CodeIgniter\Debug\Exceptions->errorHandler(2, 'Undefined property: stdClass::$nama_web', 'APPPATH/Views/admin/edit_kontak.php', 80)
 2 SYSTEMPATH/View/View.php(213): include('APPPATH/Views/admin/edit_kontak.php')
 3 SYSTEMPATH/View/View.php(216): CodeIgniter\View\View->CodeIgniter\View\{closure}()
 4 SYSTEMPATH/Common.php(1134): CodeIgniter\View\View->render('admin/edit_kontak', [], true)
 5 APPPATH/Controllers/Admin/KontakController.php(39): view('admin/edit_kontak', [...])
 6 SYSTEMPATH/CodeIgniter.php(927): App\Controllers\Admin\KontakController->editkontak('1')
 7 SYSTEMPATH/CodeIgniter.php(482): CodeIgniter\CodeIgniter->runController(Object(App\Controllers\Admin\KontakController))
 8 SYSTEMPATH/CodeIgniter.php(351): CodeIgniter\CodeIgniter->handleRequest(null, Object(Config\Cache), false)
 9 FCPATH/index.php(67): CodeIgniter\CodeIgniter->run()
