ERROR - 2023-07-13 07:44:45 --> mysqli_sql_exception: Unknown column 'logo' in 'field list' in /home/u1577338/public_html/koperasi.marierapp.com/system/Database/MySQLi/Connection.php:292
Stack trace:
#0 /home/u1577338/public_html/koperasi.marierapp.com/system/Database/MySQLi/Connection.php(292): mysqli->query('REPLACE INTO `k...', 0)
#1 /home/u1577338/public_html/koperasi.marierapp.com/system/Database/BaseConnection.php(666): CodeIgniter\Database\MySQLi\Connection->execute('REPLACE INTO `k...')
#2 /home/u1577338/public_html/koperasi.marierapp.com/system/Database/BaseConnection.php(593): CodeIgniter\Database\BaseConnection->simpleQuery('REPLACE INTO `k...')
#3 /home/u1577338/public_html/koperasi.marierapp.com/system/Database/BaseBuilder.php(2002): CodeIgniter\Database\BaseConnection->query('REPLACE INTO `k...', Array, false)
#4 /home/u1577338/public_html/koperasi.marierapp.com/app/Controllers/Admin/KontakController.php(72): CodeIgniter\Database\BaseBuilder->replace(Array)
#5 /home/u1577338/public_html/koperasi.marierapp.com/system/CodeIgniter.php(927): App\Controllers\Admin\KontakController->updatekontak()
#6 /home/u1577338/public_html/koperasi.marierapp.com/system/CodeIgniter.php(482): CodeIgniter\CodeIgniter->runController(Object(App\Controllers\Admin\KontakController))
#7 /home/u1577338/public_html/koperasi.marierapp.com/system/CodeIgniter.php(351): CodeIgniter\CodeIgniter->handleRequest(NULL, Object(Config\Cache), false)
#8 /home/u1577338/public_html/koperasi.marierapp.com/index.php(67): CodeIgniter\CodeIgniter->run()
#9 {main}
ERROR - 2023-07-13 13:10:03 --> mysqli_sql_exception: Unknown column 'id' in 'where clause' in /home/u1577338/public_html/koperasi.marierapp.com/system/Database/MySQLi/Connection.php:292
Stack trace:
#0 /home/u1577338/public_html/koperasi.marierapp.com/system/Database/MySQLi/Connection.php(292): mysqli->query('SELECT * FROM c...', 0)
#1 /home/u1577338/public_html/koperasi.marierapp.com/system/Database/BaseConnection.php(666): CodeIgniter\Database\MySQLi\Connection->execute('SELECT * FROM c...')
#2 /home/u1577338/public_html/koperasi.marierapp.com/system/Database/BaseConnection.php(593): CodeIgniter\Database\BaseConnection->simpleQuery('SELECT * FROM c...')
#3 /home/u1577338/public_html/koperasi.marierapp.com/app/Controllers/Admin/BeritaController.php(138): CodeIgniter\Database\BaseConnection->query('SELECT * FROM c...')
#4 /home/u1577338/public_html/koperasi.marierapp.com/system/CodeIgniter.php(927): App\Controllers\Admin\BeritaController->tambahBidangUsaha()
#5 /home/u1577338/public_html/koperasi.marierapp.com/system/CodeIgniter.php(482): CodeIgniter\CodeIgniter->runController(Object(App\Controllers\Admin\BeritaController))
#6 /home/u1577338/public_html/koperasi.marierapp.com/system/CodeIgniter.php(351): CodeIgniter\CodeIgniter->handleRequest(NULL, Object(Config\Cache), false)
#7 /home/u1577338/public_html/koperasi.marierapp.com/index.php(67): CodeIgniter\CodeIgniter->run()
#8 {main}
CRITICAL - 2023-07-13 13:10:03 --> Call to a member function getResult() on bool
in APPPATH/Controllers/Admin/BeritaController.php on line 139.
 1 SYSTEMPATH/CodeIgniter.php(927): App\Controllers\Admin\BeritaController->tambahBidangUsaha()
 2 SYSTEMPATH/CodeIgniter.php(482): CodeIgniter\CodeIgniter->runController(Object(App\Controllers\Admin\BeritaController))
 3 SYSTEMPATH/CodeIgniter.php(351): CodeIgniter\CodeIgniter->handleRequest(null, Object(Config\Cache), false)
 4 FCPATH/index.php(67): CodeIgniter\CodeIgniter->run()
ERROR - 2023-07-13 13:24:06 --> mysqli_sql_exception: You have an error in your SQL syntax; check the manual that corresponds to your MariaDB server version for the right syntax to use near '= 0' at line 1 in /home/u1577338/public_html/koperasi.marierapp.com/system/Database/MySQLi/Connection.php:292
Stack trace:
#0 /home/u1577338/public_html/koperasi.marierapp.com/system/Database/MySQLi/Connection.php(292): mysqli->query('SELECT * FROM c...', 0)
#1 /home/u1577338/public_html/koperasi.marierapp.com/system/Database/BaseConnection.php(666): CodeIgniter\Database\MySQLi\Connection->execute('SELECT * FROM c...')
#2 /home/u1577338/public_html/koperasi.marierapp.com/system/Database/BaseConnection.php(593): CodeIgniter\Database\BaseConnection->simpleQuery('SELECT * FROM c...')
#3 /home/u1577338/public_html/koperasi.marierapp.com/app/Controllers/Admin/BeritaController.php(138): CodeIgniter\Database\BaseConnection->query('SELECT * FROM c...')
#4 /home/u1577338/public_html/koperasi.marierapp.com/system/CodeIgniter.php(927): App\Controllers\Admin\BeritaController->tambahBidangUsaha()
#5 /home/u1577338/public_html/koperasi.marierapp.com/system/CodeIgniter.php(482): CodeIgniter\CodeIgniter->runController(Object(App\Controllers\Admin\BeritaController))
#6 /home/u1577338/public_html/koperasi.marierapp.com/system/CodeIgniter.php(351): CodeIgniter\CodeIgniter->handleRequest(NULL, Object(Config\Cache), false)
#7 /home/u1577338/public_html/koperasi.marierapp.com/index.php(67): CodeIgniter\CodeIgniter->run()
#8 {main}
CRITICAL - 2023-07-13 13:24:06 --> Call to a member function getResult() on bool
in APPPATH/Controllers/Admin/BeritaController.php on line 139.
 1 SYSTEMPATH/CodeIgniter.php(927): App\Controllers\Admin\BeritaController->tambahBidangUsaha()
 2 SYSTEMPATH/CodeIgniter.php(482): CodeIgniter\CodeIgniter->runController(Object(App\Controllers\Admin\BeritaController))
 3 SYSTEMPATH/CodeIgniter.php(351): CodeIgniter\CodeIgniter->handleRequest(null, Object(Config\Cache), false)
 4 FCPATH/index.php(67): CodeIgniter\CodeIgniter->run()
ERROR - 2023-07-13 13:24:34 --> mysqli_sql_exception: You have an error in your SQL syntax; check the manual that corresponds to your MariaDB server version for the right syntax to use near '= 1' at line 1 in /home/u1577338/public_html/koperasi.marierapp.com/system/Database/MySQLi/Connection.php:292
Stack trace:
#0 /home/u1577338/public_html/koperasi.marierapp.com/system/Database/MySQLi/Connection.php(292): mysqli->query('SELECT * FROM c...', 0)
#1 /home/u1577338/public_html/koperasi.marierapp.com/system/Database/BaseConnection.php(666): CodeIgniter\Database\MySQLi\Connection->execute('SELECT * FROM c...')
#2 /home/u1577338/public_html/koperasi.marierapp.com/system/Database/BaseConnection.php(593): CodeIgniter\Database\BaseConnection->simpleQuery('SELECT * FROM c...')
#3 /home/u1577338/public_html/koperasi.marierapp.com/app/Controllers/Admin/BeritaController.php(138): CodeIgniter\Database\BaseConnection->query('SELECT * FROM c...')
#4 /home/u1577338/public_html/koperasi.marierapp.com/system/CodeIgniter.php(927): App\Controllers\Admin\BeritaController->tambahBidangUsaha()
#5 /home/u1577338/public_html/koperasi.marierapp.com/system/CodeIgniter.php(482): CodeIgniter\CodeIgniter->runController(Object(App\Controllers\Admin\BeritaController))
#6 /home/u1577338/public_html/koperasi.marierapp.com/system/CodeIgniter.php(351): CodeIgniter\CodeIgniter->handleRequest(NULL, Object(Config\Cache), false)
#7 /home/u1577338/public_html/koperasi.marierapp.com/index.php(67): CodeIgniter\CodeIgniter->run()
#8 {main}
CRITICAL - 2023-07-13 13:24:34 --> Call to a member function getResult() on bool
in APPPATH/Controllers/Admin/BeritaController.php on line 139.
 1 SYSTEMPATH/CodeIgniter.php(927): App\Controllers\Admin\BeritaController->tambahBidangUsaha()
 2 SYSTEMPATH/CodeIgniter.php(482): CodeIgniter\CodeIgniter->runController(Object(App\Controllers\Admin\BeritaController))
 3 SYSTEMPATH/CodeIgniter.php(351): CodeIgniter\CodeIgniter->handleRequest(null, Object(Config\Cache), false)
 4 FCPATH/index.php(67): CodeIgniter\CodeIgniter->run()
CRITICAL - 2023-07-13 14:04:19 --> syntax error, unexpected '' (T_ENCAPSED_AND_WHITESPACE), expecting '-' or identifier (T_STRING) or variable (T_VARIABLE) or number (T_NUM_STRING)
in APPPATH/Controllers/Admin/BeritaController.php on line 139.
 1 SYSTEMPATH/Autoloader/Autoloader.php(259): CodeIgniter\Autoloader\Autoloader->includeFile('APPPATH/Controllers/Admin/BeritaController.php')
 2 SYSTEMPATH/Autoloader/Autoloader.php(237): CodeIgniter\Autoloader\Autoloader->loadInNamespace('App\\Controllers\\Admin\\BeritaController')
 3 [internal function]: CodeIgniter\Autoloader\Autoloader->loadClass('App\\Controllers\\Admin\\BeritaController')
 4 [internal function]: spl_autoload_call('App\\Controllers\\Admin\\BeritaController')
 5 SYSTEMPATH/CodeIgniter.php(877): class_exists('\\App\\Controllers\\Admin\\BeritaController', true)
 6 SYSTEMPATH/CodeIgniter.php(469): CodeIgniter\CodeIgniter->startController()
 7 SYSTEMPATH/CodeIgniter.php(351): CodeIgniter\CodeIgniter->handleRequest(null, Object(Config\Cache), false)
 8 FCPATH/index.php(67): CodeIgniter\CodeIgniter->run()
ERROR - 2023-07-13 14:05:25 --> mysqli_sql_exception: Table 'u1577338_koperasi.categoriesa' doesn't exist in /home/u1577338/public_html/koperasi.marierapp.com/system/Database/MySQLi/Connection.php:292
Stack trace:
#0 /home/u1577338/public_html/koperasi.marierapp.com/system/Database/MySQLi/Connection.php(292): mysqli->query('SELECT * FROM c...', 0)
#1 /home/u1577338/public_html/koperasi.marierapp.com/system/Database/BaseConnection.php(666): CodeIgniter\Database\MySQLi\Connection->execute('SELECT * FROM c...')
#2 /home/u1577338/public_html/koperasi.marierapp.com/system/Database/BaseConnection.php(593): CodeIgniter\Database\BaseConnection->simpleQuery('SELECT * FROM c...')
#3 /home/u1577338/public_html/koperasi.marierapp.com/app/Controllers/Admin/BeritaController.php(138): CodeIgniter\Database\BaseConnection->query('SELECT * FROM c...')
#4 /home/u1577338/public_html/koperasi.marierapp.com/system/CodeIgniter.php(927): App\Controllers\Admin\BeritaController->tambahBidangUsaha()
#5 /home/u1577338/public_html/koperasi.marierapp.com/system/CodeIgniter.php(482): CodeIgniter\CodeIgniter->runController(Object(App\Controllers\Admin\BeritaController))
#6 /home/u1577338/public_html/koperasi.marierapp.com/system/CodeIgniter.php(351): CodeIgniter\CodeIgniter->handleRequest(NULL, Object(Config\Cache), false)
#7 /home/u1577338/public_html/koperasi.marierapp.com/index.php(67): CodeIgniter\CodeIgniter->run()
#8 {main}
CRITICAL - 2023-07-13 14:05:25 --> Call to a member function getResult() on bool
in APPPATH/Controllers/Admin/BeritaController.php on line 139.
 1 SYSTEMPATH/CodeIgniter.php(927): App\Controllers\Admin\BeritaController->tambahBidangUsaha()
 2 SYSTEMPATH/CodeIgniter.php(482): CodeIgniter\CodeIgniter->runController(Object(App\Controllers\Admin\BeritaController))
 3 SYSTEMPATH/CodeIgniter.php(351): CodeIgniter\CodeIgniter->handleRequest(null, Object(Config\Cache), false)
 4 FCPATH/index.php(67): CodeIgniter\CodeIgniter->run()
ERROR - 2023-07-13 14:05:41 --> mysqli_sql_exception: Unknown column 'id' in 'where clause' in /home/u1577338/public_html/koperasi.marierapp.com/system/Database/MySQLi/Connection.php:292
Stack trace:
#0 /home/u1577338/public_html/koperasi.marierapp.com/system/Database/MySQLi/Connection.php(292): mysqli->query('SELECT * FROM c...', 0)
#1 /home/u1577338/public_html/koperasi.marierapp.com/system/Database/BaseConnection.php(666): CodeIgniter\Database\MySQLi\Connection->execute('SELECT * FROM c...')
#2 /home/u1577338/public_html/koperasi.marierapp.com/system/Database/BaseConnection.php(593): CodeIgniter\Database\BaseConnection->simpleQuery('SELECT * FROM c...')
#3 /home/u1577338/public_html/koperasi.marierapp.com/app/Controllers/Admin/BeritaController.php(138): CodeIgniter\Database\BaseConnection->query('SELECT * FROM c...')
#4 /home/u1577338/public_html/koperasi.marierapp.com/system/CodeIgniter.php(927): App\Controllers\Admin\BeritaController->tambahBidangUsaha()
#5 /home/u1577338/public_html/koperasi.marierapp.com/system/CodeIgniter.php(482): CodeIgniter\CodeIgniter->runController(Object(App\Controllers\Admin\BeritaController))
#6 /home/u1577338/public_html/koperasi.marierapp.com/system/CodeIgniter.php(351): CodeIgniter\CodeIgniter->handleRequest(NULL, Object(Config\Cache), false)
#7 /home/u1577338/public_html/koperasi.marierapp.com/index.php(67): CodeIgniter\CodeIgniter->run()
#8 {main}
CRITICAL - 2023-07-13 14:05:41 --> Call to a member function getResult() on bool
in APPPATH/Controllers/Admin/BeritaController.php on line 139.
 1 SYSTEMPATH/CodeIgniter.php(927): App\Controllers\Admin\BeritaController->tambahBidangUsaha()
 2 SYSTEMPATH/CodeIgniter.php(482): CodeIgniter\CodeIgniter->runController(Object(App\Controllers\Admin\BeritaController))
 3 SYSTEMPATH/CodeIgniter.php(351): CodeIgniter\CodeIgniter->handleRequest(null, Object(Config\Cache), false)
 4 FCPATH/index.php(67): CodeIgniter\CodeIgniter->run()
ERROR - 2023-07-13 14:05:42 --> mysqli_sql_exception: Unknown column 'id' in 'where clause' in /home/u1577338/public_html/koperasi.marierapp.com/system/Database/MySQLi/Connection.php:292
Stack trace:
#0 /home/u1577338/public_html/koperasi.marierapp.com/system/Database/MySQLi/Connection.php(292): mysqli->query('SELECT * FROM c...', 0)
#1 /home/u1577338/public_html/koperasi.marierapp.com/system/Database/BaseConnection.php(666): CodeIgniter\Database\MySQLi\Connection->execute('SELECT * FROM c...')
#2 /home/u1577338/public_html/koperasi.marierapp.com/system/Database/BaseConnection.php(593): CodeIgniter\Database\BaseConnection->simpleQuery('SELECT * FROM c...')
#3 /home/u1577338/public_html/koperasi.marierapp.com/app/Controllers/Admin/BeritaController.php(138): CodeIgniter\Database\BaseConnection->query('SELECT * FROM c...')
#4 /home/u1577338/public_html/koperasi.marierapp.com/system/CodeIgniter.php(927): App\Controllers\Admin\BeritaController->tambahBidangUsaha()
#5 /home/u1577338/public_html/koperasi.marierapp.com/system/CodeIgniter.php(482): CodeIgniter\CodeIgniter->runController(Object(App\Controllers\Admin\BeritaController))
#6 /home/u1577338/public_html/koperasi.marierapp.com/system/CodeIgniter.php(351): CodeIgniter\CodeIgniter->handleRequest(NULL, Object(Config\Cache), false)
#7 /home/u1577338/public_html/koperasi.marierapp.com/index.php(67): CodeIgniter\CodeIgniter->run()
#8 {main}
CRITICAL - 2023-07-13 14:05:42 --> Call to a member function getResult() on bool
in APPPATH/Controllers/Admin/BeritaController.php on line 139.
 1 SYSTEMPATH/CodeIgniter.php(927): App\Controllers\Admin\BeritaController->tambahBidangUsaha()
 2 SYSTEMPATH/CodeIgniter.php(482): CodeIgniter\CodeIgniter->runController(Object(App\Controllers\Admin\BeritaController))
 3 SYSTEMPATH/CodeIgniter.php(351): CodeIgniter\CodeIgniter->handleRequest(null, Object(Config\Cache), false)
 4 FCPATH/index.php(67): CodeIgniter\CodeIgniter->run()
ERROR - 2023-07-13 14:09:00 --> mysqli_sql_exception: Unknown column 'id' in 'where clause' in /home/u1577338/public_html/koperasi.marierapp.com/system/Database/MySQLi/Connection.php:292
Stack trace:
#0 /home/u1577338/public_html/koperasi.marierapp.com/system/Database/MySQLi/Connection.php(292): mysqli->query('SELECT * FROM c...', 0)
#1 /home/u1577338/public_html/koperasi.marierapp.com/system/Database/BaseConnection.php(666): CodeIgniter\Database\MySQLi\Connection->execute('SELECT * FROM c...')
#2 /home/u1577338/public_html/koperasi.marierapp.com/system/Database/BaseConnection.php(593): CodeIgniter\Database\BaseConnection->simpleQuery('SELECT * FROM c...')
#3 /home/u1577338/public_html/koperasi.marierapp.com/app/Controllers/Admin/BeritaController.php(138): CodeIgniter\Database\BaseConnection->query('SELECT * FROM c...')
#4 /home/u1577338/public_html/koperasi.marierapp.com/system/CodeIgniter.php(927): App\Controllers\Admin\BeritaController->tambahBidangUsaha()
#5 /home/u1577338/public_html/koperasi.marierapp.com/system/CodeIgniter.php(482): CodeIgniter\CodeIgniter->runController(Object(App\Controllers\Admin\BeritaController))
#6 /home/u1577338/public_html/koperasi.marierapp.com/system/CodeIgniter.php(351): CodeIgniter\CodeIgniter->handleRequest(NULL, Object(Config\Cache), false)
#7 /home/u1577338/public_html/koperasi.marierapp.com/index.php(67): CodeIgniter\CodeIgniter->run()
#8 {main}
CRITICAL - 2023-07-13 14:09:00 --> Call to a member function getResult() on bool
in APPPATH/Controllers/Admin/BeritaController.php on line 139.
 1 SYSTEMPATH/CodeIgniter.php(927): App\Controllers\Admin\BeritaController->tambahBidangUsaha()
 2 SYSTEMPATH/CodeIgniter.php(482): CodeIgniter\CodeIgniter->runController(Object(App\Controllers\Admin\BeritaController))
 3 SYSTEMPATH/CodeIgniter.php(351): CodeIgniter\CodeIgniter->handleRequest(null, Object(Config\Cache), false)
 4 FCPATH/index.php(67): CodeIgniter\CodeIgniter->run()
CRITICAL - 2023-07-13 14:15:32 --> Call to a member function isValid() on null
in APPPATH/Controllers/Admin/BeritaController.php on line 41.
 1 SYSTEMPATH/CodeIgniter.php(927): App\Controllers\Admin\BeritaController->saveBerita()
 2 SYSTEMPATH/CodeIgniter.php(482): CodeIgniter\CodeIgniter->runController(Object(App\Controllers\Admin\BeritaController))
 3 SYSTEMPATH/CodeIgniter.php(351): CodeIgniter\CodeIgniter->handleRequest(null, Object(Config\Cache), false)
 4 FCPATH/index.php(67): CodeIgniter\CodeIgniter->run()
CRITICAL - 2023-07-13 14:19:47 --> Call to a member function isValid() on null
in APPPATH/Controllers/Admin/BeritaController.php on line 41.
 1 SYSTEMPATH/CodeIgniter.php(927): App\Controllers\Admin\BeritaController->saveBerita()
 2 SYSTEMPATH/CodeIgniter.php(482): CodeIgniter\CodeIgniter->runController(Object(App\Controllers\Admin\BeritaController))
 3 SYSTEMPATH/CodeIgniter.php(351): CodeIgniter\CodeIgniter->handleRequest(null, Object(Config\Cache), false)
 4 FCPATH/index.php(67): CodeIgniter\CodeIgniter->run()
ERROR - 2023-07-13 14:20:00 --> mysqli_sql_exception: Column 'featured_image' cannot be null in /home/u1577338/public_html/koperasi.marierapp.com/system/Database/MySQLi/Connection.php:292
Stack trace:
#0 /home/u1577338/public_html/koperasi.marierapp.com/system/Database/MySQLi/Connection.php(292): mysqli->query('INSERT INTO `po...', 0)
#1 /home/u1577338/public_html/koperasi.marierapp.com/system/Database/BaseConnection.php(666): CodeIgniter\Database\MySQLi\Connection->execute('INSERT INTO `po...')
#2 /home/u1577338/public_html/koperasi.marierapp.com/system/Database/BaseConnection.php(593): CodeIgniter\Database\BaseConnection->simpleQuery('INSERT INTO `po...')
#3 /home/u1577338/public_html/koperasi.marierapp.com/system/Database/BaseBuilder.php(1916): CodeIgniter\Database\BaseConnection->query('INSERT INTO `po...', Array, false)
#4 /home/u1577338/public_html/koperasi.marierapp.com/app/Controllers/Admin/BeritaController.php(159): CodeIgniter\Database\BaseBuilder->insert(Array)
#5 /home/u1577338/public_html/koperasi.marierapp.com/system/CodeIgniter.php(927): App\Controllers\Admin\BeritaController->saveBidangUsaha()
#6 /home/u1577338/public_html/koperasi.marierapp.com/system/CodeIgniter.php(482): CodeIgniter\CodeIgniter->runController(Object(App\Controllers\Admin\BeritaController))
#7 /home/u1577338/public_html/koperasi.marierapp.com/system/CodeIgniter.php(351): CodeIgniter\CodeIgniter->handleRequest(NULL, Object(Config\Cache), false)
#8 /home/u1577338/public_html/koperasi.marierapp.com/index.php(67): CodeIgniter\CodeIgniter->run()
#9 {main}
CRITICAL - 2023-07-13 14:27:19 --> Invalid argument supplied for foreach()
in APPPATH/Views/admin/bidang_usaha.php on line 30.
 1 APPPATH/Views/admin/bidang_usaha.php(30): CodeIgniter\Debug\Exceptions->errorHandler(2, 'Invalid argument supplied for foreach()', 'APPPATH/Views/admin/bidang_usaha.php', 30, [...])
 2 SYSTEMPATH/View/View.php(213): include('APPPATH/Views/admin/bidang_usaha.php')
 3 SYSTEMPATH/View/View.php(216): CodeIgniter\View\View->CodeIgniter\View\{closure}()
 4 SYSTEMPATH/Common.php(1134): CodeIgniter\View\View->render('admin/bidang_usaha', [], true)
 5 APPPATH/Controllers/Admin/BeritaController.php(129): view('admin/bidang_usaha', [...])
 6 SYSTEMPATH/CodeIgniter.php(927): App\Controllers\Admin\BeritaController->bidangUsaha()
 7 SYSTEMPATH/CodeIgniter.php(482): CodeIgniter\CodeIgniter->runController(Object(App\Controllers\Admin\BeritaController))
 8 SYSTEMPATH/CodeIgniter.php(351): CodeIgniter\CodeIgniter->handleRequest(null, Object(Config\Cache), false)
 9 FCPATH/index.php(67): CodeIgniter\CodeIgniter->run()
CRITICAL - 2023-07-13 14:29:14 --> Invalid argument supplied for foreach()
in APPPATH/Views/admin/bidang_usaha.php on line 30.
 1 APPPATH/Views/admin/bidang_usaha.php(30): CodeIgniter\Debug\Exceptions->errorHandler(2, 'Invalid argument supplied for foreach()', 'APPPATH/Views/admin/bidang_usaha.php', 30, [...])
 2 SYSTEMPATH/View/View.php(213): include('APPPATH/Views/admin/bidang_usaha.php')
 3 SYSTEMPATH/View/View.php(216): CodeIgniter\View\View->CodeIgniter\View\{closure}()
 4 SYSTEMPATH/Common.php(1134): CodeIgniter\View\View->render('admin/bidang_usaha', [], true)
 5 APPPATH/Controllers/Admin/BeritaController.php(129): view('admin/bidang_usaha', [...])
 6 SYSTEMPATH/CodeIgniter.php(927): App\Controllers\Admin\BeritaController->bidangUsaha()
 7 SYSTEMPATH/CodeIgniter.php(482): CodeIgniter\CodeIgniter->runController(Object(App\Controllers\Admin\BeritaController))
 8 SYSTEMPATH/CodeIgniter.php(351): CodeIgniter\CodeIgniter->handleRequest(null, Object(Config\Cache), false)
 9 FCPATH/index.php(67): CodeIgniter\CodeIgniter->run()
ERROR - 2023-07-13 14:31:03 --> mysqli_sql_exception: Column 'featured_image' cannot be null in /home/u1577338/public_html/koperasi.marierapp.com/system/Database/MySQLi/Connection.php:292
Stack trace:
#0 /home/u1577338/public_html/koperasi.marierapp.com/system/Database/MySQLi/Connection.php(292): mysqli->query('INSERT INTO `po...', 0)
#1 /home/u1577338/public_html/koperasi.marierapp.com/system/Database/BaseConnection.php(666): CodeIgniter\Database\MySQLi\Connection->execute('INSERT INTO `po...')
#2 /home/u1577338/public_html/koperasi.marierapp.com/system/Database/BaseConnection.php(593): CodeIgniter\Database\BaseConnection->simpleQuery('INSERT INTO `po...')
#3 /home/u1577338/public_html/koperasi.marierapp.com/system/Database/BaseBuilder.php(1916): CodeIgniter\Database\BaseConnection->query('INSERT INTO `po...', Array, false)
#4 /home/u1577338/public_html/koperasi.marierapp.com/app/Controllers/Admin/BeritaController.php(159): CodeIgniter\Database\BaseBuilder->insert(Array)
#5 /home/u1577338/public_html/koperasi.marierapp.com/system/CodeIgniter.php(927): App\Controllers\Admin\BeritaController->saveBidangUsaha()
#6 /home/u1577338/public_html/koperasi.marierapp.com/system/CodeIgniter.php(482): CodeIgniter\CodeIgniter->runController(Object(App\Controllers\Admin\BeritaController))
#7 /home/u1577338/public_html/koperasi.marierapp.com/system/CodeIgniter.php(351): CodeIgniter\CodeIgniter->handleRequest(NULL, Object(Config\Cache), false)
#8 /home/u1577338/public_html/koperasi.marierapp.com/index.php(67): CodeIgniter\CodeIgniter->run()
#9 {main}
ERROR - 2023-07-13 14:56:22 --> mysqli_sql_exception: Unknown column 'id_categoies' in 'where clause' in /home/u1577338/public_html/koperasi.marierapp.com/system/Database/MySQLi/Connection.php:292
Stack trace:
#0 /home/u1577338/public_html/koperasi.marierapp.com/system/Database/MySQLi/Connection.php(292): mysqli->query('SELECT p.*,k.* ...', 0)
#1 /home/u1577338/public_html/koperasi.marierapp.com/system/Database/BaseConnection.php(666): CodeIgniter\Database\MySQLi\Connection->execute('SELECT p.*,k.* ...')
#2 /home/u1577338/public_html/koperasi.marierapp.com/system/Database/BaseConnection.php(593): CodeIgniter\Database\BaseConnection->simpleQuery('SELECT p.*,k.* ...')
#3 /home/u1577338/public_html/koperasi.marierapp.com/app/Controllers/Admin/BeritaController.php(127): CodeIgniter\Database\BaseConnection->query('SELECT p.*,k.* ...')
#4 /home/u1577338/public_html/koperasi.marierapp.com/system/CodeIgniter.php(927): App\Controllers\Admin\BeritaController->bidangUsaha()
#5 /home/u1577338/public_html/koperasi.marierapp.com/system/CodeIgniter.php(482): CodeIgniter\CodeIgniter->runController(Object(App\Controllers\Admin\BeritaController))
#6 /home/u1577338/public_html/koperasi.marierapp.com/system/CodeIgniter.php(351): CodeIgniter\CodeIgniter->handleRequest(NULL, Object(Config\Cache), false)
#7 /home/u1577338/public_html/koperasi.marierapp.com/index.php(67): CodeIgniter\CodeIgniter->run()
#8 {main}
CRITICAL - 2023-07-13 14:56:22 --> Call to a member function getResult() on bool
in APPPATH/Controllers/Admin/BeritaController.php on line 128.
 1 SYSTEMPATH/CodeIgniter.php(927): App\Controllers\Admin\BeritaController->bidangUsaha()
 2 SYSTEMPATH/CodeIgniter.php(482): CodeIgniter\CodeIgniter->runController(Object(App\Controllers\Admin\BeritaController))
 3 SYSTEMPATH/CodeIgniter.php(351): CodeIgniter\CodeIgniter->handleRequest(null, Object(Config\Cache), false)
 4 FCPATH/index.php(67): CodeIgniter\CodeIgniter->run()
ERROR - 2023-07-13 14:57:36 --> mysqli_sql_exception: Unknown column 'id_categories' in 'where clause' in /home/u1577338/public_html/koperasi.marierapp.com/system/Database/MySQLi/Connection.php:292
Stack trace:
#0 /home/u1577338/public_html/koperasi.marierapp.com/system/Database/MySQLi/Connection.php(292): mysqli->query('SELECT p.*,k.* ...', 0)
#1 /home/u1577338/public_html/koperasi.marierapp.com/system/Database/BaseConnection.php(666): CodeIgniter\Database\MySQLi\Connection->execute('SELECT p.*,k.* ...')
#2 /home/u1577338/public_html/koperasi.marierapp.com/system/Database/BaseConnection.php(593): CodeIgniter\Database\BaseConnection->simpleQuery('SELECT p.*,k.* ...')
#3 /home/u1577338/public_html/koperasi.marierapp.com/app/Controllers/Admin/BeritaController.php(127): CodeIgniter\Database\BaseConnection->query('SELECT p.*,k.* ...')
#4 /home/u1577338/public_html/koperasi.marierapp.com/system/CodeIgniter.php(927): App\Controllers\Admin\BeritaController->bidangUsaha()
#5 /home/u1577338/public_html/koperasi.marierapp.com/system/CodeIgniter.php(482): CodeIgniter\CodeIgniter->runController(Object(App\Controllers\Admin\BeritaController))
#6 /home/u1577338/public_html/koperasi.marierapp.com/system/CodeIgniter.php(351): CodeIgniter\CodeIgniter->handleRequest(NULL, Object(Config\Cache), false)
#7 /home/u1577338/public_html/koperasi.marierapp.com/index.php(67): CodeIgniter\CodeIgniter->run()
#8 {main}
CRITICAL - 2023-07-13 14:57:36 --> Call to a member function getResult() on bool
in APPPATH/Controllers/Admin/BeritaController.php on line 128.
 1 SYSTEMPATH/CodeIgniter.php(927): App\Controllers\Admin\BeritaController->bidangUsaha()
 2 SYSTEMPATH/CodeIgniter.php(482): CodeIgniter\CodeIgniter->runController(Object(App\Controllers\Admin\BeritaController))
 3 SYSTEMPATH/CodeIgniter.php(351): CodeIgniter\CodeIgniter->handleRequest(null, Object(Config\Cache), false)
 4 FCPATH/index.php(67): CodeIgniter\CodeIgniter->run()
ERROR - 2023-07-13 14:57:37 --> mysqli_sql_exception: Unknown column 'id_categories' in 'where clause' in /home/u1577338/public_html/koperasi.marierapp.com/system/Database/MySQLi/Connection.php:292
Stack trace:
#0 /home/u1577338/public_html/koperasi.marierapp.com/system/Database/MySQLi/Connection.php(292): mysqli->query('SELECT p.*,k.* ...', 0)
#1 /home/u1577338/public_html/koperasi.marierapp.com/system/Database/BaseConnection.php(666): CodeIgniter\Database\MySQLi\Connection->execute('SELECT p.*,k.* ...')
#2 /home/u1577338/public_html/koperasi.marierapp.com/system/Database/BaseConnection.php(593): CodeIgniter\Database\BaseConnection->simpleQuery('SELECT p.*,k.* ...')
#3 /home/u1577338/public_html/koperasi.marierapp.com/app/Controllers/Admin/BeritaController.php(127): CodeIgniter\Database\BaseConnection->query('SELECT p.*,k.* ...')
#4 /home/u1577338/public_html/koperasi.marierapp.com/system/CodeIgniter.php(927): App\Controllers\Admin\BeritaController->bidangUsaha()
#5 /home/u1577338/public_html/koperasi.marierapp.com/system/CodeIgniter.php(482): CodeIgniter\CodeIgniter->runController(Object(App\Controllers\Admin\BeritaController))
#6 /home/u1577338/public_html/koperasi.marierapp.com/system/CodeIgniter.php(351): CodeIgniter\CodeIgniter->handleRequest(NULL, Object(Config\Cache), false)
#7 /home/u1577338/public_html/koperasi.marierapp.com/index.php(67): CodeIgniter\CodeIgniter->run()
#8 {main}
CRITICAL - 2023-07-13 14:57:37 --> Call to a member function getResult() on bool
in APPPATH/Controllers/Admin/BeritaController.php on line 128.
 1 SYSTEMPATH/CodeIgniter.php(927): App\Controllers\Admin\BeritaController->bidangUsaha()
 2 SYSTEMPATH/CodeIgniter.php(482): CodeIgniter\CodeIgniter->runController(Object(App\Controllers\Admin\BeritaController))
 3 SYSTEMPATH/CodeIgniter.php(351): CodeIgniter\CodeIgniter->handleRequest(null, Object(Config\Cache), false)
 4 FCPATH/index.php(67): CodeIgniter\CodeIgniter->run()
ERROR - 2023-07-13 14:57:40 --> mysqli_sql_exception: Unknown column 'id_categories' in 'where clause' in /home/u1577338/public_html/koperasi.marierapp.com/system/Database/MySQLi/Connection.php:292
Stack trace:
#0 /home/u1577338/public_html/koperasi.marierapp.com/system/Database/MySQLi/Connection.php(292): mysqli->query('SELECT p.*,k.* ...', 0)
#1 /home/u1577338/public_html/koperasi.marierapp.com/system/Database/BaseConnection.php(666): CodeIgniter\Database\MySQLi\Connection->execute('SELECT p.*,k.* ...')
#2 /home/u1577338/public_html/koperasi.marierapp.com/system/Database/BaseConnection.php(593): CodeIgniter\Database\BaseConnection->simpleQuery('SELECT p.*,k.* ...')
#3 /home/u1577338/public_html/koperasi.marierapp.com/app/Controllers/Admin/BeritaController.php(127): CodeIgniter\Database\BaseConnection->query('SELECT p.*,k.* ...')
#4 /home/u1577338/public_html/koperasi.marierapp.com/system/CodeIgniter.php(927): App\Controllers\Admin\BeritaController->bidangUsaha()
#5 /home/u1577338/public_html/koperasi.marierapp.com/system/CodeIgniter.php(482): CodeIgniter\CodeIgniter->runController(Object(App\Controllers\Admin\BeritaController))
#6 /home/u1577338/public_html/koperasi.marierapp.com/system/CodeIgniter.php(351): CodeIgniter\CodeIgniter->handleRequest(NULL, Object(Config\Cache), false)
#7 /home/u1577338/public_html/koperasi.marierapp.com/index.php(67): CodeIgniter\CodeIgniter->run()
#8 {main}
CRITICAL - 2023-07-13 14:57:40 --> Call to a member function getResult() on bool
in APPPATH/Controllers/Admin/BeritaController.php on line 128.
 1 SYSTEMPATH/CodeIgniter.php(927): App\Controllers\Admin\BeritaController->bidangUsaha()
 2 SYSTEMPATH/CodeIgniter.php(482): CodeIgniter\CodeIgniter->runController(Object(App\Controllers\Admin\BeritaController))
 3 SYSTEMPATH/CodeIgniter.php(351): CodeIgniter\CodeIgniter->handleRequest(null, Object(Config\Cache), false)
 4 FCPATH/index.php(67): CodeIgniter\CodeIgniter->run()
ERROR - 2023-07-13 14:58:14 --> mysqli_sql_exception: Column 'id_category' in where clause is ambiguous in /home/u1577338/public_html/koperasi.marierapp.com/system/Database/MySQLi/Connection.php:292
Stack trace:
#0 /home/u1577338/public_html/koperasi.marierapp.com/system/Database/MySQLi/Connection.php(292): mysqli->query('SELECT p.*,k.* ...', 0)
#1 /home/u1577338/public_html/koperasi.marierapp.com/system/Database/BaseConnection.php(666): CodeIgniter\Database\MySQLi\Connection->execute('SELECT p.*,k.* ...')
#2 /home/u1577338/public_html/koperasi.marierapp.com/system/Database/BaseConnection.php(593): CodeIgniter\Database\BaseConnection->simpleQuery('SELECT p.*,k.* ...')
#3 /home/u1577338/public_html/koperasi.marierapp.com/app/Controllers/Admin/BeritaController.php(127): CodeIgniter\Database\BaseConnection->query('SELECT p.*,k.* ...')
#4 /home/u1577338/public_html/koperasi.marierapp.com/system/CodeIgniter.php(927): App\Controllers\Admin\BeritaController->bidangUsaha()
#5 /home/u1577338/public_html/koperasi.marierapp.com/system/CodeIgniter.php(482): CodeIgniter\CodeIgniter->runController(Object(App\Controllers\Admin\BeritaController))
#6 /home/u1577338/public_html/koperasi.marierapp.com/system/CodeIgniter.php(351): CodeIgniter\CodeIgniter->handleRequest(NULL, Object(Config\Cache), false)
#7 /home/u1577338/public_html/koperasi.marierapp.com/index.php(67): CodeIgniter\CodeIgniter->run()
#8 {main}
CRITICAL - 2023-07-13 14:58:14 --> Call to a member function getResult() on bool
in APPPATH/Controllers/Admin/BeritaController.php on line 128.
 1 SYSTEMPATH/CodeIgniter.php(927): App\Controllers\Admin\BeritaController->bidangUsaha()
 2 SYSTEMPATH/CodeIgniter.php(482): CodeIgniter\CodeIgniter->runController(Object(App\Controllers\Admin\BeritaController))
 3 SYSTEMPATH/CodeIgniter.php(351): CodeIgniter\CodeIgniter->handleRequest(null, Object(Config\Cache), false)
 4 FCPATH/index.php(67): CodeIgniter\CodeIgniter->run()
ERROR - 2023-07-13 14:58:15 --> mysqli_sql_exception: Column 'id_category' in where clause is ambiguous in /home/u1577338/public_html/koperasi.marierapp.com/system/Database/MySQLi/Connection.php:292
Stack trace:
#0 /home/u1577338/public_html/koperasi.marierapp.com/system/Database/MySQLi/Connection.php(292): mysqli->query('SELECT p.*,k.* ...', 0)
#1 /home/u1577338/public_html/koperasi.marierapp.com/system/Database/BaseConnection.php(666): CodeIgniter\Database\MySQLi\Connection->execute('SELECT p.*,k.* ...')
#2 /home/u1577338/public_html/koperasi.marierapp.com/system/Database/BaseConnection.php(593): CodeIgniter\Database\BaseConnection->simpleQuery('SELECT p.*,k.* ...')
#3 /home/u1577338/public_html/koperasi.marierapp.com/app/Controllers/Admin/BeritaController.php(127): CodeIgniter\Database\BaseConnection->query('SELECT p.*,k.* ...')
#4 /home/u1577338/public_html/koperasi.marierapp.com/system/CodeIgniter.php(927): App\Controllers\Admin\BeritaController->bidangUsaha()
#5 /home/u1577338/public_html/koperasi.marierapp.com/system/CodeIgniter.php(482): CodeIgniter\CodeIgniter->runController(Object(App\Controllers\Admin\BeritaController))
#6 /home/u1577338/public_html/koperasi.marierapp.com/system/CodeIgniter.php(351): CodeIgniter\CodeIgniter->handleRequest(NULL, Object(Config\Cache), false)
#7 /home/u1577338/public_html/koperasi.marierapp.com/index.php(67): CodeIgniter\CodeIgniter->run()
#8 {main}
CRITICAL - 2023-07-13 14:58:15 --> Call to a member function getResult() on bool
in APPPATH/Controllers/Admin/BeritaController.php on line 128.
 1 SYSTEMPATH/CodeIgniter.php(927): App\Controllers\Admin\BeritaController->bidangUsaha()
 2 SYSTEMPATH/CodeIgniter.php(482): CodeIgniter\CodeIgniter->runController(Object(App\Controllers\Admin\BeritaController))
 3 SYSTEMPATH/CodeIgniter.php(351): CodeIgniter\CodeIgniter->handleRequest(null, Object(Config\Cache), false)
 4 FCPATH/index.php(67): CodeIgniter\CodeIgniter->run()
ERROR - 2023-07-13 14:58:24 --> mysqli_sql_exception: Column 'id_category' in where clause is ambiguous in /home/u1577338/public_html/koperasi.marierapp.com/system/Database/MySQLi/Connection.php:292
Stack trace:
#0 /home/u1577338/public_html/koperasi.marierapp.com/system/Database/MySQLi/Connection.php(292): mysqli->query('SELECT p.*,k.* ...', 0)
#1 /home/u1577338/public_html/koperasi.marierapp.com/system/Database/BaseConnection.php(666): CodeIgniter\Database\MySQLi\Connection->execute('SELECT p.*,k.* ...')
#2 /home/u1577338/public_html/koperasi.marierapp.com/system/Database/BaseConnection.php(593): CodeIgniter\Database\BaseConnection->simpleQuery('SELECT p.*,k.* ...')
#3 /home/u1577338/public_html/koperasi.marierapp.com/app/Controllers/Admin/BeritaController.php(127): CodeIgniter\Database\BaseConnection->query('SELECT p.*,k.* ...')
#4 /home/u1577338/public_html/koperasi.marierapp.com/system/CodeIgniter.php(927): App\Controllers\Admin\BeritaController->bidangUsaha()
#5 /home/u1577338/public_html/koperasi.marierapp.com/system/CodeIgniter.php(482): CodeIgniter\CodeIgniter->runController(Object(App\Controllers\Admin\BeritaController))
#6 /home/u1577338/public_html/koperasi.marierapp.com/system/CodeIgniter.php(351): CodeIgniter\CodeIgniter->handleRequest(NULL, Object(Config\Cache), false)
#7 /home/u1577338/public_html/koperasi.marierapp.com/index.php(67): CodeIgniter\CodeIgniter->run()
#8 {main}
CRITICAL - 2023-07-13 14:58:24 --> Call to a member function getResult() on bool
in APPPATH/Controllers/Admin/BeritaController.php on line 128.
 1 SYSTEMPATH/CodeIgniter.php(927): App\Controllers\Admin\BeritaController->bidangUsaha()
 2 SYSTEMPATH/CodeIgniter.php(482): CodeIgniter\CodeIgniter->runController(Object(App\Controllers\Admin\BeritaController))
 3 SYSTEMPATH/CodeIgniter.php(351): CodeIgniter\CodeIgniter->handleRequest(null, Object(Config\Cache), false)
 4 FCPATH/index.php(67): CodeIgniter\CodeIgniter->run()
CRITICAL - 2023-07-13 15:26:09 --> Cannot redeclare App\Controllers\Admin\BeritaController::editBerita()
in APPPATH/Controllers/Admin/BeritaController.php on line 161.
 1 [internal function]: CodeIgniter\Debug\Exceptions->shutdownHandler()
ERROR - 2023-07-13 16:40:23 --> mysqli_sql_exception: Duplicate entry '61' for key 'PRIMARY' in /home/u1577338/public_html/koperasi.marierapp.com/system/Database/MySQLi/Connection.php:292
Stack trace:
#0 /home/u1577338/public_html/koperasi.marierapp.com/system/Database/MySQLi/Connection.php(292): mysqli->query('UPDATE `posts` ...', 0)
#1 /home/u1577338/public_html/koperasi.marierapp.com/system/Database/BaseConnection.php(666): CodeIgniter\Database\MySQLi\Connection->execute('UPDATE `posts` ...')
#2 /home/u1577338/public_html/koperasi.marierapp.com/system/Database/BaseConnection.php(593): CodeIgniter\Database\BaseConnection->simpleQuery('UPDATE `posts` ...')
#3 /home/u1577338/public_html/koperasi.marierapp.com/system/Database/BaseBuilder.php(2079): CodeIgniter\Database\BaseConnection->query('UPDATE `posts` ...', Array, false)
#4 /home/u1577338/public_html/koperasi.marierapp.com/app/Controllers/Admin/BeritaController.php(190): CodeIgniter\Database\BaseBuilder->update(Array)
#5 /home/u1577338/public_html/koperasi.marierapp.com/system/CodeIgniter.php(927): App\Controllers\Admin\BeritaController->updateBidangUsaha()
#6 /home/u1577338/public_html/koperasi.marierapp.com/system/CodeIgniter.php(482): CodeIgniter\CodeIgniter->runController(Object(App\Controllers\Admin\BeritaController))
#7 /home/u1577338/public_html/koperasi.marierapp.com/system/CodeIgniter.php(351): CodeIgniter\CodeIgniter->handleRequest(NULL, Object(Config\Cache), false)
#8 /home/u1577338/public_html/koperasi.marierapp.com/index.php(67): CodeIgniter\CodeIgniter->run()
#9 {main}
ERROR - 2023-07-13 16:41:33 --> mysqli_sql_exception: Duplicate entry '61' for key 'PRIMARY' in /home/u1577338/public_html/koperasi.marierapp.com/system/Database/MySQLi/Connection.php:292
Stack trace:
#0 /home/u1577338/public_html/koperasi.marierapp.com/system/Database/MySQLi/Connection.php(292): mysqli->query('UPDATE `posts` ...', 0)
#1 /home/u1577338/public_html/koperasi.marierapp.com/system/Database/BaseConnection.php(666): CodeIgniter\Database\MySQLi\Connection->execute('UPDATE `posts` ...')
#2 /home/u1577338/public_html/koperasi.marierapp.com/system/Database/BaseConnection.php(593): CodeIgniter\Database\BaseConnection->simpleQuery('UPDATE `posts` ...')
#3 /home/u1577338/public_html/koperasi.marierapp.com/system/Database/BaseBuilder.php(2079): CodeIgniter\Database\BaseConnection->query('UPDATE `posts` ...', Array, false)
#4 /home/u1577338/public_html/koperasi.marierapp.com/app/Controllers/Admin/BeritaController.php(190): CodeIgniter\Database\BaseBuilder->update(Array)
#5 /home/u1577338/public_html/koperasi.marierapp.com/system/CodeIgniter.php(927): App\Controllers\Admin\BeritaController->updateBidangUsaha()
#6 /home/u1577338/public_html/koperasi.marierapp.com/system/CodeIgniter.php(482): CodeIgniter\CodeIgniter->runController(Object(App\Controllers\Admin\BeritaController))
#7 /home/u1577338/public_html/koperasi.marierapp.com/system/CodeIgniter.php(351): CodeIgniter\CodeIgniter->handleRequest(NULL, Object(Config\Cache), false)
#8 /home/u1577338/public_html/koperasi.marierapp.com/index.php(67): CodeIgniter\CodeIgniter->run()
#9 {main}
ERROR - 2023-07-13 16:42:25 --> mysqli_sql_exception: Duplicate entry '61' for key 'PRIMARY' in /home/u1577338/public_html/koperasi.marierapp.com/system/Database/MySQLi/Connection.php:292
Stack trace:
#0 /home/u1577338/public_html/koperasi.marierapp.com/system/Database/MySQLi/Connection.php(292): mysqli->query('UPDATE `posts` ...', 0)
#1 /home/u1577338/public_html/koperasi.marierapp.com/system/Database/BaseConnection.php(666): CodeIgniter\Database\MySQLi\Connection->execute('UPDATE `posts` ...')
#2 /home/u1577338/public_html/koperasi.marierapp.com/system/Database/BaseConnection.php(593): CodeIgniter\Database\BaseConnection->simpleQuery('UPDATE `posts` ...')
#3 /home/u1577338/public_html/koperasi.marierapp.com/system/Database/BaseBuilder.php(2079): CodeIgniter\Database\BaseConnection->query('UPDATE `posts` ...', Array, false)
#4 /home/u1577338/public_html/koperasi.marierapp.com/app/Controllers/Admin/BeritaController.php(190): CodeIgniter\Database\BaseBuilder->update(Array)
#5 /home/u1577338/public_html/koperasi.marierapp.com/system/CodeIgniter.php(927): App\Controllers\Admin\BeritaController->updateBidangUsaha()
#6 /home/u1577338/public_html/koperasi.marierapp.com/system/CodeIgniter.php(482): CodeIgniter\CodeIgniter->runController(Object(App\Controllers\Admin\BeritaController))
#7 /home/u1577338/public_html/koperasi.marierapp.com/system/CodeIgniter.php(351): CodeIgniter\CodeIgniter->handleRequest(NULL, Object(Config\Cache), false)
#8 /home/u1577338/public_html/koperasi.marierapp.com/index.php(67): CodeIgniter\CodeIgniter->run()
#9 {main}
ERROR - 2023-07-13 16:42:56 --> mysqli_sql_exception: Duplicate entry '61' for key 'PRIMARY' in /home/u1577338/public_html/koperasi.marierapp.com/system/Database/MySQLi/Connection.php:292
Stack trace:
#0 /home/u1577338/public_html/koperasi.marierapp.com/system/Database/MySQLi/Connection.php(292): mysqli->query('UPDATE `posts` ...', 0)
#1 /home/u1577338/public_html/koperasi.marierapp.com/system/Database/BaseConnection.php(666): CodeIgniter\Database\MySQLi\Connection->execute('UPDATE `posts` ...')
#2 /home/u1577338/public_html/koperasi.marierapp.com/system/Database/BaseConnection.php(593): CodeIgniter\Database\BaseConnection->simpleQuery('UPDATE `posts` ...')
#3 /home/u1577338/public_html/koperasi.marierapp.com/system/Database/BaseBuilder.php(2079): CodeIgniter\Database\BaseConnection->query('UPDATE `posts` ...', Array, false)
#4 /home/u1577338/public_html/koperasi.marierapp.com/app/Controllers/Admin/BeritaController.php(190): CodeIgniter\Database\BaseBuilder->update(Array)
#5 /home/u1577338/public_html/koperasi.marierapp.com/system/CodeIgniter.php(927): App\Controllers\Admin\BeritaController->updateBidangUsaha()
#6 /home/u1577338/public_html/koperasi.marierapp.com/system/CodeIgniter.php(482): CodeIgniter\CodeIgniter->runController(Object(App\Controllers\Admin\BeritaController))
#7 /home/u1577338/public_html/koperasi.marierapp.com/system/CodeIgniter.php(351): CodeIgniter\CodeIgniter->handleRequest(NULL, Object(Config\Cache), false)
#8 /home/u1577338/public_html/koperasi.marierapp.com/index.php(67): CodeIgniter\CodeIgniter->run()
#9 {main}
ERROR - 2023-07-13 16:43:43 --> mysqli_sql_exception: Duplicate entry '61' for key 'PRIMARY' in /home/u1577338/public_html/koperasi.marierapp.com/system/Database/MySQLi/Connection.php:292
Stack trace:
#0 /home/u1577338/public_html/koperasi.marierapp.com/system/Database/MySQLi/Connection.php(292): mysqli->query('UPDATE `posts` ...', 0)
#1 /home/u1577338/public_html/koperasi.marierapp.com/system/Database/BaseConnection.php(666): CodeIgniter\Database\MySQLi\Connection->execute('UPDATE `posts` ...')
#2 /home/u1577338/public_html/koperasi.marierapp.com/system/Database/BaseConnection.php(593): CodeIgniter\Database\BaseConnection->simpleQuery('UPDATE `posts` ...')
#3 /home/u1577338/public_html/koperasi.marierapp.com/system/Database/BaseBuilder.php(2079): CodeIgniter\Database\BaseConnection->query('UPDATE `posts` ...', Array, false)
#4 /home/u1577338/public_html/koperasi.marierapp.com/app/Controllers/Admin/BeritaController.php(190): CodeIgniter\Database\BaseBuilder->update(Array)
#5 /home/u1577338/public_html/koperasi.marierapp.com/system/CodeIgniter.php(927): App\Controllers\Admin\BeritaController->updateBidangUsaha()
#6 /home/u1577338/public_html/koperasi.marierapp.com/system/CodeIgniter.php(482): CodeIgniter\CodeIgniter->runController(Object(App\Controllers\Admin\BeritaController))
#7 /home/u1577338/public_html/koperasi.marierapp.com/system/CodeIgniter.php(351): CodeIgniter\CodeIgniter->handleRequest(NULL, Object(Config\Cache), false)
#8 /home/u1577338/public_html/koperasi.marierapp.com/index.php(67): CodeIgniter\CodeIgniter->run()
#9 {main}
CRITICAL - 2023-07-13 17:51:17 --> Call to a member function getFirstRow() on string
in APPPATH/Controllers/Admin/BeritaController.php on line 14.
 1 SYSTEMPATH/CodeIgniter.php(927): App\Controllers\Admin\BeritaController->viewBerita()
 2 SYSTEMPATH/CodeIgniter.php(482): CodeIgniter\CodeIgniter->runController(Object(App\Controllers\Admin\BeritaController))
 3 SYSTEMPATH/CodeIgniter.php(351): CodeIgniter\CodeIgniter->handleRequest(null, Object(Config\Cache), false)
 4 FCPATH/index.php(67): CodeIgniter\CodeIgniter->run()
ERROR - 2023-07-13 17:58:45 --> mysqli_sql_exception: Unknown column 'k.id_posts' in 'where clause' in /home/u1577338/public_html/koperasi.marierapp.com/system/Database/MySQLi/Connection.php:292
Stack trace:
#0 /home/u1577338/public_html/koperasi.marierapp.com/system/Database/MySQLi/Connection.php(292): mysqli->query('SELECT p.*,k.ca...', 0)
#1 /home/u1577338/public_html/koperasi.marierapp.com/system/Database/BaseConnection.php(666): CodeIgniter\Database\MySQLi\Connection->execute('SELECT p.*,k.ca...')
#2 /home/u1577338/public_html/koperasi.marierapp.com/system/Database/BaseConnection.php(593): CodeIgniter\Database\BaseConnection->simpleQuery('SELECT p.*,k.ca...')
#3 /home/u1577338/public_html/koperasi.marierapp.com/app/Controllers/Admin/BeritaController.php(12): CodeIgniter\Database\BaseConnection->query('SELECT p.*,k.ca...')
#4 /home/u1577338/public_html/koperasi.marierapp.com/system/CodeIgniter.php(927): App\Controllers\Admin\BeritaController->viewBerita()
#5 /home/u1577338/public_html/koperasi.marierapp.com/system/CodeIgniter.php(482): CodeIgniter\CodeIgniter->runController(Object(App\Controllers\Admin\BeritaController))
#6 /home/u1577338/public_html/koperasi.marierapp.com/system/CodeIgniter.php(351): CodeIgniter\CodeIgniter->handleRequest(NULL, Object(Config\Cache), false)
#7 /home/u1577338/public_html/koperasi.marierapp.com/index.php(67): CodeIgniter\CodeIgniter->run()
#8 {main}
CRITICAL - 2023-07-13 17:58:45 --> Call to a member function getFirstRow() on bool
in APPPATH/Controllers/Admin/BeritaController.php on line 14.
 1 SYSTEMPATH/CodeIgniter.php(927): App\Controllers\Admin\BeritaController->viewBerita()
 2 SYSTEMPATH/CodeIgniter.php(482): CodeIgniter\CodeIgniter->runController(Object(App\Controllers\Admin\BeritaController))
 3 SYSTEMPATH/CodeIgniter.php(351): CodeIgniter\CodeIgniter->handleRequest(null, Object(Config\Cache), false)
 4 FCPATH/index.php(67): CodeIgniter\CodeIgniter->run()
