ERROR - 2022-12-09 01:28:39 --> mysqli_sql_exception: Unknown column 'sp.id' in 'where clause' in /home/sunanpan/public_html/psb/system/Database/MySQLi/Connection.php:292
Stack trace:
#0 /home/sunanpan/public_html/psb/system/Database/MySQLi/Connection.php(292): mysqli->query('SELECT *  FROM ...', 0)
#1 /home/sunanpan/public_html/psb/system/Database/BaseConnection.php(666): CodeIgniter\Database\MySQLi\Connection->execute('SELECT *  FROM ...')
#2 /home/sunanpan/public_html/psb/system/Database/BaseConnection.php(593): CodeIgniter\Database\BaseConnection->simpleQuery('SELECT *  FROM ...')
#3 /home/sunanpan/public_html/psb/app/Controllers/Santri/DashboardController.php(124): CodeIgniter\Database\BaseConnection->query('SELECT *  FROM ...')
#4 /home/sunanpan/public_html/psb/system/CodeIgniter.php(927): App\Controllers\Santri\DashboardController->cetakKwitansi('21')
#5 /home/sunanpan/public_html/psb/system/CodeIgniter.php(482): CodeIgniter\CodeIgniter->runController(Object(App\Controllers\Santri\DashboardController))
#6 /home/sunanpan/public_html/psb/system/CodeIgniter.php(351): CodeIgniter\CodeIgniter->handleRequest(NULL, Object(Config\Cache), false)
#7 /home/sunanpan/public_html/psb/index.php(67): CodeIgniter\CodeIgniter->run()
#8 {main}
CRITICAL - 2022-12-09 01:28:39 --> Call to a member function getRow() on bool
in APPPATH/Controllers/Santri/DashboardController.php on line 124.
 1 SYSTEMPATH/CodeIgniter.php(927): App\Controllers\Santri\DashboardController->cetakKwitansi('21')
 2 SYSTEMPATH/CodeIgniter.php(482): CodeIgniter\CodeIgniter->runController(Object(App\Controllers\Santri\DashboardController))
 3 SYSTEMPATH/CodeIgniter.php(351): CodeIgniter\CodeIgniter->handleRequest(null, Object(Config\Cache), false)
 4 FCPATH/index.php(67): CodeIgniter\CodeIgniter->run()
ERROR - 2022-12-09 01:29:02 --> mysqli_sql_exception: You have an error in your SQL syntax; check the manual that corresponds to your MariaDB server version for the right syntax to use near ':59  AND sp.nik = s.nik AND r.id = sp.ref_pembayaran_id' at line 1 in /home/sunanpan/public_html/psb/system/Database/MySQLi/Connection.php:292
Stack trace:
#0 /home/sunanpan/public_html/psb/system/Database/MySQLi/Connection.php(292): mysqli->query('SELECT sp.*, s....', 0)
#1 /home/sunanpan/public_html/psb/system/Database/BaseConnection.php(666): CodeIgniter\Database\MySQLi\Connection->execute('SELECT sp.*, s....')
#2 /home/sunanpan/public_html/psb/system/Database/BaseConnection.php(593): CodeIgniter\Database\BaseConnection->simpleQuery('SELECT sp.*, s....')
#3 /home/sunanpan/public_html/psb/app/Controllers/Santri/DashboardController.php(126): CodeIgniter\Database\BaseConnection->query('SELECT sp.*, s....')
#4 /home/sunanpan/public_html/psb/system/CodeIgniter.php(927): App\Controllers\Santri\DashboardController->cetakKwitansi('21')
#5 /home/sunanpan/public_html/psb/system/CodeIgniter.php(482): CodeIgniter\CodeIgniter->runController(Object(App\Controllers\Santri\DashboardController))
#6 /home/sunanpan/public_html/psb/system/CodeIgniter.php(351): CodeIgniter\CodeIgniter->handleRequest(NULL, Object(Config\Cache), false)
#7 /home/sunanpan/public_html/psb/index.php(67): CodeIgniter\CodeIgniter->run()
#8 {main}
CRITICAL - 2022-12-09 01:29:02 --> Call to a member function getResult() on bool
in APPPATH/Controllers/Santri/DashboardController.php on line 126.
 1 SYSTEMPATH/CodeIgniter.php(927): App\Controllers\Santri\DashboardController->cetakKwitansi('21')
 2 SYSTEMPATH/CodeIgniter.php(482): CodeIgniter\CodeIgniter->runController(Object(App\Controllers\Santri\DashboardController))
 3 SYSTEMPATH/CodeIgniter.php(351): CodeIgniter\CodeIgniter->handleRequest(null, Object(Config\Cache), false)
 4 FCPATH/index.php(67): CodeIgniter\CodeIgniter->run()
CRITICAL - 2022-12-09 01:31:09 --> Cannot use object of type stdClass as array
in APPPATH/Views/santri/pages/cetak_kwitansi.php on line 198.
 1 SYSTEMPATH/View/View.php(213): include()
 2 SYSTEMPATH/View/View.php(216): CodeIgniter\View\View->CodeIgniter\View\{closure}()
 3 SYSTEMPATH/Common.php(1134): CodeIgniter\View\View->render('santri/pages/cetak_kwitansi', [], true)
 4 APPPATH/Controllers/Santri/DashboardController.php(136): view('santri/pages/cetak_kwitansi', [...])
 5 SYSTEMPATH/CodeIgniter.php(927): App\Controllers\Santri\DashboardController->cetakKwitansi('21')
 6 SYSTEMPATH/CodeIgniter.php(482): CodeIgniter\CodeIgniter->runController(Object(App\Controllers\Santri\DashboardController))
 7 SYSTEMPATH/CodeIgniter.php(351): CodeIgniter\CodeIgniter->handleRequest(null, Object(Config\Cache), false)
 8 FCPATH/index.php(67): CodeIgniter\CodeIgniter->run()
CRITICAL - 2022-12-09 08:31:10 --> Argument 1 passed to Myth\Auth\Models\GroupModel::getGroupsForUser() must be of the type int, null given, called in /home/sunanpan/public_html/psb/app/Controllers/Admin/SantriController.php on line 46
in FCPATH/vendor/myth/auth/src/Models/GroupModel.php on line 95.
 1 APPPATH/Controllers/Admin/SantriController.php(46): Myth\Auth\Models\GroupModel->getGroupsForUser(null)
 2 SYSTEMPATH/CodeIgniter.php(927): App\Controllers\Admin\SantriController->validasi('MA')
 3 SYSTEMPATH/CodeIgniter.php(482): CodeIgniter\CodeIgniter->runController(Object(App\Controllers\Admin\SantriController))
 4 SYSTEMPATH/CodeIgniter.php(351): CodeIgniter\CodeIgniter->handleRequest(null, Object(Config\Cache), false)
 5 FCPATH/index.php(67): CodeIgniter\CodeIgniter->run()
ERROR - 2022-12-09 08:40:52 --> mysqli_sql_exception: Unknown column 'kamar.id' in 'where clause' in /home/sunanpan/public_html/psb/system/Database/MySQLi/Connection.php:292
Stack trace:
#0 /home/sunanpan/public_html/psb/system/Database/MySQLi/Connection.php(292): mysqli->query('select * from s...', 0)
#1 /home/sunanpan/public_html/psb/system/Database/BaseConnection.php(666): CodeIgniter\Database\MySQLi\Connection->execute('select * from s...')
#2 /home/sunanpan/public_html/psb/system/Database/BaseConnection.php(593): CodeIgniter\Database\BaseConnection->simpleQuery('select * from s...')
#3 /home/sunanpan/public_html/psb/app/Controllers/Santri/SettingController.php(133): CodeIgniter\Database\BaseConnection->query('select * from s...')
#4 /home/sunanpan/public_html/psb/system/CodeIgniter.php(927): App\Controllers\Santri\SettingController->getkamar('56')
#5 /home/sunanpan/public_html/psb/system/CodeIgniter.php(482): CodeIgniter\CodeIgniter->runController(Object(App\Controllers\Santri\SettingController))
#6 /home/sunanpan/public_html/psb/system/CodeIgniter.php(351): CodeIgniter\CodeIgniter->handleRequest(NULL, Object(Config\Cache), false)
#7 /home/sunanpan/public_html/psb/index.php(67): CodeIgniter\CodeIgniter->run()
#8 {main}
CRITICAL - 2022-12-09 08:40:52 --> Call to a member function getRow() on bool
in APPPATH/Controllers/Santri/SettingController.php on line 133.
 1 SYSTEMPATH/CodeIgniter.php(927): App\Controllers\Santri\SettingController->getkamar('56')
 2 SYSTEMPATH/CodeIgniter.php(482): CodeIgniter\CodeIgniter->runController(Object(App\Controllers\Santri\SettingController))
 3 SYSTEMPATH/CodeIgniter.php(351): CodeIgniter\CodeIgniter->handleRequest(null, Object(Config\Cache), false)
 4 FCPATH/index.php(67): CodeIgniter\CodeIgniter->run()
ERROR - 2022-12-09 08:41:03 --> mysqli_sql_exception: Unknown column 'kamar.id' in 'where clause' in /home/sunanpan/public_html/psb/system/Database/MySQLi/Connection.php:292
Stack trace:
#0 /home/sunanpan/public_html/psb/system/Database/MySQLi/Connection.php(292): mysqli->query('select * from s...', 0)
#1 /home/sunanpan/public_html/psb/system/Database/BaseConnection.php(666): CodeIgniter\Database\MySQLi\Connection->execute('select * from s...')
#2 /home/sunanpan/public_html/psb/system/Database/BaseConnection.php(593): CodeIgniter\Database\BaseConnection->simpleQuery('select * from s...')
#3 /home/sunanpan/public_html/psb/app/Controllers/Santri/SettingController.php(133): CodeIgniter\Database\BaseConnection->query('select * from s...')
#4 /home/sunanpan/public_html/psb/system/CodeIgniter.php(927): App\Controllers\Santri\SettingController->getkamar('55')
#5 /home/sunanpan/public_html/psb/system/CodeIgniter.php(482): CodeIgniter\CodeIgniter->runController(Object(App\Controllers\Santri\SettingController))
#6 /home/sunanpan/public_html/psb/system/CodeIgniter.php(351): CodeIgniter\CodeIgniter->handleRequest(NULL, Object(Config\Cache), false)
#7 /home/sunanpan/public_html/psb/index.php(67): CodeIgniter\CodeIgniter->run()
#8 {main}
CRITICAL - 2022-12-09 08:41:03 --> Call to a member function getRow() on bool
in APPPATH/Controllers/Santri/SettingController.php on line 133.
 1 SYSTEMPATH/CodeIgniter.php(927): App\Controllers\Santri\SettingController->getkamar('55')
 2 SYSTEMPATH/CodeIgniter.php(482): CodeIgniter\CodeIgniter->runController(Object(App\Controllers\Santri\SettingController))
 3 SYSTEMPATH/CodeIgniter.php(351): CodeIgniter\CodeIgniter->handleRequest(null, Object(Config\Cache), false)
 4 FCPATH/index.php(67): CodeIgniter\CodeIgniter->run()
ERROR - 2022-12-09 08:43:54 --> mysqli_sql_exception: Unknown column 'kamar.id' in 'where clause' in /home/sunanpan/public_html/psb/system/Database/MySQLi/Connection.php:292
Stack trace:
#0 /home/sunanpan/public_html/psb/system/Database/MySQLi/Connection.php(292): mysqli->query('select * from s...', 0)
#1 /home/sunanpan/public_html/psb/system/Database/BaseConnection.php(666): CodeIgniter\Database\MySQLi\Connection->execute('select * from s...')
#2 /home/sunanpan/public_html/psb/system/Database/BaseConnection.php(593): CodeIgniter\Database\BaseConnection->simpleQuery('select * from s...')
#3 /home/sunanpan/public_html/psb/app/Controllers/Santri/SettingController.php(133): CodeIgniter\Database\BaseConnection->query('select * from s...')
#4 /home/sunanpan/public_html/psb/system/CodeIgniter.php(927): App\Controllers\Santri\SettingController->getkamar('56')
#5 /home/sunanpan/public_html/psb/system/CodeIgniter.php(482): CodeIgniter\CodeIgniter->runController(Object(App\Controllers\Santri\SettingController))
#6 /home/sunanpan/public_html/psb/system/CodeIgniter.php(351): CodeIgniter\CodeIgniter->handleRequest(NULL, Object(Config\Cache), false)
#7 /home/sunanpan/public_html/psb/index.php(67): CodeIgniter\CodeIgniter->run()
#8 {main}
CRITICAL - 2022-12-09 08:43:54 --> Call to a member function getRow() on bool
in APPPATH/Controllers/Santri/SettingController.php on line 133.
 1 SYSTEMPATH/CodeIgniter.php(927): App\Controllers\Santri\SettingController->getkamar('56')
 2 SYSTEMPATH/CodeIgniter.php(482): CodeIgniter\CodeIgniter->runController(Object(App\Controllers\Santri\SettingController))
 3 SYSTEMPATH/CodeIgniter.php(351): CodeIgniter\CodeIgniter->handleRequest(null, Object(Config\Cache), false)
 4 FCPATH/index.php(67): CodeIgniter\CodeIgniter->run()
ERROR - 2022-12-09 08:44:52 --> mysqli_sql_exception: Unknown column 'kamar.id' in 'where clause' in /home/sunanpan/public_html/psb/system/Database/MySQLi/Connection.php:292
Stack trace:
#0 /home/sunanpan/public_html/psb/system/Database/MySQLi/Connection.php(292): mysqli->query('select * from s...', 0)
#1 /home/sunanpan/public_html/psb/system/Database/BaseConnection.php(666): CodeIgniter\Database\MySQLi\Connection->execute('select * from s...')
#2 /home/sunanpan/public_html/psb/system/Database/BaseConnection.php(593): CodeIgniter\Database\BaseConnection->simpleQuery('select * from s...')
#3 /home/sunanpan/public_html/psb/app/Controllers/Santri/SettingController.php(133): CodeIgniter\Database\BaseConnection->query('select * from s...')
#4 /home/sunanpan/public_html/psb/system/CodeIgniter.php(927): App\Controllers\Santri\SettingController->getkamar('55')
#5 /home/sunanpan/public_html/psb/system/CodeIgniter.php(482): CodeIgniter\CodeIgniter->runController(Object(App\Controllers\Santri\SettingController))
#6 /home/sunanpan/public_html/psb/system/CodeIgniter.php(351): CodeIgniter\CodeIgniter->handleRequest(NULL, Object(Config\Cache), false)
#7 /home/sunanpan/public_html/psb/index.php(67): CodeIgniter\CodeIgniter->run()
#8 {main}
CRITICAL - 2022-12-09 08:44:52 --> Call to a member function getRow() on bool
in APPPATH/Controllers/Santri/SettingController.php on line 133.
 1 SYSTEMPATH/CodeIgniter.php(927): App\Controllers\Santri\SettingController->getkamar('55')
 2 SYSTEMPATH/CodeIgniter.php(482): CodeIgniter\CodeIgniter->runController(Object(App\Controllers\Santri\SettingController))
 3 SYSTEMPATH/CodeIgniter.php(351): CodeIgniter\CodeIgniter->handleRequest(null, Object(Config\Cache), false)
 4 FCPATH/index.php(67): CodeIgniter\CodeIgniter->run()
ERROR - 2022-12-09 08:44:57 --> mysqli_sql_exception: Unknown column 'kamar.id' in 'where clause' in /home/sunanpan/public_html/psb/system/Database/MySQLi/Connection.php:292
Stack trace:
#0 /home/sunanpan/public_html/psb/system/Database/MySQLi/Connection.php(292): mysqli->query('select * from s...', 0)
#1 /home/sunanpan/public_html/psb/system/Database/BaseConnection.php(666): CodeIgniter\Database\MySQLi\Connection->execute('select * from s...')
#2 /home/sunanpan/public_html/psb/system/Database/BaseConnection.php(593): CodeIgniter\Database\BaseConnection->simpleQuery('select * from s...')
#3 /home/sunanpan/public_html/psb/app/Controllers/Santri/SettingController.php(133): CodeIgniter\Database\BaseConnection->query('select * from s...')
#4 /home/sunanpan/public_html/psb/system/CodeIgniter.php(927): App\Controllers\Santri\SettingController->getkamar('58')
#5 /home/sunanpan/public_html/psb/system/CodeIgniter.php(482): CodeIgniter\CodeIgniter->runController(Object(App\Controllers\Santri\SettingController))
#6 /home/sunanpan/public_html/psb/system/CodeIgniter.php(351): CodeIgniter\CodeIgniter->handleRequest(NULL, Object(Config\Cache), false)
#7 /home/sunanpan/public_html/psb/index.php(67): CodeIgniter\CodeIgniter->run()
#8 {main}
CRITICAL - 2022-12-09 08:44:57 --> Call to a member function getRow() on bool
in APPPATH/Controllers/Santri/SettingController.php on line 133.
 1 SYSTEMPATH/CodeIgniter.php(927): App\Controllers\Santri\SettingController->getkamar('58')
 2 SYSTEMPATH/CodeIgniter.php(482): CodeIgniter\CodeIgniter->runController(Object(App\Controllers\Santri\SettingController))
 3 SYSTEMPATH/CodeIgniter.php(351): CodeIgniter\CodeIgniter->handleRequest(null, Object(Config\Cache), false)
 4 FCPATH/index.php(67): CodeIgniter\CodeIgniter->run()
ERROR - 2022-12-09 08:46:05 --> mysqli_sql_exception: Unknown column 'kamar.id' in 'where clause' in /home/sunanpan/public_html/psb/system/Database/MySQLi/Connection.php:292
Stack trace:
#0 /home/sunanpan/public_html/psb/system/Database/MySQLi/Connection.php(292): mysqli->query('select * from s...', 0)
#1 /home/sunanpan/public_html/psb/system/Database/BaseConnection.php(666): CodeIgniter\Database\MySQLi\Connection->execute('select * from s...')
#2 /home/sunanpan/public_html/psb/system/Database/BaseConnection.php(593): CodeIgniter\Database\BaseConnection->simpleQuery('select * from s...')
#3 /home/sunanpan/public_html/psb/app/Controllers/Santri/SettingController.php(133): CodeIgniter\Database\BaseConnection->query('select * from s...')
#4 /home/sunanpan/public_html/psb/system/CodeIgniter.php(927): App\Controllers\Santri\SettingController->getkamar('55')
#5 /home/sunanpan/public_html/psb/system/CodeIgniter.php(482): CodeIgniter\CodeIgniter->runController(Object(App\Controllers\Santri\SettingController))
#6 /home/sunanpan/public_html/psb/system/CodeIgniter.php(351): CodeIgniter\CodeIgniter->handleRequest(NULL, Object(Config\Cache), false)
#7 /home/sunanpan/public_html/psb/index.php(67): CodeIgniter\CodeIgniter->run()
#8 {main}
CRITICAL - 2022-12-09 08:46:05 --> Call to a member function getRow() on bool
in APPPATH/Controllers/Santri/SettingController.php on line 133.
 1 SYSTEMPATH/CodeIgniter.php(927): App\Controllers\Santri\SettingController->getkamar('55')
 2 SYSTEMPATH/CodeIgniter.php(482): CodeIgniter\CodeIgniter->runController(Object(App\Controllers\Santri\SettingController))
 3 SYSTEMPATH/CodeIgniter.php(351): CodeIgniter\CodeIgniter->handleRequest(null, Object(Config\Cache), false)
 4 FCPATH/index.php(67): CodeIgniter\CodeIgniter->run()
ERROR - 2022-12-09 08:46:09 --> mysqli_sql_exception: Unknown column 'kamar.id' in 'where clause' in /home/sunanpan/public_html/psb/system/Database/MySQLi/Connection.php:292
Stack trace:
#0 /home/sunanpan/public_html/psb/system/Database/MySQLi/Connection.php(292): mysqli->query('select * from s...', 0)
#1 /home/sunanpan/public_html/psb/system/Database/BaseConnection.php(666): CodeIgniter\Database\MySQLi\Connection->execute('select * from s...')
#2 /home/sunanpan/public_html/psb/system/Database/BaseConnection.php(593): CodeIgniter\Database\BaseConnection->simpleQuery('select * from s...')
#3 /home/sunanpan/public_html/psb/app/Controllers/Santri/SettingController.php(133): CodeIgniter\Database\BaseConnection->query('select * from s...')
#4 /home/sunanpan/public_html/psb/system/CodeIgniter.php(927): App\Controllers\Santri\SettingController->getkamar('56')
#5 /home/sunanpan/public_html/psb/system/CodeIgniter.php(482): CodeIgniter\CodeIgniter->runController(Object(App\Controllers\Santri\SettingController))
#6 /home/sunanpan/public_html/psb/system/CodeIgniter.php(351): CodeIgniter\CodeIgniter->handleRequest(NULL, Object(Config\Cache), false)
#7 /home/sunanpan/public_html/psb/index.php(67): CodeIgniter\CodeIgniter->run()
#8 {main}
CRITICAL - 2022-12-09 08:46:09 --> Call to a member function getRow() on bool
in APPPATH/Controllers/Santri/SettingController.php on line 133.
 1 SYSTEMPATH/CodeIgniter.php(927): App\Controllers\Santri\SettingController->getkamar('56')
 2 SYSTEMPATH/CodeIgniter.php(482): CodeIgniter\CodeIgniter->runController(Object(App\Controllers\Santri\SettingController))
 3 SYSTEMPATH/CodeIgniter.php(351): CodeIgniter\CodeIgniter->handleRequest(null, Object(Config\Cache), false)
 4 FCPATH/index.php(67): CodeIgniter\CodeIgniter->run()
ERROR - 2022-12-09 08:50:29 --> mysqli_sql_exception: Unknown column 'kamar.id' in 'where clause' in /home/sunanpan/public_html/psb/system/Database/MySQLi/Connection.php:292
Stack trace:
#0 /home/sunanpan/public_html/psb/system/Database/MySQLi/Connection.php(292): mysqli->query('select * from s...', 0)
#1 /home/sunanpan/public_html/psb/system/Database/BaseConnection.php(666): CodeIgniter\Database\MySQLi\Connection->execute('select * from s...')
#2 /home/sunanpan/public_html/psb/system/Database/BaseConnection.php(593): CodeIgniter\Database\BaseConnection->simpleQuery('select * from s...')
#3 /home/sunanpan/public_html/psb/app/Controllers/Santri/SettingController.php(133): CodeIgniter\Database\BaseConnection->query('select * from s...')
#4 /home/sunanpan/public_html/psb/system/CodeIgniter.php(927): App\Controllers\Santri\SettingController->getkamar('59')
#5 /home/sunanpan/public_html/psb/system/CodeIgniter.php(482): CodeIgniter\CodeIgniter->runController(Object(App\Controllers\Santri\SettingController))
#6 /home/sunanpan/public_html/psb/system/CodeIgniter.php(351): CodeIgniter\CodeIgniter->handleRequest(NULL, Object(Config\Cache), false)
#7 /home/sunanpan/public_html/psb/index.php(67): CodeIgniter\CodeIgniter->run()
#8 {main}
CRITICAL - 2022-12-09 08:50:29 --> Call to a member function getRow() on bool
in APPPATH/Controllers/Santri/SettingController.php on line 133.
 1 SYSTEMPATH/CodeIgniter.php(927): App\Controllers\Santri\SettingController->getkamar('59')
 2 SYSTEMPATH/CodeIgniter.php(482): CodeIgniter\CodeIgniter->runController(Object(App\Controllers\Santri\SettingController))
 3 SYSTEMPATH/CodeIgniter.php(351): CodeIgniter\CodeIgniter->handleRequest(null, Object(Config\Cache), false)
 4 FCPATH/index.php(67): CodeIgniter\CodeIgniter->run()
ERROR - 2022-12-09 08:52:32 --> mysqli_sql_exception: Unknown column 'kamar.id' in 'where clause' in /home/sunanpan/public_html/psb/system/Database/MySQLi/Connection.php:292
Stack trace:
#0 /home/sunanpan/public_html/psb/system/Database/MySQLi/Connection.php(292): mysqli->query('select * from s...', 0)
#1 /home/sunanpan/public_html/psb/system/Database/BaseConnection.php(666): CodeIgniter\Database\MySQLi\Connection->execute('select * from s...')
#2 /home/sunanpan/public_html/psb/system/Database/BaseConnection.php(593): CodeIgniter\Database\BaseConnection->simpleQuery('select * from s...')
#3 /home/sunanpan/public_html/psb/app/Controllers/Santri/SettingController.php(133): CodeIgniter\Database\BaseConnection->query('select * from s...')
#4 /home/sunanpan/public_html/psb/system/CodeIgniter.php(927): App\Controllers\Santri\SettingController->getkamar('59')
#5 /home/sunanpan/public_html/psb/system/CodeIgniter.php(482): CodeIgniter\CodeIgniter->runController(Object(App\Controllers\Santri\SettingController))
#6 /home/sunanpan/public_html/psb/system/CodeIgniter.php(351): CodeIgniter\CodeIgniter->handleRequest(NULL, Object(Config\Cache), false)
#7 /home/sunanpan/public_html/psb/index.php(67): CodeIgniter\CodeIgniter->run()
#8 {main}
CRITICAL - 2022-12-09 08:52:32 --> Call to a member function getRow() on bool
in APPPATH/Controllers/Santri/SettingController.php on line 133.
 1 SYSTEMPATH/CodeIgniter.php(927): App\Controllers\Santri\SettingController->getkamar('59')
 2 SYSTEMPATH/CodeIgniter.php(482): CodeIgniter\CodeIgniter->runController(Object(App\Controllers\Santri\SettingController))
 3 SYSTEMPATH/CodeIgniter.php(351): CodeIgniter\CodeIgniter->handleRequest(null, Object(Config\Cache), false)
 4 FCPATH/index.php(67): CodeIgniter\CodeIgniter->run()
CRITICAL - 2022-12-09 09:00:14 --> The action you requested is not allowed.
in SYSTEMPATH/Security/Security.php on line 306.
 1 SYSTEMPATH/Security/Security.php(306): CodeIgniter\Security\Exceptions\SecurityException::forDisallowedAction()
 2 SYSTEMPATH/Filters/CSRF.php(55): CodeIgniter\Security\Security->verify(Object(CodeIgniter\HTTP\IncomingRequest))
 3 SYSTEMPATH/Filters/Filters.php(173): CodeIgniter\Filters\CSRF->before(Object(CodeIgniter\HTTP\IncomingRequest), null)
 4 SYSTEMPATH/CodeIgniter.php(455): CodeIgniter\Filters\Filters->run('getkamar', 'before')
 5 SYSTEMPATH/CodeIgniter.php(351): CodeIgniter\CodeIgniter->handleRequest(null, Object(Config\Cache), false)
 6 FCPATH/index.php(67): CodeIgniter\CodeIgniter->run()
CRITICAL - 2022-12-09 09:02:39 --> The action you requested is not allowed.
in SYSTEMPATH/Security/Security.php on line 306.
 1 SYSTEMPATH/Security/Security.php(306): CodeIgniter\Security\Exceptions\SecurityException::forDisallowedAction()
 2 SYSTEMPATH/Filters/CSRF.php(55): CodeIgniter\Security\Security->verify(Object(CodeIgniter\HTTP\IncomingRequest))
 3 SYSTEMPATH/Filters/Filters.php(173): CodeIgniter\Filters\CSRF->before(Object(CodeIgniter\HTTP\IncomingRequest), null)
 4 SYSTEMPATH/CodeIgniter.php(455): CodeIgniter\Filters\Filters->run('getkamar', 'before')
 5 SYSTEMPATH/CodeIgniter.php(351): CodeIgniter\CodeIgniter->handleRequest(null, Object(Config\Cache), false)
 6 FCPATH/index.php(67): CodeIgniter\CodeIgniter->run()
CRITICAL - 2022-12-09 09:02:42 --> The action you requested is not allowed.
in SYSTEMPATH/Security/Security.php on line 306.
 1 SYSTEMPATH/Security/Security.php(306): CodeIgniter\Security\Exceptions\SecurityException::forDisallowedAction()
 2 SYSTEMPATH/Filters/CSRF.php(55): CodeIgniter\Security\Security->verify(Object(CodeIgniter\HTTP\IncomingRequest))
 3 SYSTEMPATH/Filters/Filters.php(173): CodeIgniter\Filters\CSRF->before(Object(CodeIgniter\HTTP\IncomingRequest), null)
 4 SYSTEMPATH/CodeIgniter.php(455): CodeIgniter\Filters\Filters->run('getkamar', 'before')
 5 SYSTEMPATH/CodeIgniter.php(351): CodeIgniter\CodeIgniter->handleRequest(null, Object(Config\Cache), false)
 6 FCPATH/index.php(67): CodeIgniter\CodeIgniter->run()
CRITICAL - 2022-12-09 09:03:24 --> Too few arguments to function App\Controllers\Santri\SettingController::getkamar(), 0 passed in /home/sunanpan/public_html/psb/system/CodeIgniter.php on line 927 and exactly 1 expected
in APPPATH/Controllers/Santri/SettingController.php on line 126.
 1 SYSTEMPATH/CodeIgniter.php(927): App\Controllers\Santri\SettingController->getkamar()
 2 SYSTEMPATH/CodeIgniter.php(482): CodeIgniter\CodeIgniter->runController(Object(App\Controllers\Santri\SettingController))
 3 SYSTEMPATH/CodeIgniter.php(351): CodeIgniter\CodeIgniter->handleRequest(null, Object(Config\Cache), false)
 4 FCPATH/index.php(67): CodeIgniter\CodeIgniter->run()
CRITICAL - 2022-12-09 09:05:37 --> Too few arguments to function App\Controllers\Santri\SettingController::getkamar(), 0 passed in /home/sunanpan/public_html/psb/system/CodeIgniter.php on line 927 and exactly 1 expected
in APPPATH/Controllers/Santri/SettingController.php on line 126.
 1 SYSTEMPATH/CodeIgniter.php(927): App\Controllers\Santri\SettingController->getkamar()
 2 SYSTEMPATH/CodeIgniter.php(482): CodeIgniter\CodeIgniter->runController(Object(App\Controllers\Santri\SettingController))
 3 SYSTEMPATH/CodeIgniter.php(351): CodeIgniter\CodeIgniter->handleRequest(null, Object(Config\Cache), false)
 4 FCPATH/index.php(67): CodeIgniter\CodeIgniter->run()
ERROR - 2022-12-09 09:09:02 --> mysqli_sql_exception: You have an error in your SQL syntax; check the manual that corresponds to your MariaDB server version for the right syntax to use near '' at line 1 in /home/sunanpan/public_html/psb/system/Database/MySQLi/Connection.php:292
Stack trace:
#0 /home/sunanpan/public_html/psb/system/Database/MySQLi/Connection.php(292): mysqli->query('select kapasita...', 0)
#1 /home/sunanpan/public_html/psb/system/Database/BaseConnection.php(666): CodeIgniter\Database\MySQLi\Connection->execute('select kapasita...')
#2 /home/sunanpan/public_html/psb/system/Database/BaseConnection.php(593): CodeIgniter\Database\BaseConnection->simpleQuery('select kapasita...')
#3 /home/sunanpan/public_html/psb/app/Controllers/Santri/SettingController.php(130): CodeIgniter\Database\BaseConnection->query('select kapasita...')
#4 /home/sunanpan/public_html/psb/system/CodeIgniter.php(927): App\Controllers\Santri\SettingController->getkamar(NULL)
#5 /home/sunanpan/public_html/psb/system/CodeIgniter.php(482): CodeIgniter\CodeIgniter->runController(Object(App\Controllers\Santri\SettingController))
#6 /home/sunanpan/public_html/psb/system/CodeIgniter.php(351): CodeIgniter\CodeIgniter->handleRequest(NULL, Object(Config\Cache), false)
#7 /home/sunanpan/public_html/psb/index.php(67): CodeIgniter\CodeIgniter->run()
#8 {main}
CRITICAL - 2022-12-09 09:09:02 --> Call to a member function getRow() on bool
in APPPATH/Controllers/Santri/SettingController.php on line 130.
 1 SYSTEMPATH/CodeIgniter.php(927): App\Controllers\Santri\SettingController->getkamar(null)
 2 SYSTEMPATH/CodeIgniter.php(482): CodeIgniter\CodeIgniter->runController(Object(App\Controllers\Santri\SettingController))
 3 SYSTEMPATH/CodeIgniter.php(351): CodeIgniter\CodeIgniter->handleRequest(null, Object(Config\Cache), false)
 4 FCPATH/index.php(67): CodeIgniter\CodeIgniter->run()
ERROR - 2022-12-09 09:09:07 --> mysqli_sql_exception: You have an error in your SQL syntax; check the manual that corresponds to your MariaDB server version for the right syntax to use near '' at line 1 in /home/sunanpan/public_html/psb/system/Database/MySQLi/Connection.php:292
Stack trace:
#0 /home/sunanpan/public_html/psb/system/Database/MySQLi/Connection.php(292): mysqli->query('select kapasita...', 0)
#1 /home/sunanpan/public_html/psb/system/Database/BaseConnection.php(666): CodeIgniter\Database\MySQLi\Connection->execute('select kapasita...')
#2 /home/sunanpan/public_html/psb/system/Database/BaseConnection.php(593): CodeIgniter\Database\BaseConnection->simpleQuery('select kapasita...')
#3 /home/sunanpan/public_html/psb/app/Controllers/Santri/SettingController.php(130): CodeIgniter\Database\BaseConnection->query('select kapasita...')
#4 /home/sunanpan/public_html/psb/system/CodeIgniter.php(927): App\Controllers\Santri\SettingController->getkamar(NULL)
#5 /home/sunanpan/public_html/psb/system/CodeIgniter.php(482): CodeIgniter\CodeIgniter->runController(Object(App\Controllers\Santri\SettingController))
#6 /home/sunanpan/public_html/psb/system/CodeIgniter.php(351): CodeIgniter\CodeIgniter->handleRequest(NULL, Object(Config\Cache), false)
#7 /home/sunanpan/public_html/psb/index.php(67): CodeIgniter\CodeIgniter->run()
#8 {main}
CRITICAL - 2022-12-09 09:09:07 --> Call to a member function getRow() on bool
in APPPATH/Controllers/Santri/SettingController.php on line 130.
 1 SYSTEMPATH/CodeIgniter.php(927): App\Controllers\Santri\SettingController->getkamar(null)
 2 SYSTEMPATH/CodeIgniter.php(482): CodeIgniter\CodeIgniter->runController(Object(App\Controllers\Santri\SettingController))
 3 SYSTEMPATH/CodeIgniter.php(351): CodeIgniter\CodeIgniter->handleRequest(null, Object(Config\Cache), false)
 4 FCPATH/index.php(67): CodeIgniter\CodeIgniter->run()
ERROR - 2022-12-09 09:11:23 --> mysqli_sql_exception: Unknown column 'kamar.id' in 'where clause' in /home/sunanpan/public_html/psb/system/Database/MySQLi/Connection.php:292
Stack trace:
#0 /home/sunanpan/public_html/psb/system/Database/MySQLi/Connection.php(292): mysqli->query('select * from s...', 0)
#1 /home/sunanpan/public_html/psb/system/Database/BaseConnection.php(666): CodeIgniter\Database\MySQLi\Connection->execute('select * from s...')
#2 /home/sunanpan/public_html/psb/system/Database/BaseConnection.php(593): CodeIgniter\Database\BaseConnection->simpleQuery('select * from s...')
#3 /home/sunanpan/public_html/psb/app/Controllers/Santri/SettingController.php(134): CodeIgniter\Database\BaseConnection->query('select * from s...')
#4 /home/sunanpan/public_html/psb/system/CodeIgniter.php(927): App\Controllers\Santri\SettingController->getkamar('58')
#5 /home/sunanpan/public_html/psb/system/CodeIgniter.php(482): CodeIgniter\CodeIgniter->runController(Object(App\Controllers\Santri\SettingController))
#6 /home/sunanpan/public_html/psb/system/CodeIgniter.php(351): CodeIgniter\CodeIgniter->handleRequest(NULL, Object(Config\Cache), false)
#7 /home/sunanpan/public_html/psb/index.php(67): CodeIgniter\CodeIgniter->run()
#8 {main}
CRITICAL - 2022-12-09 09:11:23 --> Call to a member function getRow() on bool
in APPPATH/Controllers/Santri/SettingController.php on line 134.
 1 SYSTEMPATH/CodeIgniter.php(927): App\Controllers\Santri\SettingController->getkamar('58')
 2 SYSTEMPATH/CodeIgniter.php(482): CodeIgniter\CodeIgniter->runController(Object(App\Controllers\Santri\SettingController))
 3 SYSTEMPATH/CodeIgniter.php(351): CodeIgniter\CodeIgniter->handleRequest(null, Object(Config\Cache), false)
 4 FCPATH/index.php(67): CodeIgniter\CodeIgniter->run()
ERROR - 2022-12-09 09:11:52 --> mysqli_sql_exception: Unknown column 'kamar.id' in 'where clause' in /home/sunanpan/public_html/psb/system/Database/MySQLi/Connection.php:292
Stack trace:
#0 /home/sunanpan/public_html/psb/system/Database/MySQLi/Connection.php(292): mysqli->query('select * from s...', 0)
#1 /home/sunanpan/public_html/psb/system/Database/BaseConnection.php(666): CodeIgniter\Database\MySQLi\Connection->execute('select * from s...')
#2 /home/sunanpan/public_html/psb/system/Database/BaseConnection.php(593): CodeIgniter\Database\BaseConnection->simpleQuery('select * from s...')
#3 /home/sunanpan/public_html/psb/app/Controllers/Santri/SettingController.php(134): CodeIgniter\Database\BaseConnection->query('select * from s...')
#4 /home/sunanpan/public_html/psb/system/CodeIgniter.php(927): App\Controllers\Santri\SettingController->getkamar('58')
#5 /home/sunanpan/public_html/psb/system/CodeIgniter.php(482): CodeIgniter\CodeIgniter->runController(Object(App\Controllers\Santri\SettingController))
#6 /home/sunanpan/public_html/psb/system/CodeIgniter.php(351): CodeIgniter\CodeIgniter->handleRequest(NULL, Object(Config\Cache), false)
#7 /home/sunanpan/public_html/psb/index.php(67): CodeIgniter\CodeIgniter->run()
#8 {main}
CRITICAL - 2022-12-09 09:11:52 --> Call to a member function getRow() on bool
in APPPATH/Controllers/Santri/SettingController.php on line 134.
 1 SYSTEMPATH/CodeIgniter.php(927): App\Controllers\Santri\SettingController->getkamar('58')
 2 SYSTEMPATH/CodeIgniter.php(482): CodeIgniter\CodeIgniter->runController(Object(App\Controllers\Santri\SettingController))
 3 SYSTEMPATH/CodeIgniter.php(351): CodeIgniter\CodeIgniter->handleRequest(null, Object(Config\Cache), false)
 4 FCPATH/index.php(67): CodeIgniter\CodeIgniter->run()
CRITICAL - 2022-12-09 10:08:23 --> Argument 1 passed to Myth\Auth\Models\GroupModel::getGroupsForUser() must be of the type int, null given, called in /home/sunanpan/public_html/psb/app/Controllers/Admin/SantriController.php on line 46
in FCPATH/vendor/myth/auth/src/Models/GroupModel.php on line 95.
 1 APPPATH/Controllers/Admin/SantriController.php(46): Myth\Auth\Models\GroupModel->getGroupsForUser(null)
 2 SYSTEMPATH/CodeIgniter.php(927): App\Controllers\Admin\SantriController->validasi('MTs')
 3 SYSTEMPATH/CodeIgniter.php(482): CodeIgniter\CodeIgniter->runController(Object(App\Controllers\Admin\SantriController))
 4 SYSTEMPATH/CodeIgniter.php(351): CodeIgniter\CodeIgniter->handleRequest(null, Object(Config\Cache), false)
 5 FCPATH/index.php(67): CodeIgniter\CodeIgniter->run()
CRITICAL - 2022-12-09 11:40:49 --> Class 'App\Controllers\Santri\SantriTesModel' not found
in APPPATH/Controllers/Santri/SettingController.php on line 382.
 1 SYSTEMPATH/CodeIgniter.php(927): App\Controllers\Santri\SettingController->simpanSantriTes()
 2 SYSTEMPATH/CodeIgniter.php(482): CodeIgniter\CodeIgniter->runController(Object(App\Controllers\Santri\SettingController))
 3 SYSTEMPATH/CodeIgniter.php(351): CodeIgniter\CodeIgniter->handleRequest(null, Object(Config\Cache), false)
 4 FCPATH/index.php(67): CodeIgniter\CodeIgniter->run()
CRITICAL - 2022-12-09 11:41:26 --> Class 'App\Controllers\Santri\SantriTesModel' not found
in APPPATH/Controllers/Santri/SettingController.php on line 382.
 1 SYSTEMPATH/CodeIgniter.php(927): App\Controllers\Santri\SettingController->simpanSantriTes()
 2 SYSTEMPATH/CodeIgniter.php(482): CodeIgniter\CodeIgniter->runController(Object(App\Controllers\Santri\SettingController))
 3 SYSTEMPATH/CodeIgniter.php(351): CodeIgniter\CodeIgniter->handleRequest(null, Object(Config\Cache), false)
 4 FCPATH/index.php(67): CodeIgniter\CodeIgniter->run()
CRITICAL - 2022-12-09 11:58:28 --> Argument 1 passed to Myth\Auth\Models\GroupModel::getGroupsForUser() must be of the type int, null given, called in /home/sunanpan/public_html/psb/app/Controllers/Admin/SantriController.php on line 46
in FCPATH/vendor/myth/auth/src/Models/GroupModel.php on line 95.
 1 APPPATH/Controllers/Admin/SantriController.php(46): Myth\Auth\Models\GroupModel->getGroupsForUser(null)
 2 SYSTEMPATH/CodeIgniter.php(927): App\Controllers\Admin\SantriController->validasi('MTs')
 3 SYSTEMPATH/CodeIgniter.php(482): CodeIgniter\CodeIgniter->runController(Object(App\Controllers\Admin\SantriController))
 4 SYSTEMPATH/CodeIgniter.php(351): CodeIgniter\CodeIgniter->handleRequest(null, Object(Config\Cache), false)
 5 FCPATH/index.php(67): CodeIgniter\CodeIgniter->run()
CRITICAL - 2022-12-09 11:58:32 --> Argument 1 passed to Myth\Auth\Models\GroupModel::getGroupsForUser() must be of the type int, null given, called in /home/sunanpan/public_html/psb/app/Controllers/Admin/SantriController.php on line 46
in FCPATH/vendor/myth/auth/src/Models/GroupModel.php on line 95.
 1 APPPATH/Controllers/Admin/SantriController.php(46): Myth\Auth\Models\GroupModel->getGroupsForUser(null)
 2 SYSTEMPATH/CodeIgniter.php(927): App\Controllers\Admin\SantriController->validasi('MTs')
 3 SYSTEMPATH/CodeIgniter.php(482): CodeIgniter\CodeIgniter->runController(Object(App\Controllers\Admin\SantriController))
 4 SYSTEMPATH/CodeIgniter.php(351): CodeIgniter\CodeIgniter->handleRequest(null, Object(Config\Cache), false)
 5 FCPATH/index.php(67): CodeIgniter\CodeIgniter->run()
ERROR - 2022-12-09 19:29:25 --> mysqli_sql_exception: Column 'ref_jenjang_id' in where clause is ambiguous in /home/sunanpan/public_html/psb/system/Database/MySQLi/Connection.php:292
Stack trace:
#0 /home/sunanpan/public_html/psb/system/Database/MySQLi/Connection.php(292): mysqli->query('SELECT k.*, s.*...', 0)
#1 /home/sunanpan/public_html/psb/system/Database/BaseConnection.php(666): CodeIgniter\Database\MySQLi\Connection->execute('SELECT k.*, s.*...')
#2 /home/sunanpan/public_html/psb/system/Database/BaseConnection.php(593): CodeIgniter\Database\BaseConnection->simpleQuery('SELECT k.*, s.*...')
#3 /home/sunanpan/public_html/psb/app/Controllers/Admin/SantriController.php(484): CodeIgniter\Database\BaseConnection->query('SELECT k.*, s.*...')
#4 /home/sunanpan/public_html/psb/system/CodeIgniter.php(927): App\Controllers\Admin\SantriController->kamar('MTs')
#5 /home/sunanpan/public_html/psb/system/CodeIgniter.php(482): CodeIgniter\CodeIgniter->runController(Object(App\Controllers\Admin\SantriController))
#6 /home/sunanpan/public_html/psb/system/CodeIgniter.php(351): CodeIgniter\CodeIgniter->handleRequest(NULL, Object(Config\Cache), false)
#7 /home/sunanpan/public_html/psb/index.php(67): CodeIgniter\CodeIgniter->run()
#8 {main}
CRITICAL - 2022-12-09 19:29:25 --> Call to a member function getResult() on bool
in APPPATH/Controllers/Admin/SantriController.php on line 484.
 1 SYSTEMPATH/CodeIgniter.php(927): App\Controllers\Admin\SantriController->kamar('MTs')
 2 SYSTEMPATH/CodeIgniter.php(482): CodeIgniter\CodeIgniter->runController(Object(App\Controllers\Admin\SantriController))
 3 SYSTEMPATH/CodeIgniter.php(351): CodeIgniter\CodeIgniter->handleRequest(null, Object(Config\Cache), false)
 4 FCPATH/index.php(67): CodeIgniter\CodeIgniter->run()
ERROR - 2022-12-09 19:29:47 --> mysqli_sql_exception: Unknown column 's.ref_jenjang_id' in 'where clause' in /home/sunanpan/public_html/psb/system/Database/MySQLi/Connection.php:292
Stack trace:
#0 /home/sunanpan/public_html/psb/system/Database/MySQLi/Connection.php(292): mysqli->query('SELECT k.*, s.*...', 0)
#1 /home/sunanpan/public_html/psb/system/Database/BaseConnection.php(666): CodeIgniter\Database\MySQLi\Connection->execute('SELECT k.*, s.*...')
#2 /home/sunanpan/public_html/psb/system/Database/BaseConnection.php(593): CodeIgniter\Database\BaseConnection->simpleQuery('SELECT k.*, s.*...')
#3 /home/sunanpan/public_html/psb/app/Controllers/Admin/SantriController.php(484): CodeIgniter\Database\BaseConnection->query('SELECT k.*, s.*...')
#4 /home/sunanpan/public_html/psb/system/CodeIgniter.php(927): App\Controllers\Admin\SantriController->kamar('MTs')
#5 /home/sunanpan/public_html/psb/system/CodeIgniter.php(482): CodeIgniter\CodeIgniter->runController(Object(App\Controllers\Admin\SantriController))
#6 /home/sunanpan/public_html/psb/system/CodeIgniter.php(351): CodeIgniter\CodeIgniter->handleRequest(NULL, Object(Config\Cache), false)
#7 /home/sunanpan/public_html/psb/index.php(67): CodeIgniter\CodeIgniter->run()
#8 {main}
CRITICAL - 2022-12-09 19:29:47 --> Call to a member function getResult() on bool
in APPPATH/Controllers/Admin/SantriController.php on line 484.
 1 SYSTEMPATH/CodeIgniter.php(927): App\Controllers\Admin\SantriController->kamar('MTs')
 2 SYSTEMPATH/CodeIgniter.php(482): CodeIgniter\CodeIgniter->runController(Object(App\Controllers\Admin\SantriController))
 3 SYSTEMPATH/CodeIgniter.php(351): CodeIgniter\CodeIgniter->handleRequest(null, Object(Config\Cache), false)
 4 FCPATH/index.php(67): CodeIgniter\CodeIgniter->run()
ERROR - 2022-12-09 19:29:49 --> mysqli_sql_exception: Unknown column 's.ref_jenjang_id' in 'where clause' in /home/sunanpan/public_html/psb/system/Database/MySQLi/Connection.php:292
Stack trace:
#0 /home/sunanpan/public_html/psb/system/Database/MySQLi/Connection.php(292): mysqli->query('SELECT k.*, s.*...', 0)
#1 /home/sunanpan/public_html/psb/system/Database/BaseConnection.php(666): CodeIgniter\Database\MySQLi\Connection->execute('SELECT k.*, s.*...')
#2 /home/sunanpan/public_html/psb/system/Database/BaseConnection.php(593): CodeIgniter\Database\BaseConnection->simpleQuery('SELECT k.*, s.*...')
#3 /home/sunanpan/public_html/psb/app/Controllers/Admin/SantriController.php(484): CodeIgniter\Database\BaseConnection->query('SELECT k.*, s.*...')
#4 /home/sunanpan/public_html/psb/system/CodeIgniter.php(927): App\Controllers\Admin\SantriController->kamar('MTs')
#5 /home/sunanpan/public_html/psb/system/CodeIgniter.php(482): CodeIgniter\CodeIgniter->runController(Object(App\Controllers\Admin\SantriController))
#6 /home/sunanpan/public_html/psb/system/CodeIgniter.php(351): CodeIgniter\CodeIgniter->handleRequest(NULL, Object(Config\Cache), false)
#7 /home/sunanpan/public_html/psb/index.php(67): CodeIgniter\CodeIgniter->run()
#8 {main}
CRITICAL - 2022-12-09 19:29:49 --> Call to a member function getResult() on bool
in APPPATH/Controllers/Admin/SantriController.php on line 484.
 1 SYSTEMPATH/CodeIgniter.php(927): App\Controllers\Admin\SantriController->kamar('MTs')
 2 SYSTEMPATH/CodeIgniter.php(482): CodeIgniter\CodeIgniter->runController(Object(App\Controllers\Admin\SantriController))
 3 SYSTEMPATH/CodeIgniter.php(351): CodeIgniter\CodeIgniter->handleRequest(null, Object(Config\Cache), false)
 4 FCPATH/index.php(67): CodeIgniter\CodeIgniter->run()
ERROR - 2022-12-09 19:30:34 --> mysqli_sql_exception: Unknown column 's.ref_jenjang_id' in 'on clause' in /home/sunanpan/public_html/psb/system/Database/MySQLi/Connection.php:292
Stack trace:
#0 /home/sunanpan/public_html/psb/system/Database/MySQLi/Connection.php(292): mysqli->query('SELECT k.*, s.*...', 0)
#1 /home/sunanpan/public_html/psb/system/Database/BaseConnection.php(666): CodeIgniter\Database\MySQLi\Connection->execute('SELECT k.*, s.*...')
#2 /home/sunanpan/public_html/psb/system/Database/BaseConnection.php(593): CodeIgniter\Database\BaseConnection->simpleQuery('SELECT k.*, s.*...')
#3 /home/sunanpan/public_html/psb/app/Controllers/Admin/SantriController.php(484): CodeIgniter\Database\BaseConnection->query('SELECT k.*, s.*...')
#4 /home/sunanpan/public_html/psb/system/CodeIgniter.php(927): App\Controllers\Admin\SantriController->kamar('MTs')
#5 /home/sunanpan/public_html/psb/system/CodeIgniter.php(482): CodeIgniter\CodeIgniter->runController(Object(App\Controllers\Admin\SantriController))
#6 /home/sunanpan/public_html/psb/system/CodeIgniter.php(351): CodeIgniter\CodeIgniter->handleRequest(NULL, Object(Config\Cache), false)
#7 /home/sunanpan/public_html/psb/index.php(67): CodeIgniter\CodeIgniter->run()
#8 {main}
CRITICAL - 2022-12-09 19:30:34 --> Call to a member function getResult() on bool
in APPPATH/Controllers/Admin/SantriController.php on line 484.
 1 SYSTEMPATH/CodeIgniter.php(927): App\Controllers\Admin\SantriController->kamar('MTs')
 2 SYSTEMPATH/CodeIgniter.php(482): CodeIgniter\CodeIgniter->runController(Object(App\Controllers\Admin\SantriController))
 3 SYSTEMPATH/CodeIgniter.php(351): CodeIgniter\CodeIgniter->handleRequest(null, Object(Config\Cache), false)
 4 FCPATH/index.php(67): CodeIgniter\CodeIgniter->run()
ERROR - 2022-12-09 19:30:35 --> mysqli_sql_exception: Unknown column 's.ref_jenjang_id' in 'on clause' in /home/sunanpan/public_html/psb/system/Database/MySQLi/Connection.php:292
Stack trace:
#0 /home/sunanpan/public_html/psb/system/Database/MySQLi/Connection.php(292): mysqli->query('SELECT k.*, s.*...', 0)
#1 /home/sunanpan/public_html/psb/system/Database/BaseConnection.php(666): CodeIgniter\Database\MySQLi\Connection->execute('SELECT k.*, s.*...')
#2 /home/sunanpan/public_html/psb/system/Database/BaseConnection.php(593): CodeIgniter\Database\BaseConnection->simpleQuery('SELECT k.*, s.*...')
#3 /home/sunanpan/public_html/psb/app/Controllers/Admin/SantriController.php(484): CodeIgniter\Database\BaseConnection->query('SELECT k.*, s.*...')
#4 /home/sunanpan/public_html/psb/system/CodeIgniter.php(927): App\Controllers\Admin\SantriController->kamar('MTs')
#5 /home/sunanpan/public_html/psb/system/CodeIgniter.php(482): CodeIgniter\CodeIgniter->runController(Object(App\Controllers\Admin\SantriController))
#6 /home/sunanpan/public_html/psb/system/CodeIgniter.php(351): CodeIgniter\CodeIgniter->handleRequest(NULL, Object(Config\Cache), false)
#7 /home/sunanpan/public_html/psb/index.php(67): CodeIgniter\CodeIgniter->run()
#8 {main}
CRITICAL - 2022-12-09 19:30:35 --> Call to a member function getResult() on bool
in APPPATH/Controllers/Admin/SantriController.php on line 484.
 1 SYSTEMPATH/CodeIgniter.php(927): App\Controllers\Admin\SantriController->kamar('MTs')
 2 SYSTEMPATH/CodeIgniter.php(482): CodeIgniter\CodeIgniter->runController(Object(App\Controllers\Admin\SantriController))
 3 SYSTEMPATH/CodeIgniter.php(351): CodeIgniter\CodeIgniter->handleRequest(null, Object(Config\Cache), false)
 4 FCPATH/index.php(67): CodeIgniter\CodeIgniter->run()
CRITICAL - 2022-12-09 20:31:00 --> Invalid argument supplied for foreach()
in APPPATH/Views/admin/santri_detail_MA.php on line 987.
 1 APPPATH/Views/admin/santri_detail_MA.php(987): CodeIgniter\Debug\Exceptions->errorHandler(2, 'Invalid argument supplied for foreach()', 'APPPATH/Views/admin/santri_detail_MA.php', 987, [...])
 2 SYSTEMPATH/View/View.php(213): include('APPPATH/Views/admin/santri_detail_MA.php')
 3 SYSTEMPATH/View/View.php(216): CodeIgniter\View\View->CodeIgniter\View\{closure}()
 4 SYSTEMPATH/Common.php(1134): CodeIgniter\View\View->render('admin/santri_detail_MA', [], true)
 5 APPPATH/Controllers/Admin/SantriController.php(302): view('admin/santri_detail_MA', [...])
 6 SYSTEMPATH/CodeIgniter.php(927): App\Controllers\Admin\SantriController->detailSiswa('MA', '67')
 7 SYSTEMPATH/CodeIgniter.php(482): CodeIgniter\CodeIgniter->runController(Object(App\Controllers\Admin\SantriController))
 8 SYSTEMPATH/CodeIgniter.php(351): CodeIgniter\CodeIgniter->handleRequest(null, Object(Config\Cache), false)
 9 FCPATH/index.php(67): CodeIgniter\CodeIgniter->run()
CRITICAL - 2022-12-09 20:31:33 --> Invalid argument supplied for foreach()
in APPPATH/Views/admin/santri_detail_MA.php on line 987.
 1 APPPATH/Views/admin/santri_detail_MA.php(987): CodeIgniter\Debug\Exceptions->errorHandler(2, 'Invalid argument supplied for foreach()', 'APPPATH/Views/admin/santri_detail_MA.php', 987, [...])
 2 SYSTEMPATH/View/View.php(213): include('APPPATH/Views/admin/santri_detail_MA.php')
 3 SYSTEMPATH/View/View.php(216): CodeIgniter\View\View->CodeIgniter\View\{closure}()
 4 SYSTEMPATH/Common.php(1134): CodeIgniter\View\View->render('admin/santri_detail_MA', [], true)
 5 APPPATH/Controllers/Admin/SantriController.php(302): view('admin/santri_detail_MA', [...])
 6 SYSTEMPATH/CodeIgniter.php(927): App\Controllers\Admin\SantriController->detailSiswa('MA', '67')
 7 SYSTEMPATH/CodeIgniter.php(482): CodeIgniter\CodeIgniter->runController(Object(App\Controllers\Admin\SantriController))
 8 SYSTEMPATH/CodeIgniter.php(351): CodeIgniter\CodeIgniter->handleRequest(null, Object(Config\Cache), false)
 9 FCPATH/index.php(67): CodeIgniter\CodeIgniter->run()
CRITICAL - 2022-12-09 20:31:36 --> Invalid argument supplied for foreach()
in APPPATH/Views/admin/santri_detail_MA.php on line 987.
 1 APPPATH/Views/admin/santri_detail_MA.php(987): CodeIgniter\Debug\Exceptions->errorHandler(2, 'Invalid argument supplied for foreach()', 'APPPATH/Views/admin/santri_detail_MA.php', 987, [...])
 2 SYSTEMPATH/View/View.php(213): include('APPPATH/Views/admin/santri_detail_MA.php')
 3 SYSTEMPATH/View/View.php(216): CodeIgniter\View\View->CodeIgniter\View\{closure}()
 4 SYSTEMPATH/Common.php(1134): CodeIgniter\View\View->render('admin/santri_detail_MA', [], true)
 5 APPPATH/Controllers/Admin/SantriController.php(302): view('admin/santri_detail_MA', [...])
 6 SYSTEMPATH/CodeIgniter.php(927): App\Controllers\Admin\SantriController->detailSiswa('MA', '67')
 7 SYSTEMPATH/CodeIgniter.php(482): CodeIgniter\CodeIgniter->runController(Object(App\Controllers\Admin\SantriController))
 8 SYSTEMPATH/CodeIgniter.php(351): CodeIgniter\CodeIgniter->handleRequest(null, Object(Config\Cache), false)
 9 FCPATH/index.php(67): CodeIgniter\CodeIgniter->run()
CRITICAL - 2022-12-09 20:31:39 --> Invalid argument supplied for foreach()
in APPPATH/Views/admin/santri_detail_MA.php on line 987.
 1 APPPATH/Views/admin/santri_detail_MA.php(987): CodeIgniter\Debug\Exceptions->errorHandler(2, 'Invalid argument supplied for foreach()', 'APPPATH/Views/admin/santri_detail_MA.php', 987, [...])
 2 SYSTEMPATH/View/View.php(213): include('APPPATH/Views/admin/santri_detail_MA.php')
 3 SYSTEMPATH/View/View.php(216): CodeIgniter\View\View->CodeIgniter\View\{closure}()
 4 SYSTEMPATH/Common.php(1134): CodeIgniter\View\View->render('admin/santri_detail_MA', [], true)
 5 APPPATH/Controllers/Admin/SantriController.php(302): view('admin/santri_detail_MA', [...])
 6 SYSTEMPATH/CodeIgniter.php(927): App\Controllers\Admin\SantriController->detailSiswa('MA', '67')
 7 SYSTEMPATH/CodeIgniter.php(482): CodeIgniter\CodeIgniter->runController(Object(App\Controllers\Admin\SantriController))
 8 SYSTEMPATH/CodeIgniter.php(351): CodeIgniter\CodeIgniter->handleRequest(null, Object(Config\Cache), false)
 9 FCPATH/index.php(67): CodeIgniter\CodeIgniter->run()
CRITICAL - 2022-12-09 20:32:07 --> Invalid argument supplied for foreach()
in APPPATH/Views/admin/santri_detail_MA.php on line 987.
 1 APPPATH/Views/admin/santri_detail_MA.php(987): CodeIgniter\Debug\Exceptions->errorHandler(2, 'Invalid argument supplied for foreach()', 'APPPATH/Views/admin/santri_detail_MA.php', 987, [...])
 2 SYSTEMPATH/View/View.php(213): include('APPPATH/Views/admin/santri_detail_MA.php')
 3 SYSTEMPATH/View/View.php(216): CodeIgniter\View\View->CodeIgniter\View\{closure}()
 4 SYSTEMPATH/Common.php(1134): CodeIgniter\View\View->render('admin/santri_detail_MA', [], true)
 5 APPPATH/Controllers/Admin/SantriController.php(302): view('admin/santri_detail_MA', [...])
 6 SYSTEMPATH/CodeIgniter.php(927): App\Controllers\Admin\SantriController->detailSiswa('MA', '23')
 7 SYSTEMPATH/CodeIgniter.php(482): CodeIgniter\CodeIgniter->runController(Object(App\Controllers\Admin\SantriController))
 8 SYSTEMPATH/CodeIgniter.php(351): CodeIgniter\CodeIgniter->handleRequest(null, Object(Config\Cache), false)
 9 FCPATH/index.php(67): CodeIgniter\CodeIgniter->run()
ERROR - 2022-12-09 21:25:20 --> mysqli_sql_exception: Duplicate entry '3371026703110001' for key 'nik' in /home/sunanpan/public_html/psb/system/Database/MySQLi/Connection.php:292
Stack trace:
#0 /home/sunanpan/public_html/psb/system/Database/MySQLi/Connection.php(292): mysqli->query('INSERT INTO `sa...', 0)
#1 /home/sunanpan/public_html/psb/system/Database/BaseConnection.php(666): CodeIgniter\Database\MySQLi\Connection->execute('INSERT INTO `sa...')
#2 /home/sunanpan/public_html/psb/system/Database/BaseConnection.php(593): CodeIgniter\Database\BaseConnection->simpleQuery('INSERT INTO `sa...')
#3 /home/sunanpan/public_html/psb/system/Database/BaseBuilder.php(1916): CodeIgniter\Database\BaseConnection->query('INSERT INTO `sa...', Array, false)
#4 /home/sunanpan/public_html/psb/system/Model.php(279): CodeIgniter\Database\BaseBuilder->insert()
#5 /home/sunanpan/public_html/psb/system/BaseModel.php(749): CodeIgniter\Model->doInsert(Array)
#6 /home/sunanpan/public_html/psb/system/Model.php(667): CodeIgniter\BaseModel->insert(Array, true)
#7 /home/sunanpan/public_html/psb/vendor/myth/auth/src/Controllers/AuthController.php(210): CodeIgniter\Model->insert(Array)
#8 /home/sunanpan/public_html/psb/system/CodeIgniter.php(927): Myth\Auth\Controllers\AuthController->attemptRegister()
#9 /home/sunanpan/public_html/psb/system/CodeIgniter.php(482): CodeIgniter\CodeIgniter->runController(Object(Myth\Auth\Controllers\AuthController))
#10 /home/sunanpan/public_html/psb/system/CodeIgniter.php(351): CodeIgniter\CodeIgniter->handleRequest(NULL, Object(Config\Cache), false)
#11 /home/sunanpan/public_html/psb/index.php(67): CodeIgniter\CodeIgniter->run()
#12 {main}
CRITICAL - 2022-12-09 21:54:17 --> Argument 1 passed to Myth\Auth\Models\GroupModel::getGroupsForUser() must be of the type int, null given, called in /home/sunanpan/public_html/psb/app/Controllers/Admin/SantriController.php on line 144
in FCPATH/vendor/myth/auth/src/Models/GroupModel.php on line 95.
 1 APPPATH/Controllers/Admin/SantriController.php(144): Myth\Auth\Models\GroupModel->getGroupsForUser(null)
 2 SYSTEMPATH/CodeIgniter.php(927): App\Controllers\Admin\SantriController->tahaptes('MTs')
 3 SYSTEMPATH/CodeIgniter.php(482): CodeIgniter\CodeIgniter->runController(Object(App\Controllers\Admin\SantriController))
 4 SYSTEMPATH/CodeIgniter.php(351): CodeIgniter\CodeIgniter->handleRequest(null, Object(Config\Cache), false)
 5 FCPATH/index.php(67): CodeIgniter\CodeIgniter->run()
CRITICAL - 2022-12-09 21:54:19 --> Argument 1 passed to Myth\Auth\Models\GroupModel::getGroupsForUser() must be of the type int, null given, called in /home/sunanpan/public_html/psb/app/Controllers/Admin/SantriController.php on line 46
in FCPATH/vendor/myth/auth/src/Models/GroupModel.php on line 95.
 1 APPPATH/Controllers/Admin/SantriController.php(46): Myth\Auth\Models\GroupModel->getGroupsForUser(null)
 2 SYSTEMPATH/CodeIgniter.php(927): App\Controllers\Admin\SantriController->validasi('MTs')
 3 SYSTEMPATH/CodeIgniter.php(482): CodeIgniter\CodeIgniter->runController(Object(App\Controllers\Admin\SantriController))
 4 SYSTEMPATH/CodeIgniter.php(351): CodeIgniter\CodeIgniter->handleRequest(null, Object(Config\Cache), false)
 5 FCPATH/index.php(67): CodeIgniter\CodeIgniter->run()
CRITICAL - 2022-12-09 21:54:22 --> Argument 1 passed to Myth\Auth\Models\GroupModel::getGroupsForUser() must be of the type int, null given, called in /home/sunanpan/public_html/psb/app/Controllers/Admin/SantriController.php on line 46
in FCPATH/vendor/myth/auth/src/Models/GroupModel.php on line 95.
 1 APPPATH/Controllers/Admin/SantriController.php(46): Myth\Auth\Models\GroupModel->getGroupsForUser(null)
 2 SYSTEMPATH/CodeIgniter.php(927): App\Controllers\Admin\SantriController->validasi('MTs')
 3 SYSTEMPATH/CodeIgniter.php(482): CodeIgniter\CodeIgniter->runController(Object(App\Controllers\Admin\SantriController))
 4 SYSTEMPATH/CodeIgniter.php(351): CodeIgniter\CodeIgniter->handleRequest(null, Object(Config\Cache), false)
 5 FCPATH/index.php(67): CodeIgniter\CodeIgniter->run()
CRITICAL - 2022-12-09 21:54:24 --> Argument 1 passed to Myth\Auth\Models\GroupModel::getGroupsForUser() must be of the type int, null given, called in /home/sunanpan/public_html/psb/app/Controllers/Admin/SantriController.php on line 46
in FCPATH/vendor/myth/auth/src/Models/GroupModel.php on line 95.
 1 APPPATH/Controllers/Admin/SantriController.php(46): Myth\Auth\Models\GroupModel->getGroupsForUser(null)
 2 SYSTEMPATH/CodeIgniter.php(927): App\Controllers\Admin\SantriController->validasi('MTs')
 3 SYSTEMPATH/CodeIgniter.php(482): CodeIgniter\CodeIgniter->runController(Object(App\Controllers\Admin\SantriController))
 4 SYSTEMPATH/CodeIgniter.php(351): CodeIgniter\CodeIgniter->handleRequest(null, Object(Config\Cache), false)
 5 FCPATH/index.php(67): CodeIgniter\CodeIgniter->run()
CRITICAL - 2022-12-09 21:54:28 --> Argument 1 passed to Myth\Auth\Models\GroupModel::getGroupsForUser() must be of the type int, null given, called in /home/sunanpan/public_html/psb/app/Controllers/Admin/SantriController.php on line 46
in FCPATH/vendor/myth/auth/src/Models/GroupModel.php on line 95.
 1 APPPATH/Controllers/Admin/SantriController.php(46): Myth\Auth\Models\GroupModel->getGroupsForUser(null)
 2 SYSTEMPATH/CodeIgniter.php(927): App\Controllers\Admin\SantriController->validasi('MTs')
 3 SYSTEMPATH/CodeIgniter.php(482): CodeIgniter\CodeIgniter->runController(Object(App\Controllers\Admin\SantriController))
 4 SYSTEMPATH/CodeIgniter.php(351): CodeIgniter\CodeIgniter->handleRequest(null, Object(Config\Cache), false)
 5 FCPATH/index.php(67): CodeIgniter\CodeIgniter->run()
ERROR - 2022-12-09 23:45:17 --> mysqli_sql_exception: Column 'ref_kabupaten_id' cannot be null in /home/sunanpan/public_html/psb/system/Database/MySQLi/Connection.php:292
Stack trace:
#0 /home/sunanpan/public_html/psb/system/Database/MySQLi/Connection.php(292): mysqli->query('INSERT INTO `sa...', 0)
#1 /home/sunanpan/public_html/psb/system/Database/BaseConnection.php(666): CodeIgniter\Database\MySQLi\Connection->execute('INSERT INTO `sa...')
#2 /home/sunanpan/public_html/psb/system/Database/BaseConnection.php(593): CodeIgniter\Database\BaseConnection->simpleQuery('INSERT INTO `sa...')
#3 /home/sunanpan/public_html/psb/system/Database/BaseBuilder.php(1916): CodeIgniter\Database\BaseConnection->query('INSERT INTO `sa...', Array, false)
#4 /home/sunanpan/public_html/psb/system/Model.php(279): CodeIgniter\Database\BaseBuilder->insert()
#5 /home/sunanpan/public_html/psb/system/BaseModel.php(749): CodeIgniter\Model->doInsert(Array)
#6 /home/sunanpan/public_html/psb/system/Model.php(667): CodeIgniter\BaseModel->insert(Array, true)
#7 /home/sunanpan/public_html/psb/app/Controllers/FormSantriController.php(149): CodeIgniter\Model->insert(Array)
#8 /home/sunanpan/public_html/psb/system/CodeIgniter.php(927): App\Controllers\FormSantriController->simpanSantri()
#9 /home/sunanpan/public_html/psb/system/CodeIgniter.php(482): CodeIgniter\CodeIgniter->runController(Object(App\Controllers\FormSantriController))
#10 /home/sunanpan/public_html/psb/system/CodeIgniter.php(351): CodeIgniter\CodeIgniter->handleRequest(NULL, Object(Config\Cache), false)
#11 /home/sunanpan/public_html/psb/index.php(67): CodeIgniter\CodeIgniter->run()
#12 {main}
