ERROR - 2022-11-29 04:11:42 --> mysqli_sql_exception: Column 'jadwal_tes_id' cannot be null in /home/sunanpan/public_html/newpsb/system/Database/MySQLi/Connection.php:292
Stack trace:
#0 /home/sunanpan/public_html/newpsb/system/Database/MySQLi/Connection.php(292): mysqli->query('INSERT INTO `sa...', 0)
#1 /home/sunanpan/public_html/newpsb/system/Database/BaseConnection.php(666): CodeIgniter\Database\MySQLi\Connection->execute('INSERT INTO `sa...')
#2 /home/sunanpan/public_html/newpsb/system/Database/BaseConnection.php(593): CodeIgniter\Database\BaseConnection->simpleQuery('INSERT INTO `sa...')
#3 /home/sunanpan/public_html/newpsb/system/Database/BaseBuilder.php(1916): CodeIgniter\Database\BaseConnection->query('INSERT INTO `sa...', Array, false)
#4 /home/sunanpan/public_html/newpsb/system/Model.php(279): CodeIgniter\Database\BaseBuilder->insert()
#5 /home/sunanpan/public_html/newpsb/system/BaseModel.php(749): CodeIgniter\Model->doInsert(Array)
#6 /home/sunanpan/public_html/newpsb/system/Model.php(667): CodeIgniter\BaseModel->insert(Array, true)
#7 /home/sunanpan/public_html/newpsb/app/Controllers/FormPrestasiController.php(171): CodeIgniter\Model->insert(Array)
#8 /home/sunanpan/public_html/newpsb/system/CodeIgniter.php(927): App\Controllers\FormPrestasiController->simpanPrestasi()
#9 /home/sunanpan/public_html/newpsb/system/CodeIgniter.php(482): CodeIgniter\CodeIgniter->runController(Object(App\Controllers\FormPrestasiController))
#10 /home/sunanpan/public_html/newpsb/system/CodeIgniter.php(351): CodeIgniter\CodeIgniter->handleRequest(NULL, Object(Config\Cache), false)
#11 /home/sunanpan/public_html/newpsb/index.php(67): CodeIgniter\CodeIgniter->run()
#12 {main}
ERROR - 2022-11-29 04:40:39 --> mysqli_sql_exception: Column 'jadwal_tes_id' cannot be null in /home/sunanpan/public_html/newpsb/system/Database/MySQLi/Connection.php:292
Stack trace:
#0 /home/sunanpan/public_html/newpsb/system/Database/MySQLi/Connection.php(292): mysqli->query('INSERT INTO `sa...', 0)
#1 /home/sunanpan/public_html/newpsb/system/Database/BaseConnection.php(666): CodeIgniter\Database\MySQLi\Connection->execute('INSERT INTO `sa...')
#2 /home/sunanpan/public_html/newpsb/system/Database/BaseConnection.php(593): CodeIgniter\Database\BaseConnection->simpleQuery('INSERT INTO `sa...')
#3 /home/sunanpan/public_html/newpsb/system/Database/BaseBuilder.php(1916): CodeIgniter\Database\BaseConnection->query('INSERT INTO `sa...', Array, false)
#4 /home/sunanpan/public_html/newpsb/system/Model.php(279): CodeIgniter\Database\BaseBuilder->insert()
#5 /home/sunanpan/public_html/newpsb/system/BaseModel.php(749): CodeIgniter\Model->doInsert(Array)
#6 /home/sunanpan/public_html/newpsb/system/Model.php(667): CodeIgniter\BaseModel->insert(Array, true)
#7 /home/sunanpan/public_html/newpsb/app/Controllers/FormPrestasiController.php(168): CodeIgniter\Model->insert(Array)
#8 /home/sunanpan/public_html/newpsb/system/CodeIgniter.php(927): App\Controllers\FormPrestasiController->simpanPrestasi()
#9 /home/sunanpan/public_html/newpsb/system/CodeIgniter.php(482): CodeIgniter\CodeIgniter->runController(Object(App\Controllers\FormPrestasiController))
#10 /home/sunanpan/public_html/newpsb/system/CodeIgniter.php(351): CodeIgniter\CodeIgniter->handleRequest(NULL, Object(Config\Cache), false)
#11 /home/sunanpan/public_html/newpsb/index.php(67): CodeIgniter\CodeIgniter->run()
#12 {main}
ERROR - 2022-11-29 04:43:51 --> mysqli_sql_exception: Unknown column 'jt' in 'field list' in /home/sunanpan/public_html/newpsb/system/Database/MySQLi/Connection.php:292
Stack trace:
#0 /home/sunanpan/public_html/newpsb/system/Database/MySQLi/Connection.php(292): mysqli->query('SELECT jt,id, j...', 0)
#1 /home/sunanpan/public_html/newpsb/system/Database/BaseConnection.php(666): CodeIgniter\Database\MySQLi\Connection->execute('SELECT jt,id, j...')
#2 /home/sunanpan/public_html/newpsb/system/Database/BaseConnection.php(593): CodeIgniter\Database\BaseConnection->simpleQuery('SELECT jt,id, j...')
#3 /home/sunanpan/public_html/newpsb/app/Controllers/FormPrestasiController.php(33): CodeIgniter\Database\BaseConnection->query('SELECT jt,id, j...')
#4 /home/sunanpan/public_html/newpsb/system/CodeIgniter.php(927): App\Controllers\FormPrestasiController->prestasi()
#5 /home/sunanpan/public_html/newpsb/system/CodeIgniter.php(482): CodeIgniter\CodeIgniter->runController(Object(App\Controllers\FormPrestasiController))
#6 /home/sunanpan/public_html/newpsb/system/CodeIgniter.php(351): CodeIgniter\CodeIgniter->handleRequest(NULL, Object(Config\Cache), false)
#7 /home/sunanpan/public_html/newpsb/index.php(67): CodeIgniter\CodeIgniter->run()
#8 {main}
CRITICAL - 2022-11-29 04:43:51 --> Call to a member function getResult() on bool
in APPPATH/Controllers/FormPrestasiController.php on line 33.
 1 SYSTEMPATH/CodeIgniter.php(927): App\Controllers\FormPrestasiController->prestasi()
 2 SYSTEMPATH/CodeIgniter.php(482): CodeIgniter\CodeIgniter->runController(Object(App\Controllers\FormPrestasiController))
 3 SYSTEMPATH/CodeIgniter.php(351): CodeIgniter\CodeIgniter->handleRequest(null, Object(Config\Cache), false)
 4 FCPATH/index.php(67): CodeIgniter\CodeIgniter->run()
ERROR - 2022-11-29 04:43:58 --> mysqli_sql_exception: Unknown column 'jt' in 'field list' in /home/sunanpan/public_html/newpsb/system/Database/MySQLi/Connection.php:292
Stack trace:
#0 /home/sunanpan/public_html/newpsb/system/Database/MySQLi/Connection.php(292): mysqli->query('SELECT jt,id, j...', 0)
#1 /home/sunanpan/public_html/newpsb/system/Database/BaseConnection.php(666): CodeIgniter\Database\MySQLi\Connection->execute('SELECT jt,id, j...')
#2 /home/sunanpan/public_html/newpsb/system/Database/BaseConnection.php(593): CodeIgniter\Database\BaseConnection->simpleQuery('SELECT jt,id, j...')
#3 /home/sunanpan/public_html/newpsb/app/Controllers/FormPrestasiController.php(33): CodeIgniter\Database\BaseConnection->query('SELECT jt,id, j...')
#4 /home/sunanpan/public_html/newpsb/system/CodeIgniter.php(927): App\Controllers\FormPrestasiController->prestasi()
#5 /home/sunanpan/public_html/newpsb/system/CodeIgniter.php(482): CodeIgniter\CodeIgniter->runController(Object(App\Controllers\FormPrestasiController))
#6 /home/sunanpan/public_html/newpsb/system/CodeIgniter.php(351): CodeIgniter\CodeIgniter->handleRequest(NULL, Object(Config\Cache), false)
#7 /home/sunanpan/public_html/newpsb/index.php(67): CodeIgniter\CodeIgniter->run()
#8 {main}
CRITICAL - 2022-11-29 04:43:58 --> Call to a member function getResult() on bool
in APPPATH/Controllers/FormPrestasiController.php on line 33.
 1 SYSTEMPATH/CodeIgniter.php(927): App\Controllers\FormPrestasiController->prestasi()
 2 SYSTEMPATH/CodeIgniter.php(482): CodeIgniter\CodeIgniter->runController(Object(App\Controllers\FormPrestasiController))
 3 SYSTEMPATH/CodeIgniter.php(351): CodeIgniter\CodeIgniter->handleRequest(null, Object(Config\Cache), false)
 4 FCPATH/index.php(67): CodeIgniter\CodeIgniter->run()
CRITICAL - 2022-11-29 07:37:54 --> Class 'Dompdf\Dompdf' not found
in APPPATH/Controllers/Santri/DashboardController.php on line 78.
 1 SYSTEMPATH/CodeIgniter.php(927): App\Controllers\Santri\DashboardController->cetakKartu('112233')
 2 SYSTEMPATH/CodeIgniter.php(482): CodeIgniter\CodeIgniter->runController(Object(App\Controllers\Santri\DashboardController))
 3 SYSTEMPATH/CodeIgniter.php(351): CodeIgniter\CodeIgniter->handleRequest(null, Object(Config\Cache), false)
 4 FCPATH/index.php(67): CodeIgniter\CodeIgniter->run()
CRITICAL - 2022-11-29 07:46:57 --> Class 'Dompdf\Dompdf' not found
in APPPATH/Controllers/Santri/DashboardController.php on line 78.
 1 SYSTEMPATH/CodeIgniter.php(927): App\Controllers\Santri\DashboardController->cetakKartu('112233')
 2 SYSTEMPATH/CodeIgniter.php(482): CodeIgniter\CodeIgniter->runController(Object(App\Controllers\Santri\DashboardController))
 3 SYSTEMPATH/CodeIgniter.php(351): CodeIgniter\CodeIgniter->handleRequest(null, Object(Config\Cache), false)
 4 FCPATH/index.php(67): CodeIgniter\CodeIgniter->run()
CRITICAL - 2022-11-29 07:53:09 --> Class 'Dompdf\Dompdf' not found
in APPPATH/Controllers/Santri/DashboardController.php on line 78.
 1 SYSTEMPATH/CodeIgniter.php(927): App\Controllers\Santri\DashboardController->cetakKartu('112233')
 2 SYSTEMPATH/CodeIgniter.php(482): CodeIgniter\CodeIgniter->runController(Object(App\Controllers\Santri\DashboardController))
 3 SYSTEMPATH/CodeIgniter.php(351): CodeIgniter\CodeIgniter->handleRequest(null, Object(Config\Cache), false)
 4 FCPATH/index.php(67): CodeIgniter\CodeIgniter->run()
CRITICAL - 2022-11-29 09:47:10 --> Too few arguments to function App\Controllers\Home::cetakKartu(), 0 passed in /home/sunanpan/public_html/newpsb/system/CodeIgniter.php on line 927 and exactly 1 expected
in APPPATH/Controllers/Home.php on line 36.
 1 SYSTEMPATH/CodeIgniter.php(927): App\Controllers\Home->cetakKartu()
 2 SYSTEMPATH/CodeIgniter.php(482): CodeIgniter\CodeIgniter->runController(Object(App\Controllers\Home))
 3 SYSTEMPATH/CodeIgniter.php(351): CodeIgniter\CodeIgniter->handleRequest(null, Object(Config\Cache), false)
 4 FCPATH/index.php(67): CodeIgniter\CodeIgniter->run()
CRITICAL - 2022-11-29 09:47:33 --> Class 'App\Controllers\Dompdf' not found
in APPPATH/Controllers/Home.php on line 52.
 1 SYSTEMPATH/CodeIgniter.php(927): App\Controllers\Home->cetakKartu()
 2 SYSTEMPATH/CodeIgniter.php(482): CodeIgniter\CodeIgniter->runController(Object(App\Controllers\Home))
 3 SYSTEMPATH/CodeIgniter.php(351): CodeIgniter\CodeIgniter->handleRequest(null, Object(Config\Cache), false)
 4 FCPATH/index.php(67): CodeIgniter\CodeIgniter->run()
CRITICAL - 2022-11-29 09:48:16 --> Class 'Dompdf\Dompdf' not found
in APPPATH/Controllers/Home.php on line 52.
 1 SYSTEMPATH/CodeIgniter.php(927): App\Controllers\Home->cetakKartu()
 2 SYSTEMPATH/CodeIgniter.php(482): CodeIgniter\CodeIgniter->runController(Object(App\Controllers\Home))
 3 SYSTEMPATH/CodeIgniter.php(351): CodeIgniter\CodeIgniter->handleRequest(null, Object(Config\Cache), false)
 4 FCPATH/index.php(67): CodeIgniter\CodeIgniter->run()
ERROR - 2022-11-29 10:11:44 --> mysqli_sql_exception: Unknown column 'st.tgl_tes' in 'field list' in /home/sunanpan/public_html/newpsb/system/Database/MySQLi/Connection.php:292
Stack trace:
#0 /home/sunanpan/public_html/newpsb/system/Database/MySQLi/Connection.php(292): mysqli->query('SELECT st.tgl_t...', 0)
#1 /home/sunanpan/public_html/newpsb/system/Database/BaseConnection.php(666): CodeIgniter\Database\MySQLi\Connection->execute('SELECT st.tgl_t...')
#2 /home/sunanpan/public_html/newpsb/system/Database/BaseConnection.php(593): CodeIgniter\Database\BaseConnection->simpleQuery('SELECT st.tgl_t...')
#3 /home/sunanpan/public_html/newpsb/app/Controllers/Santri/DashboardController.php(29): CodeIgniter\Database\BaseConnection->query('SELECT st.tgl_t...')
#4 /home/sunanpan/public_html/newpsb/system/CodeIgniter.php(927): App\Controllers\Santri\DashboardController->index()
#5 /home/sunanpan/public_html/newpsb/system/CodeIgniter.php(482): CodeIgniter\CodeIgniter->runController(Object(App\Controllers\Santri\DashboardController))
#6 /home/sunanpan/public_html/newpsb/system/CodeIgniter.php(351): CodeIgniter\CodeIgniter->handleRequest(NULL, Object(Config\Cache), false)
#7 /home/sunanpan/public_html/newpsb/index.php(67): CodeIgniter\CodeIgniter->run()
#8 {main}
CRITICAL - 2022-11-29 10:11:44 --> Call to a member function getRow() on bool
in APPPATH/Controllers/Santri/DashboardController.php on line 29.
 1 SYSTEMPATH/CodeIgniter.php(927): App\Controllers\Santri\DashboardController->index()
 2 SYSTEMPATH/CodeIgniter.php(482): CodeIgniter\CodeIgniter->runController(Object(App\Controllers\Santri\DashboardController))
 3 SYSTEMPATH/CodeIgniter.php(351): CodeIgniter\CodeIgniter->handleRequest(null, Object(Config\Cache), false)
 4 FCPATH/index.php(67): CodeIgniter\CodeIgniter->run()
ERROR - 2022-11-29 10:12:46 --> mysqli_sql_exception: Unknown column 'st.tgl_tes' in 'field list' in /home/sunanpan/public_html/newpsb/system/Database/MySQLi/Connection.php:292
Stack trace:
#0 /home/sunanpan/public_html/newpsb/system/Database/MySQLi/Connection.php(292): mysqli->query('SELECT st.tgl_t...', 0)
#1 /home/sunanpan/public_html/newpsb/system/Database/BaseConnection.php(666): CodeIgniter\Database\MySQLi\Connection->execute('SELECT st.tgl_t...')
#2 /home/sunanpan/public_html/newpsb/system/Database/BaseConnection.php(593): CodeIgniter\Database\BaseConnection->simpleQuery('SELECT st.tgl_t...')
#3 /home/sunanpan/public_html/newpsb/app/Controllers/Santri/DashboardController.php(29): CodeIgniter\Database\BaseConnection->query('SELECT st.tgl_t...')
#4 /home/sunanpan/public_html/newpsb/system/CodeIgniter.php(927): App\Controllers\Santri\DashboardController->index()
#5 /home/sunanpan/public_html/newpsb/system/CodeIgniter.php(482): CodeIgniter\CodeIgniter->runController(Object(App\Controllers\Santri\DashboardController))
#6 /home/sunanpan/public_html/newpsb/system/CodeIgniter.php(351): CodeIgniter\CodeIgniter->handleRequest(NULL, Object(Config\Cache), false)
#7 /home/sunanpan/public_html/newpsb/index.php(67): CodeIgniter\CodeIgniter->run()
#8 {main}
CRITICAL - 2022-11-29 10:12:46 --> Call to a member function getRow() on bool
in APPPATH/Controllers/Santri/DashboardController.php on line 29.
 1 SYSTEMPATH/CodeIgniter.php(927): App\Controllers\Santri\DashboardController->index()
 2 SYSTEMPATH/CodeIgniter.php(482): CodeIgniter\CodeIgniter->runController(Object(App\Controllers\Santri\DashboardController))
 3 SYSTEMPATH/CodeIgniter.php(351): CodeIgniter\CodeIgniter->handleRequest(null, Object(Config\Cache), false)
 4 FCPATH/index.php(67): CodeIgniter\CodeIgniter->run()
ERROR - 2022-11-29 10:12:52 --> mysqli_sql_exception: Unknown column 'st.tgl_tes' in 'field list' in /home/sunanpan/public_html/newpsb/system/Database/MySQLi/Connection.php:292
Stack trace:
#0 /home/sunanpan/public_html/newpsb/system/Database/MySQLi/Connection.php(292): mysqli->query('SELECT st.tgl_t...', 0)
#1 /home/sunanpan/public_html/newpsb/system/Database/BaseConnection.php(666): CodeIgniter\Database\MySQLi\Connection->execute('SELECT st.tgl_t...')
#2 /home/sunanpan/public_html/newpsb/system/Database/BaseConnection.php(593): CodeIgniter\Database\BaseConnection->simpleQuery('SELECT st.tgl_t...')
#3 /home/sunanpan/public_html/newpsb/app/Controllers/Santri/DashboardController.php(29): CodeIgniter\Database\BaseConnection->query('SELECT st.tgl_t...')
#4 /home/sunanpan/public_html/newpsb/system/CodeIgniter.php(927): App\Controllers\Santri\DashboardController->index()
#5 /home/sunanpan/public_html/newpsb/system/CodeIgniter.php(482): CodeIgniter\CodeIgniter->runController(Object(App\Controllers\Santri\DashboardController))
#6 /home/sunanpan/public_html/newpsb/system/CodeIgniter.php(351): CodeIgniter\CodeIgniter->handleRequest(NULL, Object(Config\Cache), false)
#7 /home/sunanpan/public_html/newpsb/index.php(67): CodeIgniter\CodeIgniter->run()
#8 {main}
CRITICAL - 2022-11-29 10:12:52 --> Call to a member function getRow() on bool
in APPPATH/Controllers/Santri/DashboardController.php on line 29.
 1 SYSTEMPATH/CodeIgniter.php(927): App\Controllers\Santri\DashboardController->index()
 2 SYSTEMPATH/CodeIgniter.php(482): CodeIgniter\CodeIgniter->runController(Object(App\Controllers\Santri\DashboardController))
 3 SYSTEMPATH/CodeIgniter.php(351): CodeIgniter\CodeIgniter->handleRequest(null, Object(Config\Cache), false)
 4 FCPATH/index.php(67): CodeIgniter\CodeIgniter->run()
ERROR - 2022-11-29 10:12:59 --> mysqli_sql_exception: Unknown column 'st.tgl_tes' in 'field list' in /home/sunanpan/public_html/newpsb/system/Database/MySQLi/Connection.php:292
Stack trace:
#0 /home/sunanpan/public_html/newpsb/system/Database/MySQLi/Connection.php(292): mysqli->query('SELECT st.tgl_t...', 0)
#1 /home/sunanpan/public_html/newpsb/system/Database/BaseConnection.php(666): CodeIgniter\Database\MySQLi\Connection->execute('SELECT st.tgl_t...')
#2 /home/sunanpan/public_html/newpsb/system/Database/BaseConnection.php(593): CodeIgniter\Database\BaseConnection->simpleQuery('SELECT st.tgl_t...')
#3 /home/sunanpan/public_html/newpsb/app/Controllers/Santri/DashboardController.php(29): CodeIgniter\Database\BaseConnection->query('SELECT st.tgl_t...')
#4 /home/sunanpan/public_html/newpsb/system/CodeIgniter.php(927): App\Controllers\Santri\DashboardController->index()
#5 /home/sunanpan/public_html/newpsb/system/CodeIgniter.php(482): CodeIgniter\CodeIgniter->runController(Object(App\Controllers\Santri\DashboardController))
#6 /home/sunanpan/public_html/newpsb/system/CodeIgniter.php(351): CodeIgniter\CodeIgniter->handleRequest(NULL, Object(Config\Cache), false)
#7 /home/sunanpan/public_html/newpsb/index.php(67): CodeIgniter\CodeIgniter->run()
#8 {main}
CRITICAL - 2022-11-29 10:12:59 --> Call to a member function getRow() on bool
in APPPATH/Controllers/Santri/DashboardController.php on line 29.
 1 SYSTEMPATH/CodeIgniter.php(927): App\Controllers\Santri\DashboardController->index()
 2 SYSTEMPATH/CodeIgniter.php(482): CodeIgniter\CodeIgniter->runController(Object(App\Controllers\Santri\DashboardController))
 3 SYSTEMPATH/CodeIgniter.php(351): CodeIgniter\CodeIgniter->handleRequest(null, Object(Config\Cache), false)
 4 FCPATH/index.php(67): CodeIgniter\CodeIgniter->run()
ERROR - 2022-11-29 10:13:23 --> mysqli_sql_exception: You have an error in your SQL syntax; check the manual that corresponds to your MariaDB server version for the right syntax to use near 'WHERE sd.ref_provinsi_id = rp.id AND sd.ref_kabupaten_id = rk.id AND sd.ref_k...' at line 1 in /home/sunanpan/public_html/newpsb/system/Database/MySQLi/Connection.php:292
Stack trace:
#0 /home/sunanpan/public_html/newpsb/system/Database/MySQLi/Connection.php(292): mysqli->query('SELECT sd.*, rp...', 0)
#1 /home/sunanpan/public_html/newpsb/system/Database/BaseConnection.php(666): CodeIgniter\Database\MySQLi\Connection->execute('SELECT sd.*, rp...')
#2 /home/sunanpan/public_html/newpsb/system/Database/BaseConnection.php(593): CodeIgniter\Database\BaseConnection->simpleQuery('SELECT sd.*, rp...')
#3 /home/sunanpan/public_html/newpsb/app/Controllers/Santri/DashboardController.php(29): CodeIgniter\Database\BaseConnection->query('SELECT sd.*, rp...')
#4 /home/sunanpan/public_html/newpsb/system/CodeIgniter.php(927): App\Controllers\Santri\DashboardController->index()
#5 /home/sunanpan/public_html/newpsb/system/CodeIgniter.php(482): CodeIgniter\CodeIgniter->runController(Object(App\Controllers\Santri\DashboardController))
#6 /home/sunanpan/public_html/newpsb/system/CodeIgniter.php(351): CodeIgniter\CodeIgniter->handleRequest(NULL, Object(Config\Cache), false)
#7 /home/sunanpan/public_html/newpsb/index.php(67): CodeIgniter\CodeIgniter->run()
#8 {main}
CRITICAL - 2022-11-29 10:13:23 --> Call to a member function getRow() on bool
in APPPATH/Controllers/Santri/DashboardController.php on line 29.
 1 SYSTEMPATH/CodeIgniter.php(927): App\Controllers\Santri\DashboardController->index()
 2 SYSTEMPATH/CodeIgniter.php(482): CodeIgniter\CodeIgniter->runController(Object(App\Controllers\Santri\DashboardController))
 3 SYSTEMPATH/CodeIgniter.php(351): CodeIgniter\CodeIgniter->handleRequest(null, Object(Config\Cache), false)
 4 FCPATH/index.php(67): CodeIgniter\CodeIgniter->run()
CRITICAL - 2022-11-29 10:16:20 --> Class 'Dompdf\Dompdf' not found
in APPPATH/Controllers/Home.php on line 52.
 1 SYSTEMPATH/CodeIgniter.php(927): App\Controllers\Home->cetakKartu()
 2 SYSTEMPATH/CodeIgniter.php(482): CodeIgniter\CodeIgniter->runController(Object(App\Controllers\Home))
 3 SYSTEMPATH/CodeIgniter.php(351): CodeIgniter\CodeIgniter->handleRequest(null, Object(Config\Cache), false)
 4 FCPATH/index.php(67): CodeIgniter\CodeIgniter->run()
CRITICAL - 2022-11-29 10:27:18 --> require(/home/sunanpan/public_html/newpsb/app/Controllers/../vendor/autoload.php): failed to open stream: No such file or directory
in APPPATH/Controllers/Home.php on line 39.
 1 APPPATH/Controllers/Home.php(39): CodeIgniter\Debug\Exceptions->errorHandler(2, 'require(/home/sunanpan/public_html/newpsb/app/Controllers/../vendor/autoload.php): failed to open stream: No such file or directory', 'APPPATH/Controllers/Home.php', 39, [])
 2 APPPATH/Controllers/Home.php(39): require()
 3 SYSTEMPATH/CodeIgniter.php(927): App\Controllers\Home->cetakKartu()
 4 SYSTEMPATH/CodeIgniter.php(482): CodeIgniter\CodeIgniter->runController(Object(App\Controllers\Home))
 5 SYSTEMPATH/CodeIgniter.php(351): CodeIgniter\CodeIgniter->handleRequest(null, Object(Config\Cache), false)
 6 FCPATH/index.php(67): CodeIgniter\CodeIgniter->run()
CRITICAL - 2022-11-29 10:28:25 --> CodeIgniter\Autoloader\Autoloader::main(): Failed opening required 'dompdf/autoload.inc.php' (include_path='.:/opt/cpanel/ea-php74/root/usr/share/pear')
in APPPATH/Controllers/Home.php on line 4.
 1 [internal function]: CodeIgniter\Debug\Exceptions->shutdownHandler()
CRITICAL - 2022-11-29 10:29:29 --> CodeIgniter\Autoloader\Autoloader::main(): Failed opening required 'dompdf/autoload.inc.php' (include_path='.:/opt/cpanel/ea-php74/root/usr/share/pear')
in APPPATH/Controllers/Home.php on line 4.
 1 [internal function]: CodeIgniter\Debug\Exceptions->shutdownHandler()
CRITICAL - 2022-11-29 10:29:34 --> CodeIgniter\Autoloader\Autoloader::main(): Failed opening required 'dompdf/autoload.inc.php' (include_path='.:/opt/cpanel/ea-php74/root/usr/share/pear')
in APPPATH/Controllers/Home.php on line 4.
 1 [internal function]: CodeIgniter\Debug\Exceptions->shutdownHandler()
CRITICAL - 2022-11-29 10:29:38 --> CodeIgniter\Autoloader\Autoloader::main(): Failed opening required 'dompdf/autoload.inc.php' (include_path='.:/opt/cpanel/ea-php74/root/usr/share/pear')
in APPPATH/Controllers/Home.php on line 4.
 1 [internal function]: CodeIgniter\Debug\Exceptions->shutdownHandler()
CRITICAL - 2022-11-29 10:29:51 --> CodeIgniter\Autoloader\Autoloader::main(): Failed opening required 'dompdf/autoload.inc.php' (include_path='.:/opt/cpanel/ea-php74/root/usr/share/pear')
in APPPATH/Controllers/Home.php on line 4.
 1 [internal function]: CodeIgniter\Debug\Exceptions->shutdownHandler()
CRITICAL - 2022-11-29 10:30:11 --> CodeIgniter\Autoloader\Autoloader::main(): Failed opening required 'dompdf/autoload.inc.php' (include_path='.:/opt/cpanel/ea-php74/root/usr/share/pear')
in APPPATH/Controllers/Home.php on line 4.
 1 [internal function]: CodeIgniter\Debug\Exceptions->shutdownHandler()
CRITICAL - 2022-11-29 10:30:39 --> Class 'Dompdf\Dompdf' not found
in APPPATH/Controllers/Home.php on line 53.
 1 SYSTEMPATH/CodeIgniter.php(927): App\Controllers\Home->cetakKartu()
 2 SYSTEMPATH/CodeIgniter.php(482): CodeIgniter\CodeIgniter->runController(Object(App\Controllers\Home))
 3 SYSTEMPATH/CodeIgniter.php(351): CodeIgniter\CodeIgniter->handleRequest(null, Object(Config\Cache), false)
 4 FCPATH/index.php(67): CodeIgniter\CodeIgniter->run()
CRITICAL - 2022-11-29 10:32:32 --> Class 'Dompdf\Dompdf' not found
in APPPATH/Controllers/Home.php on line 53.
 1 SYSTEMPATH/CodeIgniter.php(927): App\Controllers\Home->cetakKartu()
 2 SYSTEMPATH/CodeIgniter.php(482): CodeIgniter\CodeIgniter->runController(Object(App\Controllers\Home))
 3 SYSTEMPATH/CodeIgniter.php(351): CodeIgniter\CodeIgniter->handleRequest(null, Object(Config\Cache), false)
 4 FCPATH/index.php(67): CodeIgniter\CodeIgniter->run()
CRITICAL - 2022-11-29 10:33:32 --> App\Controllers\Home::cetakKartu(): Failed opening required 'dompdf/autoload.inc.php' (include_path='.:/opt/cpanel/ea-php74/root/usr/share/pear')
in APPPATH/Controllers/Home.php on line 40.
 1 [internal function]: CodeIgniter\Debug\Exceptions->shutdownHandler()
CRITICAL - 2022-11-29 10:33:51 --> Class 'Dompdf\Dompdf' not found
in APPPATH/Controllers/Home.php on line 55.
 1 SYSTEMPATH/CodeIgniter.php(927): App\Controllers\Home->cetakKartu()
 2 SYSTEMPATH/CodeIgniter.php(482): CodeIgniter\CodeIgniter->runController(Object(App\Controllers\Home))
 3 SYSTEMPATH/CodeIgniter.php(351): CodeIgniter\CodeIgniter->handleRequest(null, Object(Config\Cache), false)
 4 FCPATH/index.php(67): CodeIgniter\CodeIgniter->run()
CRITICAL - 2022-11-29 10:34:17 --> Class 'Dompdf\Dompdf' not found
in APPPATH/Controllers/Home.php on line 55.
 1 SYSTEMPATH/CodeIgniter.php(927): App\Controllers\Home->cetakKartu()
 2 SYSTEMPATH/CodeIgniter.php(482): CodeIgniter\CodeIgniter->runController(Object(App\Controllers\Home))
 3 SYSTEMPATH/CodeIgniter.php(351): CodeIgniter\CodeIgniter->handleRequest(null, Object(Config\Cache), false)
 4 FCPATH/index.php(67): CodeIgniter\CodeIgniter->run()
CRITICAL - 2022-11-29 11:24:30 --> Call to undefined function logged_in()
in APPPATH/Views/home/includes/navbar_include.php on line 17.
 1 SYSTEMPATH/View/View.php(213): include()
 2 SYSTEMPATH/View/View.php(216): CodeIgniter\View\View->CodeIgniter\View\{closure}()
 3 SYSTEMPATH/View/View.php(431): CodeIgniter\View\View->render('home/includes/navbar_include', null, true)
 4 APPPATH/Views/home/layouts/home_layout.php(47): CodeIgniter\View\View->include('home/includes/navbar_include')
 5 SYSTEMPATH/View/View.php(213): include('APPPATH/Views/home/layouts/home_layout.php')
 6 SYSTEMPATH/View/View.php(216): CodeIgniter\View\View->CodeIgniter\View\{closure}()
 7 SYSTEMPATH/View/View.php(229): CodeIgniter\View\View->render('home/layouts/home_layout', [], true)
 8 SYSTEMPATH/Common.php(1134): CodeIgniter\View\View->render('home/pages/home_pages', [], true)
 9 APPPATH/Controllers/Home.php(15): view('home/pages/home_pages', [...])
10 SYSTEMPATH/CodeIgniter.php(927): App\Controllers\Home->index()
11 SYSTEMPATH/CodeIgniter.php(482): CodeIgniter\CodeIgniter->runController(Object(App\Controllers\Home))
12 SYSTEMPATH/CodeIgniter.php(351): CodeIgniter\CodeIgniter->handleRequest(null, Object(Config\Cache), false)
13 FCPATH/index.php(67): CodeIgniter\CodeIgniter->run()
CRITICAL - 2022-11-29 11:25:22 --> Call to undefined function logged_in()
in APPPATH/Views/home/includes/navbar_include.php on line 17.
 1 SYSTEMPATH/View/View.php(213): include()
 2 SYSTEMPATH/View/View.php(216): CodeIgniter\View\View->CodeIgniter\View\{closure}()
 3 SYSTEMPATH/View/View.php(431): CodeIgniter\View\View->render('home/includes/navbar_include', null, true)
 4 APPPATH/Views/home/layouts/home_layout.php(47): CodeIgniter\View\View->include('home/includes/navbar_include')
 5 SYSTEMPATH/View/View.php(213): include('APPPATH/Views/home/layouts/home_layout.php')
 6 SYSTEMPATH/View/View.php(216): CodeIgniter\View\View->CodeIgniter\View\{closure}()
 7 SYSTEMPATH/View/View.php(229): CodeIgniter\View\View->render('home/layouts/home_layout', [], true)
 8 SYSTEMPATH/Common.php(1134): CodeIgniter\View\View->render('home/pages/home_pages', [], true)
 9 APPPATH/Controllers/Home.php(15): view('home/pages/home_pages', [...])
10 SYSTEMPATH/CodeIgniter.php(927): App\Controllers\Home->index()
11 SYSTEMPATH/CodeIgniter.php(482): CodeIgniter\CodeIgniter->runController(Object(App\Controllers\Home))
12 SYSTEMPATH/CodeIgniter.php(351): CodeIgniter\CodeIgniter->handleRequest(null, Object(Config\Cache), false)
13 FCPATH/index.php(67): CodeIgniter\CodeIgniter->run()
CRITICAL - 2022-11-29 11:25:47 --> Call to undefined function logged_in()
in APPPATH/Views/home/includes/navbar_include.php on line 17.
 1 SYSTEMPATH/View/View.php(213): include()
 2 SYSTEMPATH/View/View.php(216): CodeIgniter\View\View->CodeIgniter\View\{closure}()
 3 SYSTEMPATH/View/View.php(431): CodeIgniter\View\View->render('home/includes/navbar_include', null, true)
 4 APPPATH/Views/home/layouts/home_layout.php(47): CodeIgniter\View\View->include('home/includes/navbar_include')
 5 SYSTEMPATH/View/View.php(213): include('APPPATH/Views/home/layouts/home_layout.php')
 6 SYSTEMPATH/View/View.php(216): CodeIgniter\View\View->CodeIgniter\View\{closure}()
 7 SYSTEMPATH/View/View.php(229): CodeIgniter\View\View->render('home/layouts/home_layout', [], true)
 8 SYSTEMPATH/Common.php(1134): CodeIgniter\View\View->render('home/pages/home_pages', [], true)
 9 APPPATH/Controllers/Home.php(15): view('home/pages/home_pages', [...])
10 SYSTEMPATH/CodeIgniter.php(927): App\Controllers\Home->index()
11 SYSTEMPATH/CodeIgniter.php(482): CodeIgniter\CodeIgniter->runController(Object(App\Controllers\Home))
12 SYSTEMPATH/CodeIgniter.php(351): CodeIgniter\CodeIgniter->handleRequest(null, Object(Config\Cache), false)
13 FCPATH/index.php(67): CodeIgniter\CodeIgniter->run()
CRITICAL - 2022-11-29 11:27:52 --> Call to undefined function logged_in()
in APPPATH/Views/home/includes/navbar_include.php on line 17.
 1 SYSTEMPATH/View/View.php(213): include()
 2 SYSTEMPATH/View/View.php(216): CodeIgniter\View\View->CodeIgniter\View\{closure}()
 3 SYSTEMPATH/View/View.php(431): CodeIgniter\View\View->render('home/includes/navbar_include', null, true)
 4 APPPATH/Views/home/layouts/home_layout.php(47): CodeIgniter\View\View->include('home/includes/navbar_include')
 5 SYSTEMPATH/View/View.php(213): include('APPPATH/Views/home/layouts/home_layout.php')
 6 SYSTEMPATH/View/View.php(216): CodeIgniter\View\View->CodeIgniter\View\{closure}()
 7 SYSTEMPATH/View/View.php(229): CodeIgniter\View\View->render('home/layouts/home_layout', [], true)
 8 SYSTEMPATH/Common.php(1134): CodeIgniter\View\View->render('home/pages/home_pages', [], true)
 9 APPPATH/Controllers/Home.php(15): view('home/pages/home_pages', [...])
10 SYSTEMPATH/CodeIgniter.php(927): App\Controllers\Home->index()
11 SYSTEMPATH/CodeIgniter.php(482): CodeIgniter\CodeIgniter->runController(Object(App\Controllers\Home))
12 SYSTEMPATH/CodeIgniter.php(351): CodeIgniter\CodeIgniter->handleRequest(null, Object(Config\Cache), false)
13 FCPATH/index.php(67): CodeIgniter\CodeIgniter->run()
CRITICAL - 2022-11-29 11:43:53 --> Class 'App\Controllers\Santri\SantriModel' not found
in APPPATH/Controllers/Santri/DashboardController.php on line 66.
 1 SYSTEMPATH/CodeIgniter.php(927): App\Controllers\Santri\DashboardController->cetakKartu('112233')
 2 SYSTEMPATH/CodeIgniter.php(482): CodeIgniter\CodeIgniter->runController(Object(App\Controllers\Santri\DashboardController))
 3 SYSTEMPATH/CodeIgniter.php(351): CodeIgniter\CodeIgniter->handleRequest(null, Object(Config\Cache), false)
 4 FCPATH/index.php(67): CodeIgniter\CodeIgniter->run()
ERROR - 2022-11-29 11:57:54 --> mysqli_sql_exception: You have an error in your SQL syntax; check the manual that corresponds to your MariaDB server version for the right syntax to use near ':0:' at line 3 in /home/sunanpan/public_html/newpsb/system/Database/MySQLi/Connection.php:292
Stack trace:
#0 /home/sunanpan/public_html/newpsb/system/Database/MySQLi/Connection.php(292): mysqli->query('SELECT *\nFROM `...', 0)
#1 /home/sunanpan/public_html/newpsb/system/Database/BaseConnection.php(666): CodeIgniter\Database\MySQLi\Connection->execute('SELECT *\nFROM `...')
#2 /home/sunanpan/public_html/newpsb/system/Database/BaseConnection.php(593): CodeIgniter\Database\BaseConnection->simpleQuery('SELECT *\nFROM `...')
#3 /home/sunanpan/public_html/newpsb/system/Database/BaseBuilder.php(1718): CodeIgniter\Database\BaseConnection->query('SELECT *\nFROM `...', Array, false)
#4 /home/sunanpan/public_html/newpsb/app/Controllers/Santri/DashboardController.php(89): CodeIgniter\Database\BaseBuilder->getWhere(Array)
#5 /home/sunanpan/public_html/newpsb/system/CodeIgniter.php(927): App\Controllers\Santri\DashboardController->cetakKartu('112233')
#6 /home/sunanpan/public_html/newpsb/system/CodeIgniter.php(482): CodeIgniter\CodeIgniter->runController(Object(App\Controllers\Santri\DashboardController))
#7 /home/sunanpan/public_html/newpsb/system/CodeIgniter.php(351): CodeIgniter\CodeIgniter->handleRequest(NULL, Object(Config\Cache), false)
#8 /home/sunanpan/public_html/newpsb/index.php(67): CodeIgniter\CodeIgniter->run()
#9 {main}
CRITICAL - 2022-11-29 11:57:54 --> Call to a member function getRow() on bool
in APPPATH/Controllers/Santri/DashboardController.php on line 89.
 1 SYSTEMPATH/CodeIgniter.php(927): App\Controllers\Santri\DashboardController->cetakKartu('112233')
 2 SYSTEMPATH/CodeIgniter.php(482): CodeIgniter\CodeIgniter->runController(Object(App\Controllers\Santri\DashboardController))
 3 SYSTEMPATH/CodeIgniter.php(351): CodeIgniter\CodeIgniter->handleRequest(null, Object(Config\Cache), false)
 4 FCPATH/index.php(67): CodeIgniter\CodeIgniter->run()
CRITICAL - 2022-11-29 11:58:39 --> basename() expects parameter 1 to be string, object given
in FCPATH/vendor/dompdf/dompdf/src/Adapter/CPDF.php on line 918.
 1 [internal function]: CodeIgniter\Debug\Exceptions->errorHandler(2, 'basename() expects parameter 1 to be string, object given', 'FCPATH/vendor/dompdf/dompdf/src/Adapter/CPDF.php', 918, [...])
 2 FCPATH/vendor/dompdf/dompdf/src/Adapter/CPDF.php(918): basename(Object(CodeIgniter\Database\MySQLi\Builder), '.pdf')
 3 FCPATH/vendor/dompdf/dompdf/src/Dompdf.php(869): Dompdf\Adapter\CPDF->stream(Object(CodeIgniter\Database\MySQLi\Builder), [...])
 4 APPPATH/Controllers/Santri/DashboardController.php(102): Dompdf\Dompdf->stream(Object(CodeIgniter\Database\MySQLi\Builder))
 5 SYSTEMPATH/CodeIgniter.php(927): App\Controllers\Santri\DashboardController->cetakKartu('112233')
 6 SYSTEMPATH/CodeIgniter.php(482): CodeIgniter\CodeIgniter->runController(Object(App\Controllers\Santri\DashboardController))
 7 SYSTEMPATH/CodeIgniter.php(351): CodeIgniter\CodeIgniter->handleRequest(null, Object(Config\Cache), false)
 8 FCPATH/index.php(67): CodeIgniter\CodeIgniter->run()
CRITICAL - 2022-11-29 11:58:44 --> basename() expects parameter 1 to be string, object given
in FCPATH/vendor/dompdf/dompdf/src/Adapter/CPDF.php on line 918.
 1 [internal function]: CodeIgniter\Debug\Exceptions->errorHandler(2, 'basename() expects parameter 1 to be string, object given', 'FCPATH/vendor/dompdf/dompdf/src/Adapter/CPDF.php', 918, [...])
 2 FCPATH/vendor/dompdf/dompdf/src/Adapter/CPDF.php(918): basename(Object(CodeIgniter\Database\MySQLi\Builder), '.pdf')
 3 FCPATH/vendor/dompdf/dompdf/src/Dompdf.php(869): Dompdf\Adapter\CPDF->stream(Object(CodeIgniter\Database\MySQLi\Builder), [...])
 4 APPPATH/Controllers/Santri/DashboardController.php(102): Dompdf\Dompdf->stream(Object(CodeIgniter\Database\MySQLi\Builder))
 5 SYSTEMPATH/CodeIgniter.php(927): App\Controllers\Santri\DashboardController->cetakKartu('112233')
 6 SYSTEMPATH/CodeIgniter.php(482): CodeIgniter\CodeIgniter->runController(Object(App\Controllers\Santri\DashboardController))
 7 SYSTEMPATH/CodeIgniter.php(351): CodeIgniter\CodeIgniter->handleRequest(null, Object(Config\Cache), false)
 8 FCPATH/index.php(67): CodeIgniter\CodeIgniter->run()
CRITICAL - 2022-11-29 11:58:47 --> basename() expects parameter 1 to be string, object given
in FCPATH/vendor/dompdf/dompdf/src/Adapter/CPDF.php on line 918.
 1 [internal function]: CodeIgniter\Debug\Exceptions->errorHandler(2, 'basename() expects parameter 1 to be string, object given', 'FCPATH/vendor/dompdf/dompdf/src/Adapter/CPDF.php', 918, [...])
 2 FCPATH/vendor/dompdf/dompdf/src/Adapter/CPDF.php(918): basename(Object(CodeIgniter\Database\MySQLi\Builder), '.pdf')
 3 FCPATH/vendor/dompdf/dompdf/src/Dompdf.php(869): Dompdf\Adapter\CPDF->stream(Object(CodeIgniter\Database\MySQLi\Builder), [...])
 4 APPPATH/Controllers/Santri/DashboardController.php(102): Dompdf\Dompdf->stream(Object(CodeIgniter\Database\MySQLi\Builder))
 5 SYSTEMPATH/CodeIgniter.php(927): App\Controllers\Santri\DashboardController->cetakKartu('112233')
 6 SYSTEMPATH/CodeIgniter.php(482): CodeIgniter\CodeIgniter->runController(Object(App\Controllers\Santri\DashboardController))
 7 SYSTEMPATH/CodeIgniter.php(351): CodeIgniter\CodeIgniter->handleRequest(null, Object(Config\Cache), false)
 8 FCPATH/index.php(67): CodeIgniter\CodeIgniter->run()
CRITICAL - 2022-11-29 12:00:32 --> basename() expects parameter 1 to be string, object given
in FCPATH/vendor/dompdf/dompdf/src/Adapter/CPDF.php on line 918.
 1 [internal function]: CodeIgniter\Debug\Exceptions->errorHandler(2, 'basename() expects parameter 1 to be string, object given', 'FCPATH/vendor/dompdf/dompdf/src/Adapter/CPDF.php', 918, [...])
 2 FCPATH/vendor/dompdf/dompdf/src/Adapter/CPDF.php(918): basename(Object(stdClass), '.pdf')
 3 FCPATH/vendor/dompdf/dompdf/src/Dompdf.php(869): Dompdf\Adapter\CPDF->stream(Object(stdClass), [...])
 4 APPPATH/Controllers/Santri/DashboardController.php(102): Dompdf\Dompdf->stream(Object(stdClass))
 5 SYSTEMPATH/CodeIgniter.php(927): App\Controllers\Santri\DashboardController->cetakKartu('112233')
 6 SYSTEMPATH/CodeIgniter.php(482): CodeIgniter\CodeIgniter->runController(Object(App\Controllers\Santri\DashboardController))
 7 SYSTEMPATH/CodeIgniter.php(351): CodeIgniter\CodeIgniter->handleRequest(null, Object(Config\Cache), false)
 8 FCPATH/index.php(67): CodeIgniter\CodeIgniter->run()
CRITICAL - 2022-11-29 12:00:35 --> basename() expects parameter 1 to be string, object given
in FCPATH/vendor/dompdf/dompdf/src/Adapter/CPDF.php on line 918.
 1 [internal function]: CodeIgniter\Debug\Exceptions->errorHandler(2, 'basename() expects parameter 1 to be string, object given', 'FCPATH/vendor/dompdf/dompdf/src/Adapter/CPDF.php', 918, [...])
 2 FCPATH/vendor/dompdf/dompdf/src/Adapter/CPDF.php(918): basename(Object(stdClass), '.pdf')
 3 FCPATH/vendor/dompdf/dompdf/src/Dompdf.php(869): Dompdf\Adapter\CPDF->stream(Object(stdClass), [...])
 4 APPPATH/Controllers/Santri/DashboardController.php(102): Dompdf\Dompdf->stream(Object(stdClass))
 5 SYSTEMPATH/CodeIgniter.php(927): App\Controllers\Santri\DashboardController->cetakKartu('112233')
 6 SYSTEMPATH/CodeIgniter.php(482): CodeIgniter\CodeIgniter->runController(Object(App\Controllers\Santri\DashboardController))
 7 SYSTEMPATH/CodeIgniter.php(351): CodeIgniter\CodeIgniter->handleRequest(null, Object(Config\Cache), false)
 8 FCPATH/index.php(67): CodeIgniter\CodeIgniter->run()
CRITICAL - 2022-11-29 12:01:22 --> Object of class stdClass could not be converted to string
in APPPATH/Controllers/Santri/DashboardController.php on line 102.
 1 SYSTEMPATH/CodeIgniter.php(927): App\Controllers\Santri\DashboardController->cetakKartu('112233')
 2 SYSTEMPATH/CodeIgniter.php(482): CodeIgniter\CodeIgniter->runController(Object(App\Controllers\Santri\DashboardController))
 3 SYSTEMPATH/CodeIgniter.php(351): CodeIgniter\CodeIgniter->handleRequest(null, Object(Config\Cache), false)
 4 FCPATH/index.php(67): CodeIgniter\CodeIgniter->run()
CRITICAL - 2022-11-29 12:01:43 --> Object of class stdClass could not be converted to string
in APPPATH/Controllers/Santri/DashboardController.php on line 102.
 1 SYSTEMPATH/CodeIgniter.php(927): App\Controllers\Santri\DashboardController->cetakKartu('112233')
 2 SYSTEMPATH/CodeIgniter.php(482): CodeIgniter\CodeIgniter->runController(Object(App\Controllers\Santri\DashboardController))
 3 SYSTEMPATH/CodeIgniter.php(351): CodeIgniter\CodeIgniter->handleRequest(null, Object(Config\Cache), false)
 4 FCPATH/index.php(67): CodeIgniter\CodeIgniter->run()
ERROR - 2022-11-29 18:39:16 --> mysqli_sql_exception: You have an error in your SQL syntax; check the manual that corresponds to your MariaDB server version for the right syntax to use near '>username AND sd.ref_kecamatan_id = rc.id AND sd.nik = 112233' at line 1 in /home/sunanpan/public_html/newpsb/system/Database/MySQLi/Connection.php:292
Stack trace:
#0 /home/sunanpan/public_html/newpsb/system/Database/MySQLi/Connection.php(292): mysqli->query('SELECT st.*, sd...', 0)
#1 /home/sunanpan/public_html/newpsb/system/Database/BaseConnection.php(666): CodeIgniter\Database\MySQLi\Connection->execute('SELECT st.*, sd...')
#2 /home/sunanpan/public_html/newpsb/system/Database/BaseConnection.php(593): CodeIgniter\Database\BaseConnection->simpleQuery('SELECT st.*, sd...')
#3 /home/sunanpan/public_html/newpsb/app/Controllers/Santri/DashboardController.php(29): CodeIgniter\Database\BaseConnection->query('SELECT st.*, sd...')
#4 /home/sunanpan/public_html/newpsb/system/CodeIgniter.php(927): App\Controllers\Santri\DashboardController->index()
#5 /home/sunanpan/public_html/newpsb/system/CodeIgniter.php(482): CodeIgniter\CodeIgniter->runController(Object(App\Controllers\Santri\DashboardController))
#6 /home/sunanpan/public_html/newpsb/system/CodeIgniter.php(351): CodeIgniter\CodeIgniter->handleRequest(NULL, Object(Config\Cache), false)
#7 /home/sunanpan/public_html/newpsb/index.php(67): CodeIgniter\CodeIgniter->run()
#8 {main}
CRITICAL - 2022-11-29 18:39:16 --> Call to a member function getRow() on bool
in APPPATH/Controllers/Santri/DashboardController.php on line 29.
 1 SYSTEMPATH/CodeIgniter.php(927): App\Controllers\Santri\DashboardController->index()
 2 SYSTEMPATH/CodeIgniter.php(482): CodeIgniter\CodeIgniter->runController(Object(App\Controllers\Santri\DashboardController))
 3 SYSTEMPATH/CodeIgniter.php(351): CodeIgniter\CodeIgniter->handleRequest(null, Object(Config\Cache), false)
 4 FCPATH/index.php(67): CodeIgniter\CodeIgniter->run()
CRITICAL - 2022-11-29 19:18:13 --> Call to a member function hasError() on null
in APPPATH/Views/santri/pages/setting.php on line 102.
 1 SYSTEMPATH/View/View.php(213): include()
 2 SYSTEMPATH/View/View.php(216): CodeIgniter\View\View->CodeIgniter\View\{closure}()
 3 SYSTEMPATH/Common.php(1134): CodeIgniter\View\View->render('santri/pages/setting', [], true)
 4 APPPATH/Controllers/Santri/SettingController.php(28): view('santri/pages/setting', [...])
 5 SYSTEMPATH/CodeIgniter.php(927): App\Controllers\Santri\SettingController->index()
 6 SYSTEMPATH/CodeIgniter.php(482): CodeIgniter\CodeIgniter->runController(Object(App\Controllers\Santri\SettingController))
 7 SYSTEMPATH/CodeIgniter.php(351): CodeIgniter\CodeIgniter->handleRequest(null, Object(Config\Cache), false)
 8 FCPATH/index.php(67): CodeIgniter\CodeIgniter->run()
CRITICAL - 2022-11-29 19:20:53 --> Call to a member function getError() on null
in APPPATH/Views/santri/pages/setting.php on line 127.
 1 SYSTEMPATH/View/View.php(213): include()
 2 SYSTEMPATH/View/View.php(216): CodeIgniter\View\View->CodeIgniter\View\{closure}()
 3 SYSTEMPATH/Common.php(1134): CodeIgniter\View\View->render('santri/pages/setting', [], true)
 4 APPPATH/Controllers/Santri/SettingController.php(28): view('santri/pages/setting', [...])
 5 SYSTEMPATH/CodeIgniter.php(927): App\Controllers\Santri\SettingController->index()
 6 SYSTEMPATH/CodeIgniter.php(482): CodeIgniter\CodeIgniter->runController(Object(App\Controllers\Santri\SettingController))
 7 SYSTEMPATH/CodeIgniter.php(351): CodeIgniter\CodeIgniter->handleRequest(null, Object(Config\Cache), false)
 8 FCPATH/index.php(67): CodeIgniter\CodeIgniter->run()
CRITICAL - 2022-11-29 19:21:39 --> Invalid argument supplied for foreach()
in APPPATH/Views/santri/pages/setting.php on line 148.
 1 APPPATH/Views/santri/pages/setting.php(148): CodeIgniter\Debug\Exceptions->errorHandler(2, 'Invalid argument supplied for foreach()', 'APPPATH/Views/santri/pages/setting.php', 148, [...])
 2 SYSTEMPATH/View/View.php(213): include('APPPATH/Views/santri/pages/setting.php')
 3 SYSTEMPATH/View/View.php(216): CodeIgniter\View\View->CodeIgniter\View\{closure}()
 4 SYSTEMPATH/Common.php(1134): CodeIgniter\View\View->render('santri/pages/setting', [], true)
 5 APPPATH/Controllers/Santri/SettingController.php(28): view('santri/pages/setting', [...])
 6 SYSTEMPATH/CodeIgniter.php(927): App\Controllers\Santri\SettingController->index()
 7 SYSTEMPATH/CodeIgniter.php(482): CodeIgniter\CodeIgniter->runController(Object(App\Controllers\Santri\SettingController))
 8 SYSTEMPATH/CodeIgniter.php(351): CodeIgniter\CodeIgniter->handleRequest(null, Object(Config\Cache), false)
 9 FCPATH/index.php(67): CodeIgniter\CodeIgniter->run()
CRITICAL - 2022-11-29 19:22:43 --> Call to a member function getError() on null
in APPPATH/Views/santri/pages/setting.php on line 340.
 1 SYSTEMPATH/View/View.php(213): include()
 2 SYSTEMPATH/View/View.php(216): CodeIgniter\View\View->CodeIgniter\View\{closure}()
 3 SYSTEMPATH/Common.php(1134): CodeIgniter\View\View->render('santri/pages/setting', [], true)
 4 APPPATH/Controllers/Santri/SettingController.php(28): view('santri/pages/setting', [...])
 5 SYSTEMPATH/CodeIgniter.php(927): App\Controllers\Santri\SettingController->index()
 6 SYSTEMPATH/CodeIgniter.php(482): CodeIgniter\CodeIgniter->runController(Object(App\Controllers\Santri\SettingController))
 7 SYSTEMPATH/CodeIgniter.php(351): CodeIgniter\CodeIgniter->handleRequest(null, Object(Config\Cache), false)
 8 FCPATH/index.php(67): CodeIgniter\CodeIgniter->run()
CRITICAL - 2022-11-29 19:59:07 --> Object of class stdClass could not be converted to string
in APPPATH/Views/santri/layouts/index.php on line 62.
 1 SYSTEMPATH/View/View.php(213): include()
 2 SYSTEMPATH/View/View.php(216): CodeIgniter\View\View->CodeIgniter\View\{closure}()
 3 SYSTEMPATH/View/View.php(229): CodeIgniter\View\View->render('santri/layouts/index', [], true)
 4 SYSTEMPATH/Common.php(1134): CodeIgniter\View\View->render('santri/pages/setting', [], true)
 5 APPPATH/Controllers/Santri/SettingController.php(44): view('santri/pages/setting', [...])
 6 SYSTEMPATH/CodeIgniter.php(927): App\Controllers\Santri\SettingController->index()
 7 SYSTEMPATH/CodeIgniter.php(482): CodeIgniter\CodeIgniter->runController(Object(App\Controllers\Santri\SettingController))
 8 SYSTEMPATH/CodeIgniter.php(351): CodeIgniter\CodeIgniter->handleRequest(null, Object(Config\Cache), false)
 9 FCPATH/index.php(67): CodeIgniter\CodeIgniter->run()
CRITICAL - 2022-11-29 19:59:15 --> Object of class stdClass could not be converted to string
in APPPATH/Views/santri/layouts/index.php on line 62.
 1 SYSTEMPATH/View/View.php(213): include()
 2 SYSTEMPATH/View/View.php(216): CodeIgniter\View\View->CodeIgniter\View\{closure}()
 3 SYSTEMPATH/View/View.php(229): CodeIgniter\View\View->render('santri/layouts/index', [], true)
 4 SYSTEMPATH/Common.php(1134): CodeIgniter\View\View->render('santri/pages/setting', [], true)
 5 APPPATH/Controllers/Santri/SettingController.php(44): view('santri/pages/setting', [...])
 6 SYSTEMPATH/CodeIgniter.php(927): App\Controllers\Santri\SettingController->index()
 7 SYSTEMPATH/CodeIgniter.php(482): CodeIgniter\CodeIgniter->runController(Object(App\Controllers\Santri\SettingController))
 8 SYSTEMPATH/CodeIgniter.php(351): CodeIgniter\CodeIgniter->handleRequest(null, Object(Config\Cache), false)
 9 FCPATH/index.php(67): CodeIgniter\CodeIgniter->run()
CRITICAL - 2022-11-29 19:59:18 --> Object of class stdClass could not be converted to string
in APPPATH/Views/santri/layouts/index.php on line 62.
 1 SYSTEMPATH/View/View.php(213): include()
 2 SYSTEMPATH/View/View.php(216): CodeIgniter\View\View->CodeIgniter\View\{closure}()
 3 SYSTEMPATH/View/View.php(229): CodeIgniter\View\View->render('santri/layouts/index', [], true)
 4 SYSTEMPATH/Common.php(1134): CodeIgniter\View\View->render('santri/pages/setting', [], true)
 5 APPPATH/Controllers/Santri/SettingController.php(44): view('santri/pages/setting', [...])
 6 SYSTEMPATH/CodeIgniter.php(927): App\Controllers\Santri\SettingController->index()
 7 SYSTEMPATH/CodeIgniter.php(482): CodeIgniter\CodeIgniter->runController(Object(App\Controllers\Santri\SettingController))
 8 SYSTEMPATH/CodeIgniter.php(351): CodeIgniter\CodeIgniter->handleRequest(null, Object(Config\Cache), false)
 9 FCPATH/index.php(67): CodeIgniter\CodeIgniter->run()
CRITICAL - 2022-11-29 19:59:49 --> Object of class stdClass could not be converted to string
in APPPATH/Views/santri/layouts/index.php on line 62.
 1 SYSTEMPATH/View/View.php(213): include()
 2 SYSTEMPATH/View/View.php(216): CodeIgniter\View\View->CodeIgniter\View\{closure}()
 3 SYSTEMPATH/View/View.php(229): CodeIgniter\View\View->render('santri/layouts/index', [], true)
 4 SYSTEMPATH/Common.php(1134): CodeIgniter\View\View->render('santri/pages/setting', [], true)
 5 APPPATH/Controllers/Santri/SettingController.php(44): view('santri/pages/setting', [...])
 6 SYSTEMPATH/CodeIgniter.php(927): App\Controllers\Santri\SettingController->index()
 7 SYSTEMPATH/CodeIgniter.php(482): CodeIgniter\CodeIgniter->runController(Object(App\Controllers\Santri\SettingController))
 8 SYSTEMPATH/CodeIgniter.php(351): CodeIgniter\CodeIgniter->handleRequest(null, Object(Config\Cache), false)
 9 FCPATH/index.php(67): CodeIgniter\CodeIgniter->run()
CRITICAL - 2022-11-29 20:00:24 --> Object of class stdClass could not be converted to string
in APPPATH/Views/santri/layouts/index.php on line 62.
 1 SYSTEMPATH/View/View.php(213): include()
 2 SYSTEMPATH/View/View.php(216): CodeIgniter\View\View->CodeIgniter\View\{closure}()
 3 SYSTEMPATH/View/View.php(229): CodeIgniter\View\View->render('santri/layouts/index', [], true)
 4 SYSTEMPATH/Common.php(1134): CodeIgniter\View\View->render('santri/pages/setting', [], true)
 5 APPPATH/Controllers/Santri/SettingController.php(44): view('santri/pages/setting', [...])
 6 SYSTEMPATH/CodeIgniter.php(927): App\Controllers\Santri\SettingController->index()
 7 SYSTEMPATH/CodeIgniter.php(482): CodeIgniter\CodeIgniter->runController(Object(App\Controllers\Santri\SettingController))
 8 SYSTEMPATH/CodeIgniter.php(351): CodeIgniter\CodeIgniter->handleRequest(null, Object(Config\Cache), false)
 9 FCPATH/index.php(67): CodeIgniter\CodeIgniter->run()
CRITICAL - 2022-11-29 20:00:51 --> Object of class stdClass could not be converted to string
in APPPATH/Views/santri/layouts/index.php on line 62.
 1 SYSTEMPATH/View/View.php(213): include()
 2 SYSTEMPATH/View/View.php(216): CodeIgniter\View\View->CodeIgniter\View\{closure}()
 3 SYSTEMPATH/View/View.php(229): CodeIgniter\View\View->render('santri/layouts/index', [], true)
 4 SYSTEMPATH/Common.php(1134): CodeIgniter\View\View->render('santri/pages/setting', [], true)
 5 APPPATH/Controllers/Santri/SettingController.php(44): view('santri/pages/setting', [...])
 6 SYSTEMPATH/CodeIgniter.php(927): App\Controllers\Santri\SettingController->index()
 7 SYSTEMPATH/CodeIgniter.php(482): CodeIgniter\CodeIgniter->runController(Object(App\Controllers\Santri\SettingController))
 8 SYSTEMPATH/CodeIgniter.php(351): CodeIgniter\CodeIgniter->handleRequest(null, Object(Config\Cache), false)
 9 FCPATH/index.php(67): CodeIgniter\CodeIgniter->run()
CRITICAL - 2022-11-29 20:01:28 --> Object of class stdClass could not be converted to string
in APPPATH/Views/santri/layouts/index.php on line 62.
 1 SYSTEMPATH/View/View.php(213): include()
 2 SYSTEMPATH/View/View.php(216): CodeIgniter\View\View->CodeIgniter\View\{closure}()
 3 SYSTEMPATH/View/View.php(229): CodeIgniter\View\View->render('santri/layouts/index', [], true)
 4 SYSTEMPATH/Common.php(1134): CodeIgniter\View\View->render('santri/pages/setting', [], true)
 5 APPPATH/Controllers/Santri/SettingController.php(44): view('santri/pages/setting', [...])
 6 SYSTEMPATH/CodeIgniter.php(927): App\Controllers\Santri\SettingController->index()
 7 SYSTEMPATH/CodeIgniter.php(482): CodeIgniter\CodeIgniter->runController(Object(App\Controllers\Santri\SettingController))
 8 SYSTEMPATH/CodeIgniter.php(351): CodeIgniter\CodeIgniter->handleRequest(null, Object(Config\Cache), false)
 9 FCPATH/index.php(67): CodeIgniter\CodeIgniter->run()
CRITICAL - 2022-11-29 20:02:17 --> Object of class stdClass could not be converted to string
in APPPATH/Views/santri/layouts/index.php on line 62.
 1 SYSTEMPATH/View/View.php(213): include()
 2 SYSTEMPATH/View/View.php(216): CodeIgniter\View\View->CodeIgniter\View\{closure}()
 3 SYSTEMPATH/View/View.php(229): CodeIgniter\View\View->render('santri/layouts/index', [], true)
 4 SYSTEMPATH/Common.php(1134): CodeIgniter\View\View->render('santri/pages/setting', [], true)
 5 APPPATH/Controllers/Santri/SettingController.php(44): view('santri/pages/setting', [...])
 6 SYSTEMPATH/CodeIgniter.php(927): App\Controllers\Santri\SettingController->index()
 7 SYSTEMPATH/CodeIgniter.php(482): CodeIgniter\CodeIgniter->runController(Object(App\Controllers\Santri\SettingController))
 8 SYSTEMPATH/CodeIgniter.php(351): CodeIgniter\CodeIgniter->handleRequest(null, Object(Config\Cache), false)
 9 FCPATH/index.php(67): CodeIgniter\CodeIgniter->run()
CRITICAL - 2022-11-29 20:03:39 --> Object of class stdClass could not be converted to string
in APPPATH/Views/santri/layouts/index.php on line 62.
 1 SYSTEMPATH/View/View.php(213): include()
 2 SYSTEMPATH/View/View.php(216): CodeIgniter\View\View->CodeIgniter\View\{closure}()
 3 SYSTEMPATH/View/View.php(229): CodeIgniter\View\View->render('santri/layouts/index', [], true)
 4 SYSTEMPATH/Common.php(1134): CodeIgniter\View\View->render('santri/pages/setting', [], true)
 5 APPPATH/Controllers/Santri/SettingController.php(44): view('santri/pages/setting', [...])
 6 SYSTEMPATH/CodeIgniter.php(927): App\Controllers\Santri\SettingController->index()
 7 SYSTEMPATH/CodeIgniter.php(482): CodeIgniter\CodeIgniter->runController(Object(App\Controllers\Santri\SettingController))
 8 SYSTEMPATH/CodeIgniter.php(351): CodeIgniter\CodeIgniter->handleRequest(null, Object(Config\Cache), false)
 9 FCPATH/index.php(67): CodeIgniter\CodeIgniter->run()
CRITICAL - 2022-11-29 20:06:16 --> Object of class stdClass could not be converted to string
in APPPATH/Views/santri/layouts/index.php on line 62.
 1 SYSTEMPATH/View/View.php(213): include()
 2 SYSTEMPATH/View/View.php(216): CodeIgniter\View\View->CodeIgniter\View\{closure}()
 3 SYSTEMPATH/View/View.php(229): CodeIgniter\View\View->render('santri/layouts/index', [], true)
 4 SYSTEMPATH/Common.php(1134): CodeIgniter\View\View->render('santri/pages/setting', [], true)
 5 APPPATH/Controllers/Santri/SettingController.php(42): view('santri/pages/setting', [...])
 6 SYSTEMPATH/CodeIgniter.php(927): App\Controllers\Santri\SettingController->index()
 7 SYSTEMPATH/CodeIgniter.php(482): CodeIgniter\CodeIgniter->runController(Object(App\Controllers\Santri\SettingController))
 8 SYSTEMPATH/CodeIgniter.php(351): CodeIgniter\CodeIgniter->handleRequest(null, Object(Config\Cache), false)
 9 FCPATH/index.php(67): CodeIgniter\CodeIgniter->run()
CRITICAL - 2022-11-29 20:07:08 --> Object of class stdClass could not be converted to string
in APPPATH/Views/santri/layouts/index.php on line 62.
 1 SYSTEMPATH/View/View.php(213): include()
 2 SYSTEMPATH/View/View.php(216): CodeIgniter\View\View->CodeIgniter\View\{closure}()
 3 SYSTEMPATH/View/View.php(229): CodeIgniter\View\View->render('santri/layouts/index', [], true)
 4 SYSTEMPATH/Common.php(1134): CodeIgniter\View\View->render('santri/pages/setting', [], true)
 5 APPPATH/Controllers/Santri/SettingController.php(42): view('santri/pages/setting', [...])
 6 SYSTEMPATH/CodeIgniter.php(927): App\Controllers\Santri\SettingController->index()
 7 SYSTEMPATH/CodeIgniter.php(482): CodeIgniter\CodeIgniter->runController(Object(App\Controllers\Santri\SettingController))
 8 SYSTEMPATH/CodeIgniter.php(351): CodeIgniter\CodeIgniter->handleRequest(null, Object(Config\Cache), false)
 9 FCPATH/index.php(67): CodeIgniter\CodeIgniter->run()
CRITICAL - 2022-11-29 20:08:04 --> Object of class stdClass could not be converted to string
in APPPATH/Views/santri/layouts/index.php on line 62.
 1 SYSTEMPATH/View/View.php(213): include()
 2 SYSTEMPATH/View/View.php(216): CodeIgniter\View\View->CodeIgniter\View\{closure}()
 3 SYSTEMPATH/View/View.php(229): CodeIgniter\View\View->render('santri/layouts/index', [], true)
 4 SYSTEMPATH/Common.php(1134): CodeIgniter\View\View->render('santri/pages/setting', [], true)
 5 APPPATH/Controllers/Santri/SettingController.php(42): view('santri/pages/setting', [...])
 6 SYSTEMPATH/CodeIgniter.php(927): App\Controllers\Santri\SettingController->index()
 7 SYSTEMPATH/CodeIgniter.php(482): CodeIgniter\CodeIgniter->runController(Object(App\Controllers\Santri\SettingController))
 8 SYSTEMPATH/CodeIgniter.php(351): CodeIgniter\CodeIgniter->handleRequest(null, Object(Config\Cache), false)
 9 FCPATH/index.php(67): CodeIgniter\CodeIgniter->run()
CRITICAL - 2022-11-29 20:08:06 --> Object of class stdClass could not be converted to string
in APPPATH/Views/santri/layouts/index.php on line 62.
 1 SYSTEMPATH/View/View.php(213): include()
 2 SYSTEMPATH/View/View.php(216): CodeIgniter\View\View->CodeIgniter\View\{closure}()
 3 SYSTEMPATH/View/View.php(229): CodeIgniter\View\View->render('santri/layouts/index', [], true)
 4 SYSTEMPATH/Common.php(1134): CodeIgniter\View\View->render('santri/pages/setting', [], true)
 5 APPPATH/Controllers/Santri/SettingController.php(42): view('santri/pages/setting', [...])
 6 SYSTEMPATH/CodeIgniter.php(927): App\Controllers\Santri\SettingController->index()
 7 SYSTEMPATH/CodeIgniter.php(482): CodeIgniter\CodeIgniter->runController(Object(App\Controllers\Santri\SettingController))
 8 SYSTEMPATH/CodeIgniter.php(351): CodeIgniter\CodeIgniter->handleRequest(null, Object(Config\Cache), false)
 9 FCPATH/index.php(67): CodeIgniter\CodeIgniter->run()
CRITICAL - 2022-11-29 20:09:02 --> Object of class stdClass could not be converted to string
in APPPATH/Views/santri/layouts/index.php on line 60.
 1 SYSTEMPATH/View/View.php(213): include()
 2 SYSTEMPATH/View/View.php(216): CodeIgniter\View\View->CodeIgniter\View\{closure}()
 3 SYSTEMPATH/View/View.php(229): CodeIgniter\View\View->render('santri/layouts/index', [], true)
 4 SYSTEMPATH/Common.php(1134): CodeIgniter\View\View->render('santri/pages/setting', [], true)
 5 APPPATH/Controllers/Santri/SettingController.php(42): view('santri/pages/setting', [...])
 6 SYSTEMPATH/CodeIgniter.php(927): App\Controllers\Santri\SettingController->index()
 7 SYSTEMPATH/CodeIgniter.php(482): CodeIgniter\CodeIgniter->runController(Object(App\Controllers\Santri\SettingController))
 8 SYSTEMPATH/CodeIgniter.php(351): CodeIgniter\CodeIgniter->handleRequest(null, Object(Config\Cache), false)
 9 FCPATH/index.php(67): CodeIgniter\CodeIgniter->run()
CRITICAL - 2022-11-29 20:10:16 --> Object of class stdClass could not be converted to string
in APPPATH/Views/santri/layouts/index.php on line 60.
 1 SYSTEMPATH/View/View.php(213): include()
 2 SYSTEMPATH/View/View.php(216): CodeIgniter\View\View->CodeIgniter\View\{closure}()
 3 SYSTEMPATH/View/View.php(229): CodeIgniter\View\View->render('santri/layouts/index', [], true)
 4 SYSTEMPATH/Common.php(1134): CodeIgniter\View\View->render('santri/pages/setting', [], true)
 5 APPPATH/Controllers/Santri/SettingController.php(42): view('santri/pages/setting', [...])
 6 SYSTEMPATH/CodeIgniter.php(927): App\Controllers\Santri\SettingController->index()
 7 SYSTEMPATH/CodeIgniter.php(482): CodeIgniter\CodeIgniter->runController(Object(App\Controllers\Santri\SettingController))
 8 SYSTEMPATH/CodeIgniter.php(351): CodeIgniter\CodeIgniter->handleRequest(null, Object(Config\Cache), false)
 9 FCPATH/index.php(67): CodeIgniter\CodeIgniter->run()
CRITICAL - 2022-11-29 20:13:13 --> Object of class stdClass could not be converted to string
in APPPATH/Views/santri/layouts/index.php on line 60.
 1 SYSTEMPATH/View/View.php(213): include()
 2 SYSTEMPATH/View/View.php(216): CodeIgniter\View\View->CodeIgniter\View\{closure}()
 3 SYSTEMPATH/View/View.php(229): CodeIgniter\View\View->render('santri/layouts/index', [], true)
 4 SYSTEMPATH/Common.php(1134): CodeIgniter\View\View->render('santri/pages/setting', [], true)
 5 APPPATH/Controllers/Santri/SettingController.php(42): view('santri/pages/setting', [...])
 6 SYSTEMPATH/CodeIgniter.php(927): App\Controllers\Santri\SettingController->index()
 7 SYSTEMPATH/CodeIgniter.php(482): CodeIgniter\CodeIgniter->runController(Object(App\Controllers\Santri\SettingController))
 8 SYSTEMPATH/CodeIgniter.php(351): CodeIgniter\CodeIgniter->handleRequest(null, Object(Config\Cache), false)
 9 FCPATH/index.php(67): CodeIgniter\CodeIgniter->run()
CRITICAL - 2022-11-29 20:14:26 --> Object of class stdClass could not be converted to string
in APPPATH/Views/santri/layouts/index.php on line 60.
 1 SYSTEMPATH/View/View.php(213): include()
 2 SYSTEMPATH/View/View.php(216): CodeIgniter\View\View->CodeIgniter\View\{closure}()
 3 SYSTEMPATH/View/View.php(229): CodeIgniter\View\View->render('santri/layouts/index', [], true)
 4 SYSTEMPATH/Common.php(1134): CodeIgniter\View\View->render('santri/pages/setting', [], true)
 5 APPPATH/Controllers/Santri/SettingController.php(42): view('santri/pages/setting', [...])
 6 SYSTEMPATH/CodeIgniter.php(927): App\Controllers\Santri\SettingController->index()
 7 SYSTEMPATH/CodeIgniter.php(482): CodeIgniter\CodeIgniter->runController(Object(App\Controllers\Santri\SettingController))
 8 SYSTEMPATH/CodeIgniter.php(351): CodeIgniter\CodeIgniter->handleRequest(null, Object(Config\Cache), false)
 9 FCPATH/index.php(67): CodeIgniter\CodeIgniter->run()
CRITICAL - 2022-11-29 20:14:32 --> Object of class stdClass could not be converted to string
in APPPATH/Views/santri/layouts/index.php on line 60.
 1 SYSTEMPATH/View/View.php(213): include()
 2 SYSTEMPATH/View/View.php(216): CodeIgniter\View\View->CodeIgniter\View\{closure}()
 3 SYSTEMPATH/View/View.php(229): CodeIgniter\View\View->render('santri/layouts/index', [], true)
 4 SYSTEMPATH/Common.php(1134): CodeIgniter\View\View->render('santri/pages/setting', [], true)
 5 APPPATH/Controllers/Santri/SettingController.php(42): view('santri/pages/setting', [...])
 6 SYSTEMPATH/CodeIgniter.php(927): App\Controllers\Santri\SettingController->index()
 7 SYSTEMPATH/CodeIgniter.php(482): CodeIgniter\CodeIgniter->runController(Object(App\Controllers\Santri\SettingController))
 8 SYSTEMPATH/CodeIgniter.php(351): CodeIgniter\CodeIgniter->handleRequest(null, Object(Config\Cache), false)
 9 FCPATH/index.php(67): CodeIgniter\CodeIgniter->run()
CRITICAL - 2022-11-29 20:15:27 --> Object of class stdClass could not be converted to string
in APPPATH/Views/santri/layouts/index.php on line 60.
 1 SYSTEMPATH/View/View.php(213): include()
 2 SYSTEMPATH/View/View.php(216): CodeIgniter\View\View->CodeIgniter\View\{closure}()
 3 SYSTEMPATH/View/View.php(229): CodeIgniter\View\View->render('santri/layouts/index', [], true)
 4 SYSTEMPATH/Common.php(1134): CodeIgniter\View\View->render('santri/pages/setting', [], true)
 5 APPPATH/Controllers/Santri/SettingController.php(42): view('santri/pages/setting', [...])
 6 SYSTEMPATH/CodeIgniter.php(927): App\Controllers\Santri\SettingController->index()
 7 SYSTEMPATH/CodeIgniter.php(482): CodeIgniter\CodeIgniter->runController(Object(App\Controllers\Santri\SettingController))
 8 SYSTEMPATH/CodeIgniter.php(351): CodeIgniter\CodeIgniter->handleRequest(null, Object(Config\Cache), false)
 9 FCPATH/index.php(67): CodeIgniter\CodeIgniter->run()
CRITICAL - 2022-11-29 20:22:31 --> Invalid file: admin/santri/daftarkan_santri.php
in SYSTEMPATH/Exceptions/FrameworkException.php on line 33.
 1 SYSTEMPATH/View/View.php(201): CodeIgniter\Exceptions\FrameworkException::forInvalidFile('admin/santri/daftarkan_santri.php')
 2 SYSTEMPATH/Common.php(1134): CodeIgniter\View\View->render('admin/santri/daftarkan_santri', [], true)
 3 APPPATH/Controllers/Admin/SantriController.php(17): view('admin/santri/daftarkan_santri', [...])
 4 SYSTEMPATH/CodeIgniter.php(927): App\Controllers\Admin\SantriController->daftarkanSantri()
 5 SYSTEMPATH/CodeIgniter.php(482): CodeIgniter\CodeIgniter->runController(Object(App\Controllers\Admin\SantriController))
 6 SYSTEMPATH/CodeIgniter.php(351): CodeIgniter\CodeIgniter->handleRequest(null, Object(Config\Cache), false)
 7 FCPATH/index.php(67): CodeIgniter\CodeIgniter->run()
CRITICAL - 2022-11-29 20:41:54 --> Invalid file: admin/santri/tahaptes_MTs.php
in SYSTEMPATH/Exceptions/FrameworkException.php on line 33.
 1 SYSTEMPATH/View/View.php(201): CodeIgniter\Exceptions\FrameworkException::forInvalidFile('admin/santri/tahaptes_MTs.php')
 2 SYSTEMPATH/Common.php(1134): CodeIgniter\View\View->render('admin/santri/tahaptes_MTs', [], true)
 3 APPPATH/Controllers/Admin/SantriController.php(67): view('admin/santri/tahaptes_MTs', [...])
 4 SYSTEMPATH/CodeIgniter.php(927): App\Controllers\Admin\SantriController->tahaptes('MTs')
 5 SYSTEMPATH/CodeIgniter.php(482): CodeIgniter\CodeIgniter->runController(Object(App\Controllers\Admin\SantriController))
 6 SYSTEMPATH/CodeIgniter.php(351): CodeIgniter\CodeIgniter->handleRequest(null, Object(Config\Cache), false)
 7 FCPATH/index.php(67): CodeIgniter\CodeIgniter->run()
CRITICAL - 2022-11-29 20:44:32 --> Invalid file: admin/santri/tahaptes_MTs.php
in SYSTEMPATH/Exceptions/FrameworkException.php on line 33.
 1 SYSTEMPATH/View/View.php(201): CodeIgniter\Exceptions\FrameworkException::forInvalidFile('admin/santri/tahaptes_MTs.php')
 2 SYSTEMPATH/Common.php(1134): CodeIgniter\View\View->render('admin/santri/tahaptes_MTs', [], true)
 3 APPPATH/Controllers/Admin/SantriController.php(78): view('admin/santri/tahaptes_MTs', [...])
 4 SYSTEMPATH/CodeIgniter.php(927): App\Controllers\Admin\SantriController->tahaptes('MTs')
 5 SYSTEMPATH/CodeIgniter.php(482): CodeIgniter\CodeIgniter->runController(Object(App\Controllers\Admin\SantriController))
 6 SYSTEMPATH/CodeIgniter.php(351): CodeIgniter\CodeIgniter->handleRequest(null, Object(Config\Cache), false)
 7 FCPATH/index.php(67): CodeIgniter\CodeIgniter->run()
CRITICAL - 2022-11-29 20:44:34 --> Invalid file: admin/santri/tahaptes_MTs.php
in SYSTEMPATH/Exceptions/FrameworkException.php on line 33.
 1 SYSTEMPATH/View/View.php(201): CodeIgniter\Exceptions\FrameworkException::forInvalidFile('admin/santri/tahaptes_MTs.php')
 2 SYSTEMPATH/Common.php(1134): CodeIgniter\View\View->render('admin/santri/tahaptes_MTs', [], true)
 3 APPPATH/Controllers/Admin/SantriController.php(78): view('admin/santri/tahaptes_MTs', [...])
 4 SYSTEMPATH/CodeIgniter.php(927): App\Controllers\Admin\SantriController->tahaptes('MTs')
 5 SYSTEMPATH/CodeIgniter.php(482): CodeIgniter\CodeIgniter->runController(Object(App\Controllers\Admin\SantriController))
 6 SYSTEMPATH/CodeIgniter.php(351): CodeIgniter\CodeIgniter->handleRequest(null, Object(Config\Cache), false)
 7 FCPATH/index.php(67): CodeIgniter\CodeIgniter->run()
CRITICAL - 2022-11-29 21:14:33 --> Too few arguments to function App\Controllers\Santri\DashboardController::cetakKartu(), 0 passed in /home/sunanpan/public_html/newpsb/system/CodeIgniter.php on line 927 and exactly 1 expected
in APPPATH/Controllers/Santri/DashboardController.php on line 63.
 1 SYSTEMPATH/CodeIgniter.php(927): App\Controllers\Santri\DashboardController->cetakKartu()
 2 SYSTEMPATH/CodeIgniter.php(482): CodeIgniter\CodeIgniter->runController(Object(App\Controllers\Santri\DashboardController))
 3 SYSTEMPATH/CodeIgniter.php(351): CodeIgniter\CodeIgniter->handleRequest(null, Object(Config\Cache), false)
 4 FCPATH/index.php(67): CodeIgniter\CodeIgniter->run()
CRITICAL - 2022-11-29 21:26:39 --> Invalid file: admin/santri/pembayaran_MTs.php
in SYSTEMPATH/Exceptions/FrameworkException.php on line 33.
 1 SYSTEMPATH/View/View.php(201): CodeIgniter\Exceptions\FrameworkException::forInvalidFile('admin/santri/pembayaran_MTs.php')
 2 SYSTEMPATH/Common.php(1134): CodeIgniter\View\View->render('admin/santri/pembayaran_MTs', [], true)
 3 APPPATH/Controllers/Admin/SantriController.php(93): view('admin/santri/pembayaran_MTs', [...])
 4 SYSTEMPATH/CodeIgniter.php(927): App\Controllers\Admin\SantriController->pembayaran('MTs')
 5 SYSTEMPATH/CodeIgniter.php(482): CodeIgniter\CodeIgniter->runController(Object(App\Controllers\Admin\SantriController))
 6 SYSTEMPATH/CodeIgniter.php(351): CodeIgniter\CodeIgniter->handleRequest(null, Object(Config\Cache), false)
 7 FCPATH/index.php(67): CodeIgniter\CodeIgniter->run()
CRITICAL - 2022-11-29 21:46:59 --> Invalid file: admin/santri/pembayaran_MTs.php
in SYSTEMPATH/Exceptions/FrameworkException.php on line 33.
 1 SYSTEMPATH/View/View.php(201): CodeIgniter\Exceptions\FrameworkException::forInvalidFile('admin/santri/pembayaran_MTs.php')
 2 SYSTEMPATH/Common.php(1134): CodeIgniter\View\View->render('admin/santri/pembayaran_MTs', [], true)
 3 APPPATH/Controllers/Admin/SantriController.php(93): view('admin/santri/pembayaran_MTs', [...])
 4 SYSTEMPATH/CodeIgniter.php(927): App\Controllers\Admin\SantriController->pembayaran('MTs')
 5 SYSTEMPATH/CodeIgniter.php(482): CodeIgniter\CodeIgniter->runController(Object(App\Controllers\Admin\SantriController))
 6 SYSTEMPATH/CodeIgniter.php(351): CodeIgniter\CodeIgniter->handleRequest(null, Object(Config\Cache), false)
 7 FCPATH/index.php(67): CodeIgniter\CodeIgniter->run()
CRITICAL - 2022-11-29 21:48:05 --> Invalid file: admin/santri/pembayaran_MTs.php
in SYSTEMPATH/Exceptions/FrameworkException.php on line 33.
 1 SYSTEMPATH/View/View.php(201): CodeIgniter\Exceptions\FrameworkException::forInvalidFile('admin/santri/pembayaran_MTs.php')
 2 SYSTEMPATH/Common.php(1134): CodeIgniter\View\View->render('admin/santri/pembayaran_MTs', [], true)
 3 APPPATH/Controllers/Admin/SantriController.php(93): view('admin/santri/pembayaran_MTs', [...])
 4 SYSTEMPATH/CodeIgniter.php(927): App\Controllers\Admin\SantriController->pembayaran('MTs')
 5 SYSTEMPATH/CodeIgniter.php(482): CodeIgniter\CodeIgniter->runController(Object(App\Controllers\Admin\SantriController))
 6 SYSTEMPATH/CodeIgniter.php(351): CodeIgniter\CodeIgniter->handleRequest(null, Object(Config\Cache), false)
 7 FCPATH/index.php(67): CodeIgniter\CodeIgniter->run()
CRITICAL - 2022-11-29 21:59:08 --> Call to undefined method CodeIgniter\Database\MySQLi\Connection::select()
in APPPATH/Controllers/Admin/SantriController.php on line 68.
 1 SYSTEMPATH/CodeIgniter.php(927): App\Controllers\Admin\SantriController->deleteSiswa('mts', '18')
 2 SYSTEMPATH/CodeIgniter.php(482): CodeIgniter\CodeIgniter->runController(Object(App\Controllers\Admin\SantriController))
 3 SYSTEMPATH/CodeIgniter.php(351): CodeIgniter\CodeIgniter->handleRequest(null, Object(Config\Cache), false)
 4 FCPATH/index.php(67): CodeIgniter\CodeIgniter->run()
CRITICAL - 2022-11-29 22:00:29 --> Call to undefined method CodeIgniter\Database\MySQLi\Connection::select()
in APPPATH/Controllers/Admin/SantriController.php on line 68.
 1 SYSTEMPATH/CodeIgniter.php(927): App\Controllers\Admin\SantriController->deleteSiswa('mts', '18')
 2 SYSTEMPATH/CodeIgniter.php(482): CodeIgniter\CodeIgniter->runController(Object(App\Controllers\Admin\SantriController))
 3 SYSTEMPATH/CodeIgniter.php(351): CodeIgniter\CodeIgniter->handleRequest(null, Object(Config\Cache), false)
 4 FCPATH/index.php(67): CodeIgniter\CodeIgniter->run()
CRITICAL - 2022-11-29 22:01:53 --> Call to undefined method CodeIgniter\Database\MySQLi\Connection::select()
in APPPATH/Controllers/Admin/SantriController.php on line 68.
 1 SYSTEMPATH/CodeIgniter.php(927): App\Controllers\Admin\SantriController->deleteSiswa('mts', '18')
 2 SYSTEMPATH/CodeIgniter.php(482): CodeIgniter\CodeIgniter->runController(Object(App\Controllers\Admin\SantriController))
 3 SYSTEMPATH/CodeIgniter.php(351): CodeIgniter\CodeIgniter->handleRequest(null, Object(Config\Cache), false)
 4 FCPATH/index.php(67): CodeIgniter\CodeIgniter->run()
CRITICAL - 2022-11-29 22:01:57 --> Call to undefined method CodeIgniter\Database\MySQLi\Connection::select()
in APPPATH/Controllers/Admin/SantriController.php on line 68.
 1 SYSTEMPATH/CodeIgniter.php(927): App\Controllers\Admin\SantriController->deleteSiswa('mts', '18')
 2 SYSTEMPATH/CodeIgniter.php(482): CodeIgniter\CodeIgniter->runController(Object(App\Controllers\Admin\SantriController))
 3 SYSTEMPATH/CodeIgniter.php(351): CodeIgniter\CodeIgniter->handleRequest(null, Object(Config\Cache), false)
 4 FCPATH/index.php(67): CodeIgniter\CodeIgniter->run()
CRITICAL - 2022-11-29 22:02:40 --> Call to undefined method CodeIgniter\Database\MySQLi\Connection::select()
in APPPATH/Controllers/Admin/SantriController.php on line 68.
 1 SYSTEMPATH/CodeIgniter.php(927): App\Controllers\Admin\SantriController->deleteSiswa('mts', '18')
 2 SYSTEMPATH/CodeIgniter.php(482): CodeIgniter\CodeIgniter->runController(Object(App\Controllers\Admin\SantriController))
 3 SYSTEMPATH/CodeIgniter.php(351): CodeIgniter\CodeIgniter->handleRequest(null, Object(Config\Cache), false)
 4 FCPATH/index.php(67): CodeIgniter\CodeIgniter->run()
CRITICAL - 2022-11-29 22:07:36 --> Invalid file: admin/santri/kamar_MTs.php
in SYSTEMPATH/Exceptions/FrameworkException.php on line 33.
 1 SYSTEMPATH/View/View.php(201): CodeIgniter\Exceptions\FrameworkException::forInvalidFile('admin/santri/kamar_MTs.php')
 2 SYSTEMPATH/Common.php(1134): CodeIgniter\View\View->render('admin/santri/kamar_MTs', [], true)
 3 APPPATH/Controllers/Admin/SantriController.php(135): view('admin/santri/kamar_MTs', [...])
 4 SYSTEMPATH/CodeIgniter.php(927): App\Controllers\Admin\SantriController->kamar('MTs')
 5 SYSTEMPATH/CodeIgniter.php(482): CodeIgniter\CodeIgniter->runController(Object(App\Controllers\Admin\SantriController))
 6 SYSTEMPATH/CodeIgniter.php(351): CodeIgniter\CodeIgniter->handleRequest(null, Object(Config\Cache), false)
 7 FCPATH/index.php(67): CodeIgniter\CodeIgniter->run()
CRITICAL - 2022-11-29 22:07:49 --> Call to undefined method CodeIgniter\Database\MySQLi\Connection::select()
in APPPATH/Controllers/Admin/SantriController.php on line 68.
 1 SYSTEMPATH/CodeIgniter.php(927): App\Controllers\Admin\SantriController->deleteSiswa('mts', '17')
 2 SYSTEMPATH/CodeIgniter.php(482): CodeIgniter\CodeIgniter->runController(Object(App\Controllers\Admin\SantriController))
 3 SYSTEMPATH/CodeIgniter.php(351): CodeIgniter\CodeIgniter->handleRequest(null, Object(Config\Cache), false)
 4 FCPATH/index.php(67): CodeIgniter\CodeIgniter->run()
CRITICAL - 2022-11-29 22:10:37 --> Too few arguments to function App\Controllers\Santri\DashboardController::cetakKartu(), 0 passed in /home/sunanpan/public_html/newpsb/system/CodeIgniter.php on line 927 and exactly 1 expected
in APPPATH/Controllers/Santri/DashboardController.php on line 63.
 1 SYSTEMPATH/CodeIgniter.php(927): App\Controllers\Santri\DashboardController->cetakKartu()
 2 SYSTEMPATH/CodeIgniter.php(482): CodeIgniter\CodeIgniter->runController(Object(App\Controllers\Santri\DashboardController))
 3 SYSTEMPATH/CodeIgniter.php(351): CodeIgniter\CodeIgniter->handleRequest(null, Object(Config\Cache), false)
 4 FCPATH/index.php(67): CodeIgniter\CodeIgniter->run()
