ERROR - 2023-07-18 11:04:37 --> mysqli_sql_exception: Unknown column 'p.created_at' in 'order clause' in /home/u1577338/public_html/koperasi.marierapp.com/system/Database/MySQLi/Connection.php:292
Stack trace:
#0 /home/u1577338/public_html/koperasi.marierapp.com/system/Database/MySQLi/Connection.php(292): mysqli->query('SELECT p.*,k.* ...', 0)
#1 /home/u1577338/public_html/koperasi.marierapp.com/system/Database/BaseConnection.php(666): CodeIgniter\Database\MySQLi\Connection->execute('SELECT p.*,k.* ...')
#2 /home/u1577338/public_html/koperasi.marierapp.com/system/Database/BaseConnection.php(593): CodeIgniter\Database\BaseConnection->simpleQuery('SELECT p.*,k.* ...')
#3 /home/u1577338/public_html/koperasi.marierapp.com/app/Controllers/Admin/BeritaController.php(40): CodeIgniter\Database\BaseConnection->query('SELECT p.*,k.* ...')
#4 /home/u1577338/public_html/koperasi.marierapp.com/system/CodeIgniter.php(927): App\Controllers\Admin\BeritaController->detailBerita('63')
#5 /home/u1577338/public_html/koperasi.marierapp.com/system/CodeIgniter.php(482): CodeIgniter\CodeIgniter->runController(Object(App\Controllers\Admin\BeritaController))
#6 /home/u1577338/public_html/koperasi.marierapp.com/system/CodeIgniter.php(351): CodeIgniter\CodeIgniter->handleRequest(NULL, Object(Config\Cache), false)
#7 /home/u1577338/public_html/koperasi.marierapp.com/index.php(67): CodeIgniter\CodeIgniter->run()
#8 {main}
CRITICAL - 2023-07-18 11:04:37 --> Call to a member function getResult() on bool
in APPPATH/Controllers/Admin/BeritaController.php on line 41.
 1 SYSTEMPATH/CodeIgniter.php(927): App\Controllers\Admin\BeritaController->detailBerita('63')
 2 SYSTEMPATH/CodeIgniter.php(482): CodeIgniter\CodeIgniter->runController(Object(App\Controllers\Admin\BeritaController))
 3 SYSTEMPATH/CodeIgniter.php(351): CodeIgniter\CodeIgniter->handleRequest(null, Object(Config\Cache), false)
 4 FCPATH/index.php(67): CodeIgniter\CodeIgniter->run()
CRITICAL - 2023-07-18 11:14:01 --> The route for "bidang-usaha" cannot be found.
in SYSTEMPATH/Helpers/url_helper.php on line 543.
 1 SYSTEMPATH/Helpers/url_helper.php(543): CodeIgniter\Router\Exceptions\RouterException::forInvalidRoute('bidang-usaha')
 2 APPPATH/Views/admin/layout/admin.php(49): url_to('bidang-usaha')
 3 SYSTEMPATH/View/View.php(213): include('APPPATH/Views/admin/layout/admin.php')
 4 SYSTEMPATH/View/View.php(216): CodeIgniter\View\View->CodeIgniter\View\{closure}()
 5 SYSTEMPATH/View/View.php(229): CodeIgniter\View\View->render('admin/layout/admin', [], true)
 6 SYSTEMPATH/Common.php(1134): CodeIgniter\View\View->render('admin/berita', [], true)
 7 APPPATH/Controllers/Admin/BeritaController.php(57): view('admin/berita', [...])
 8 SYSTEMPATH/CodeIgniter.php(927): App\Controllers\Admin\BeritaController->Berita()
 9 SYSTEMPATH/CodeIgniter.php(482): CodeIgniter\CodeIgniter->runController(Object(App\Controllers\Admin\BeritaController))
10 SYSTEMPATH/CodeIgniter.php(351): CodeIgniter\CodeIgniter->handleRequest(null, Object(Config\Cache), false)
11 FCPATH/index.php(67): CodeIgniter\CodeIgniter->run()
CRITICAL - 2023-07-18 11:14:03 --> The route for "bidang-usaha" cannot be found.
in SYSTEMPATH/Helpers/url_helper.php on line 543.
 1 SYSTEMPATH/Helpers/url_helper.php(543): CodeIgniter\Router\Exceptions\RouterException::forInvalidRoute('bidang-usaha')
 2 APPPATH/Views/admin/layout/admin.php(49): url_to('bidang-usaha')
 3 SYSTEMPATH/View/View.php(213): include('APPPATH/Views/admin/layout/admin.php')
 4 SYSTEMPATH/View/View.php(216): CodeIgniter\View\View->CodeIgniter\View\{closure}()
 5 SYSTEMPATH/View/View.php(229): CodeIgniter\View\View->render('admin/layout/admin', [], true)
 6 SYSTEMPATH/Common.php(1134): CodeIgniter\View\View->render('admin/kategori_berita', [], true)
 7 APPPATH/Controllers/Admin/KategoriController.php(19): view('admin/kategori_berita', [...])
 8 SYSTEMPATH/CodeIgniter.php(927): App\Controllers\Admin\KategoriController->kategoriBerita()
 9 SYSTEMPATH/CodeIgniter.php(482): CodeIgniter\CodeIgniter->runController(Object(App\Controllers\Admin\KategoriController))
10 SYSTEMPATH/CodeIgniter.php(351): CodeIgniter\CodeIgniter->handleRequest(null, Object(Config\Cache), false)
11 FCPATH/index.php(67): CodeIgniter\CodeIgniter->run()
CRITICAL - 2023-07-18 11:14:06 --> The route for "bidang-usaha" cannot be found.
in SYSTEMPATH/Helpers/url_helper.php on line 543.
 1 SYSTEMPATH/Helpers/url_helper.php(543): CodeIgniter\Router\Exceptions\RouterException::forInvalidRoute('bidang-usaha')
 2 APPPATH/Views/admin/layout/admin.php(49): url_to('bidang-usaha')
 3 SYSTEMPATH/View/View.php(213): include('APPPATH/Views/admin/layout/admin.php')
 4 SYSTEMPATH/View/View.php(216): CodeIgniter\View\View->CodeIgniter\View\{closure}()
 5 SYSTEMPATH/View/View.php(229): CodeIgniter\View\View->render('admin/layout/admin', [], true)
 6 SYSTEMPATH/Common.php(1134): CodeIgniter\View\View->render('admin/berita', [], true)
 7 APPPATH/Controllers/Admin/BeritaController.php(57): view('admin/berita', [...])
 8 SYSTEMPATH/CodeIgniter.php(927): App\Controllers\Admin\BeritaController->Berita()
 9 SYSTEMPATH/CodeIgniter.php(482): CodeIgniter\CodeIgniter->runController(Object(App\Controllers\Admin\BeritaController))
10 SYSTEMPATH/CodeIgniter.php(351): CodeIgniter\CodeIgniter->handleRequest(null, Object(Config\Cache), false)
11 FCPATH/index.php(67): CodeIgniter\CodeIgniter->run()
CRITICAL - 2023-07-18 11:14:16 --> The route for "bidang-usaha" cannot be found.
in SYSTEMPATH/Helpers/url_helper.php on line 543.
 1 SYSTEMPATH/Helpers/url_helper.php(543): CodeIgniter\Router\Exceptions\RouterException::forInvalidRoute('bidang-usaha')
 2 APPPATH/Views/admin/layout/admin.php(49): url_to('bidang-usaha')
 3 SYSTEMPATH/View/View.php(213): include('APPPATH/Views/admin/layout/admin.php')
 4 SYSTEMPATH/View/View.php(216): CodeIgniter\View\View->CodeIgniter\View\{closure}()
 5 SYSTEMPATH/View/View.php(229): CodeIgniter\View\View->render('admin/layout/admin', [], true)
 6 SYSTEMPATH/Common.php(1134): CodeIgniter\View\View->render('admin/dashboard', [], true)
 7 APPPATH/Controllers/Admin/DashboardController.php(183): view('admin/dashboard', [...])
 8 SYSTEMPATH/CodeIgniter.php(927): App\Controllers\Admin\DashboardController->index()
 9 SYSTEMPATH/CodeIgniter.php(482): CodeIgniter\CodeIgniter->runController(Object(App\Controllers\Admin\DashboardController))
10 SYSTEMPATH/CodeIgniter.php(351): CodeIgniter\CodeIgniter->handleRequest(null, Object(Config\Cache), false)
11 FCPATH/index.php(67): CodeIgniter\CodeIgniter->run()
CRITICAL - 2023-07-18 11:14:16 --> The route for "bidang-usaha" cannot be found.
in SYSTEMPATH/Helpers/url_helper.php on line 543.
 1 SYSTEMPATH/Helpers/url_helper.php(543): CodeIgniter\Router\Exceptions\RouterException::forInvalidRoute('bidang-usaha')
 2 APPPATH/Views/admin/layout/admin.php(49): url_to('bidang-usaha')
 3 SYSTEMPATH/View/View.php(213): include('APPPATH/Views/admin/layout/admin.php')
 4 SYSTEMPATH/View/View.php(216): CodeIgniter\View\View->CodeIgniter\View\{closure}()
 5 SYSTEMPATH/View/View.php(229): CodeIgniter\View\View->render('admin/layout/admin', [], true)
 6 SYSTEMPATH/Common.php(1134): CodeIgniter\View\View->render('admin/dashboard', [], true)
 7 APPPATH/Controllers/Admin/DashboardController.php(183): view('admin/dashboard', [...])
 8 SYSTEMPATH/CodeIgniter.php(927): App\Controllers\Admin\DashboardController->index()
 9 SYSTEMPATH/CodeIgniter.php(482): CodeIgniter\CodeIgniter->runController(Object(App\Controllers\Admin\DashboardController))
10 SYSTEMPATH/CodeIgniter.php(351): CodeIgniter\CodeIgniter->handleRequest(null, Object(Config\Cache), false)
11 FCPATH/index.php(67): CodeIgniter\CodeIgniter->run()
CRITICAL - 2023-07-18 11:15:01 --> The route for "misi-misi" cannot be found.
in SYSTEMPATH/Helpers/url_helper.php on line 543.
 1 SYSTEMPATH/Helpers/url_helper.php(543): CodeIgniter\Router\Exceptions\RouterException::forInvalidRoute('misi-misi')
 2 APPPATH/Views/admin/layout/admin.php(49): url_to('misi-misi')
 3 SYSTEMPATH/View/View.php(213): include('APPPATH/Views/admin/layout/admin.php')
 4 SYSTEMPATH/View/View.php(216): CodeIgniter\View\View->CodeIgniter\View\{closure}()
 5 SYSTEMPATH/View/View.php(229): CodeIgniter\View\View->render('admin/layout/admin', [], true)
 6 SYSTEMPATH/Common.php(1134): CodeIgniter\View\View->render('admin/dashboard', [], true)
 7 APPPATH/Controllers/Admin/DashboardController.php(183): view('admin/dashboard', [...])
 8 SYSTEMPATH/CodeIgniter.php(927): App\Controllers\Admin\DashboardController->index()
 9 SYSTEMPATH/CodeIgniter.php(482): CodeIgniter\CodeIgniter->runController(Object(App\Controllers\Admin\DashboardController))
10 SYSTEMPATH/CodeIgniter.php(351): CodeIgniter\CodeIgniter->handleRequest(null, Object(Config\Cache), false)
11 FCPATH/index.php(67): CodeIgniter\CodeIgniter->run()
CRITICAL - 2023-07-18 11:15:36 --> Router.invalidParameterType
in SYSTEMPATH/Router/RouteCollection.php on line 1144.
 1 SYSTEMPATH/Router/RouteCollection.php(1144): CodeIgniter\Router\Exceptions\RouterException::forInvalidParameterType()
 2 SYSTEMPATH/Router/RouteCollection.php(1010): CodeIgniter\Router\RouteCollection->fillRouteParams('visi-misi/([0-9]+)', [])
 3 SYSTEMPATH/Common.php(911): CodeIgniter\Router\RouteCollection->reverseRoute('visi-misi')
 4 SYSTEMPATH/Helpers/url_helper.php(536): route_to('visi-misi')
 5 APPPATH/Views/admin/layout/admin.php(49): url_to('visi-misi')
 6 SYSTEMPATH/View/View.php(213): include('APPPATH/Views/admin/layout/admin.php')
 7 SYSTEMPATH/View/View.php(216): CodeIgniter\View\View->CodeIgniter\View\{closure}()
 8 SYSTEMPATH/View/View.php(229): CodeIgniter\View\View->render('admin/layout/admin', [], true)
 9 SYSTEMPATH/Common.php(1134): CodeIgniter\View\View->render('admin/dashboard', [], true)
10 APPPATH/Controllers/Admin/DashboardController.php(183): view('admin/dashboard', [...])
11 SYSTEMPATH/CodeIgniter.php(927): App\Controllers\Admin\DashboardController->index()
12 SYSTEMPATH/CodeIgniter.php(482): CodeIgniter\CodeIgniter->runController(Object(App\Controllers\Admin\DashboardController))
13 SYSTEMPATH/CodeIgniter.php(351): CodeIgniter\CodeIgniter->handleRequest(null, Object(Config\Cache), false)
14 FCPATH/index.php(67): CodeIgniter\CodeIgniter->run()
CRITICAL - 2023-07-18 11:16:45 --> Router.invalidParameterType
in SYSTEMPATH/Router/RouteCollection.php on line 1144.
 1 SYSTEMPATH/Router/RouteCollection.php(1144): CodeIgniter\Router\Exceptions\RouterException::forInvalidParameterType()
 2 SYSTEMPATH/Router/RouteCollection.php(1010): CodeIgniter\Router\RouteCollection->fillRouteParams('visi-misi/([0-9]+)', [])
 3 SYSTEMPATH/Common.php(911): CodeIgniter\Router\RouteCollection->reverseRoute('visi-misi')
 4 SYSTEMPATH/Helpers/url_helper.php(536): route_to('visi-misi')
 5 APPPATH/Views/admin/layout/admin.php(49): url_to('visi-misi')
 6 SYSTEMPATH/View/View.php(213): include('APPPATH/Views/admin/layout/admin.php')
 7 SYSTEMPATH/View/View.php(216): CodeIgniter\View\View->CodeIgniter\View\{closure}()
 8 SYSTEMPATH/View/View.php(229): CodeIgniter\View\View->render('admin/layout/admin', [], true)
 9 SYSTEMPATH/Common.php(1134): CodeIgniter\View\View->render('admin/dashboard', [], true)
10 APPPATH/Controllers/Admin/DashboardController.php(183): view('admin/dashboard', [...])
11 SYSTEMPATH/CodeIgniter.php(927): App\Controllers\Admin\DashboardController->index()
12 SYSTEMPATH/CodeIgniter.php(482): CodeIgniter\CodeIgniter->runController(Object(App\Controllers\Admin\DashboardController))
13 SYSTEMPATH/CodeIgniter.php(351): CodeIgniter\CodeIgniter->handleRequest(null, Object(Config\Cache), false)
14 FCPATH/index.php(67): CodeIgniter\CodeIgniter->run()
CRITICAL - 2023-07-18 11:17:40 --> Router.invalidParameterType
in SYSTEMPATH/Router/RouteCollection.php on line 1144.
 1 SYSTEMPATH/Router/RouteCollection.php(1144): CodeIgniter\Router\Exceptions\RouterException::forInvalidParameterType()
 2 SYSTEMPATH/Router/RouteCollection.php(1010): CodeIgniter\Router\RouteCollection->fillRouteParams('visi-misi/([0-9]+)', [])
 3 SYSTEMPATH/Common.php(911): CodeIgniter\Router\RouteCollection->reverseRoute('visi-misi')
 4 SYSTEMPATH/Helpers/url_helper.php(536): route_to('visi-misi')
 5 APPPATH/Views/admin/layout/admin.php(49): url_to('visi-misi')
 6 SYSTEMPATH/View/View.php(213): include('APPPATH/Views/admin/layout/admin.php')
 7 SYSTEMPATH/View/View.php(216): CodeIgniter\View\View->CodeIgniter\View\{closure}()
 8 SYSTEMPATH/View/View.php(229): CodeIgniter\View\View->render('admin/layout/admin', [], true)
 9 SYSTEMPATH/Common.php(1134): CodeIgniter\View\View->render('admin/dashboard', [], true)
10 APPPATH/Controllers/Admin/DashboardController.php(183): view('admin/dashboard', [...])
11 SYSTEMPATH/CodeIgniter.php(927): App\Controllers\Admin\DashboardController->index()
12 SYSTEMPATH/CodeIgniter.php(482): CodeIgniter\CodeIgniter->runController(Object(App\Controllers\Admin\DashboardController))
13 SYSTEMPATH/CodeIgniter.php(351): CodeIgniter\CodeIgniter->handleRequest(null, Object(Config\Cache), false)
14 FCPATH/index.php(67): CodeIgniter\CodeIgniter->run()
CRITICAL - 2023-07-18 11:20:19 --> Router.invalidParameterType
in SYSTEMPATH/Router/RouteCollection.php on line 1144.
 1 SYSTEMPATH/Router/RouteCollection.php(1144): CodeIgniter\Router\Exceptions\RouterException::forInvalidParameterType()
 2 SYSTEMPATH/Router/RouteCollection.php(1010): CodeIgniter\Router\RouteCollection->fillRouteParams('visi-misi/([0-9]+)', [])
 3 SYSTEMPATH/Common.php(911): CodeIgniter\Router\RouteCollection->reverseRoute('visi-misi')
 4 SYSTEMPATH/Helpers/url_helper.php(536): route_to('visi-misi')
 5 APPPATH/Views/admin/layout/admin.php(49): url_to('visi-misi')
 6 SYSTEMPATH/View/View.php(213): include('APPPATH/Views/admin/layout/admin.php')
 7 SYSTEMPATH/View/View.php(216): CodeIgniter\View\View->CodeIgniter\View\{closure}()
 8 SYSTEMPATH/View/View.php(229): CodeIgniter\View\View->render('admin/layout/admin', [], true)
 9 SYSTEMPATH/Common.php(1134): CodeIgniter\View\View->render('admin/berita', [], true)
10 APPPATH/Controllers/Admin/BeritaController.php(57): view('admin/berita', [...])
11 SYSTEMPATH/CodeIgniter.php(927): App\Controllers\Admin\BeritaController->Berita()
12 SYSTEMPATH/CodeIgniter.php(482): CodeIgniter\CodeIgniter->runController(Object(App\Controllers\Admin\BeritaController))
13 SYSTEMPATH/CodeIgniter.php(351): CodeIgniter\CodeIgniter->handleRequest(null, Object(Config\Cache), false)
14 FCPATH/index.php(67): CodeIgniter\CodeIgniter->run()
CRITICAL - 2023-07-18 11:21:24 --> Router.invalidParameterType
in SYSTEMPATH/Router/RouteCollection.php on line 1144.
 1 SYSTEMPATH/Router/RouteCollection.php(1144): CodeIgniter\Router\Exceptions\RouterException::forInvalidParameterType()
 2 SYSTEMPATH/Router/RouteCollection.php(1010): CodeIgniter\Router\RouteCollection->fillRouteParams('visi-misi/([0-9]+)', [])
 3 SYSTEMPATH/Common.php(911): CodeIgniter\Router\RouteCollection->reverseRoute('visi-misi')
 4 SYSTEMPATH/Helpers/url_helper.php(536): route_to('visi-misi')
 5 APPPATH/Views/admin/layout/admin.php(49): url_to('visi-misi')
 6 SYSTEMPATH/View/View.php(213): include('APPPATH/Views/admin/layout/admin.php')
 7 SYSTEMPATH/View/View.php(216): CodeIgniter\View\View->CodeIgniter\View\{closure}()
 8 SYSTEMPATH/View/View.php(229): CodeIgniter\View\View->render('admin/layout/admin', [], true)
 9 SYSTEMPATH/Common.php(1134): CodeIgniter\View\View->render('admin/berita', [], true)
10 APPPATH/Controllers/Admin/BeritaController.php(57): view('admin/berita', [...])
11 SYSTEMPATH/CodeIgniter.php(927): App\Controllers\Admin\BeritaController->Berita()
12 SYSTEMPATH/CodeIgniter.php(482): CodeIgniter\CodeIgniter->runController(Object(App\Controllers\Admin\BeritaController))
13 SYSTEMPATH/CodeIgniter.php(351): CodeIgniter\CodeIgniter->handleRequest(null, Object(Config\Cache), false)
14 FCPATH/index.php(67): CodeIgniter\CodeIgniter->run()
CRITICAL - 2023-07-18 11:21:29 --> Router.invalidParameterType
in SYSTEMPATH/Router/RouteCollection.php on line 1144.
 1 SYSTEMPATH/Router/RouteCollection.php(1144): CodeIgniter\Router\Exceptions\RouterException::forInvalidParameterType()
 2 SYSTEMPATH/Router/RouteCollection.php(1010): CodeIgniter\Router\RouteCollection->fillRouteParams('visi-misi/([0-9]+)', [])
 3 SYSTEMPATH/Common.php(911): CodeIgniter\Router\RouteCollection->reverseRoute('visi-misi')
 4 SYSTEMPATH/Helpers/url_helper.php(536): route_to('visi-misi')
 5 APPPATH/Views/admin/layout/admin.php(49): url_to('visi-misi')
 6 SYSTEMPATH/View/View.php(213): include('APPPATH/Views/admin/layout/admin.php')
 7 SYSTEMPATH/View/View.php(216): CodeIgniter\View\View->CodeIgniter\View\{closure}()
 8 SYSTEMPATH/View/View.php(229): CodeIgniter\View\View->render('admin/layout/admin', [], true)
 9 SYSTEMPATH/Common.php(1134): CodeIgniter\View\View->render('admin/dashboard', [], true)
10 APPPATH/Controllers/Admin/DashboardController.php(183): view('admin/dashboard', [...])
11 SYSTEMPATH/CodeIgniter.php(927): App\Controllers\Admin\DashboardController->index()
12 SYSTEMPATH/CodeIgniter.php(482): CodeIgniter\CodeIgniter->runController(Object(App\Controllers\Admin\DashboardController))
13 SYSTEMPATH/CodeIgniter.php(351): CodeIgniter\CodeIgniter->handleRequest(null, Object(Config\Cache), false)
14 FCPATH/index.php(67): CodeIgniter\CodeIgniter->run()
CRITICAL - 2023-07-18 11:21:30 --> Router.invalidParameterType
in SYSTEMPATH/Router/RouteCollection.php on line 1144.
 1 SYSTEMPATH/Router/RouteCollection.php(1144): CodeIgniter\Router\Exceptions\RouterException::forInvalidParameterType()
 2 SYSTEMPATH/Router/RouteCollection.php(1010): CodeIgniter\Router\RouteCollection->fillRouteParams('visi-misi/([0-9]+)', [])
 3 SYSTEMPATH/Common.php(911): CodeIgniter\Router\RouteCollection->reverseRoute('visi-misi')
 4 SYSTEMPATH/Helpers/url_helper.php(536): route_to('visi-misi')
 5 APPPATH/Views/admin/layout/admin.php(49): url_to('visi-misi')
 6 SYSTEMPATH/View/View.php(213): include('APPPATH/Views/admin/layout/admin.php')
 7 SYSTEMPATH/View/View.php(216): CodeIgniter\View\View->CodeIgniter\View\{closure}()
 8 SYSTEMPATH/View/View.php(229): CodeIgniter\View\View->render('admin/layout/admin', [], true)
 9 SYSTEMPATH/Common.php(1134): CodeIgniter\View\View->render('admin/dashboard', [], true)
10 APPPATH/Controllers/Admin/DashboardController.php(183): view('admin/dashboard', [...])
11 SYSTEMPATH/CodeIgniter.php(927): App\Controllers\Admin\DashboardController->index()
12 SYSTEMPATH/CodeIgniter.php(482): CodeIgniter\CodeIgniter->runController(Object(App\Controllers\Admin\DashboardController))
13 SYSTEMPATH/CodeIgniter.php(351): CodeIgniter\CodeIgniter->handleRequest(null, Object(Config\Cache), false)
14 FCPATH/index.php(67): CodeIgniter\CodeIgniter->run()
ERROR - 2023-07-18 13:18:35 --> mysqli_sql_exception: You have an error in your SQL syntax; check the manual that corresponds to your MariaDB server version for the right syntax to use near 'ON p.id_category = k.id_category WHERE p.id_posts = 73' at line 1 in /home/u1577338/public_html/koperasi.marierapp.com/system/Database/MySQLi/Connection.php:292
Stack trace:
#0 /home/u1577338/public_html/koperasi.marierapp.com/system/Database/MySQLi/Connection.php(292): mysqli->query('SELECT p.*,k.* ...', 0)
#1 /home/u1577338/public_html/koperasi.marierapp.com/system/Database/BaseConnection.php(666): CodeIgniter\Database\MySQLi\Connection->execute('SELECT p.*,k.* ...')
#2 /home/u1577338/public_html/koperasi.marierapp.com/system/Database/BaseConnection.php(593): CodeIgniter\Database\BaseConnection->simpleQuery('SELECT p.*,k.* ...')
#3 /home/u1577338/public_html/koperasi.marierapp.com/app/Controllers/Admin/BeritaController.php(21): CodeIgniter\Database\BaseConnection->query('SELECT p.*,k.* ...')
#4 /home/u1577338/public_html/koperasi.marierapp.com/system/CodeIgniter.php(927): App\Controllers\Admin\BeritaController->viewBerita()
#5 /home/u1577338/public_html/koperasi.marierapp.com/system/CodeIgniter.php(482): CodeIgniter\CodeIgniter->runController(Object(App\Controllers\Admin\BeritaController))
#6 /home/u1577338/public_html/koperasi.marierapp.com/system/CodeIgniter.php(351): CodeIgniter\CodeIgniter->handleRequest(NULL, Object(Config\Cache), false)
#7 /home/u1577338/public_html/koperasi.marierapp.com/index.php(67): CodeIgniter\CodeIgniter->run()
#8 {main}
CRITICAL - 2023-07-18 13:18:35 --> Call to a member function getFirstRow() on bool
in APPPATH/Controllers/Admin/BeritaController.php on line 22.
 1 SYSTEMPATH/CodeIgniter.php(927): App\Controllers\Admin\BeritaController->viewBerita()
 2 SYSTEMPATH/CodeIgniter.php(482): CodeIgniter\CodeIgniter->runController(Object(App\Controllers\Admin\BeritaController))
 3 SYSTEMPATH/CodeIgniter.php(351): CodeIgniter\CodeIgniter->handleRequest(null, Object(Config\Cache), false)
 4 FCPATH/index.php(67): CodeIgniter\CodeIgniter->run()
CRITICAL - 2023-07-18 13:22:32 --> Creating default object from empty value
in APPPATH/Views/admin/halaman_depan.php on line 167.
 1 APPPATH/Views/admin/halaman_depan.php(167): CodeIgniter\Debug\Exceptions->errorHandler(2, 'Creating default object from empty value', 'APPPATH/Views/admin/halaman_depan.php', 167, [...])
 2 SYSTEMPATH/View/View.php(213): include('APPPATH/Views/admin/halaman_depan.php')
 3 SYSTEMPATH/View/View.php(216): CodeIgniter\View\View->CodeIgniter\View\{closure}()
 4 SYSTEMPATH/Common.php(1134): CodeIgniter\View\View->render('admin/halaman_depan', [], true)
 5 APPPATH/Controllers/Admin/BeritaController.php(39): view('admin/halaman_depan', [...])
 6 SYSTEMPATH/CodeIgniter.php(927): App\Controllers\Admin\BeritaController->viewBerita()
 7 SYSTEMPATH/CodeIgniter.php(482): CodeIgniter\CodeIgniter->runController(Object(App\Controllers\Admin\BeritaController))
 8 SYSTEMPATH/CodeIgniter.php(351): CodeIgniter\CodeIgniter->handleRequest(null, Object(Config\Cache), false)
 9 FCPATH/index.php(67): CodeIgniter\CodeIgniter->run()
CRITICAL - 2023-07-18 13:50:01 --> Invalid file: admin/detail_berita.php
in SYSTEMPATH/Exceptions/FrameworkException.php on line 33.
 1 SYSTEMPATH/View/View.php(201): CodeIgniter\Exceptions\FrameworkException::forInvalidFile('admin/detail_berita.php')
 2 SYSTEMPATH/Common.php(1134): CodeIgniter\View\View->render('admin/detail_berita', [], true)
 3 APPPATH/Controllers/Admin/BeritaController.php(48): view('admin/detail_berita', [...])
 4 SYSTEMPATH/CodeIgniter.php(927): App\Controllers\Admin\BeritaController->detailBerita('69')
 5 SYSTEMPATH/CodeIgniter.php(482): CodeIgniter\CodeIgniter->runController(Object(App\Controllers\Admin\BeritaController))
 6 SYSTEMPATH/CodeIgniter.php(351): CodeIgniter\CodeIgniter->handleRequest(null, Object(Config\Cache), false)
 7 FCPATH/index.php(67): CodeIgniter\CodeIgniter->run()
CRITICAL - 2023-07-18 14:02:46 --> Router.invalidParameterType
in SYSTEMPATH/Router/RouteCollection.php on line 1144.
 1 SYSTEMPATH/Router/RouteCollection.php(1144): CodeIgniter\Router\Exceptions\RouterException::forInvalidParameterType()
 2 SYSTEMPATH/Router/RouteCollection.php(1010): CodeIgniter\Router\RouteCollection->fillRouteParams('admin/detail-halaman/([0-9]+)', [])
 3 SYSTEMPATH/Common.php(911): CodeIgniter\Router\RouteCollection->reverseRoute('visi-misi')
 4 SYSTEMPATH/Helpers/url_helper.php(536): route_to('visi-misi')
 5 APPPATH/Views/admin/layout/admin.php(49): url_to('visi-misi')
 6 SYSTEMPATH/View/View.php(213): include('APPPATH/Views/admin/layout/admin.php')
 7 SYSTEMPATH/View/View.php(216): CodeIgniter\View\View->CodeIgniter\View\{closure}()
 8 SYSTEMPATH/View/View.php(229): CodeIgniter\View\View->render('admin/layout/admin', [], true)
 9 SYSTEMPATH/Common.php(1134): CodeIgniter\View\View->render('admin/kategori_berita', [], true)
10 APPPATH/Controllers/Admin/KategoriController.php(19): view('admin/kategori_berita', [...])
11 SYSTEMPATH/CodeIgniter.php(927): App\Controllers\Admin\KategoriController->kategoriBerita()
12 SYSTEMPATH/CodeIgniter.php(482): CodeIgniter\CodeIgniter->runController(Object(App\Controllers\Admin\KategoriController))
13 SYSTEMPATH/CodeIgniter.php(351): CodeIgniter\CodeIgniter->handleRequest(null, Object(Config\Cache), false)
14 FCPATH/index.php(67): CodeIgniter\CodeIgniter->run()
CRITICAL - 2023-07-18 14:10:43 --> Router.invalidParameterType
in SYSTEMPATH/Router/RouteCollection.php on line 1144.
 1 SYSTEMPATH/Router/RouteCollection.php(1144): CodeIgniter\Router\Exceptions\RouterException::forInvalidParameterType()
 2 SYSTEMPATH/Router/RouteCollection.php(1010): CodeIgniter\Router\RouteCollection->fillRouteParams('admin/detail-halaman/([0-9]+)', [])
 3 SYSTEMPATH/Common.php(911): CodeIgniter\Router\RouteCollection->reverseRoute('visi-misi')
 4 SYSTEMPATH/Helpers/url_helper.php(536): route_to('visi-misi')
 5 APPPATH/Views/admin/layout/admin.php(49): url_to('visi-misi')
 6 SYSTEMPATH/View/View.php(213): include('APPPATH/Views/admin/layout/admin.php')
 7 SYSTEMPATH/View/View.php(216): CodeIgniter\View\View->CodeIgniter\View\{closure}()
 8 SYSTEMPATH/View/View.php(229): CodeIgniter\View\View->render('admin/layout/admin', [], true)
 9 SYSTEMPATH/Common.php(1134): CodeIgniter\View\View->render('admin/kategori_berita', [], true)
10 APPPATH/Controllers/Admin/KategoriController.php(19): view('admin/kategori_berita', [...])
11 SYSTEMPATH/CodeIgniter.php(927): App\Controllers\Admin\KategoriController->kategoriBerita()
12 SYSTEMPATH/CodeIgniter.php(482): CodeIgniter\CodeIgniter->runController(Object(App\Controllers\Admin\KategoriController))
13 SYSTEMPATH/CodeIgniter.php(351): CodeIgniter\CodeIgniter->handleRequest(null, Object(Config\Cache), false)
14 FCPATH/index.php(67): CodeIgniter\CodeIgniter->run()
CRITICAL - 2023-07-18 18:19:05 --> Router.invalidParameterType
in SYSTEMPATH/Router/RouteCollection.php on line 1144.
 1 SYSTEMPATH/Router/RouteCollection.php(1144): CodeIgniter\Router\Exceptions\RouterException::forInvalidParameterType()
 2 SYSTEMPATH/Router/RouteCollection.php(1010): CodeIgniter\Router\RouteCollection->fillRouteParams('admin/detail-halaman/([0-9]+)', [])
 3 SYSTEMPATH/Common.php(911): CodeIgniter\Router\RouteCollection->reverseRoute('visi-misi')
 4 SYSTEMPATH/Helpers/url_helper.php(536): route_to('visi-misi')
 5 APPPATH/Views/admin/layout/admin.php(49): url_to('visi-misi')
 6 SYSTEMPATH/View/View.php(213): include('APPPATH/Views/admin/layout/admin.php')
 7 SYSTEMPATH/View/View.php(216): CodeIgniter\View\View->CodeIgniter\View\{closure}()
 8 SYSTEMPATH/View/View.php(229): CodeIgniter\View\View->render('admin/layout/admin', [], true)
 9 SYSTEMPATH/Common.php(1134): CodeIgniter\View\View->render('admin/dashboard', [], true)
10 APPPATH/Controllers/Admin/DashboardController.php(183): view('admin/dashboard', [...])
11 SYSTEMPATH/CodeIgniter.php(927): App\Controllers\Admin\DashboardController->index()
12 SYSTEMPATH/CodeIgniter.php(482): CodeIgniter\CodeIgniter->runController(Object(App\Controllers\Admin\DashboardController))
13 SYSTEMPATH/CodeIgniter.php(351): CodeIgniter\CodeIgniter->handleRequest(null, Object(Config\Cache), false)
14 FCPATH/index.php(67): CodeIgniter\CodeIgniter->run()
CRITICAL - 2023-07-18 18:19:17 --> Router.invalidParameterType
in SYSTEMPATH/Router/RouteCollection.php on line 1144.
 1 SYSTEMPATH/Router/RouteCollection.php(1144): CodeIgniter\Router\Exceptions\RouterException::forInvalidParameterType()
 2 SYSTEMPATH/Router/RouteCollection.php(1010): CodeIgniter\Router\RouteCollection->fillRouteParams('admin/detail-halaman/([0-9]+)', [])
 3 SYSTEMPATH/Common.php(911): CodeIgniter\Router\RouteCollection->reverseRoute('visi-misi')
 4 SYSTEMPATH/Helpers/url_helper.php(536): route_to('visi-misi')
 5 APPPATH/Views/admin/layout/admin.php(49): url_to('visi-misi')
 6 SYSTEMPATH/View/View.php(213): include('APPPATH/Views/admin/layout/admin.php')
 7 SYSTEMPATH/View/View.php(216): CodeIgniter\View\View->CodeIgniter\View\{closure}()
 8 SYSTEMPATH/View/View.php(229): CodeIgniter\View\View->render('admin/layout/admin', [], true)
 9 SYSTEMPATH/Common.php(1134): CodeIgniter\View\View->render('admin/dashboard', [], true)
10 APPPATH/Controllers/Admin/DashboardController.php(183): view('admin/dashboard', [...])
11 SYSTEMPATH/CodeIgniter.php(927): App\Controllers\Admin\DashboardController->index()
12 SYSTEMPATH/CodeIgniter.php(482): CodeIgniter\CodeIgniter->runController(Object(App\Controllers\Admin\DashboardController))
13 SYSTEMPATH/CodeIgniter.php(351): CodeIgniter\CodeIgniter->handleRequest(null, Object(Config\Cache), false)
14 FCPATH/index.php(67): CodeIgniter\CodeIgniter->run()
CRITICAL - 2023-07-18 18:19:20 --> Router.invalidParameterType
in SYSTEMPATH/Router/RouteCollection.php on line 1144.
 1 SYSTEMPATH/Router/RouteCollection.php(1144): CodeIgniter\Router\Exceptions\RouterException::forInvalidParameterType()
 2 SYSTEMPATH/Router/RouteCollection.php(1010): CodeIgniter\Router\RouteCollection->fillRouteParams('admin/detail-halaman/([0-9]+)', [])
 3 SYSTEMPATH/Common.php(911): CodeIgniter\Router\RouteCollection->reverseRoute('visi-misi')
 4 SYSTEMPATH/Helpers/url_helper.php(536): route_to('visi-misi')
 5 APPPATH/Views/admin/layout/admin.php(49): url_to('visi-misi')
 6 SYSTEMPATH/View/View.php(213): include('APPPATH/Views/admin/layout/admin.php')
 7 SYSTEMPATH/View/View.php(216): CodeIgniter\View\View->CodeIgniter\View\{closure}()
 8 SYSTEMPATH/View/View.php(229): CodeIgniter\View\View->render('admin/layout/admin', [], true)
 9 SYSTEMPATH/Common.php(1134): CodeIgniter\View\View->render('admin/dashboard', [], true)
10 APPPATH/Controllers/Admin/DashboardController.php(183): view('admin/dashboard', [...])
11 SYSTEMPATH/CodeIgniter.php(927): App\Controllers\Admin\DashboardController->index()
12 SYSTEMPATH/CodeIgniter.php(482): CodeIgniter\CodeIgniter->runController(Object(App\Controllers\Admin\DashboardController))
13 SYSTEMPATH/CodeIgniter.php(351): CodeIgniter\CodeIgniter->handleRequest(null, Object(Config\Cache), false)
14 FCPATH/index.php(67): CodeIgniter\CodeIgniter->run()
CRITICAL - 2023-07-18 18:23:46 --> Router.invalidParameterType
in SYSTEMPATH/Router/RouteCollection.php on line 1144.
 1 SYSTEMPATH/Router/RouteCollection.php(1144): CodeIgniter\Router\Exceptions\RouterException::forInvalidParameterType()
 2 SYSTEMPATH/Router/RouteCollection.php(1010): CodeIgniter\Router\RouteCollection->fillRouteParams('admin/detail-halaman/([0-9]+)', [])
 3 SYSTEMPATH/Common.php(911): CodeIgniter\Router\RouteCollection->reverseRoute('visi-misi')
 4 SYSTEMPATH/Helpers/url_helper.php(536): route_to('visi-misi')
 5 APPPATH/Views/admin/layout/admin.php(49): url_to('visi-misi')
 6 SYSTEMPATH/View/View.php(213): include('APPPATH/Views/admin/layout/admin.php')
 7 SYSTEMPATH/View/View.php(216): CodeIgniter\View\View->CodeIgniter\View\{closure}()
 8 SYSTEMPATH/View/View.php(229): CodeIgniter\View\View->render('admin/layout/admin', [], true)
 9 SYSTEMPATH/Common.php(1134): CodeIgniter\View\View->render('admin/dashboard', [], true)
10 APPPATH/Controllers/Admin/DashboardController.php(183): view('admin/dashboard', [...])
11 SYSTEMPATH/CodeIgniter.php(927): App\Controllers\Admin\DashboardController->index()
12 SYSTEMPATH/CodeIgniter.php(482): CodeIgniter\CodeIgniter->runController(Object(App\Controllers\Admin\DashboardController))
13 SYSTEMPATH/CodeIgniter.php(351): CodeIgniter\CodeIgniter->handleRequest(null, Object(Config\Cache), false)
14 FCPATH/index.php(67): CodeIgniter\CodeIgniter->run()
CRITICAL - 2023-07-18 18:23:49 --> Router.invalidParameterType
in SYSTEMPATH/Router/RouteCollection.php on line 1144.
 1 SYSTEMPATH/Router/RouteCollection.php(1144): CodeIgniter\Router\Exceptions\RouterException::forInvalidParameterType()
 2 SYSTEMPATH/Router/RouteCollection.php(1010): CodeIgniter\Router\RouteCollection->fillRouteParams('admin/detail-halaman/([0-9]+)', [])
 3 SYSTEMPATH/Common.php(911): CodeIgniter\Router\RouteCollection->reverseRoute('visi-misi')
 4 SYSTEMPATH/Helpers/url_helper.php(536): route_to('visi-misi')
 5 APPPATH/Views/admin/layout/admin.php(49): url_to('visi-misi')
 6 SYSTEMPATH/View/View.php(213): include('APPPATH/Views/admin/layout/admin.php')
 7 SYSTEMPATH/View/View.php(216): CodeIgniter\View\View->CodeIgniter\View\{closure}()
 8 SYSTEMPATH/View/View.php(229): CodeIgniter\View\View->render('admin/layout/admin', [], true)
 9 SYSTEMPATH/Common.php(1134): CodeIgniter\View\View->render('admin/dashboard', [], true)
10 APPPATH/Controllers/Admin/DashboardController.php(183): view('admin/dashboard', [...])
11 SYSTEMPATH/CodeIgniter.php(927): App\Controllers\Admin\DashboardController->index()
12 SYSTEMPATH/CodeIgniter.php(482): CodeIgniter\CodeIgniter->runController(Object(App\Controllers\Admin\DashboardController))
13 SYSTEMPATH/CodeIgniter.php(351): CodeIgniter\CodeIgniter->handleRequest(null, Object(Config\Cache), false)
14 FCPATH/index.php(67): CodeIgniter\CodeIgniter->run()
CRITICAL - 2023-07-18 18:24:56 --> Router.invalidParameterType
in SYSTEMPATH/Router/RouteCollection.php on line 1144.
 1 SYSTEMPATH/Router/RouteCollection.php(1144): CodeIgniter\Router\Exceptions\RouterException::forInvalidParameterType()
 2 SYSTEMPATH/Router/RouteCollection.php(1010): CodeIgniter\Router\RouteCollection->fillRouteParams('admin/detail-halaman/([0-9]+)', [])
 3 SYSTEMPATH/Common.php(911): CodeIgniter\Router\RouteCollection->reverseRoute('visi-misi')
 4 SYSTEMPATH/Helpers/url_helper.php(536): route_to('visi-misi')
 5 APPPATH/Views/admin/layout/admin.php(49): url_to('visi-misi')
 6 SYSTEMPATH/View/View.php(213): include('APPPATH/Views/admin/layout/admin.php')
 7 SYSTEMPATH/View/View.php(216): CodeIgniter\View\View->CodeIgniter\View\{closure}()
 8 SYSTEMPATH/View/View.php(229): CodeIgniter\View\View->render('admin/layout/admin', [], true)
 9 SYSTEMPATH/Common.php(1134): CodeIgniter\View\View->render('admin/dashboard', [], true)
10 APPPATH/Controllers/Admin/DashboardController.php(183): view('admin/dashboard', [...])
11 SYSTEMPATH/CodeIgniter.php(927): App\Controllers\Admin\DashboardController->index()
12 SYSTEMPATH/CodeIgniter.php(482): CodeIgniter\CodeIgniter->runController(Object(App\Controllers\Admin\DashboardController))
13 SYSTEMPATH/CodeIgniter.php(351): CodeIgniter\CodeIgniter->handleRequest(null, Object(Config\Cache), false)
14 FCPATH/index.php(67): CodeIgniter\CodeIgniter->run()
CRITICAL - 2023-07-18 18:26:47 --> Router.invalidParameterType
in SYSTEMPATH/Router/RouteCollection.php on line 1144.
 1 SYSTEMPATH/Router/RouteCollection.php(1144): CodeIgniter\Router\Exceptions\RouterException::forInvalidParameterType()
 2 SYSTEMPATH/Router/RouteCollection.php(1010): CodeIgniter\Router\RouteCollection->fillRouteParams('admin/detail-halaman/([0-9]+)', [])
 3 SYSTEMPATH/Common.php(911): CodeIgniter\Router\RouteCollection->reverseRoute('visi-misi')
 4 SYSTEMPATH/Helpers/url_helper.php(536): route_to('visi-misi')
 5 APPPATH/Views/admin/layout/admin.php(49): url_to('visi-misi')
 6 SYSTEMPATH/View/View.php(213): include('APPPATH/Views/admin/layout/admin.php')
 7 SYSTEMPATH/View/View.php(216): CodeIgniter\View\View->CodeIgniter\View\{closure}()
 8 SYSTEMPATH/View/View.php(229): CodeIgniter\View\View->render('admin/layout/admin', [], true)
 9 SYSTEMPATH/Common.php(1134): CodeIgniter\View\View->render('admin/member', [], true)
10 APPPATH/Controllers/Admin/MemberController.php(21): view('admin/member', [...])
11 SYSTEMPATH/CodeIgniter.php(927): App\Controllers\Admin\MemberController->index()
12 SYSTEMPATH/CodeIgniter.php(482): CodeIgniter\CodeIgniter->runController(Object(App\Controllers\Admin\MemberController))
13 SYSTEMPATH/CodeIgniter.php(351): CodeIgniter\CodeIgniter->handleRequest(null, Object(Config\Cache), false)
14 FCPATH/index.php(67): CodeIgniter\CodeIgniter->run()
CRITICAL - 2023-07-18 18:43:38 --> Router.invalidParameterType
in SYSTEMPATH/Router/RouteCollection.php on line 1144.
 1 SYSTEMPATH/Router/RouteCollection.php(1144): CodeIgniter\Router\Exceptions\RouterException::forInvalidParameterType()
 2 SYSTEMPATH/Router/RouteCollection.php(1010): CodeIgniter\Router\RouteCollection->fillRouteParams('admin/detail-halaman/([0-9]+)', [])
 3 SYSTEMPATH/Common.php(911): CodeIgniter\Router\RouteCollection->reverseRoute('visi-misi')
 4 SYSTEMPATH/Helpers/url_helper.php(536): route_to('visi-misi')
 5 APPPATH/Views/admin/layout/admin.php(49): url_to('visi-misi')
 6 SYSTEMPATH/View/View.php(213): include('APPPATH/Views/admin/layout/admin.php')
 7 SYSTEMPATH/View/View.php(216): CodeIgniter\View\View->CodeIgniter\View\{closure}()
 8 SYSTEMPATH/View/View.php(229): CodeIgniter\View\View->render('admin/layout/admin', [], true)
 9 SYSTEMPATH/Common.php(1134): CodeIgniter\View\View->render('admin/bidang_usaha', [], true)
10 APPPATH/Controllers/Admin/BeritaController.php(216): view('admin/bidang_usaha', [...])
11 SYSTEMPATH/CodeIgniter.php(927): App\Controllers\Admin\BeritaController->bidangUsaha()
12 SYSTEMPATH/CodeIgniter.php(482): CodeIgniter\CodeIgniter->runController(Object(App\Controllers\Admin\BeritaController))
13 SYSTEMPATH/CodeIgniter.php(351): CodeIgniter\CodeIgniter->handleRequest(null, Object(Config\Cache), false)
14 FCPATH/index.php(67): CodeIgniter\CodeIgniter->run()
CRITICAL - 2023-07-18 18:48:52 --> Router.invalidParameterType
in SYSTEMPATH/Router/RouteCollection.php on line 1144.
 1 SYSTEMPATH/Router/RouteCollection.php(1144): CodeIgniter\Router\Exceptions\RouterException::forInvalidParameterType()
 2 SYSTEMPATH/Router/RouteCollection.php(1010): CodeIgniter\Router\RouteCollection->fillRouteParams('admin/detail-halaman/([0-9]+)', [])
 3 SYSTEMPATH/Common.php(911): CodeIgniter\Router\RouteCollection->reverseRoute('visi-misi')
 4 SYSTEMPATH/Helpers/url_helper.php(536): route_to('visi-misi')
 5 APPPATH/Views/admin/layout/admin.php(49): url_to('visi-misi')
 6 SYSTEMPATH/View/View.php(213): include('APPPATH/Views/admin/layout/admin.php')
 7 SYSTEMPATH/View/View.php(216): CodeIgniter\View\View->CodeIgniter\View\{closure}()
 8 SYSTEMPATH/View/View.php(229): CodeIgniter\View\View->render('admin/layout/admin', [], true)
 9 SYSTEMPATH/Common.php(1134): CodeIgniter\View\View->render('admin/bidang_usaha', [], true)
10 APPPATH/Controllers/Admin/BeritaController.php(216): view('admin/bidang_usaha', [...])
11 SYSTEMPATH/CodeIgniter.php(927): App\Controllers\Admin\BeritaController->bidangUsaha()
12 SYSTEMPATH/CodeIgniter.php(482): CodeIgniter\CodeIgniter->runController(Object(App\Controllers\Admin\BeritaController))
13 SYSTEMPATH/CodeIgniter.php(351): CodeIgniter\CodeIgniter->handleRequest(null, Object(Config\Cache), false)
14 FCPATH/index.php(67): CodeIgniter\CodeIgniter->run()
CRITICAL - 2023-07-18 18:52:46 --> The route for "admin/visi-misi" cannot be found.
in SYSTEMPATH/Helpers/url_helper.php on line 543.
 1 SYSTEMPATH/Helpers/url_helper.php(543): CodeIgniter\Router\Exceptions\RouterException::forInvalidRoute('admin/visi-misi')
 2 APPPATH/Views/admin/layout/admin.php(49): url_to('admin/visi-misi')
 3 SYSTEMPATH/View/View.php(213): include('APPPATH/Views/admin/layout/admin.php')
 4 SYSTEMPATH/View/View.php(216): CodeIgniter\View\View->CodeIgniter\View\{closure}()
 5 SYSTEMPATH/View/View.php(229): CodeIgniter\View\View->render('admin/layout/admin', [], true)
 6 SYSTEMPATH/Common.php(1134): CodeIgniter\View\View->render('admin/bidang_usaha', [], true)
 7 APPPATH/Controllers/Admin/BeritaController.php(216): view('admin/bidang_usaha', [...])
 8 SYSTEMPATH/CodeIgniter.php(927): App\Controllers\Admin\BeritaController->bidangUsaha()
 9 SYSTEMPATH/CodeIgniter.php(482): CodeIgniter\CodeIgniter->runController(Object(App\Controllers\Admin\BeritaController))
10 SYSTEMPATH/CodeIgniter.php(351): CodeIgniter\CodeIgniter->handleRequest(null, Object(Config\Cache), false)
11 FCPATH/index.php(67): CodeIgniter\CodeIgniter->run()
CRITICAL - 2023-07-18 18:53:38 --> Router.invalidParameterType
in SYSTEMPATH/Router/RouteCollection.php on line 1144.
 1 SYSTEMPATH/Router/RouteCollection.php(1144): CodeIgniter\Router\Exceptions\RouterException::forInvalidParameterType()
 2 SYSTEMPATH/Router/RouteCollection.php(1010): CodeIgniter\Router\RouteCollection->fillRouteParams('admin/detail-halaman/([0-9]+)', [])
 3 SYSTEMPATH/Common.php(911): CodeIgniter\Router\RouteCollection->reverseRoute('visi-misi')
 4 SYSTEMPATH/Helpers/url_helper.php(536): route_to('visi-misi')
 5 APPPATH/Views/admin/layout/admin.php(49): url_to('visi-misi')
 6 SYSTEMPATH/View/View.php(213): include('APPPATH/Views/admin/layout/admin.php')
 7 SYSTEMPATH/View/View.php(216): CodeIgniter\View\View->CodeIgniter\View\{closure}()
 8 SYSTEMPATH/View/View.php(229): CodeIgniter\View\View->render('admin/layout/admin', [], true)
 9 SYSTEMPATH/Common.php(1134): CodeIgniter\View\View->render('admin/bidang_usaha', [], true)
10 APPPATH/Controllers/Admin/BeritaController.php(216): view('admin/bidang_usaha', [...])
11 SYSTEMPATH/CodeIgniter.php(927): App\Controllers\Admin\BeritaController->bidangUsaha()
12 SYSTEMPATH/CodeIgniter.php(482): CodeIgniter\CodeIgniter->runController(Object(App\Controllers\Admin\BeritaController))
13 SYSTEMPATH/CodeIgniter.php(351): CodeIgniter\CodeIgniter->handleRequest(null, Object(Config\Cache), false)
14 FCPATH/index.php(67): CodeIgniter\CodeIgniter->run()
CRITICAL - 2023-07-18 18:54:19 --> The route for "visi" cannot be found.
in SYSTEMPATH/Helpers/url_helper.php on line 543.
 1 SYSTEMPATH/Helpers/url_helper.php(543): CodeIgniter\Router\Exceptions\RouterException::forInvalidRoute('visi')
 2 APPPATH/Views/admin/layout/admin.php(49): url_to('visi')
 3 SYSTEMPATH/View/View.php(213): include('APPPATH/Views/admin/layout/admin.php')
 4 SYSTEMPATH/View/View.php(216): CodeIgniter\View\View->CodeIgniter\View\{closure}()
 5 SYSTEMPATH/View/View.php(229): CodeIgniter\View\View->render('admin/layout/admin', [], true)
 6 SYSTEMPATH/Common.php(1134): CodeIgniter\View\View->render('admin/bidang_usaha', [], true)
 7 APPPATH/Controllers/Admin/BeritaController.php(216): view('admin/bidang_usaha', [...])
 8 SYSTEMPATH/CodeIgniter.php(927): App\Controllers\Admin\BeritaController->bidangUsaha()
 9 SYSTEMPATH/CodeIgniter.php(482): CodeIgniter\CodeIgniter->runController(Object(App\Controllers\Admin\BeritaController))
10 SYSTEMPATH/CodeIgniter.php(351): CodeIgniter\CodeIgniter->handleRequest(null, Object(Config\Cache), false)
11 FCPATH/index.php(67): CodeIgniter\CodeIgniter->run()
