CRITICAL - 2023-06-15 13:58:39 --> The route for "peserta-qurban" cannot be found.
in SYSTEMPATH\Helpers\url_helper.php on line 543.
 1 SYSTEMPATH\Helpers\url_helper.php(543): CodeIgniter\Router\Exceptions\RouterException::forInvalidRoute('peserta-qurban')
 2 APPPATH\Views\admin\layout\admin.php(44): url_to('peserta-qurban')
 3 SYSTEMPATH\View\View.php(213): include('APPPATH\\Views\\admin\\layout\\admin.php')
 4 SYSTEMPATH\View\View.php(216): CodeIgniter\View\View->CodeIgniter\View\{closure}()
 5 SYSTEMPATH\View\View.php(229): CodeIgniter\View\View->render('admin/layout/admin', [], true)
 6 SYSTEMPATH\Common.php(1134): CodeIgniter\View\View->render('admin/member', [], true)
 7 APPPATH\Controllers\Admin\MemberController.php(21): view('admin/member', [...])
 8 SYSTEMPATH\CodeIgniter.php(927): App\Controllers\Admin\MemberController->index()
 9 SYSTEMPATH\CodeIgniter.php(482): CodeIgniter\CodeIgniter->runController(Object(App\Controllers\Admin\MemberController))
10 SYSTEMPATH\CodeIgniter.php(351): CodeIgniter\CodeIgniter->handleRequest(null, Object(Config\Cache), false)
11 FCPATH\index.php(67): CodeIgniter\CodeIgniter->run()
CRITICAL - 2023-06-15 13:59:53 --> The route for "peserta-qurban" cannot be found.
in SYSTEMPATH\Helpers\url_helper.php on line 543.
 1 SYSTEMPATH\Helpers\url_helper.php(543): CodeIgniter\Router\Exceptions\RouterException::forInvalidRoute('peserta-qurban')
 2 APPPATH\Views\admin\layout\admin.php(44): url_to('peserta-qurban')
 3 SYSTEMPATH\View\View.php(213): include('APPPATH\\Views\\admin\\layout\\admin.php')
 4 SYSTEMPATH\View\View.php(216): CodeIgniter\View\View->CodeIgniter\View\{closure}()
 5 SYSTEMPATH\View\View.php(229): CodeIgniter\View\View->render('admin/layout/admin', [], true)
 6 SYSTEMPATH\Common.php(1134): CodeIgniter\View\View->render('admin/member', [], true)
 7 APPPATH\Controllers\Admin\MemberController.php(21): view('admin/member', [...])
 8 SYSTEMPATH\CodeIgniter.php(927): App\Controllers\Admin\MemberController->index()
 9 SYSTEMPATH\CodeIgniter.php(482): CodeIgniter\CodeIgniter->runController(Object(App\Controllers\Admin\MemberController))
10 SYSTEMPATH\CodeIgniter.php(351): CodeIgniter\CodeIgniter->handleRequest(null, Object(Config\Cache), false)
11 FCPATH\index.php(67): CodeIgniter\CodeIgniter->run()
CRITICAL - 2023-06-15 13:59:55 --> The route for "peserta-qurban" cannot be found.
in SYSTEMPATH\Helpers\url_helper.php on line 543.
 1 SYSTEMPATH\Helpers\url_helper.php(543): CodeIgniter\Router\Exceptions\RouterException::forInvalidRoute('peserta-qurban')
 2 APPPATH\Views\admin\layout\admin.php(44): url_to('peserta-qurban')
 3 SYSTEMPATH\View\View.php(213): include('APPPATH\\Views\\admin\\layout\\admin.php')
 4 SYSTEMPATH\View\View.php(216): CodeIgniter\View\View->CodeIgniter\View\{closure}()
 5 SYSTEMPATH\View\View.php(229): CodeIgniter\View\View->render('admin/layout/admin', [], true)
 6 SYSTEMPATH\Common.php(1134): CodeIgniter\View\View->render('admin/kategori_Galeri', [], true)
 7 APPPATH\Controllers\Admin\GaleriController.php(113): view('admin/kategori_Galeri', [...])
 8 SYSTEMPATH\CodeIgniter.php(927): App\Controllers\Admin\GaleriController->kategorigaleri('Galeri')
 9 SYSTEMPATH\CodeIgniter.php(482): CodeIgniter\CodeIgniter->runController(Object(App\Controllers\Admin\GaleriController))
10 SYSTEMPATH\CodeIgniter.php(351): CodeIgniter\CodeIgniter->handleRequest(null, Object(Config\Cache), false)
11 FCPATH\index.php(67): CodeIgniter\CodeIgniter->run()
CRITICAL - 2023-06-15 13:59:56 --> The route for "peserta-qurban" cannot be found.
in SYSTEMPATH\Helpers\url_helper.php on line 543.
 1 SYSTEMPATH\Helpers\url_helper.php(543): CodeIgniter\Router\Exceptions\RouterException::forInvalidRoute('peserta-qurban')
 2 APPPATH\Views\admin\layout\admin.php(44): url_to('peserta-qurban')
 3 SYSTEMPATH\View\View.php(213): include('APPPATH\\Views\\admin\\layout\\admin.php')
 4 SYSTEMPATH\View\View.php(216): CodeIgniter\View\View->CodeIgniter\View\{closure}()
 5 SYSTEMPATH\View\View.php(229): CodeIgniter\View\View->render('admin/layout/admin', [], true)
 6 SYSTEMPATH\Common.php(1134): CodeIgniter\View\View->render('admin/kategori_Slider', [], true)
 7 APPPATH\Controllers\Admin\GaleriController.php(113): view('admin/kategori_Slider', [...])
 8 SYSTEMPATH\CodeIgniter.php(927): App\Controllers\Admin\GaleriController->kategorigaleri('Slider')
 9 SYSTEMPATH\CodeIgniter.php(482): CodeIgniter\CodeIgniter->runController(Object(App\Controllers\Admin\GaleriController))
10 SYSTEMPATH\CodeIgniter.php(351): CodeIgniter\CodeIgniter->handleRequest(null, Object(Config\Cache), false)
11 FCPATH\index.php(67): CodeIgniter\CodeIgniter->run()
CRITICAL - 2023-06-15 13:59:57 --> The route for "peserta-qurban" cannot be found.
in SYSTEMPATH\Helpers\url_helper.php on line 543.
 1 SYSTEMPATH\Helpers\url_helper.php(543): CodeIgniter\Router\Exceptions\RouterException::forInvalidRoute('peserta-qurban')
 2 APPPATH\Views\admin\layout\admin.php(44): url_to('peserta-qurban')
 3 SYSTEMPATH\View\View.php(213): include('APPPATH\\Views\\admin\\layout\\admin.php')
 4 SYSTEMPATH\View\View.php(216): CodeIgniter\View\View->CodeIgniter\View\{closure}()
 5 SYSTEMPATH\View\View.php(229): CodeIgniter\View\View->render('admin/layout/admin', [], true)
 6 SYSTEMPATH\Common.php(1134): CodeIgniter\View\View->render('admin/kategori_Galeri', [], true)
 7 APPPATH\Controllers\Admin\GaleriController.php(113): view('admin/kategori_Galeri', [...])
 8 SYSTEMPATH\CodeIgniter.php(927): App\Controllers\Admin\GaleriController->kategorigaleri('Galeri')
 9 SYSTEMPATH\CodeIgniter.php(482): CodeIgniter\CodeIgniter->runController(Object(App\Controllers\Admin\GaleriController))
10 SYSTEMPATH\CodeIgniter.php(351): CodeIgniter\CodeIgniter->handleRequest(null, Object(Config\Cache), false)
11 FCPATH\index.php(67): CodeIgniter\CodeIgniter->run()
CRITICAL - 2023-06-15 14:00:00 --> The route for "peserta-qurban" cannot be found.
in SYSTEMPATH\Helpers\url_helper.php on line 543.
 1 SYSTEMPATH\Helpers\url_helper.php(543): CodeIgniter\Router\Exceptions\RouterException::forInvalidRoute('peserta-qurban')
 2 APPPATH\Views\admin\layout\admin.php(44): url_to('peserta-qurban')
 3 SYSTEMPATH\View\View.php(213): include('APPPATH\\Views\\admin\\layout\\admin.php')
 4 SYSTEMPATH\View\View.php(216): CodeIgniter\View\View->CodeIgniter\View\{closure}()
 5 SYSTEMPATH\View\View.php(229): CodeIgniter\View\View->render('admin/layout/admin', [], true)
 6 SYSTEMPATH\Common.php(1134): CodeIgniter\View\View->render('admin/kategori_Galeri', [], true)
 7 APPPATH\Controllers\Admin\GaleriController.php(113): view('admin/kategori_Galeri', [...])
 8 SYSTEMPATH\CodeIgniter.php(927): App\Controllers\Admin\GaleriController->kategorigaleri('Galeri')
 9 SYSTEMPATH\CodeIgniter.php(482): CodeIgniter\CodeIgniter->runController(Object(App\Controllers\Admin\GaleriController))
10 SYSTEMPATH\CodeIgniter.php(351): CodeIgniter\CodeIgniter->handleRequest(null, Object(Config\Cache), false)
11 FCPATH\index.php(67): CodeIgniter\CodeIgniter->run()
CRITICAL - 2023-06-15 14:00:14 --> The route for "peserta-qurban" cannot be found.
in SYSTEMPATH\Helpers\url_helper.php on line 543.
 1 SYSTEMPATH\Helpers\url_helper.php(543): CodeIgniter\Router\Exceptions\RouterException::forInvalidRoute('peserta-qurban')
 2 APPPATH\Views\admin\layout\admin.php(44): url_to('peserta-qurban')
 3 SYSTEMPATH\View\View.php(213): include('APPPATH\\Views\\admin\\layout\\admin.php')
 4 SYSTEMPATH\View\View.php(216): CodeIgniter\View\View->CodeIgniter\View\{closure}()
 5 SYSTEMPATH\View\View.php(229): CodeIgniter\View\View->render('admin/layout/admin', [], true)
 6 SYSTEMPATH\Common.php(1134): CodeIgniter\View\View->render('admin/dashboard', [], true)
 7 APPPATH\Controllers\Home.php(18): view('admin/dashboard', [...])
 8 SYSTEMPATH\CodeIgniter.php(927): App\Controllers\Home->index()
 9 SYSTEMPATH\CodeIgniter.php(482): CodeIgniter\CodeIgniter->runController(Object(App\Controllers\Home))
10 SYSTEMPATH\CodeIgniter.php(351): CodeIgniter\CodeIgniter->handleRequest(null, Object(Config\Cache), false)
11 FCPATH\index.php(67): CodeIgniter\CodeIgniter->run()
12 SYSTEMPATH\Commands\Server\rewrite.php(46): require_once('FCPATH\\index.php')
CRITICAL - 2023-06-15 14:00:57 --> The route for "peserta-qurban" cannot be found.
in SYSTEMPATH\Helpers\url_helper.php on line 543.
 1 SYSTEMPATH\Helpers\url_helper.php(543): CodeIgniter\Router\Exceptions\RouterException::forInvalidRoute('peserta-qurban')
 2 APPPATH\Views\admin\layout\admin.php(44): url_to('peserta-qurban')
 3 SYSTEMPATH\View\View.php(213): include('APPPATH\\Views\\admin\\layout\\admin.php')
 4 SYSTEMPATH\View\View.php(216): CodeIgniter\View\View->CodeIgniter\View\{closure}()
 5 SYSTEMPATH\View\View.php(229): CodeIgniter\View\View->render('admin/layout/admin', [], true)
 6 SYSTEMPATH\Common.php(1134): CodeIgniter\View\View->render('admin/dashboard', [], true)
 7 APPPATH\Controllers\Home.php(18): view('admin/dashboard', [...])
 8 SYSTEMPATH\CodeIgniter.php(927): App\Controllers\Home->index()
 9 SYSTEMPATH\CodeIgniter.php(482): CodeIgniter\CodeIgniter->runController(Object(App\Controllers\Home))
10 SYSTEMPATH\CodeIgniter.php(351): CodeIgniter\CodeIgniter->handleRequest(null, Object(Config\Cache), false)
11 FCPATH\index.php(67): CodeIgniter\CodeIgniter->run()
12 SYSTEMPATH\Commands\Server\rewrite.php(46): require_once('FCPATH\\index.php')
CRITICAL - 2023-06-15 14:00:58 --> The route for "peserta-qurban" cannot be found.
in SYSTEMPATH\Helpers\url_helper.php on line 543.
 1 SYSTEMPATH\Helpers\url_helper.php(543): CodeIgniter\Router\Exceptions\RouterException::forInvalidRoute('peserta-qurban')
 2 APPPATH\Views\admin\layout\admin.php(44): url_to('peserta-qurban')
 3 SYSTEMPATH\View\View.php(213): include('APPPATH\\Views\\admin\\layout\\admin.php')
 4 SYSTEMPATH\View\View.php(216): CodeIgniter\View\View->CodeIgniter\View\{closure}()
 5 SYSTEMPATH\View\View.php(229): CodeIgniter\View\View->render('admin/layout/admin', [], true)
 6 SYSTEMPATH\Common.php(1134): CodeIgniter\View\View->render('admin/dashboard', [], true)
 7 APPPATH\Controllers\Home.php(18): view('admin/dashboard', [...])
 8 SYSTEMPATH\CodeIgniter.php(927): App\Controllers\Home->index()
 9 SYSTEMPATH\CodeIgniter.php(482): CodeIgniter\CodeIgniter->runController(Object(App\Controllers\Home))
10 SYSTEMPATH\CodeIgniter.php(351): CodeIgniter\CodeIgniter->handleRequest(null, Object(Config\Cache), false)
11 FCPATH\index.php(67): CodeIgniter\CodeIgniter->run()
12 SYSTEMPATH\Commands\Server\rewrite.php(46): require_once('FCPATH\\index.php')
CRITICAL - 2023-06-15 14:03:43 --> The route for "peserta-qurban" cannot be found.
in SYSTEMPATH\Helpers\url_helper.php on line 543.
 1 SYSTEMPATH\Helpers\url_helper.php(543): CodeIgniter\Router\Exceptions\RouterException::forInvalidRoute('peserta-qurban')
 2 APPPATH\Views\admin\layout\admin.php(44): url_to('peserta-qurban')
 3 SYSTEMPATH\View\View.php(213): include('APPPATH\\Views\\admin\\layout\\admin.php')
 4 SYSTEMPATH\View\View.php(216): CodeIgniter\View\View->CodeIgniter\View\{closure}()
 5 SYSTEMPATH\View\View.php(229): CodeIgniter\View\View->render('admin/layout/admin', [], true)
 6 SYSTEMPATH\Common.php(1134): CodeIgniter\View\View->render('admin/dashboard', [], true)
 7 APPPATH\Controllers\Home.php(18): view('admin/dashboard', [...])
 8 SYSTEMPATH\CodeIgniter.php(927): App\Controllers\Home->index()
 9 SYSTEMPATH\CodeIgniter.php(482): CodeIgniter\CodeIgniter->runController(Object(App\Controllers\Home))
10 SYSTEMPATH\CodeIgniter.php(351): CodeIgniter\CodeIgniter->handleRequest(null, Object(Config\Cache), false)
11 FCPATH\index.php(67): CodeIgniter\CodeIgniter->run()
12 SYSTEMPATH\Commands\Server\rewrite.php(46): require_once('FCPATH\\index.php')
CRITICAL - 2023-06-15 14:05:41 --> The route for "debet" cannot be found.
in SYSTEMPATH\Helpers\url_helper.php on line 543.
 1 SYSTEMPATH\Helpers\url_helper.php(543): CodeIgniter\Router\Exceptions\RouterException::forInvalidRoute('debet')
 2 APPPATH\Views\admin\layout\admin.php(91): url_to('debet')
 3 SYSTEMPATH\View\View.php(213): include('APPPATH\\Views\\admin\\layout\\admin.php')
 4 SYSTEMPATH\View\View.php(216): CodeIgniter\View\View->CodeIgniter\View\{closure}()
 5 SYSTEMPATH\View\View.php(229): CodeIgniter\View\View->render('admin/layout/admin', [], true)
 6 SYSTEMPATH\Common.php(1134): CodeIgniter\View\View->render('admin/dashboard', [], true)
 7 APPPATH\Controllers\Home.php(18): view('admin/dashboard', [...])
 8 SYSTEMPATH\CodeIgniter.php(927): App\Controllers\Home->index()
 9 SYSTEMPATH\CodeIgniter.php(482): CodeIgniter\CodeIgniter->runController(Object(App\Controllers\Home))
10 SYSTEMPATH\CodeIgniter.php(351): CodeIgniter\CodeIgniter->handleRequest(null, Object(Config\Cache), false)
11 FCPATH\index.php(67): CodeIgniter\CodeIgniter->run()
12 SYSTEMPATH\Commands\Server\rewrite.php(46): require_once('FCPATH\\index.php')
CRITICAL - 2023-06-15 15:48:58 --> The route for "tambah-kategori" cannot be found.
in SYSTEMPATH\Helpers\url_helper.php on line 543.
 1 SYSTEMPATH\Helpers\url_helper.php(543): CodeIgniter\Router\Exceptions\RouterException::forInvalidRoute('tambah-kategori')
 2 APPPATH\Views\admin\kategori_Galeri.php(13): url_to('tambah-kategori')
 3 SYSTEMPATH\View\View.php(213): include('APPPATH\\Views\\admin\\kategori_Galeri.php')
 4 SYSTEMPATH\View\View.php(216): CodeIgniter\View\View->CodeIgniter\View\{closure}()
 5 SYSTEMPATH\Common.php(1134): CodeIgniter\View\View->render('admin/kategori_Galeri', [], true)
 6 APPPATH\Controllers\Admin\GaleriController.php(113): view('admin/kategori_Galeri', [...])
 7 SYSTEMPATH\CodeIgniter.php(927): App\Controllers\Admin\GaleriController->kategorigaleri('Galeri')
 8 SYSTEMPATH\CodeIgniter.php(482): CodeIgniter\CodeIgniter->runController(Object(App\Controllers\Admin\GaleriController))
 9 SYSTEMPATH\CodeIgniter.php(351): CodeIgniter\CodeIgniter->handleRequest(null, Object(Config\Cache), false)
10 FCPATH\index.php(67): CodeIgniter\CodeIgniter->run()
CRITICAL - 2023-06-15 15:49:01 --> The route for "tambah-kategori" cannot be found.
in SYSTEMPATH\Helpers\url_helper.php on line 543.
 1 SYSTEMPATH\Helpers\url_helper.php(543): CodeIgniter\Router\Exceptions\RouterException::forInvalidRoute('tambah-kategori')
 2 APPPATH\Views\admin\kategori_Slider.php(13): url_to('tambah-kategori')
 3 SYSTEMPATH\View\View.php(213): include('APPPATH\\Views\\admin\\kategori_Slider.php')
 4 SYSTEMPATH\View\View.php(216): CodeIgniter\View\View->CodeIgniter\View\{closure}()
 5 SYSTEMPATH\Common.php(1134): CodeIgniter\View\View->render('admin/kategori_Slider', [], true)
 6 APPPATH\Controllers\Admin\GaleriController.php(113): view('admin/kategori_Slider', [...])
 7 SYSTEMPATH\CodeIgniter.php(927): App\Controllers\Admin\GaleriController->kategorigaleri('Slider')
 8 SYSTEMPATH\CodeIgniter.php(482): CodeIgniter\CodeIgniter->runController(Object(App\Controllers\Admin\GaleriController))
 9 SYSTEMPATH\CodeIgniter.php(351): CodeIgniter\CodeIgniter->handleRequest(null, Object(Config\Cache), false)
10 FCPATH\index.php(67): CodeIgniter\CodeIgniter->run()
CRITICAL - 2023-06-15 15:50:35 --> The route for "tambah-kategori" cannot be found.
in SYSTEMPATH\Helpers\url_helper.php on line 543.
 1 SYSTEMPATH\Helpers\url_helper.php(543): CodeIgniter\Router\Exceptions\RouterException::forInvalidRoute('tambah-kategori')
 2 APPPATH\Views\admin\kategori_Slider.php(13): url_to('tambah-kategori')
 3 SYSTEMPATH\View\View.php(213): include('APPPATH\\Views\\admin\\kategori_Slider.php')
 4 SYSTEMPATH\View\View.php(216): CodeIgniter\View\View->CodeIgniter\View\{closure}()
 5 SYSTEMPATH\Common.php(1134): CodeIgniter\View\View->render('admin/kategori_Slider', [], true)
 6 APPPATH\Controllers\Admin\GaleriController.php(113): view('admin/kategori_Slider', [...])
 7 SYSTEMPATH\CodeIgniter.php(927): App\Controllers\Admin\GaleriController->kategorigaleri('Slider')
 8 SYSTEMPATH\CodeIgniter.php(482): CodeIgniter\CodeIgniter->runController(Object(App\Controllers\Admin\GaleriController))
 9 SYSTEMPATH\CodeIgniter.php(351): CodeIgniter\CodeIgniter->handleRequest(null, Object(Config\Cache), false)
10 FCPATH\index.php(67): CodeIgniter\CodeIgniter->run()
CRITICAL - 2023-06-15 15:52:40 --> The route for "tambah-kategori" cannot be found.
in SYSTEMPATH\Helpers\url_helper.php on line 543.
 1 SYSTEMPATH\Helpers\url_helper.php(543): CodeIgniter\Router\Exceptions\RouterException::forInvalidRoute('tambah-kategori')
 2 APPPATH\Views\admin\kategori_Slider.php(13): url_to('tambah-kategori')
 3 SYSTEMPATH\View\View.php(213): include('APPPATH\\Views\\admin\\kategori_Slider.php')
 4 SYSTEMPATH\View\View.php(216): CodeIgniter\View\View->CodeIgniter\View\{closure}()
 5 SYSTEMPATH\Common.php(1134): CodeIgniter\View\View->render('admin/kategori_Slider', [], true)
 6 APPPATH\Controllers\Admin\GaleriController.php(113): view('admin/kategori_Slider', [...])
 7 SYSTEMPATH\CodeIgniter.php(927): App\Controllers\Admin\GaleriController->kategorigaleri('Slider')
 8 SYSTEMPATH\CodeIgniter.php(482): CodeIgniter\CodeIgniter->runController(Object(App\Controllers\Admin\GaleriController))
 9 SYSTEMPATH\CodeIgniter.php(351): CodeIgniter\CodeIgniter->handleRequest(null, Object(Config\Cache), false)
10 FCPATH\index.php(67): CodeIgniter\CodeIgniter->run()
CRITICAL - 2023-06-15 15:53:52 --> The route for "tambah-kategori" cannot be found.
in SYSTEMPATH\Helpers\url_helper.php on line 543.
 1 SYSTEMPATH\Helpers\url_helper.php(543): CodeIgniter\Router\Exceptions\RouterException::forInvalidRoute('tambah-kategori')
 2 APPPATH\Views\admin\kategori_Slider.php(13): url_to('tambah-kategori')
 3 SYSTEMPATH\View\View.php(213): include('APPPATH\\Views\\admin\\kategori_Slider.php')
 4 SYSTEMPATH\View\View.php(216): CodeIgniter\View\View->CodeIgniter\View\{closure}()
 5 SYSTEMPATH\Common.php(1134): CodeIgniter\View\View->render('admin/kategori_Slider', [], true)
 6 APPPATH\Controllers\Admin\GaleriController.php(114): view('admin/kategori_Slider', [...])
 7 SYSTEMPATH\CodeIgniter.php(927): App\Controllers\Admin\GaleriController->kategorigaleri('Slider')
 8 SYSTEMPATH\CodeIgniter.php(482): CodeIgniter\CodeIgniter->runController(Object(App\Controllers\Admin\GaleriController))
 9 SYSTEMPATH\CodeIgniter.php(351): CodeIgniter\CodeIgniter->handleRequest(null, Object(Config\Cache), false)
10 FCPATH\index.php(67): CodeIgniter\CodeIgniter->run()
CRITICAL - 2023-06-15 15:53:53 --> The route for "tambah-kategori" cannot be found.
in SYSTEMPATH\Helpers\url_helper.php on line 543.
 1 SYSTEMPATH\Helpers\url_helper.php(543): CodeIgniter\Router\Exceptions\RouterException::forInvalidRoute('tambah-kategori')
 2 APPPATH\Views\admin\kategori_Galeri.php(13): url_to('tambah-kategori')
 3 SYSTEMPATH\View\View.php(213): include('APPPATH\\Views\\admin\\kategori_Galeri.php')
 4 SYSTEMPATH\View\View.php(216): CodeIgniter\View\View->CodeIgniter\View\{closure}()
 5 SYSTEMPATH\Common.php(1134): CodeIgniter\View\View->render('admin/kategori_Galeri', [], true)
 6 APPPATH\Controllers\Admin\GaleriController.php(114): view('admin/kategori_Galeri', [...])
 7 SYSTEMPATH\CodeIgniter.php(927): App\Controllers\Admin\GaleriController->kategorigaleri('Galeri')
 8 SYSTEMPATH\CodeIgniter.php(482): CodeIgniter\CodeIgniter->runController(Object(App\Controllers\Admin\GaleriController))
 9 SYSTEMPATH\CodeIgniter.php(351): CodeIgniter\CodeIgniter->handleRequest(null, Object(Config\Cache), false)
10 FCPATH\index.php(67): CodeIgniter\CodeIgniter->run()
CRITICAL - 2023-06-15 15:53:54 --> The route for "tambah-kategori" cannot be found.
in SYSTEMPATH\Helpers\url_helper.php on line 543.
 1 SYSTEMPATH\Helpers\url_helper.php(543): CodeIgniter\Router\Exceptions\RouterException::forInvalidRoute('tambah-kategori')
 2 APPPATH\Views\admin\kategori_Slider.php(13): url_to('tambah-kategori')
 3 SYSTEMPATH\View\View.php(213): include('APPPATH\\Views\\admin\\kategori_Slider.php')
 4 SYSTEMPATH\View\View.php(216): CodeIgniter\View\View->CodeIgniter\View\{closure}()
 5 SYSTEMPATH\Common.php(1134): CodeIgniter\View\View->render('admin/kategori_Slider', [], true)
 6 APPPATH\Controllers\Admin\GaleriController.php(114): view('admin/kategori_Slider', [...])
 7 SYSTEMPATH\CodeIgniter.php(927): App\Controllers\Admin\GaleriController->kategorigaleri('Slider')
 8 SYSTEMPATH\CodeIgniter.php(482): CodeIgniter\CodeIgniter->runController(Object(App\Controllers\Admin\GaleriController))
 9 SYSTEMPATH\CodeIgniter.php(351): CodeIgniter\CodeIgniter->handleRequest(null, Object(Config\Cache), false)
10 FCPATH\index.php(67): CodeIgniter\CodeIgniter->run()
CRITICAL - 2023-06-15 15:53:55 --> The route for "tambah-kategori" cannot be found.
in SYSTEMPATH\Helpers\url_helper.php on line 543.
 1 SYSTEMPATH\Helpers\url_helper.php(543): CodeIgniter\Router\Exceptions\RouterException::forInvalidRoute('tambah-kategori')
 2 APPPATH\Views\admin\kategori_Galeri.php(13): url_to('tambah-kategori')
 3 SYSTEMPATH\View\View.php(213): include('APPPATH\\Views\\admin\\kategori_Galeri.php')
 4 SYSTEMPATH\View\View.php(216): CodeIgniter\View\View->CodeIgniter\View\{closure}()
 5 SYSTEMPATH\Common.php(1134): CodeIgniter\View\View->render('admin/kategori_Galeri', [], true)
 6 APPPATH\Controllers\Admin\GaleriController.php(114): view('admin/kategori_Galeri', [...])
 7 SYSTEMPATH\CodeIgniter.php(927): App\Controllers\Admin\GaleriController->kategorigaleri('Galeri')
 8 SYSTEMPATH\CodeIgniter.php(482): CodeIgniter\CodeIgniter->runController(Object(App\Controllers\Admin\GaleriController))
 9 SYSTEMPATH\CodeIgniter.php(351): CodeIgniter\CodeIgniter->handleRequest(null, Object(Config\Cache), false)
10 FCPATH\index.php(67): CodeIgniter\CodeIgniter->run()
CRITICAL - 2023-06-15 15:54:02 --> The route for "tambah-kategori" cannot be found.
in SYSTEMPATH\Helpers\url_helper.php on line 543.
 1 SYSTEMPATH\Helpers\url_helper.php(543): CodeIgniter\Router\Exceptions\RouterException::forInvalidRoute('tambah-kategori')
 2 APPPATH\Views\admin\kategori_Galeri.php(13): url_to('tambah-kategori')
 3 SYSTEMPATH\View\View.php(213): include('APPPATH\\Views\\admin\\kategori_Galeri.php')
 4 SYSTEMPATH\View\View.php(216): CodeIgniter\View\View->CodeIgniter\View\{closure}()
 5 SYSTEMPATH\Common.php(1134): CodeIgniter\View\View->render('admin/kategori_Galeri', [], true)
 6 APPPATH\Controllers\Admin\GaleriController.php(114): view('admin/kategori_Galeri', [...])
 7 SYSTEMPATH\CodeIgniter.php(927): App\Controllers\Admin\GaleriController->kategorigaleri('Galeri')
 8 SYSTEMPATH\CodeIgniter.php(482): CodeIgniter\CodeIgniter->runController(Object(App\Controllers\Admin\GaleriController))
 9 SYSTEMPATH\CodeIgniter.php(351): CodeIgniter\CodeIgniter->handleRequest(null, Object(Config\Cache), false)
10 FCPATH\index.php(67): CodeIgniter\CodeIgniter->run()
CRITICAL - 2023-06-15 15:55:07 --> The route for "tambah-kategori" cannot be found.
in SYSTEMPATH\Helpers\url_helper.php on line 543.
 1 SYSTEMPATH\Helpers\url_helper.php(543): CodeIgniter\Router\Exceptions\RouterException::forInvalidRoute('tambah-kategori')
 2 APPPATH\Views\admin\kategori_Galeri.php(13): url_to('tambah-kategori')
 3 SYSTEMPATH\View\View.php(213): include('APPPATH\\Views\\admin\\kategori_Galeri.php')
 4 SYSTEMPATH\View\View.php(216): CodeIgniter\View\View->CodeIgniter\View\{closure}()
 5 SYSTEMPATH\Common.php(1134): CodeIgniter\View\View->render('admin/kategori_Galeri', [], true)
 6 APPPATH\Controllers\Admin\GaleriController.php(114): view('admin/kategori_Galeri', [...])
 7 SYSTEMPATH\CodeIgniter.php(927): App\Controllers\Admin\GaleriController->kategorigaleri('Galeri')
 8 SYSTEMPATH\CodeIgniter.php(482): CodeIgniter\CodeIgniter->runController(Object(App\Controllers\Admin\GaleriController))
 9 SYSTEMPATH\CodeIgniter.php(351): CodeIgniter\CodeIgniter->handleRequest(null, Object(Config\Cache), false)
10 FCPATH\index.php(67): CodeIgniter\CodeIgniter->run()
CRITICAL - 2023-06-15 15:55:08 --> The route for "tambah-kategori" cannot be found.
in SYSTEMPATH\Helpers\url_helper.php on line 543.
 1 SYSTEMPATH\Helpers\url_helper.php(543): CodeIgniter\Router\Exceptions\RouterException::forInvalidRoute('tambah-kategori')
 2 APPPATH\Views\admin\kategori_Galeri.php(13): url_to('tambah-kategori')
 3 SYSTEMPATH\View\View.php(213): include('APPPATH\\Views\\admin\\kategori_Galeri.php')
 4 SYSTEMPATH\View\View.php(216): CodeIgniter\View\View->CodeIgniter\View\{closure}()
 5 SYSTEMPATH\Common.php(1134): CodeIgniter\View\View->render('admin/kategori_Galeri', [], true)
 6 APPPATH\Controllers\Admin\GaleriController.php(114): view('admin/kategori_Galeri', [...])
 7 SYSTEMPATH\CodeIgniter.php(927): App\Controllers\Admin\GaleriController->kategorigaleri('Galeri')
 8 SYSTEMPATH\CodeIgniter.php(482): CodeIgniter\CodeIgniter->runController(Object(App\Controllers\Admin\GaleriController))
 9 SYSTEMPATH\CodeIgniter.php(351): CodeIgniter\CodeIgniter->handleRequest(null, Object(Config\Cache), false)
10 FCPATH\index.php(67): CodeIgniter\CodeIgniter->run()
CRITICAL - 2023-06-15 15:55:19 --> The route for "tambah-kategori" cannot be found.
in SYSTEMPATH\Helpers\url_helper.php on line 543.
 1 SYSTEMPATH\Helpers\url_helper.php(543): CodeIgniter\Router\Exceptions\RouterException::forInvalidRoute('tambah-kategori')
 2 APPPATH\Views\admin\kategori_Galeri.php(13): url_to('tambah-kategori')
 3 SYSTEMPATH\View\View.php(213): include('APPPATH\\Views\\admin\\kategori_Galeri.php')
 4 SYSTEMPATH\View\View.php(216): CodeIgniter\View\View->CodeIgniter\View\{closure}()
 5 SYSTEMPATH\Common.php(1134): CodeIgniter\View\View->render('admin/kategori_Galeri', [], true)
 6 APPPATH\Controllers\Admin\GaleriController.php(114): view('admin/kategori_Galeri', [...])
 7 SYSTEMPATH\CodeIgniter.php(927): App\Controllers\Admin\GaleriController->kategorigaleri('Galeri')
 8 SYSTEMPATH\CodeIgniter.php(482): CodeIgniter\CodeIgniter->runController(Object(App\Controllers\Admin\GaleriController))
 9 SYSTEMPATH\CodeIgniter.php(351): CodeIgniter\CodeIgniter->handleRequest(null, Object(Config\Cache), false)
10 FCPATH\index.php(67): CodeIgniter\CodeIgniter->run()
CRITICAL - 2023-06-15 15:56:39 --> The route for "tambah-kategori" cannot be found.
in SYSTEMPATH\Helpers\url_helper.php on line 543.
 1 SYSTEMPATH\Helpers\url_helper.php(543): CodeIgniter\Router\Exceptions\RouterException::forInvalidRoute('tambah-kategori')
 2 APPPATH\Views\admin\kategori_Galeri.php(13): url_to('tambah-kategori')
 3 SYSTEMPATH\View\View.php(213): include('APPPATH\\Views\\admin\\kategori_Galeri.php')
 4 SYSTEMPATH\View\View.php(216): CodeIgniter\View\View->CodeIgniter\View\{closure}()
 5 SYSTEMPATH\Common.php(1134): CodeIgniter\View\View->render('admin/kategori_Galeri', [], true)
 6 APPPATH\Controllers\Admin\GaleriController.php(114): view('admin/kategori_Galeri', [...])
 7 SYSTEMPATH\CodeIgniter.php(927): App\Controllers\Admin\GaleriController->kategorigaleri('Galeri')
 8 SYSTEMPATH\CodeIgniter.php(482): CodeIgniter\CodeIgniter->runController(Object(App\Controllers\Admin\GaleriController))
 9 SYSTEMPATH\CodeIgniter.php(351): CodeIgniter\CodeIgniter->handleRequest(null, Object(Config\Cache), false)
10 FCPATH\index.php(67): CodeIgniter\CodeIgniter->run()
CRITICAL - 2023-06-15 15:56:42 --> The route for "tambah-kategori" cannot be found.
in SYSTEMPATH\Helpers\url_helper.php on line 543.
 1 SYSTEMPATH\Helpers\url_helper.php(543): CodeIgniter\Router\Exceptions\RouterException::forInvalidRoute('tambah-kategori')
 2 APPPATH\Views\admin\kategori_Galeri.php(13): url_to('tambah-kategori')
 3 SYSTEMPATH\View\View.php(213): include('APPPATH\\Views\\admin\\kategori_Galeri.php')
 4 SYSTEMPATH\View\View.php(216): CodeIgniter\View\View->CodeIgniter\View\{closure}()
 5 SYSTEMPATH\Common.php(1134): CodeIgniter\View\View->render('admin/kategori_Galeri', [], true)
 6 APPPATH\Controllers\Admin\GaleriController.php(114): view('admin/kategori_Galeri', [...])
 7 SYSTEMPATH\CodeIgniter.php(927): App\Controllers\Admin\GaleriController->kategorigaleri('Galeri')
 8 SYSTEMPATH\CodeIgniter.php(482): CodeIgniter\CodeIgniter->runController(Object(App\Controllers\Admin\GaleriController))
 9 SYSTEMPATH\CodeIgniter.php(351): CodeIgniter\CodeIgniter->handleRequest(null, Object(Config\Cache), false)
10 FCPATH\index.php(67): CodeIgniter\CodeIgniter->run()
CRITICAL - 2023-06-15 15:57:10 --> The route for "tambah-kategori" cannot be found.
in SYSTEMPATH\Helpers\url_helper.php on line 543.
 1 SYSTEMPATH\Helpers\url_helper.php(543): CodeIgniter\Router\Exceptions\RouterException::forInvalidRoute('tambah-kategori')
 2 APPPATH\Views\admin\kategori_Galeri.php(13): url_to('tambah-kategori')
 3 SYSTEMPATH\View\View.php(213): include('APPPATH\\Views\\admin\\kategori_Galeri.php')
 4 SYSTEMPATH\View\View.php(216): CodeIgniter\View\View->CodeIgniter\View\{closure}()
 5 SYSTEMPATH\Common.php(1134): CodeIgniter\View\View->render('admin/kategori_Galeri', [], true)
 6 APPPATH\Controllers\Admin\GaleriController.php(114): view('admin/kategori_Galeri', [...])
 7 SYSTEMPATH\CodeIgniter.php(927): App\Controllers\Admin\GaleriController->kategorigaleri('Galeri')
 8 SYSTEMPATH\CodeIgniter.php(482): CodeIgniter\CodeIgniter->runController(Object(App\Controllers\Admin\GaleriController))
 9 SYSTEMPATH\CodeIgniter.php(351): CodeIgniter\CodeIgniter->handleRequest(null, Object(Config\Cache), false)
10 FCPATH\index.php(67): CodeIgniter\CodeIgniter->run()
CRITICAL - 2023-06-15 15:57:27 --> The route for "tambah-kategori" cannot be found.
in SYSTEMPATH\Helpers\url_helper.php on line 543.
 1 SYSTEMPATH\Helpers\url_helper.php(543): CodeIgniter\Router\Exceptions\RouterException::forInvalidRoute('tambah-kategori')
 2 APPPATH\Views\admin\kategori_Galeri.php(13): url_to('tambah-kategori')
 3 SYSTEMPATH\View\View.php(213): include('APPPATH\\Views\\admin\\kategori_Galeri.php')
 4 SYSTEMPATH\View\View.php(216): CodeIgniter\View\View->CodeIgniter\View\{closure}()
 5 SYSTEMPATH\Common.php(1134): CodeIgniter\View\View->render('admin/kategori_Galeri', [], true)
 6 APPPATH\Controllers\Admin\GaleriController.php(114): view('admin/kategori_Galeri', [...])
 7 SYSTEMPATH\CodeIgniter.php(927): App\Controllers\Admin\GaleriController->kategorigaleri('Galeri')
 8 SYSTEMPATH\CodeIgniter.php(482): CodeIgniter\CodeIgniter->runController(Object(App\Controllers\Admin\GaleriController))
 9 SYSTEMPATH\CodeIgniter.php(351): CodeIgniter\CodeIgniter->handleRequest(null, Object(Config\Cache), false)
10 FCPATH\index.php(67): CodeIgniter\CodeIgniter->run()
CRITICAL - 2023-06-15 15:57:28 --> The route for "tambah-kategori" cannot be found.
in SYSTEMPATH\Helpers\url_helper.php on line 543.
 1 SYSTEMPATH\Helpers\url_helper.php(543): CodeIgniter\Router\Exceptions\RouterException::forInvalidRoute('tambah-kategori')
 2 APPPATH\Views\admin\kategori_Galeri.php(13): url_to('tambah-kategori')
 3 SYSTEMPATH\View\View.php(213): include('APPPATH\\Views\\admin\\kategori_Galeri.php')
 4 SYSTEMPATH\View\View.php(216): CodeIgniter\View\View->CodeIgniter\View\{closure}()
 5 SYSTEMPATH\Common.php(1134): CodeIgniter\View\View->render('admin/kategori_Galeri', [], true)
 6 APPPATH\Controllers\Admin\GaleriController.php(114): view('admin/kategori_Galeri', [...])
 7 SYSTEMPATH\CodeIgniter.php(927): App\Controllers\Admin\GaleriController->kategorigaleri('Galeri')
 8 SYSTEMPATH\CodeIgniter.php(482): CodeIgniter\CodeIgniter->runController(Object(App\Controllers\Admin\GaleriController))
 9 SYSTEMPATH\CodeIgniter.php(351): CodeIgniter\CodeIgniter->handleRequest(null, Object(Config\Cache), false)
10 FCPATH\index.php(67): CodeIgniter\CodeIgniter->run()
CRITICAL - 2023-06-15 15:57:52 --> The route for "tambah-kategori" cannot be found.
in SYSTEMPATH\Helpers\url_helper.php on line 543.
 1 SYSTEMPATH\Helpers\url_helper.php(543): CodeIgniter\Router\Exceptions\RouterException::forInvalidRoute('tambah-kategori')
 2 APPPATH\Views\admin\kategori_Galeri.php(13): url_to('tambah-kategori')
 3 SYSTEMPATH\View\View.php(213): include('APPPATH\\Views\\admin\\kategori_Galeri.php')
 4 SYSTEMPATH\View\View.php(216): CodeIgniter\View\View->CodeIgniter\View\{closure}()
 5 SYSTEMPATH\Common.php(1134): CodeIgniter\View\View->render('admin/kategori_Galeri', [], true)
 6 APPPATH\Controllers\Admin\GaleriController.php(114): view('admin/kategori_Galeri', [...])
 7 SYSTEMPATH\CodeIgniter.php(927): App\Controllers\Admin\GaleriController->kategorigaleri('Galeri')
 8 SYSTEMPATH\CodeIgniter.php(482): CodeIgniter\CodeIgniter->runController(Object(App\Controllers\Admin\GaleriController))
 9 SYSTEMPATH\CodeIgniter.php(351): CodeIgniter\CodeIgniter->handleRequest(null, Object(Config\Cache), false)
10 FCPATH\index.php(67): CodeIgniter\CodeIgniter->run()
CRITICAL - 2023-06-15 16:26:18 --> The route for "tambah-kategori" cannot be found.
in SYSTEMPATH\Helpers\url_helper.php on line 543.
 1 SYSTEMPATH\Helpers\url_helper.php(543): CodeIgniter\Router\Exceptions\RouterException::forInvalidRoute('tambah-kategori')
 2 APPPATH\Views\admin\kategori_Galeri.php(13): url_to('tambah-kategori')
 3 SYSTEMPATH\View\View.php(213): include('APPPATH\\Views\\admin\\kategori_Galeri.php')
 4 SYSTEMPATH\View\View.php(216): CodeIgniter\View\View->CodeIgniter\View\{closure}()
 5 SYSTEMPATH\Common.php(1134): CodeIgniter\View\View->render('admin/kategori_Galeri', [], true)
 6 APPPATH\Controllers\Admin\GaleriController.php(114): view('admin/kategori_Galeri', [...])
 7 SYSTEMPATH\CodeIgniter.php(927): App\Controllers\Admin\GaleriController->kategorigaleri('Galeri')
 8 SYSTEMPATH\CodeIgniter.php(482): CodeIgniter\CodeIgniter->runController(Object(App\Controllers\Admin\GaleriController))
 9 SYSTEMPATH\CodeIgniter.php(351): CodeIgniter\CodeIgniter->handleRequest(null, Object(Config\Cache), false)
10 FCPATH\index.php(67): CodeIgniter\CodeIgniter->run()
